RUN	gatwai	gatwai	1607018755344	5ps5	3.4.1
USER	gatwai	START	1607018756068
REQUEST		request_0	1607018756088	1607018756215	OK	 
USER	gatwai	START	1607018756260
USER	gatwai	END	1607018756285
REQUEST		request_0	1607018756260	1607018756359	OK	 
USER	gatwai	END	1607018756360
USER	gatwai	START	1607018756464
REQUEST		request_0	1607018756465	1607018756585	OK	 
USER	gatwai	END	1607018756586
USER	gatwai	START	1607018756666
REQUEST		request_0	1607018756667	1607018756756	OK	 
USER	gatwai	END	1607018756757
USER	gatwai	START	1607018756869
REQUEST		request_0	1607018756870	1607018756973	OK	 
USER	gatwai	END	1607018756974
USER	gatwai	START	1607018757072
REQUEST		request_0	1607018757072	1607018757161	OK	 
USER	gatwai	END	1607018757162
USER	gatwai	START	1607018757276
REQUEST		request_0	1607018757277	1607018757379	OK	 
USER	gatwai	END	1607018757380
USER	gatwai	START	1607018757463
REQUEST		request_0	1607018757463	1607018757554	OK	 
USER	gatwai	END	1607018757555
USER	gatwai	START	1607018757666
REQUEST		request_0	1607018757666	1607018757756	OK	 
USER	gatwai	END	1607018757757
USER	gatwai	START	1607018757869
REQUEST		request_0	1607018757870	1607018757954	OK	 
USER	gatwai	END	1607018757955
USER	gatwai	START	1607018758073
REQUEST		request_0	1607018758073	1607018758171	OK	 
USER	gatwai	END	1607018758172
USER	gatwai	START	1607018758264
REQUEST		request_0	1607018758265	1607018758353	OK	 
USER	gatwai	END	1607018758354
USER	gatwai	START	1607018758467
REQUEST		request_0	1607018758468	1607018758553	OK	 
USER	gatwai	END	1607018758554
USER	gatwai	START	1607018758655
REQUEST		request_0	1607018758655	1607018758756	OK	 
USER	gatwai	END	1607018758757
USER	gatwai	START	1607018758858
REQUEST		request_0	1607018758858	1607018758951	OK	 
USER	gatwai	END	1607018758952
USER	gatwai	START	1607018759061
REQUEST		request_0	1607018759062	1607018759153	OK	 
USER	gatwai	END	1607018759154
USER	gatwai	START	1607018759264
REQUEST		request_0	1607018759265	1607018759359	OK	 
USER	gatwai	END	1607018759360
USER	gatwai	START	1607018759467
REQUEST		request_0	1607018759468	1607018759562	OK	 
USER	gatwai	END	1607018759563
USER	gatwai	START	1607018759655
REQUEST		request_0	1607018759655	1607018759749	OK	 
USER	gatwai	END	1607018759750
USER	gatwai	START	1607018759858
REQUEST		request_0	1607018759858	1607018759941	OK	 
USER	gatwai	END	1607018759942
USER	gatwai	START	1607018760065
REQUEST		request_0	1607018760065	1607018760160	OK	 
USER	gatwai	END	1607018760161
USER	gatwai	START	1607018760268
REQUEST		request_0	1607018760269	1607018760380	OK	 
USER	gatwai	END	1607018760381
USER	gatwai	START	1607018760455
REQUEST		request_0	1607018760456	1607018760552	OK	 
USER	gatwai	END	1607018760553
USER	gatwai	START	1607018760658
REQUEST		request_0	1607018760659	1607018760749	OK	 
USER	gatwai	END	1607018760750
USER	gatwai	START	1607018760862
REQUEST		request_0	1607018760862	1607018760956	OK	 
USER	gatwai	END	1607018760957
USER	gatwai	START	1607018761065
REQUEST		request_0	1607018761066	1607018761151	OK	 
USER	gatwai	END	1607018761151
USER	gatwai	START	1607018761268
REQUEST		request_0	1607018761268	1607018761365	OK	 
USER	gatwai	END	1607018761366
USER	gatwai	START	1607018761455
REQUEST		request_0	1607018761456	1607018761555	OK	 
USER	gatwai	END	1607018761556
USER	gatwai	START	1607018761658
REQUEST		request_0	1607018761659	1607018761749	OK	 
USER	gatwai	END	1607018761749
USER	gatwai	START	1607018761862
REQUEST		request_0	1607018761862	1607018761958	OK	 
USER	gatwai	END	1607018761959
USER	gatwai	START	1607018762066
REQUEST		request_0	1607018762067	1607018762162	OK	 
USER	gatwai	END	1607018762163
USER	gatwai	START	1607018762255
REQUEST		request_0	1607018762255	1607018762346	OK	 
USER	gatwai	END	1607018762347
USER	gatwai	START	1607018762458
REQUEST		request_0	1607018762458	1607018762547	OK	 
USER	gatwai	END	1607018762548
USER	gatwai	START	1607018762661
REQUEST		request_0	1607018762662	1607018762760	OK	 
USER	gatwai	END	1607018762761
USER	gatwai	START	1607018762865
REQUEST		request_0	1607018762865	1607018762948	OK	 
USER	gatwai	END	1607018762949
USER	gatwai	START	1607018763068
REQUEST		request_0	1607018763068	1607018763179	OK	 
USER	gatwai	END	1607018763180
USER	gatwai	START	1607018763255
REQUEST		request_0	1607018763256	1607018763346	OK	 
USER	gatwai	END	1607018763347
USER	gatwai	START	1607018763455
REQUEST		request_0	1607018763455	1607018763539	OK	 
USER	gatwai	END	1607018763540
USER	gatwai	START	1607018763658
REQUEST		request_0	1607018763659	1607018763742	OK	 
USER	gatwai	END	1607018763743
USER	gatwai	START	1607018763862
REQUEST		request_0	1607018763862	1607018763953	OK	 
USER	gatwai	END	1607018763954
USER	gatwai	START	1607018764065
REQUEST		request_0	1607018764065	1607018764161	OK	 
USER	gatwai	END	1607018764162
USER	gatwai	START	1607018764268
REQUEST		request_0	1607018764268	1607018764361	OK	 
USER	gatwai	END	1607018764362
USER	gatwai	START	1607018764456
REQUEST		request_0	1607018764456	1607018764553	OK	 
USER	gatwai	END	1607018764554
USER	gatwai	START	1607018764658
REQUEST		request_0	1607018764659	1607018764747	OK	 
USER	gatwai	END	1607018764747
USER	gatwai	START	1607018764862
REQUEST		request_0	1607018764863	1607018764956	OK	 
USER	gatwai	END	1607018764957
USER	gatwai	START	1607018765065
REQUEST		request_0	1607018765066	1607018765178	OK	 
USER	gatwai	END	1607018765178
USER	gatwai	START	1607018765268
REQUEST		request_0	1607018765269	1607018765364	OK	 
USER	gatwai	END	1607018765365
USER	gatwai	START	1607018765456
REQUEST		request_0	1607018765456	1607018765544	OK	 
USER	gatwai	END	1607018765545
USER	gatwai	START	1607018765659
REQUEST		request_0	1607018765659	1607018765754	OK	 
USER	gatwai	END	1607018765755
USER	gatwai	START	1607018765862
REQUEST		request_0	1607018765862	1607018765949	OK	 
USER	gatwai	END	1607018765950
USER	gatwai	START	1607018766065
REQUEST		request_0	1607018766066	1607018766162	OK	 
USER	gatwai	END	1607018766163
USER	gatwai	START	1607018766270
REQUEST		request_0	1607018766270	1607018766370	OK	 
USER	gatwai	END	1607018766370
USER	gatwai	START	1607018766457
REQUEST		request_0	1607018766457	1607018766549	OK	 
USER	gatwai	END	1607018766550
USER	gatwai	START	1607018766661
REQUEST		request_0	1607018766661	1607018766743	OK	 
USER	gatwai	END	1607018766744
USER	gatwai	START	1607018766864
REQUEST		request_0	1607018766865	1607018766975	OK	 
USER	gatwai	END	1607018766976
USER	gatwai	START	1607018767066
REQUEST		request_0	1607018767067	1607018767163	OK	 
USER	gatwai	END	1607018767164
USER	gatwai	START	1607018767254
REQUEST		request_0	1607018767254	1607018767343	OK	 
USER	gatwai	END	1607018767344
USER	gatwai	START	1607018767457
REQUEST		request_0	1607018767458	1607018767557	OK	 
USER	gatwai	END	1607018767558
USER	gatwai	START	1607018767660
REQUEST		request_0	1607018767660	1607018767742	OK	 
USER	gatwai	END	1607018767743
USER	gatwai	START	1607018767864
REQUEST		request_0	1607018767864	1607018767960	OK	 
USER	gatwai	END	1607018767960
USER	gatwai	START	1607018768066
REQUEST		request_0	1607018768067	1607018768163	OK	 
USER	gatwai	END	1607018768164
USER	gatwai	START	1607018768255
REQUEST		request_0	1607018768255	1607018768346	OK	 
USER	gatwai	END	1607018768347
USER	gatwai	START	1607018768458
REQUEST		request_0	1607018768459	1607018768548	OK	 
USER	gatwai	END	1607018768549
USER	gatwai	START	1607018768662
REQUEST		request_0	1607018768662	1607018768755	OK	 
USER	gatwai	END	1607018768756
USER	gatwai	START	1607018768865
REQUEST		request_0	1607018768865	1607018768964	OK	 
USER	gatwai	END	1607018768965
USER	gatwai	START	1607018769068
REQUEST		request_0	1607018769068	1607018769170	OK	 
USER	gatwai	END	1607018769171
USER	gatwai	START	1607018769255
REQUEST		request_0	1607018769256	1607018769347	OK	 
USER	gatwai	END	1607018769348
USER	gatwai	START	1607018769458
REQUEST		request_0	1607018769459	1607018769550	OK	 
USER	gatwai	END	1607018769551
USER	gatwai	START	1607018769662
REQUEST		request_0	1607018769662	1607018769753	OK	 
USER	gatwai	END	1607018769754
USER	gatwai	START	1607018769865
REQUEST		request_0	1607018769865	1607018769963	OK	 
USER	gatwai	END	1607018769964
USER	gatwai	START	1607018770068
REQUEST		request_0	1607018770068	1607018770159	OK	 
USER	gatwai	END	1607018770160
USER	gatwai	START	1607018770271
REQUEST		request_0	1607018770271	1607018770356	OK	 
USER	gatwai	END	1607018770356
USER	gatwai	START	1607018770464
REQUEST		request_0	1607018770464	1607018770555	OK	 
USER	gatwai	END	1607018770555
USER	gatwai	START	1607018770667
REQUEST		request_0	1607018770667	1607018770754	OK	 
USER	gatwai	END	1607018770755
USER	gatwai	START	1607018770870
REQUEST		request_0	1607018770871	1607018770956	OK	 
USER	gatwai	END	1607018770956
USER	gatwai	START	1607018771058
REQUEST		request_0	1607018771058	1607018771158	OK	 
USER	gatwai	END	1607018771158
USER	gatwai	START	1607018771261
REQUEST		request_0	1607018771261	1607018771356	OK	 
USER	gatwai	END	1607018771357
USER	gatwai	START	1607018771469
REQUEST		request_0	1607018771469	1607018771570	OK	 
USER	gatwai	END	1607018771571
USER	gatwai	START	1607018771655
REQUEST		request_0	1607018771656	1607018771746	OK	 
USER	gatwai	END	1607018771747
USER	gatwai	START	1607018771859
REQUEST		request_0	1607018771859	1607018771960	OK	 
USER	gatwai	END	1607018771960
USER	gatwai	START	1607018772061
REQUEST		request_0	1607018772062	1607018772147	OK	 
USER	gatwai	END	1607018772148
USER	gatwai	START	1607018772265
REQUEST		request_0	1607018772265	1607018772350	OK	 
USER	gatwai	END	1607018772350
USER	gatwai	START	1607018772467
REQUEST		request_0	1607018772468	1607018772564	OK	 
USER	gatwai	END	1607018772565
USER	gatwai	START	1607018772659
REQUEST		request_0	1607018772659	1607018772778	OK	 
USER	gatwai	END	1607018772779
USER	gatwai	START	1607018772862
REQUEST		request_0	1607018772862	1607018772945	OK	 
USER	gatwai	END	1607018772945
USER	gatwai	START	1607018773065
REQUEST		request_0	1607018773066	1607018773166	OK	 
USER	gatwai	END	1607018773166
USER	gatwai	START	1607018773268
REQUEST		request_0	1607018773268	1607018773356	OK	 
USER	gatwai	END	1607018773357
USER	gatwai	START	1607018773456
REQUEST		request_0	1607018773456	1607018773557	OK	 
USER	gatwai	END	1607018773558
USER	gatwai	START	1607018773665
REQUEST		request_0	1607018773665	1607018773747	OK	 
USER	gatwai	END	1607018773747
USER	gatwai	START	1607018773869
REQUEST		request_0	1607018773869	1607018773971	OK	 
USER	gatwai	END	1607018773972
USER	gatwai	START	1607018774056
REQUEST		request_0	1607018774056	1607018774145	OK	 
USER	gatwai	END	1607018774145
USER	gatwai	START	1607018774259
REQUEST		request_0	1607018774259	1607018774354	OK	 
USER	gatwai	END	1607018774354
USER	gatwai	START	1607018774463
REQUEST		request_0	1607018774463	1607018774551	OK	 
USER	gatwai	END	1607018774551
USER	gatwai	START	1607018774666
REQUEST		request_0	1607018774666	1607018774751	OK	 
USER	gatwai	END	1607018774752
USER	gatwai	START	1607018774858
REQUEST		request_0	1607018774858	1607018774954	OK	 
USER	gatwai	END	1607018774955
USER	gatwai	START	1607018775061
REQUEST		request_0	1607018775061	1607018775144	OK	 
USER	gatwai	END	1607018775144
USER	gatwai	START	1607018775264
REQUEST		request_0	1607018775264	1607018775368	OK	 
USER	gatwai	END	1607018775369
USER	gatwai	START	1607018775467
REQUEST		request_0	1607018775467	1607018775550	OK	 
USER	gatwai	END	1607018775551
USER	gatwai	START	1607018775654
REQUEST		request_0	1607018775655	1607018775740	OK	 
USER	gatwai	END	1607018775741
USER	gatwai	START	1607018775858
REQUEST		request_0	1607018775858	1607018775944	OK	 
USER	gatwai	END	1607018775944
USER	gatwai	START	1607018776061
REQUEST		request_0	1607018776061	1607018776165	OK	 
USER	gatwai	END	1607018776165
USER	gatwai	START	1607018776264
REQUEST		request_0	1607018776264	1607018776358	OK	 
USER	gatwai	END	1607018776359
USER	gatwai	START	1607018776467
REQUEST		request_0	1607018776467	1607018776562	OK	 
USER	gatwai	END	1607018776563
USER	gatwai	START	1607018776655
REQUEST		request_0	1607018776655	1607018776747	OK	 
USER	gatwai	END	1607018776747
USER	gatwai	START	1607018776855
REQUEST		request_0	1607018776855	1607018776941	OK	 
USER	gatwai	END	1607018776942
USER	gatwai	START	1607018777058
REQUEST		request_0	1607018777058	1607018777145	OK	 
USER	gatwai	END	1607018777146
USER	gatwai	START	1607018777261
REQUEST		request_0	1607018777261	1607018777352	OK	 
USER	gatwai	END	1607018777353
USER	gatwai	START	1607018777464
REQUEST		request_0	1607018777465	1607018777559	OK	 
USER	gatwai	END	1607018777560
USER	gatwai	START	1607018777668
REQUEST		request_0	1607018777668	1607018777757	OK	 
USER	gatwai	END	1607018777758
USER	gatwai	START	1607018777855
REQUEST		request_0	1607018777855	1607018777938	OK	 
USER	gatwai	END	1607018777938
USER	gatwai	START	1607018778058
REQUEST		request_0	1607018778059	1607018778165	OK	 
USER	gatwai	END	1607018778166
USER	gatwai	START	1607018778262
REQUEST		request_0	1607018778262	1607018778363	OK	 
USER	gatwai	END	1607018778363
USER	gatwai	START	1607018778464
REQUEST		request_0	1607018778465	1607018778561	OK	 
USER	gatwai	END	1607018778561
USER	gatwai	START	1607018778668
REQUEST		request_0	1607018778668	1607018778768	OK	 
USER	gatwai	END	1607018778769
USER	gatwai	START	1607018778855
REQUEST		request_0	1607018778855	1607018778949	OK	 
USER	gatwai	END	1607018778950
USER	gatwai	START	1607018779058
REQUEST		request_0	1607018779058	1607018779158	OK	 
USER	gatwai	END	1607018779158
USER	gatwai	START	1607018779261
REQUEST		request_0	1607018779261	1607018779346	OK	 
USER	gatwai	END	1607018779347
USER	gatwai	START	1607018779465
REQUEST		request_0	1607018779465	1607018779555	OK	 
USER	gatwai	END	1607018779556
USER	gatwai	START	1607018779668
REQUEST		request_0	1607018779668	1607018779764	OK	 
USER	gatwai	END	1607018779765
USER	gatwai	START	1607018779857
REQUEST		request_0	1607018779857	1607018779955	OK	 
USER	gatwai	END	1607018779956
USER	gatwai	START	1607018780060
REQUEST		request_0	1607018780061	1607018780145	OK	 
USER	gatwai	END	1607018780145
USER	gatwai	START	1607018780264
REQUEST		request_0	1607018780264	1607018780362	OK	 
USER	gatwai	END	1607018780362
USER	gatwai	START	1607018780455
REQUEST		request_0	1607018780455	1607018780543	OK	 
USER	gatwai	END	1607018780543
USER	gatwai	START	1607018780654
REQUEST		request_0	1607018780654	1607018780743	OK	 
USER	gatwai	END	1607018780743
USER	gatwai	START	1607018780857
REQUEST		request_0	1607018780857	1607018780941	OK	 
USER	gatwai	END	1607018780942
USER	gatwai	START	1607018781060
REQUEST		request_0	1607018781061	1607018781144	OK	 
USER	gatwai	END	1607018781145
USER	gatwai	START	1607018781254
REQUEST		request_0	1607018781255	1607018781351	OK	 
USER	gatwai	END	1607018781352
USER	gatwai	START	1607018781457
REQUEST		request_0	1607018781458	1607018781549	OK	 
USER	gatwai	END	1607018781550
USER	gatwai	START	1607018781660
REQUEST		request_0	1607018781660	1607018781750	OK	 
USER	gatwai	END	1607018781751
USER	gatwai	START	1607018781863
REQUEST		request_0	1607018781864	1607018781958	OK	 
USER	gatwai	END	1607018781959
USER	gatwai	START	1607018782055
REQUEST		request_0	1607018782055	1607018782139	OK	 
USER	gatwai	END	1607018782140
USER	gatwai	START	1607018782258
REQUEST		request_0	1607018782259	1607018782349	OK	 
USER	gatwai	END	1607018782350
USER	gatwai	START	1607018782461
REQUEST		request_0	1607018782462	1607018782544	OK	 
USER	gatwai	END	1607018782545
USER	gatwai	START	1607018782665
REQUEST		request_0	1607018782665	1607018782751	OK	 
USER	gatwai	END	1607018782752
USER	gatwai	START	1607018782868
REQUEST		request_0	1607018782868	1607018782972	OK	 
USER	gatwai	END	1607018782973
USER	gatwai	START	1607018783055
REQUEST		request_0	1607018783055	1607018783145	OK	 
USER	gatwai	END	1607018783146
USER	gatwai	START	1607018783258
REQUEST		request_0	1607018783259	1607018783356	OK	 
USER	gatwai	END	1607018783357
USER	gatwai	START	1607018783462
REQUEST		request_0	1607018783462	1607018783546	OK	 
USER	gatwai	END	1607018783547
USER	gatwai	START	1607018783665
REQUEST		request_0	1607018783665	1607018783764	OK	 
USER	gatwai	END	1607018783765
USER	gatwai	START	1607018783868
REQUEST		request_0	1607018783868	1607018783955	OK	 
USER	gatwai	END	1607018783956
USER	gatwai	START	1607018784059
REQUEST		request_0	1607018784060	1607018784153	OK	 
USER	gatwai	END	1607018784154
USER	gatwai	START	1607018784263
REQUEST		request_0	1607018784263	1607018784360	OK	 
USER	gatwai	END	1607018784360
USER	gatwai	START	1607018784466
REQUEST		request_0	1607018784466	1607018784553	OK	 
USER	gatwai	END	1607018784553
USER	gatwai	START	1607018784654
REQUEST		request_0	1607018784654	1607018784747	OK	 
USER	gatwai	END	1607018784748
USER	gatwai	START	1607018784854
REQUEST		request_0	1607018784854	1607018784943	OK	 
USER	gatwai	END	1607018784943
USER	gatwai	START	1607018785057
REQUEST		request_0	1607018785057	1607018785151	OK	 
USER	gatwai	END	1607018785151
USER	gatwai	START	1607018785260
REQUEST		request_0	1607018785261	1607018785355	OK	 
USER	gatwai	END	1607018785355
USER	gatwai	START	1607018785463
REQUEST		request_0	1607018785464	1607018785548	OK	 
USER	gatwai	END	1607018785549
USER	gatwai	START	1607018785666
REQUEST		request_0	1607018785666	1607018785752	OK	 
USER	gatwai	END	1607018785752
USER	gatwai	START	1607018785869
REQUEST		request_0	1607018785869	1607018785952	OK	 
USER	gatwai	END	1607018785953
USER	gatwai	START	1607018786057
REQUEST		request_0	1607018786057	1607018786147	OK	 
USER	gatwai	END	1607018786148
USER	gatwai	START	1607018786260
REQUEST		request_0	1607018786260	1607018786357	OK	 
USER	gatwai	END	1607018786358
USER	gatwai	START	1607018786463
REQUEST		request_0	1607018786463	1607018786554	OK	 
USER	gatwai	END	1607018786555
USER	gatwai	START	1607018786666
REQUEST		request_0	1607018786666	1607018786754	OK	 
USER	gatwai	END	1607018786755
USER	gatwai	START	1607018786869
REQUEST		request_0	1607018786870	1607018786961	OK	 
USER	gatwai	END	1607018786962
USER	gatwai	START	1607018787057
REQUEST		request_0	1607018787057	1607018787144	OK	 
USER	gatwai	END	1607018787145
USER	gatwai	START	1607018787260
REQUEST		request_0	1607018787260	1607018787344	OK	 
USER	gatwai	END	1607018787345
USER	gatwai	START	1607018787463
REQUEST		request_0	1607018787463	1607018787556	OK	 
USER	gatwai	END	1607018787557
USER	gatwai	START	1607018787666
REQUEST		request_0	1607018787667	1607018787752	OK	 
USER	gatwai	END	1607018787753
USER	gatwai	START	1607018787869
REQUEST		request_0	1607018787870	1607018787959	OK	 
USER	gatwai	END	1607018787960
USER	gatwai	START	1607018788057
REQUEST		request_0	1607018788057	1607018788148	OK	 
USER	gatwai	END	1607018788149
USER	gatwai	START	1607018788260
REQUEST		request_0	1607018788260	1607018788357	OK	 
USER	gatwai	END	1607018788358
USER	gatwai	START	1607018788463
REQUEST		request_0	1607018788463	1607018788559	OK	 
USER	gatwai	END	1607018788560
USER	gatwai	START	1607018788666
REQUEST		request_0	1607018788666	1607018788755	OK	 
USER	gatwai	END	1607018788756
USER	gatwai	START	1607018788854
REQUEST		request_0	1607018788855	1607018788959	OK	 
USER	gatwai	END	1607018788960
USER	gatwai	START	1607018789057
REQUEST		request_0	1607018789057	1607018789145	OK	 
USER	gatwai	END	1607018789145
USER	gatwai	START	1607018789260
REQUEST		request_0	1607018789260	1607018789351	OK	 
USER	gatwai	END	1607018789352
USER	gatwai	START	1607018789463
REQUEST		request_0	1607018789464	1607018789556	OK	 
USER	gatwai	END	1607018789557
USER	gatwai	START	1607018789666
REQUEST		request_0	1607018789667	1607018789758	OK	 
USER	gatwai	END	1607018789758
USER	gatwai	START	1607018789869
REQUEST		request_0	1607018789870	1607018789970	OK	 
USER	gatwai	END	1607018789971
USER	gatwai	START	1607018790057
REQUEST		request_0	1607018790057	1607018790142	OK	 
USER	gatwai	END	1607018790143
USER	gatwai	START	1607018790260
REQUEST		request_0	1607018790260	1607018790354	OK	 
USER	gatwai	END	1607018790354
USER	gatwai	START	1607018790463
REQUEST		request_0	1607018790464	1607018790550	OK	 
USER	gatwai	END	1607018790551
USER	gatwai	START	1607018790666
REQUEST		request_0	1607018790667	1607018790751	OK	 
USER	gatwai	END	1607018790752
USER	gatwai	START	1607018790854
REQUEST		request_0	1607018790854	1607018790949	OK	 
USER	gatwai	END	1607018790950
USER	gatwai	START	1607018791057
REQUEST		request_0	1607018791058	1607018791151	OK	 
USER	gatwai	END	1607018791152
USER	gatwai	START	1607018791261
REQUEST		request_0	1607018791261	1607018791351	OK	 
USER	gatwai	END	1607018791351
USER	gatwai	START	1607018791464
REQUEST		request_0	1607018791465	1607018791548	OK	 
USER	gatwai	END	1607018791549
USER	gatwai	START	1607018791668
REQUEST		request_0	1607018791669	1607018791757	OK	 
USER	gatwai	END	1607018791758
USER	gatwai	START	1607018791866
REQUEST		request_0	1607018791866	1607018791953	OK	 
USER	gatwai	END	1607018791954
USER	gatwai	START	1607018792069
REQUEST		request_0	1607018792069	1607018792168	OK	 
USER	gatwai	END	1607018792168
USER	gatwai	START	1607018792257
REQUEST		request_0	1607018792257	1607018792353	OK	 
USER	gatwai	END	1607018792353
USER	gatwai	START	1607018792459
REQUEST		request_0	1607018792460	1607018792553	OK	 
USER	gatwai	END	1607018792554
USER	gatwai	START	1607018792663
REQUEST		request_0	1607018792664	1607018792752	OK	 
USER	gatwai	END	1607018792753
USER	gatwai	START	1607018792866
REQUEST		request_0	1607018792866	1607018792961	OK	 
USER	gatwai	END	1607018792962
USER	gatwai	START	1607018793054
REQUEST		request_0	1607018793055	1607018793162	OK	 
USER	gatwai	END	1607018793163
USER	gatwai	START	1607018793257
REQUEST		request_0	1607018793258	1607018793352	OK	 
USER	gatwai	END	1607018793353
USER	gatwai	START	1607018793460
REQUEST		request_0	1607018793460	1607018793552	OK	 
USER	gatwai	END	1607018793553
USER	gatwai	START	1607018793663
REQUEST		request_0	1607018793663	1607018793747	OK	 
USER	gatwai	END	1607018793747
USER	gatwai	START	1607018793881
REQUEST		request_0	1607018793881	1607018793976	OK	 
USER	gatwai	END	1607018793976
USER	gatwai	START	1607018794056
REQUEST		request_0	1607018794057	1607018794145	OK	 
USER	gatwai	END	1607018794146
USER	gatwai	START	1607018794260
REQUEST		request_0	1607018794260	1607018794345	OK	 
USER	gatwai	END	1607018794345
USER	gatwai	START	1607018794463
REQUEST		request_0	1607018794463	1607018794557	OK	 
USER	gatwai	END	1607018794558
USER	gatwai	START	1607018794666
REQUEST		request_0	1607018794666	1607018794753	OK	 
USER	gatwai	END	1607018794754
USER	gatwai	START	1607018794869
REQUEST		request_0	1607018794869	1607018794963	OK	 
USER	gatwai	END	1607018794963
USER	gatwai	START	1607018795056
REQUEST		request_0	1607018795057	1607018795143	OK	 
USER	gatwai	END	1607018795144
USER	gatwai	START	1607018795259
REQUEST		request_0	1607018795260	1607018795348	OK	 
USER	gatwai	END	1607018795349
USER	gatwai	START	1607018795462
REQUEST		request_0	1607018795463	1607018795558	OK	 
USER	gatwai	END	1607018795559
USER	gatwai	START	1607018795665
REQUEST		request_0	1607018795665	1607018795754	OK	 
USER	gatwai	END	1607018795755
USER	gatwai	START	1607018795869
REQUEST		request_0	1607018795869	1607018795959	OK	 
USER	gatwai	END	1607018795959
USER	gatwai	START	1607018796056
REQUEST		request_0	1607018796056	1607018796151	OK	 
USER	gatwai	END	1607018796152
USER	gatwai	START	1607018796259
REQUEST		request_0	1607018796259	1607018796356	OK	 
USER	gatwai	END	1607018796357
USER	gatwai	START	1607018796462
REQUEST		request_0	1607018796463	1607018796550	OK	 
USER	gatwai	END	1607018796551
USER	gatwai	START	1607018796666
REQUEST		request_0	1607018796666	1607018796762	OK	 
USER	gatwai	END	1607018796763
USER	gatwai	START	1607018796869
REQUEST		request_0	1607018796869	1607018796958	OK	 
USER	gatwai	END	1607018796959
USER	gatwai	START	1607018797056
REQUEST		request_0	1607018797056	1607018797147	OK	 
USER	gatwai	END	1607018797148
USER	gatwai	START	1607018797259
REQUEST		request_0	1607018797260	1607018797360	OK	 
USER	gatwai	END	1607018797361
USER	gatwai	START	1607018797462
REQUEST		request_0	1607018797463	1607018797550	OK	 
USER	gatwai	END	1607018797551
USER	gatwai	START	1607018797666
REQUEST		request_0	1607018797666	1607018797763	OK	 
USER	gatwai	END	1607018797764
USER	gatwai	START	1607018797869
REQUEST		request_0	1607018797869	1607018797956	OK	 
USER	gatwai	END	1607018797957
USER	gatwai	START	1607018798056
REQUEST		request_0	1607018798057	1607018798149	OK	 
USER	gatwai	END	1607018798150
USER	gatwai	START	1607018798259
REQUEST		request_0	1607018798260	1607018798342	OK	 
USER	gatwai	END	1607018798343
USER	gatwai	START	1607018798462
REQUEST		request_0	1607018798463	1607018798563	OK	 
USER	gatwai	END	1607018798563
USER	gatwai	START	1607018798665
REQUEST		request_0	1607018798665	1607018798755	OK	 
USER	gatwai	END	1607018798756
USER	gatwai	START	1607018798855
REQUEST		request_0	1607018798855	1607018798954	OK	 
USER	gatwai	END	1607018798955
USER	gatwai	START	1607018799058
REQUEST		request_0	1607018799059	1607018799148	OK	 
USER	gatwai	END	1607018799148
USER	gatwai	START	1607018799261
REQUEST		request_0	1607018799262	1607018799361	OK	 
USER	gatwai	END	1607018799361
USER	gatwai	START	1607018799465
REQUEST		request_0	1607018799465	1607018799567	OK	 
USER	gatwai	END	1607018799568
USER	gatwai	START	1607018799668
REQUEST		request_0	1607018799668	1607018799761	OK	 
USER	gatwai	END	1607018799762
USER	gatwai	START	1607018799855
REQUEST		request_0	1607018799855	1607018799943	OK	 
USER	gatwai	END	1607018799944
USER	gatwai	START	1607018800058
REQUEST		request_0	1607018800058	1607018800147	OK	 
USER	gatwai	END	1607018800148
USER	gatwai	START	1607018800261
REQUEST		request_0	1607018800262	1607018800353	OK	 
USER	gatwai	END	1607018800354
USER	gatwai	START	1607018800465
REQUEST		request_0	1607018800465	1607018800567	OK	 
USER	gatwai	END	1607018800567
USER	gatwai	START	1607018800668
REQUEST		request_0	1607018800668	1607018800764	OK	 
USER	gatwai	END	1607018800765
USER	gatwai	START	1607018800855
REQUEST		request_0	1607018800855	1607018800947	OK	 
USER	gatwai	END	1607018800947
USER	gatwai	START	1607018801059
REQUEST		request_0	1607018801059	1607018801159	OK	 
USER	gatwai	END	1607018801160
USER	gatwai	START	1607018801262
REQUEST		request_0	1607018801262	1607018801360	OK	 
USER	gatwai	END	1607018801361
USER	gatwai	START	1607018801464
REQUEST		request_0	1607018801465	1607018801557	OK	 
USER	gatwai	END	1607018801558
USER	gatwai	START	1607018801668
REQUEST		request_0	1607018801668	1607018801777	OK	 
USER	gatwai	END	1607018801777
USER	gatwai	START	1607018801855
REQUEST		request_0	1607018801855	1607018801938	OK	 
USER	gatwai	END	1607018801939
USER	gatwai	START	1607018802058
REQUEST		request_0	1607018802059	1607018802156	OK	 
USER	gatwai	END	1607018802157
USER	gatwai	START	1607018802262
REQUEST		request_0	1607018802262	1607018802358	OK	 
USER	gatwai	END	1607018802359
USER	gatwai	START	1607018802465
REQUEST		request_0	1607018802465	1607018802558	OK	 
USER	gatwai	END	1607018802559
USER	gatwai	START	1607018802668
REQUEST		request_0	1607018802668	1607018802777	OK	 
USER	gatwai	END	1607018802777
USER	gatwai	START	1607018802855
REQUEST		request_0	1607018802855	1607018802942	OK	 
USER	gatwai	END	1607018802943
USER	gatwai	START	1607018803058
REQUEST		request_0	1607018803059	1607018803147	OK	 
USER	gatwai	END	1607018803148
USER	gatwai	START	1607018803262
REQUEST		request_0	1607018803262	1607018803353	OK	 
USER	gatwai	END	1607018803354
USER	gatwai	START	1607018803464
REQUEST		request_0	1607018803465	1607018803557	OK	 
USER	gatwai	END	1607018803558
USER	gatwai	START	1607018803668
REQUEST		request_0	1607018803668	1607018803767	OK	 
USER	gatwai	END	1607018803767
USER	gatwai	START	1607018803856
REQUEST		request_0	1607018803856	1607018803945	OK	 
USER	gatwai	END	1607018803945
USER	gatwai	START	1607018804058
REQUEST		request_0	1607018804059	1607018804141	OK	 
USER	gatwai	END	1607018804142
USER	gatwai	START	1607018804262
REQUEST		request_0	1607018804262	1607018804365	OK	 
USER	gatwai	END	1607018804366
USER	gatwai	START	1607018804460
REQUEST		request_0	1607018804460	1607018804543	OK	 
USER	gatwai	END	1607018804543
USER	gatwai	START	1607018804663
REQUEST		request_0	1607018804663	1607018804756	OK	 
USER	gatwai	END	1607018804757
USER	gatwai	START	1607018804866
REQUEST		request_0	1607018804866	1607018804960	OK	 
USER	gatwai	END	1607018804961
USER	gatwai	START	1607018805071
REQUEST		request_0	1607018805072	1607018805154	OK	 
USER	gatwai	END	1607018805155
USER	gatwai	START	1607018805258
REQUEST		request_0	1607018805258	1607018805346	OK	 
USER	gatwai	END	1607018805346
USER	gatwai	START	1607018805467
REQUEST		request_0	1607018805468	1607018805559	OK	 
USER	gatwai	END	1607018805560
USER	gatwai	START	1607018805664
REQUEST		request_0	1607018805664	1607018805751	OK	 
USER	gatwai	END	1607018805751
USER	gatwai	START	1607018805855
REQUEST		request_0	1607018805855	1607018805941	OK	 
USER	gatwai	END	1607018805941
USER	gatwai	START	1607018806055
REQUEST		request_0	1607018806055	1607018806147	OK	 
USER	gatwai	END	1607018806148
USER	gatwai	START	1607018806258
REQUEST		request_0	1607018806258	1607018806347	OK	 
USER	gatwai	END	1607018806348
USER	gatwai	START	1607018806461
REQUEST		request_0	1607018806461	1607018806551	OK	 
USER	gatwai	END	1607018806552
USER	gatwai	START	1607018806659
REQUEST		request_0	1607018806660	1607018806754	OK	 
USER	gatwai	END	1607018806755
USER	gatwai	START	1607018806863
REQUEST		request_0	1607018806863	1607018806958	OK	 
USER	gatwai	END	1607018806959
USER	gatwai	START	1607018807066
REQUEST		request_0	1607018807066	1607018807155	OK	 
USER	gatwai	END	1607018807156
USER	gatwai	START	1607018807265
REQUEST		request_0	1607018807265	1607018807361	OK	 
USER	gatwai	END	1607018807362
USER	gatwai	START	1607018807468
REQUEST		request_0	1607018807468	1607018807561	OK	 
USER	gatwai	END	1607018807562
USER	gatwai	START	1607018807655
REQUEST		request_0	1607018807656	1607018807744	OK	 
USER	gatwai	END	1607018807745
USER	gatwai	START	1607018807859
REQUEST		request_0	1607018807859	1607018807942	OK	 
USER	gatwai	END	1607018807943
USER	gatwai	START	1607018808062
REQUEST		request_0	1607018808062	1607018808154	OK	 
USER	gatwai	END	1607018808155
USER	gatwai	START	1607018808266
REQUEST		request_0	1607018808267	1607018808364	OK	 
USER	gatwai	END	1607018808365
USER	gatwai	START	1607018808454
REQUEST		request_0	1607018808454	1607018808549	OK	 
USER	gatwai	END	1607018808549
USER	gatwai	START	1607018808657
REQUEST		request_0	1607018808657	1607018808740	OK	 
USER	gatwai	END	1607018808740
USER	gatwai	START	1607018808860
REQUEST		request_0	1607018808860	1607018808957	OK	 
USER	gatwai	END	1607018808958
USER	gatwai	START	1607018809063
REQUEST		request_0	1607018809064	1607018809153	OK	 
USER	gatwai	END	1607018809153
USER	gatwai	START	1607018809266
REQUEST		request_0	1607018809267	1607018809368	OK	 
USER	gatwai	END	1607018809368
USER	gatwai	START	1607018809469
REQUEST		request_0	1607018809470	1607018809565	OK	 
USER	gatwai	END	1607018809566
USER	gatwai	START	1607018809657
REQUEST		request_0	1607018809657	1607018809750	OK	 
USER	gatwai	END	1607018809751
USER	gatwai	START	1607018809860
REQUEST		request_0	1607018809861	1607018809943	OK	 
USER	gatwai	END	1607018809944
USER	gatwai	START	1607018810063
REQUEST		request_0	1607018810064	1607018810160	OK	 
USER	gatwai	END	1607018810160
USER	gatwai	START	1607018810266
REQUEST		request_0	1607018810267	1607018810361	OK	 
USER	gatwai	END	1607018810362
USER	gatwai	START	1607018810454
REQUEST		request_0	1607018810454	1607018810543	OK	 
USER	gatwai	END	1607018810544
USER	gatwai	START	1607018810657
REQUEST		request_0	1607018810657	1607018810758	OK	 
USER	gatwai	END	1607018810758
USER	gatwai	START	1607018810860
REQUEST		request_0	1607018810860	1607018810954	OK	 
USER	gatwai	END	1607018810954
USER	gatwai	START	1607018811063
REQUEST		request_0	1607018811063	1607018811161	OK	 
USER	gatwai	END	1607018811162
USER	gatwai	START	1607018811266
REQUEST		request_0	1607018811266	1607018811360	OK	 
USER	gatwai	END	1607018811361
USER	gatwai	START	1607018811469
REQUEST		request_0	1607018811470	1607018811566	OK	 
USER	gatwai	END	1607018811567
USER	gatwai	START	1607018811657
REQUEST		request_0	1607018811657	1607018811740	OK	 
USER	gatwai	END	1607018811740
USER	gatwai	START	1607018811860
REQUEST		request_0	1607018811861	1607018811952	OK	 
USER	gatwai	END	1607018811953
USER	gatwai	START	1607018812063
REQUEST		request_0	1607018812063	1607018812159	OK	 
USER	gatwai	END	1607018812159
USER	gatwai	START	1607018812266
REQUEST		request_0	1607018812267	1607018812358	OK	 
USER	gatwai	END	1607018812358
USER	gatwai	START	1607018812454
REQUEST		request_0	1607018812454	1607018812552	OK	 
USER	gatwai	END	1607018812553
USER	gatwai	START	1607018812657
REQUEST		request_0	1607018812657	1607018812744	OK	 
USER	gatwai	END	1607018812744
USER	gatwai	START	1607018812860
REQUEST		request_0	1607018812861	1607018812943	OK	 
USER	gatwai	END	1607018812944
USER	gatwai	START	1607018813063
REQUEST		request_0	1607018813064	1607018813149	OK	 
USER	gatwai	END	1607018813149
USER	gatwai	START	1607018813266
REQUEST		request_0	1607018813267	1607018813368	OK	 
USER	gatwai	END	1607018813369
USER	gatwai	START	1607018813470
REQUEST		request_0	1607018813470	1607018813553	OK	 
USER	gatwai	END	1607018813554
USER	gatwai	START	1607018813657
REQUEST		request_0	1607018813657	1607018813743	OK	 
USER	gatwai	END	1607018813743
USER	gatwai	START	1607018813860
REQUEST		request_0	1607018813861	1607018813958	OK	 
USER	gatwai	END	1607018813959
USER	gatwai	START	1607018814063
REQUEST		request_0	1607018814063	1607018814145	OK	 
USER	gatwai	END	1607018814146
USER	gatwai	START	1607018814267
REQUEST		request_0	1607018814267	1607018814375	OK	 
USER	gatwai	END	1607018814375
USER	gatwai	START	1607018814469
REQUEST		request_0	1607018814470	1607018814557	OK	 
USER	gatwai	END	1607018814557
USER	gatwai	START	1607018814657
REQUEST		request_0	1607018814657	1607018814741	OK	 
USER	gatwai	END	1607018814742
USER	gatwai	START	1607018814860
REQUEST		request_0	1607018814861	1607018814963	OK	 
USER	gatwai	END	1607018814964
USER	gatwai	START	1607018815063
REQUEST		request_0	1607018815064	1607018815152	OK	 
USER	gatwai	END	1607018815153
USER	gatwai	START	1607018815266
REQUEST		request_0	1607018815267	1607018815353	OK	 
USER	gatwai	END	1607018815354
USER	gatwai	START	1607018815456
REQUEST		request_0	1607018815457	1607018815550	OK	 
USER	gatwai	END	1607018815550
USER	gatwai	START	1607018815660
REQUEST		request_0	1607018815660	1607018815757	OK	 
USER	gatwai	END	1607018815758
USER	gatwai	START	1607018815863
REQUEST		request_0	1607018815863	1607018815945	OK	 
USER	gatwai	END	1607018815946
USER	gatwai	START	1607018816055
REQUEST		request_0	1607018816055	1607018816147	OK	 
USER	gatwai	END	1607018816148
USER	gatwai	START	1607018816253
REQUEST		request_0	1607018816254	1607018816354	OK	 
USER	gatwai	END	1607018816354
USER	gatwai	START	1607018816456
REQUEST		request_0	1607018816457	1607018816542	OK	 
USER	gatwai	END	1607018816542
USER	gatwai	START	1607018816660
REQUEST		request_0	1607018816660	1607018816742	OK	 
USER	gatwai	END	1607018816743
USER	gatwai	START	1607018816863
REQUEST		request_0	1607018816863	1607018816964	OK	 
USER	gatwai	END	1607018816965
USER	gatwai	START	1607018817066
REQUEST		request_0	1607018817066	1607018817157	OK	 
USER	gatwai	END	1607018817158
USER	gatwai	START	1607018817268
REQUEST		request_0	1607018817269	1607018817371	OK	 
USER	gatwai	END	1607018817371
USER	gatwai	START	1607018817456
REQUEST		request_0	1607018817457	1607018817558	OK	 
USER	gatwai	END	1607018817559
USER	gatwai	START	1607018817660
REQUEST		request_0	1607018817661	1607018817771	OK	 
USER	gatwai	END	1607018817772
USER	gatwai	START	1607018817864
REQUEST		request_0	1607018817864	1607018817967	OK	 
USER	gatwai	END	1607018817968
USER	gatwai	START	1607018818066
REQUEST		request_0	1607018818066	1607018818156	OK	 
USER	gatwai	END	1607018818156
USER	gatwai	START	1607018818269
REQUEST		request_0	1607018818269	1607018818365	OK	 
USER	gatwai	END	1607018818365
USER	gatwai	START	1607018818457
REQUEST		request_0	1607018818457	1607018818540	OK	 
USER	gatwai	END	1607018818540
USER	gatwai	START	1607018818660
REQUEST		request_0	1607018818660	1607018818763	OK	 
USER	gatwai	END	1607018818763
USER	gatwai	START	1607018818863
REQUEST		request_0	1607018818863	1607018818957	OK	 
USER	gatwai	END	1607018818958
USER	gatwai	START	1607018819066
REQUEST		request_0	1607018819067	1607018819169	OK	 
USER	gatwai	END	1607018819170
USER	gatwai	START	1607018819269
REQUEST		request_0	1607018819269	1607018819361	OK	 
USER	gatwai	END	1607018819361
USER	gatwai	START	1607018819457
REQUEST		request_0	1607018819457	1607018819540	OK	 
USER	gatwai	END	1607018819541
USER	gatwai	START	1607018819660
REQUEST		request_0	1607018819660	1607018819743	OK	 
USER	gatwai	END	1607018819744
USER	gatwai	START	1607018819863
REQUEST		request_0	1607018819863	1607018819959	OK	 
USER	gatwai	END	1607018819959
USER	gatwai	START	1607018820066
REQUEST		request_0	1607018820066	1607018820151	OK	 
USER	gatwai	END	1607018820151
USER	gatwai	START	1607018820269
REQUEST		request_0	1607018820269	1607018820354	OK	 
USER	gatwai	END	1607018820355
USER	gatwai	START	1607018820457
REQUEST		request_0	1607018820457	1607018820550	OK	 
USER	gatwai	END	1607018820551
USER	gatwai	START	1607018820660
REQUEST		request_0	1607018820660	1607018820742	OK	 
USER	gatwai	END	1607018820742
USER	gatwai	START	1607018820865
REQUEST		request_0	1607018820866	1607018820953	OK	 
USER	gatwai	END	1607018820953
USER	gatwai	START	1607018821068
REQUEST		request_0	1607018821069	1607018821153	OK	 
USER	gatwai	END	1607018821154
USER	gatwai	START	1607018821256
REQUEST		request_0	1607018821256	1607018821352	OK	 
USER	gatwai	END	1607018821353
USER	gatwai	START	1607018821459
REQUEST		request_0	1607018821459	1607018821546	OK	 
USER	gatwai	END	1607018821547
USER	gatwai	START	1607018821662
REQUEST		request_0	1607018821663	1607018821755	OK	 
USER	gatwai	END	1607018821756
USER	gatwai	START	1607018821866
REQUEST		request_0	1607018821866	1607018821964	OK	 
USER	gatwai	END	1607018821965
USER	gatwai	START	1607018822069
REQUEST		request_0	1607018822069	1607018822160	OK	 
USER	gatwai	END	1607018822160
USER	gatwai	START	1607018822256
REQUEST		request_0	1607018822256	1607018822340	OK	 
USER	gatwai	END	1607018822341
USER	gatwai	START	1607018822459
REQUEST		request_0	1607018822460	1607018822571	OK	 
USER	gatwai	END	1607018822572
USER	gatwai	START	1607018822662
REQUEST		request_0	1607018822662	1607018822746	OK	 
USER	gatwai	END	1607018822747
USER	gatwai	START	1607018822865
REQUEST		request_0	1607018822865	1607018822948	OK	 
USER	gatwai	END	1607018822949
USER	gatwai	START	1607018823069
REQUEST		request_0	1607018823069	1607018823172	OK	 
USER	gatwai	END	1607018823173
USER	gatwai	START	1607018823256
REQUEST		request_0	1607018823256	1607018823339	OK	 
USER	gatwai	END	1607018823339
USER	gatwai	START	1607018823459
REQUEST		request_0	1607018823459	1607018823542	OK	 
USER	gatwai	END	1607018823542
USER	gatwai	START	1607018823662
REQUEST		request_0	1607018823663	1607018823762	OK	 
USER	gatwai	END	1607018823763
USER	gatwai	START	1607018823866
REQUEST		request_0	1607018823866	1607018823963	OK	 
USER	gatwai	END	1607018823964
USER	gatwai	START	1607018824069
REQUEST		request_0	1607018824069	1607018824172	OK	 
USER	gatwai	END	1607018824172
USER	gatwai	START	1607018824256
REQUEST		request_0	1607018824256	1607018824342	OK	 
USER	gatwai	END	1607018824343
USER	gatwai	START	1607018824459
REQUEST		request_0	1607018824459	1607018824548	OK	 
USER	gatwai	END	1607018824549
USER	gatwai	START	1607018824662
REQUEST		request_0	1607018824663	1607018824748	OK	 
USER	gatwai	END	1607018824748
USER	gatwai	START	1607018824866
REQUEST		request_0	1607018824866	1607018824966	OK	 
USER	gatwai	END	1607018824967
USER	gatwai	START	1607018825068
REQUEST		request_0	1607018825069	1607018825154	OK	 
USER	gatwai	END	1607018825154
USER	gatwai	START	1607018825256
REQUEST		request_0	1607018825256	1607018825353	OK	 
USER	gatwai	END	1607018825353
USER	gatwai	START	1607018825459
REQUEST		request_0	1607018825460	1607018825557	OK	 
USER	gatwai	END	1607018825557
USER	gatwai	START	1607018825662
REQUEST		request_0	1607018825662	1607018825756	OK	 
USER	gatwai	END	1607018825756
USER	gatwai	START	1607018825866
REQUEST		request_0	1607018825866	1607018825955	OK	 
USER	gatwai	END	1607018825956
USER	gatwai	START	1607018826069
REQUEST		request_0	1607018826069	1607018826164	OK	 
USER	gatwai	END	1607018826165
USER	gatwai	START	1607018826256
REQUEST		request_0	1607018826257	1607018826349	OK	 
USER	gatwai	END	1607018826349
USER	gatwai	START	1607018826459
REQUEST		request_0	1607018826459	1607018826555	OK	 
USER	gatwai	END	1607018826555
USER	gatwai	START	1607018826662
REQUEST		request_0	1607018826663	1607018826754	OK	 
USER	gatwai	END	1607018826755
USER	gatwai	START	1607018826865
REQUEST		request_0	1607018826866	1607018826963	OK	 
USER	gatwai	END	1607018826963
USER	gatwai	START	1607018827069
REQUEST		request_0	1607018827069	1607018827161	OK	 
USER	gatwai	END	1607018827162
USER	gatwai	START	1607018827256
REQUEST		request_0	1607018827256	1607018827350	OK	 
USER	gatwai	END	1607018827351
USER	gatwai	START	1607018827459
REQUEST		request_0	1607018827460	1607018827560	OK	 
USER	gatwai	END	1607018827560
USER	gatwai	START	1607018827662
REQUEST		request_0	1607018827663	1607018827754	OK	 
USER	gatwai	END	1607018827755
USER	gatwai	START	1607018827865
REQUEST		request_0	1607018827866	1607018827947	OK	 
USER	gatwai	END	1607018827947
USER	gatwai	START	1607018828069
REQUEST		request_0	1607018828069	1607018828166	OK	 
USER	gatwai	END	1607018828167
USER	gatwai	START	1607018828273
REQUEST		request_0	1607018828273	1607018828368	OK	 
USER	gatwai	END	1607018828368
USER	gatwai	START	1607018828461
REQUEST		request_0	1607018828461	1607018828544	OK	 
USER	gatwai	END	1607018828544
USER	gatwai	START	1607018828664
REQUEST		request_0	1607018828664	1607018828760	OK	 
USER	gatwai	END	1607018828760
USER	gatwai	START	1607018828867
REQUEST		request_0	1607018828867	1607018828957	OK	 
USER	gatwai	END	1607018828957
USER	gatwai	START	1607018829070
REQUEST		request_0	1607018829071	1607018829177	OK	 
USER	gatwai	END	1607018829178
USER	gatwai	START	1607018829257
REQUEST		request_0	1607018829258	1607018829340	OK	 
USER	gatwai	END	1607018829340
USER	gatwai	START	1607018829461
REQUEST		request_0	1607018829461	1607018829559	OK	 
USER	gatwai	END	1607018829560
USER	gatwai	START	1607018829664
REQUEST		request_0	1607018829664	1607018829747	OK	 
USER	gatwai	END	1607018829747
USER	gatwai	START	1607018829867
REQUEST		request_0	1607018829868	1607018829969	OK	 
USER	gatwai	END	1607018829969
USER	gatwai	START	1607018830054
REQUEST		request_0	1607018830055	1607018830142	OK	 
USER	gatwai	END	1607018830142
USER	gatwai	START	1607018830267
REQUEST		request_0	1607018830268	1607018830361	OK	 
USER	gatwai	END	1607018830362
USER	gatwai	START	1607018830455
REQUEST		request_0	1607018830455	1607018830545	OK	 
USER	gatwai	END	1607018830546
USER	gatwai	START	1607018830659
REQUEST		request_0	1607018830659	1607018830761	OK	 
USER	gatwai	END	1607018830761
USER	gatwai	START	1607018830861
REQUEST		request_0	1607018830861	1607018830954	OK	 
USER	gatwai	END	1607018830955
USER	gatwai	START	1607018831064
REQUEST		request_0	1607018831064	1607018831159	OK	 
USER	gatwai	END	1607018831159
USER	gatwai	START	1607018831268
REQUEST		request_0	1607018831269	1607018831374	OK	 
USER	gatwai	END	1607018831374
USER	gatwai	START	1607018831456
REQUEST		request_0	1607018831456	1607018831542	OK	 
USER	gatwai	END	1607018831546
USER	gatwai	START	1607018831659
REQUEST		request_0	1607018831659	1607018831741	OK	 
USER	gatwai	END	1607018831742
USER	gatwai	START	1607018831862
REQUEST		request_0	1607018831863	1607018831957	OK	 
USER	gatwai	END	1607018831958
USER	gatwai	START	1607018832065
REQUEST		request_0	1607018832066	1607018832158	OK	 
USER	gatwai	END	1607018832159
USER	gatwai	START	1607018832269
REQUEST		request_0	1607018832269	1607018832352	OK	 
USER	gatwai	END	1607018832352
USER	gatwai	START	1607018832457
REQUEST		request_0	1607018832457	1607018832554	OK	 
USER	gatwai	END	1607018832555
USER	gatwai	START	1607018832664
REQUEST		request_0	1607018832664	1607018832760	OK	 
USER	gatwai	END	1607018832761
USER	gatwai	START	1607018832867
REQUEST		request_0	1607018832868	1607018832975	OK	 
USER	gatwai	END	1607018832976
USER	gatwai	START	1607018833055
REQUEST		request_0	1607018833055	1607018833161	OK	 
USER	gatwai	END	1607018833161
USER	gatwai	START	1607018833258
REQUEST		request_0	1607018833258	1607018833348	OK	 
USER	gatwai	END	1607018833348
USER	gatwai	START	1607018833461
REQUEST		request_0	1607018833461	1607018833543	OK	 
USER	gatwai	END	1607018833543
USER	gatwai	START	1607018833664
REQUEST		request_0	1607018833664	1607018833758	OK	 
USER	gatwai	END	1607018833759
USER	gatwai	START	1607018833867
REQUEST		request_0	1607018833868	1607018833978	OK	 
USER	gatwai	END	1607018833978
USER	gatwai	START	1607018834055
REQUEST		request_0	1607018834055	1607018834147	OK	 
USER	gatwai	END	1607018834148
USER	gatwai	START	1607018834258
REQUEST		request_0	1607018834258	1607018834346	OK	 
USER	gatwai	END	1607018834347
USER	gatwai	START	1607018834461
REQUEST		request_0	1607018834462	1607018834566	OK	 
USER	gatwai	END	1607018834567
USER	gatwai	START	1607018834664
REQUEST		request_0	1607018834664	1607018834756	OK	 
USER	gatwai	END	1607018834757
USER	gatwai	START	1607018834867
REQUEST		request_0	1607018834867	1607018834968	OK	 
USER	gatwai	END	1607018834969
USER	gatwai	START	1607018835055
REQUEST		request_0	1607018835055	1607018835149	OK	 
USER	gatwai	END	1607018835149
USER	gatwai	START	1607018835258
REQUEST		request_0	1607018835258	1607018835350	OK	 
USER	gatwai	END	1607018835351
USER	gatwai	START	1607018835461
REQUEST		request_0	1607018835461	1607018835544	OK	 
USER	gatwai	END	1607018835545
USER	gatwai	START	1607018835664
REQUEST		request_0	1607018835665	1607018835766	OK	 
USER	gatwai	END	1607018835766
USER	gatwai	START	1607018835867
REQUEST		request_0	1607018835867	1607018835950	OK	 
USER	gatwai	END	1607018835951
USER	gatwai	START	1607018836055
REQUEST		request_0	1607018836055	1607018836149	OK	 
USER	gatwai	END	1607018836149
USER	gatwai	START	1607018836258
REQUEST		request_0	1607018836258	1607018836356	OK	 
USER	gatwai	END	1607018836357
USER	gatwai	START	1607018836461
REQUEST		request_0	1607018836461	1607018836555	OK	 
USER	gatwai	END	1607018836556
USER	gatwai	START	1607018836664
REQUEST		request_0	1607018836664	1607018836758	OK	 
USER	gatwai	END	1607018836759
USER	gatwai	START	1607018836867
REQUEST		request_0	1607018836868	1607018836953	OK	 
USER	gatwai	END	1607018836953
USER	gatwai	START	1607018837055
REQUEST		request_0	1607018837055	1607018837147	OK	 
USER	gatwai	END	1607018837148
USER	gatwai	START	1607018837258
REQUEST		request_0	1607018837258	1607018837350	OK	 
USER	gatwai	END	1607018837351
USER	gatwai	START	1607018837462
REQUEST		request_0	1607018837462	1607018837559	OK	 
USER	gatwai	END	1607018837560
USER	gatwai	START	1607018837667
REQUEST		request_0	1607018837668	1607018837760	OK	 
USER	gatwai	END	1607018837761
USER	gatwai	START	1607018837855
REQUEST		request_0	1607018837856	1607018837956	OK	 
USER	gatwai	END	1607018837957
USER	gatwai	START	1607018838058
REQUEST		request_0	1607018838058	1607018838152	OK	 
USER	gatwai	END	1607018838153
USER	gatwai	START	1607018838261
REQUEST		request_0	1607018838261	1607018838353	OK	 
USER	gatwai	END	1607018838353
USER	gatwai	START	1607018838464
REQUEST		request_0	1607018838465	1607018838565	OK	 
USER	gatwai	END	1607018838566
USER	gatwai	START	1607018838667
REQUEST		request_0	1607018838668	1607018838763	OK	 
USER	gatwai	END	1607018838764
USER	gatwai	START	1607018838855
REQUEST		request_0	1607018838855	1607018838955	OK	 
USER	gatwai	END	1607018838955
USER	gatwai	START	1607018839058
REQUEST		request_0	1607018839058	1607018839165	OK	 
USER	gatwai	END	1607018839165
USER	gatwai	START	1607018839261
REQUEST		request_0	1607018839261	1607018839352	OK	 
USER	gatwai	END	1607018839353
USER	gatwai	START	1607018839464
REQUEST		request_0	1607018839464	1607018839553	OK	 
USER	gatwai	END	1607018839554
USER	gatwai	START	1607018839667
REQUEST		request_0	1607018839668	1607018839763	OK	 
USER	gatwai	END	1607018839763
USER	gatwai	START	1607018839854
REQUEST		request_0	1607018839855	1607018839937	OK	 
USER	gatwai	END	1607018839937
USER	gatwai	START	1607018840058
REQUEST		request_0	1607018840058	1607018840162	OK	 
USER	gatwai	END	1607018840162
USER	gatwai	START	1607018840261
REQUEST		request_0	1607018840261	1607018840343	OK	 
USER	gatwai	END	1607018840344
USER	gatwai	START	1607018840465
REQUEST		request_0	1607018840465	1607018840577	OK	 
USER	gatwai	END	1607018840578
USER	gatwai	START	1607018840667
REQUEST		request_0	1607018840667	1607018840754	OK	 
USER	gatwai	END	1607018840755
USER	gatwai	START	1607018840870
REQUEST		request_0	1607018840871	1607018840973	OK	 
USER	gatwai	END	1607018840974
USER	gatwai	START	1607018841058
REQUEST		request_0	1607018841058	1607018841146	OK	 
USER	gatwai	END	1607018841147
USER	gatwai	START	1607018841261
REQUEST		request_0	1607018841261	1607018841348	OK	 
USER	gatwai	END	1607018841349
USER	gatwai	START	1607018841464
REQUEST		request_0	1607018841465	1607018841559	OK	 
USER	gatwai	END	1607018841559
USER	gatwai	START	1607018841667
REQUEST		request_0	1607018841667	1607018841749	OK	 
USER	gatwai	END	1607018841750
USER	gatwai	START	1607018841855
REQUEST		request_0	1607018841855	1607018841949	OK	 
USER	gatwai	END	1607018841950
USER	gatwai	START	1607018842058
REQUEST		request_0	1607018842058	1607018842140	OK	 
USER	gatwai	END	1607018842141
USER	gatwai	START	1607018842261
REQUEST		request_0	1607018842261	1607018842352	OK	 
USER	gatwai	END	1607018842353
USER	gatwai	START	1607018842464
REQUEST		request_0	1607018842464	1607018842559	OK	 
USER	gatwai	END	1607018842560
USER	gatwai	START	1607018842667
REQUEST		request_0	1607018842668	1607018842756	OK	 
USER	gatwai	END	1607018842756
USER	gatwai	START	1607018842855
REQUEST		request_0	1607018842855	1607018842948	OK	 
USER	gatwai	END	1607018842949
USER	gatwai	START	1607018843058
REQUEST		request_0	1607018843058	1607018843156	OK	 
USER	gatwai	END	1607018843156
USER	gatwai	START	1607018843261
REQUEST		request_0	1607018843261	1607018843354	OK	 
USER	gatwai	END	1607018843354
USER	gatwai	START	1607018843465
REQUEST		request_0	1607018843465	1607018843547	OK	 
USER	gatwai	END	1607018843547
USER	gatwai	START	1607018843667
REQUEST		request_0	1607018843668	1607018843764	OK	 
USER	gatwai	END	1607018843764
USER	gatwai	START	1607018843855
REQUEST		request_0	1607018843855	1607018843946	OK	 
USER	gatwai	END	1607018843946
USER	gatwai	START	1607018844058
REQUEST		request_0	1607018844058	1607018844161	OK	 
USER	gatwai	END	1607018844162
USER	gatwai	START	1607018844261
REQUEST		request_0	1607018844261	1607018844353	OK	 
USER	gatwai	END	1607018844354
USER	gatwai	START	1607018844464
REQUEST		request_0	1607018844465	1607018844547	OK	 
USER	gatwai	END	1607018844547
USER	gatwai	START	1607018844668
REQUEST		request_0	1607018844668	1607018844770	OK	 
USER	gatwai	END	1607018844770
USER	gatwai	START	1607018844862
REQUEST		request_0	1607018844862	1607018844949	OK	 
USER	gatwai	END	1607018844949
USER	gatwai	START	1607018845066
REQUEST		request_0	1607018845066	1607018845166	OK	 
USER	gatwai	END	1607018845167
USER	gatwai	START	1607018845269
REQUEST		request_0	1607018845269	1607018845365	OK	 
USER	gatwai	END	1607018845365
USER	gatwai	START	1607018845456
REQUEST		request_0	1607018845456	1607018845542	OK	 
USER	gatwai	END	1607018845543
USER	gatwai	START	1607018845659
REQUEST		request_0	1607018845660	1607018845760	OK	 
USER	gatwai	END	1607018845760
USER	gatwai	START	1607018845862
REQUEST		request_0	1607018845862	1607018845946	OK	 
USER	gatwai	END	1607018845946
USER	gatwai	START	1607018846065
REQUEST		request_0	1607018846066	1607018846156	OK	 
USER	gatwai	END	1607018846157
USER	gatwai	START	1607018846269
REQUEST		request_0	1607018846269	1607018846362	OK	 
USER	gatwai	END	1607018846363
USER	gatwai	START	1607018846456
REQUEST		request_0	1607018846456	1607018846538	OK	 
USER	gatwai	END	1607018846539
USER	gatwai	START	1607018846659
REQUEST		request_0	1607018846660	1607018846759	OK	 
USER	gatwai	END	1607018846759
USER	gatwai	START	1607018846863
REQUEST		request_0	1607018846863	1607018846966	OK	 
USER	gatwai	END	1607018846966
USER	gatwai	START	1607018847065
REQUEST		request_0	1607018847066	1607018847153	OK	 
USER	gatwai	END	1607018847154
USER	gatwai	START	1607018847269
REQUEST		request_0	1607018847269	1607018847368	OK	 
USER	gatwai	END	1607018847369
USER	gatwai	START	1607018847456
REQUEST		request_0	1607018847456	1607018847548	OK	 
USER	gatwai	END	1607018847548
USER	gatwai	START	1607018847659
REQUEST		request_0	1607018847659	1607018847747	OK	 
USER	gatwai	END	1607018847748
USER	gatwai	START	1607018847862
REQUEST		request_0	1607018847862	1607018847943	OK	 
USER	gatwai	END	1607018847943
USER	gatwai	START	1607018848066
REQUEST		request_0	1607018848066	1607018848161	OK	 
USER	gatwai	END	1607018848162
USER	gatwai	START	1607018848269
REQUEST		request_0	1607018848269	1607018848354	OK	 
USER	gatwai	END	1607018848355
USER	gatwai	START	1607018848456
REQUEST		request_0	1607018848456	1607018848547	OK	 
USER	gatwai	END	1607018848548
USER	gatwai	START	1607018848659
REQUEST		request_0	1607018848660	1607018848752	OK	 
USER	gatwai	END	1607018848752
USER	gatwai	START	1607018848863
REQUEST		request_0	1607018848863	1607018848958	OK	 
USER	gatwai	END	1607018848958
USER	gatwai	START	1607018849066
REQUEST		request_0	1607018849066	1607018849172	OK	 
USER	gatwai	END	1607018849173
USER	gatwai	START	1607018849269
REQUEST		request_0	1607018849269	1607018849355	OK	 
USER	gatwai	END	1607018849356
USER	gatwai	START	1607018849456
REQUEST		request_0	1607018849456	1607018849546	OK	 
USER	gatwai	END	1607018849546
USER	gatwai	START	1607018849659
REQUEST		request_0	1607018849660	1607018849751	OK	 
USER	gatwai	END	1607018849751
USER	gatwai	START	1607018849863
REQUEST		request_0	1607018849863	1607018849964	OK	 
USER	gatwai	END	1607018849965
USER	gatwai	START	1607018850065
REQUEST		request_0	1607018850066	1607018850153	OK	 
USER	gatwai	END	1607018850153
USER	gatwai	START	1607018850269
REQUEST		request_0	1607018850269	1607018850356	OK	 
USER	gatwai	END	1607018850356
USER	gatwai	START	1607018850456
REQUEST		request_0	1607018850456	1607018850563	OK	 
USER	gatwai	END	1607018850563
USER	gatwai	START	1607018850659
REQUEST		request_0	1607018850659	1607018850748	OK	 
USER	gatwai	END	1607018850749
USER	gatwai	START	1607018850863
REQUEST		request_0	1607018850863	1607018850963	OK	 
USER	gatwai	END	1607018850964
USER	gatwai	START	1607018851065
REQUEST		request_0	1607018851066	1607018851147	OK	 
USER	gatwai	END	1607018851148
USER	gatwai	START	1607018851269
REQUEST		request_0	1607018851269	1607018851371	OK	 
USER	gatwai	END	1607018851372
USER	gatwai	START	1607018851456
REQUEST		request_0	1607018851456	1607018851543	OK	 
USER	gatwai	END	1607018851543
USER	gatwai	START	1607018851660
REQUEST		request_0	1607018851660	1607018851759	OK	 
USER	gatwai	END	1607018851760
USER	gatwai	START	1607018851868
REQUEST		request_0	1607018851868	1607018851953	OK	 
USER	gatwai	END	1607018851954
USER	gatwai	START	1607018852055
REQUEST		request_0	1607018852056	1607018852146	OK	 
USER	gatwai	END	1607018852146
USER	gatwai	START	1607018852255
REQUEST		request_0	1607018852256	1607018852353	OK	 
USER	gatwai	END	1607018852354
USER	gatwai	START	1607018852459
REQUEST		request_0	1607018852459	1607018852560	OK	 
USER	gatwai	END	1607018852560
USER	gatwai	START	1607018852662
REQUEST		request_0	1607018852662	1607018852746	OK	 
USER	gatwai	END	1607018852747
USER	gatwai	START	1607018852865
REQUEST		request_0	1607018852865	1607018852963	OK	 
USER	gatwai	END	1607018852964
USER	gatwai	START	1607018853068
REQUEST		request_0	1607018853068	1607018853158	OK	 
USER	gatwai	END	1607018853159
USER	gatwai	START	1607018853267
REQUEST		request_0	1607018853267	1607018853361	OK	 
USER	gatwai	END	1607018853361
USER	gatwai	START	1607018853470
REQUEST		request_0	1607018853470	1607018853570	OK	 
USER	gatwai	END	1607018853571
USER	gatwai	START	1607018853673
REQUEST		request_0	1607018853674	1607018853766	OK	 
USER	gatwai	END	1607018853766
USER	gatwai	START	1607018853862
REQUEST		request_0	1607018853862	1607018853950	OK	 
USER	gatwai	END	1607018853951
USER	gatwai	START	1607018854065
REQUEST		request_0	1607018854065	1607018854149	OK	 
USER	gatwai	END	1607018854150
USER	gatwai	START	1607018854268
REQUEST		request_0	1607018854268	1607018854366	OK	 
USER	gatwai	END	1607018854366
USER	gatwai	START	1607018854456
REQUEST		request_0	1607018854456	1607018854542	OK	 
USER	gatwai	END	1607018854543
USER	gatwai	START	1607018854659
REQUEST		request_0	1607018854659	1607018854758	OK	 
USER	gatwai	END	1607018854758
USER	gatwai	START	1607018854862
REQUEST		request_0	1607018854862	1607018854954	OK	 
USER	gatwai	END	1607018854955
USER	gatwai	START	1607018855065
REQUEST		request_0	1607018855065	1607018855170	OK	 
USER	gatwai	END	1607018855170
USER	gatwai	START	1607018855268
REQUEST		request_0	1607018855268	1607018855350	OK	 
USER	gatwai	END	1607018855351
USER	gatwai	START	1607018855456
REQUEST		request_0	1607018855456	1607018855548	OK	 
USER	gatwai	END	1607018855549
USER	gatwai	START	1607018855659
REQUEST		request_0	1607018855659	1607018855752	OK	 
USER	gatwai	END	1607018855752
USER	gatwai	START	1607018855862
REQUEST		request_0	1607018855862	1607018855948	OK	 
USER	gatwai	END	1607018855948
USER	gatwai	START	1607018856065
REQUEST		request_0	1607018856065	1607018856158	OK	 
USER	gatwai	END	1607018856159
USER	gatwai	START	1607018856268
REQUEST		request_0	1607018856268	1607018856370	OK	 
USER	gatwai	END	1607018856371
USER	gatwai	START	1607018856460
REQUEST		request_0	1607018856460	1607018856545	OK	 
USER	gatwai	END	1607018856545
USER	gatwai	START	1607018856663
REQUEST		request_0	1607018856664	1607018856771	OK	 
USER	gatwai	END	1607018856771
USER	gatwai	START	1607018856867
REQUEST		request_0	1607018856867	1607018856959	OK	 
USER	gatwai	END	1607018856960
USER	gatwai	START	1607018857053
REQUEST		request_0	1607018857054	1607018857141	OK	 
USER	gatwai	END	1607018857142
USER	gatwai	START	1607018857257
REQUEST		request_0	1607018857257	1607018857350	OK	 
USER	gatwai	END	1607018857350
USER	gatwai	START	1607018857458
REQUEST		request_0	1607018857458	1607018857547	OK	 
USER	gatwai	END	1607018857548
USER	gatwai	START	1607018857661
REQUEST		request_0	1607018857661	1607018857752	OK	 
USER	gatwai	END	1607018857752
USER	gatwai	START	1607018857898
REQUEST		request_0	1607018857899	1607018857982	OK	 
USER	gatwai	END	1607018857983
USER	gatwai	START	1607018858067
REQUEST		request_0	1607018858068	1607018858159	OK	 
USER	gatwai	END	1607018858160
USER	gatwai	START	1607018858254
REQUEST		request_0	1607018858256	1607018858350	OK	 
USER	gatwai	END	1607018858352
USER	gatwai	START	1607018858459
REQUEST		request_0	1607018858459	1607018858553	OK	 
USER	gatwai	END	1607018858554
USER	gatwai	START	1607018858662
REQUEST		request_0	1607018858662	1607018858746	OK	 
USER	gatwai	END	1607018858746
USER	gatwai	START	1607018858865
REQUEST		request_0	1607018858865	1607018858948	OK	 
USER	gatwai	END	1607018858948
USER	gatwai	START	1607018859068
REQUEST		request_0	1607018859069	1607018859171	OK	 
USER	gatwai	END	1607018859172
USER	gatwai	START	1607018859256
REQUEST		request_0	1607018859256	1607018859351	OK	 
USER	gatwai	END	1607018859352
USER	gatwai	START	1607018859460
REQUEST		request_0	1607018859460	1607018859561	OK	 
USER	gatwai	END	1607018859562
USER	gatwai	START	1607018859662
REQUEST		request_0	1607018859663	1607018859750	OK	 
USER	gatwai	END	1607018859750
USER	gatwai	START	1607018859865
REQUEST		request_0	1607018859866	1607018859956	OK	 
USER	gatwai	END	1607018859956
USER	gatwai	START	1607018860069
REQUEST		request_0	1607018860069	1607018860157	OK	 
USER	gatwai	END	1607018860158
USER	gatwai	START	1607018860256
REQUEST		request_0	1607018860257	1607018860341	OK	 
USER	gatwai	END	1607018860341
USER	gatwai	START	1607018860459
REQUEST		request_0	1607018860460	1607018860555	OK	 
USER	gatwai	END	1607018860556
USER	gatwai	START	1607018860662
REQUEST		request_0	1607018860663	1607018860755	OK	 
USER	gatwai	END	1607018860755
USER	gatwai	START	1607018860866
REQUEST		request_0	1607018860866	1607018860956	OK	 
USER	gatwai	END	1607018860957
USER	gatwai	START	1607018861068
REQUEST		request_0	1607018861069	1607018861155	OK	 
USER	gatwai	END	1607018861156
USER	gatwai	START	1607018861256
REQUEST		request_0	1607018861257	1607018861360	OK	 
USER	gatwai	END	1607018861360
USER	gatwai	START	1607018861459
REQUEST		request_0	1607018861460	1607018861568	OK	 
USER	gatwai	END	1607018861568
USER	gatwai	START	1607018861662
REQUEST		request_0	1607018861663	1607018861746	OK	 
USER	gatwai	END	1607018861746
USER	gatwai	START	1607018861865
REQUEST		request_0	1607018861866	1607018861957	OK	 
USER	gatwai	END	1607018861958
USER	gatwai	START	1607018862069
REQUEST		request_0	1607018862069	1607018862152	OK	 
USER	gatwai	END	1607018862153
USER	gatwai	START	1607018862256
REQUEST		request_0	1607018862256	1607018862348	OK	 
USER	gatwai	END	1607018862349
USER	gatwai	START	1607018862460
REQUEST		request_0	1607018862460	1607018862559	OK	 
USER	gatwai	END	1607018862560
USER	gatwai	START	1607018862662
REQUEST		request_0	1607018862663	1607018862745	OK	 
USER	gatwai	END	1607018862746
USER	gatwai	START	1607018862866
REQUEST		request_0	1607018862866	1607018862962	OK	 
USER	gatwai	END	1607018862963
USER	gatwai	START	1607018863057
REQUEST		request_0	1607018863058	1607018863149	OK	 
USER	gatwai	END	1607018863149
USER	gatwai	START	1607018863260
REQUEST		request_0	1607018863260	1607018863346	OK	 
USER	gatwai	END	1607018863347
USER	gatwai	START	1607018863463
REQUEST		request_0	1607018863464	1607018863557	OK	 
USER	gatwai	END	1607018863558
USER	gatwai	START	1607018863655
REQUEST		request_0	1607018863655	1607018863749	OK	 
USER	gatwai	END	1607018863749
USER	gatwai	START	1607018863859
REQUEST		request_0	1607018863859	1607018863951	OK	 
USER	gatwai	END	1607018863951
USER	gatwai	START	1607018864061
REQUEST		request_0	1607018864061	1607018864147	OK	 
USER	gatwai	END	1607018864147
USER	gatwai	START	1607018864264
REQUEST		request_0	1607018864264	1607018864360	OK	 
USER	gatwai	END	1607018864360
USER	gatwai	START	1607018864467
REQUEST		request_0	1607018864468	1607018864558	OK	 
USER	gatwai	END	1607018864558
USER	gatwai	START	1607018864655
REQUEST		request_0	1607018864655	1607018864740	OK	 
USER	gatwai	END	1607018864740
USER	gatwai	START	1607018864858
REQUEST		request_0	1607018864858	1607018864961	OK	 
USER	gatwai	END	1607018864961
USER	gatwai	START	1607018865061
REQUEST		request_0	1607018865062	1607018865145	OK	 
USER	gatwai	END	1607018865145
USER	gatwai	START	1607018865264
REQUEST		request_0	1607018865265	1607018865364	OK	 
USER	gatwai	END	1607018865364
USER	gatwai	START	1607018865467
REQUEST		request_0	1607018865468	1607018865561	OK	 
USER	gatwai	END	1607018865562
USER	gatwai	START	1607018865655
REQUEST		request_0	1607018865656	1607018865751	OK	 
USER	gatwai	END	1607018865752
USER	gatwai	START	1607018865858
REQUEST		request_0	1607018865858	1607018865952	OK	 
USER	gatwai	END	1607018865952
USER	gatwai	START	1607018866062
REQUEST		request_0	1607018866062	1607018866151	OK	 
USER	gatwai	END	1607018866152
USER	gatwai	START	1607018866265
REQUEST		request_0	1607018866265	1607018866350	OK	 
USER	gatwai	END	1607018866350
USER	gatwai	START	1607018866468
REQUEST		request_0	1607018866468	1607018866562	OK	 
USER	gatwai	END	1607018866562
USER	gatwai	START	1607018866655
REQUEST		request_0	1607018866656	1607018866747	OK	 
USER	gatwai	END	1607018866747
USER	gatwai	START	1607018866858
REQUEST		request_0	1607018866859	1607018866951	OK	 
USER	gatwai	END	1607018866951
USER	gatwai	START	1607018867062
REQUEST		request_0	1607018867062	1607018867145	OK	 
USER	gatwai	END	1607018867145
USER	gatwai	START	1607018867265
REQUEST		request_0	1607018867265	1607018867355	OK	 
USER	gatwai	END	1607018867356
USER	gatwai	START	1607018867468
REQUEST		request_0	1607018867468	1607018867555	OK	 
USER	gatwai	END	1607018867556
USER	gatwai	START	1607018867655
REQUEST		request_0	1607018867656	1607018867744	OK	 
USER	gatwai	END	1607018867745
USER	gatwai	START	1607018867858
REQUEST		request_0	1607018867859	1607018867953	OK	 
USER	gatwai	END	1607018867953
USER	gatwai	START	1607018868062
REQUEST		request_0	1607018868062	1607018868152	OK	 
USER	gatwai	END	1607018868152
USER	gatwai	START	1607018868268
REQUEST		request_0	1607018868268	1607018868354	OK	 
USER	gatwai	END	1607018868355
USER	gatwai	START	1607018868455
REQUEST		request_0	1607018868456	1607018868548	OK	 
USER	gatwai	END	1607018868548
USER	gatwai	START	1607018868656
REQUEST		request_0	1607018868656	1607018868748	OK	 
USER	gatwai	END	1607018868749
USER	gatwai	START	1607018868859
REQUEST		request_0	1607018868859	1607018868953	OK	 
USER	gatwai	END	1607018868954
USER	gatwai	START	1607018869062
REQUEST		request_0	1607018869063	1607018869158	OK	 
USER	gatwai	END	1607018869158
USER	gatwai	START	1607018869265
REQUEST		request_0	1607018869265	1607018869352	OK	 
USER	gatwai	END	1607018869352
USER	gatwai	START	1607018869468
REQUEST		request_0	1607018869469	1607018869553	OK	 
USER	gatwai	END	1607018869554
USER	gatwai	START	1607018869656
REQUEST		request_0	1607018869656	1607018869749	OK	 
USER	gatwai	END	1607018869750
USER	gatwai	START	1607018869859
REQUEST		request_0	1607018869860	1607018869952	OK	 
USER	gatwai	END	1607018869953
USER	gatwai	START	1607018870062
REQUEST		request_0	1607018870062	1607018870160	OK	 
USER	gatwai	END	1607018870160
USER	gatwai	START	1607018870265
REQUEST		request_0	1607018870265	1607018870360	OK	 
USER	gatwai	END	1607018870360
USER	gatwai	START	1607018870469
REQUEST		request_0	1607018870469	1607018870571	OK	 
USER	gatwai	END	1607018870572
USER	gatwai	START	1607018870664
REQUEST		request_0	1607018870665	1607018870755	OK	 
USER	gatwai	END	1607018870756
USER	gatwai	START	1607018870867
REQUEST		request_0	1607018870867	1607018870961	OK	 
USER	gatwai	END	1607018870961
USER	gatwai	START	1607018871055
REQUEST		request_0	1607018871055	1607018871147	OK	 
USER	gatwai	END	1607018871147
USER	gatwai	START	1607018871258
REQUEST		request_0	1607018871258	1607018871344	OK	 
USER	gatwai	END	1607018871344
USER	gatwai	START	1607018871461
REQUEST		request_0	1607018871461	1607018871548	OK	 
USER	gatwai	END	1607018871549
USER	gatwai	START	1607018871664
REQUEST		request_0	1607018871664	1607018871762	OK	 
USER	gatwai	END	1607018871763
USER	gatwai	START	1607018871867
REQUEST		request_0	1607018871867	1607018871956	OK	 
USER	gatwai	END	1607018871957
USER	gatwai	START	1607018872058
REQUEST		request_0	1607018872058	1607018872159	OK	 
USER	gatwai	END	1607018872160
USER	gatwai	START	1607018872261
REQUEST		request_0	1607018872261	1607018872350	OK	 
USER	gatwai	END	1607018872351
USER	gatwai	START	1607018872464
REQUEST		request_0	1607018872465	1607018872562	OK	 
USER	gatwai	END	1607018872563
USER	gatwai	START	1607018872667
REQUEST		request_0	1607018872667	1607018872761	OK	 
USER	gatwai	END	1607018872761
USER	gatwai	START	1607018872855
REQUEST		request_0	1607018872855	1607018872950	OK	 
USER	gatwai	END	1607018872951
USER	gatwai	START	1607018873058
REQUEST		request_0	1607018873058	1607018873165	OK	 
USER	gatwai	END	1607018873165
USER	gatwai	START	1607018873261
REQUEST		request_0	1607018873261	1607018873348	OK	 
USER	gatwai	END	1607018873349
USER	gatwai	START	1607018873464
REQUEST		request_0	1607018873465	1607018873555	OK	 
USER	gatwai	END	1607018873555
USER	gatwai	START	1607018873668
REQUEST		request_0	1607018873668	1607018873771	OK	 
USER	gatwai	END	1607018873771
USER	gatwai	START	1607018873855
REQUEST		request_0	1607018873855	1607018873946	OK	 
USER	gatwai	END	1607018873946
USER	gatwai	START	1607018874058
REQUEST		request_0	1607018874059	1607018874165	OK	 
USER	gatwai	END	1607018874165
USER	gatwai	START	1607018874261
REQUEST		request_0	1607018874262	1607018874355	OK	 
USER	gatwai	END	1607018874355
USER	gatwai	START	1607018874465
REQUEST		request_0	1607018874465	1607018874559	OK	 
USER	gatwai	END	1607018874559
USER	gatwai	START	1607018874668
REQUEST		request_0	1607018874668	1607018874762	OK	 
USER	gatwai	END	1607018874763
USER	gatwai	START	1607018874855
REQUEST		request_0	1607018874855	1607018874948	OK	 
USER	gatwai	END	1607018874949
USER	gatwai	START	1607018875058
REQUEST		request_0	1607018875058	1607018875150	OK	 
USER	gatwai	END	1607018875150
USER	gatwai	START	1607018875261
REQUEST		request_0	1607018875261	1607018875343	OK	 
USER	gatwai	END	1607018875344
USER	gatwai	START	1607018875465
REQUEST		request_0	1607018875465	1607018875553	OK	 
USER	gatwai	END	1607018875553
USER	gatwai	START	1607018875667
REQUEST		request_0	1607018875668	1607018875764	OK	 
USER	gatwai	END	1607018875764
USER	gatwai	START	1607018875871
REQUEST		request_0	1607018875871	1607018875957	OK	 
USER	gatwai	END	1607018875957
