RUN	gatwai	gatwai	1607018443780	5ps3	3.4.1
USER	gatwai	START	1607018444579
REQUEST		request_0	1607018444601	1607018444712	OK	 
USER	gatwai	END	1607018444758
USER	gatwai	START	1607018444769
REQUEST		request_0	1607018444769	1607018444857	OK	 
USER	gatwai	END	1607018444858
USER	gatwai	START	1607018444973
REQUEST		request_0	1607018444974	1607018445090	OK	 
USER	gatwai	END	1607018445091
USER	gatwai	START	1607018445175
REQUEST		request_0	1607018445176	1607018445266	OK	 
USER	gatwai	END	1607018445266
USER	gatwai	START	1607018445378
REQUEST		request_0	1607018445379	1607018445468	OK	 
USER	gatwai	END	1607018445468
USER	gatwai	START	1607018445581
REQUEST		request_0	1607018445582	1607018445685	OK	 
USER	gatwai	END	1607018445686
USER	gatwai	START	1607018445785
REQUEST		request_0	1607018445786	1607018445878	OK	 
USER	gatwai	END	1607018445879
USER	gatwai	START	1607018445973
REQUEST		request_0	1607018445973	1607018446058	OK	 
USER	gatwai	END	1607018446059
USER	gatwai	START	1607018446176
REQUEST		request_0	1607018446176	1607018446264	OK	 
USER	gatwai	END	1607018446265
USER	gatwai	START	1607018446379
REQUEST		request_0	1607018446379	1607018446465	OK	 
USER	gatwai	END	1607018446465
USER	gatwai	START	1607018446586
REQUEST		request_0	1607018446587	1607018446685	OK	 
USER	gatwai	END	1607018446686
USER	gatwai	START	1607018446773
REQUEST		request_0	1607018446774	1607018446864	OK	 
USER	gatwai	END	1607018446865
USER	gatwai	START	1607018446976
REQUEST		request_0	1607018446977	1607018447068	OK	 
USER	gatwai	END	1607018447068
USER	gatwai	START	1607018447180
REQUEST		request_0	1607018447181	1607018447284	OK	 
USER	gatwai	END	1607018447284
USER	gatwai	START	1607018447367
REQUEST		request_0	1607018447367	1607018447456	OK	 
USER	gatwai	END	1607018447457
USER	gatwai	START	1607018447572
REQUEST		request_0	1607018447573	1607018447666	OK	 
USER	gatwai	END	1607018447667
USER	gatwai	START	1607018447775
REQUEST		request_0	1607018447776	1607018447867	OK	 
USER	gatwai	END	1607018447867
USER	gatwai	START	1607018447979
REQUEST		request_0	1607018447980	1607018448085	OK	 
USER	gatwai	END	1607018448086
USER	gatwai	START	1607018448166
REQUEST		request_0	1607018448166	1607018448250	OK	 
USER	gatwai	END	1607018448251
USER	gatwai	START	1607018448369
REQUEST		request_0	1607018448370	1607018448458	OK	 
USER	gatwai	END	1607018448459
USER	gatwai	START	1607018448572
REQUEST		request_0	1607018448573	1607018448667	OK	 
USER	gatwai	END	1607018448667
USER	gatwai	START	1607018448776
REQUEST		request_0	1607018448776	1607018448871	OK	 
USER	gatwai	END	1607018448872
USER	gatwai	START	1607018448978
REQUEST		request_0	1607018448979	1607018449069	OK	 
USER	gatwai	END	1607018449070
USER	gatwai	START	1607018449176
REQUEST		request_0	1607018449176	1607018449265	OK	 
USER	gatwai	END	1607018449267
USER	gatwai	START	1607018449379
REQUEST		request_0	1607018449379	1607018449463	OK	 
USER	gatwai	END	1607018449464
USER	gatwai	START	1607018449566
REQUEST		request_0	1607018449567	1607018449667	OK	 
USER	gatwai	END	1607018449668
USER	gatwai	START	1607018449770
REQUEST		request_0	1607018449770	1607018449859	OK	 
USER	gatwai	END	1607018449860
USER	gatwai	START	1607018449972
REQUEST		request_0	1607018449972	1607018450057	OK	 
USER	gatwai	END	1607018450058
USER	gatwai	START	1607018450176
REQUEST		request_0	1607018450176	1607018450264	OK	 
USER	gatwai	END	1607018450265
USER	gatwai	START	1607018450378
REQUEST		request_0	1607018450379	1607018450466	OK	 
USER	gatwai	END	1607018450467
USER	gatwai	START	1607018450582
REQUEST		request_0	1607018450582	1607018450666	OK	 
USER	gatwai	END	1607018450667
USER	gatwai	START	1607018450770
REQUEST		request_0	1607018450770	1607018450879	OK	 
USER	gatwai	END	1607018450880
USER	gatwai	START	1607018450971
REQUEST		request_0	1607018450972	1607018451065	OK	 
USER	gatwai	END	1607018451066
USER	gatwai	START	1607018451175
REQUEST		request_0	1607018451175	1607018451273	OK	 
USER	gatwai	END	1607018451274
USER	gatwai	START	1607018451378
REQUEST		request_0	1607018451378	1607018451474	OK	 
USER	gatwai	END	1607018451475
USER	gatwai	START	1607018451576
REQUEST		request_0	1607018451576	1607018451666	OK	 
USER	gatwai	END	1607018451666
USER	gatwai	START	1607018451779
REQUEST		request_0	1607018451780	1607018451871	OK	 
USER	gatwai	END	1607018451871
USER	gatwai	START	1607018451966
REQUEST		request_0	1607018451967	1607018452057	OK	 
USER	gatwai	END	1607018452058
USER	gatwai	START	1607018452169
REQUEST		request_0	1607018452170	1607018452258	OK	 
USER	gatwai	END	1607018452259
USER	gatwai	START	1607018452373
REQUEST		request_0	1607018452373	1607018452470	OK	 
USER	gatwai	END	1607018452471
USER	gatwai	START	1607018452576
REQUEST		request_0	1607018452576	1607018452666	OK	 
USER	gatwai	END	1607018452667
USER	gatwai	START	1607018452768
REQUEST		request_0	1607018452768	1607018452868	OK	 
USER	gatwai	END	1607018452869
USER	gatwai	START	1607018452970
REQUEST		request_0	1607018452971	1607018453061	OK	 
USER	gatwai	END	1607018453061
USER	gatwai	START	1607018453171
REQUEST		request_0	1607018453172	1607018453265	OK	 
USER	gatwai	END	1607018453266
USER	gatwai	START	1607018453374
REQUEST		request_0	1607018453374	1607018453464	OK	 
USER	gatwai	END	1607018453464
USER	gatwai	START	1607018453577
REQUEST		request_0	1607018453577	1607018453674	OK	 
USER	gatwai	END	1607018453676
USER	gatwai	START	1607018453780
REQUEST		request_0	1607018453781	1607018453880	OK	 
USER	gatwai	END	1607018453881
USER	gatwai	START	1607018453968
REQUEST		request_0	1607018453968	1607018454061	OK	 
USER	gatwai	END	1607018454062
USER	gatwai	START	1607018454171
REQUEST		request_0	1607018454172	1607018454290	OK	 
USER	gatwai	END	1607018454291
USER	gatwai	START	1607018454374
REQUEST		request_0	1607018454374	1607018454459	OK	 
USER	gatwai	END	1607018454460
USER	gatwai	START	1607018454577
REQUEST		request_0	1607018454578	1607018454685	OK	 
USER	gatwai	END	1607018454686
USER	gatwai	START	1607018454765
REQUEST		request_0	1607018454765	1607018454854	OK	 
USER	gatwai	END	1607018454855
USER	gatwai	START	1607018454967
REQUEST		request_0	1607018454967	1607018455075	OK	 
USER	gatwai	END	1607018455076
USER	gatwai	START	1607018455165
REQUEST		request_0	1607018455166	1607018455252	OK	 
USER	gatwai	END	1607018455253
USER	gatwai	START	1607018455369
REQUEST		request_0	1607018455371	1607018455477	OK	 
USER	gatwai	END	1607018455478
USER	gatwai	START	1607018455571
REQUEST		request_0	1607018455572	1607018455663	OK	 
USER	gatwai	END	1607018455663
USER	gatwai	START	1607018455775
REQUEST		request_0	1607018455775	1607018455861	OK	 
USER	gatwai	END	1607018455861
USER	gatwai	START	1607018455978
REQUEST		request_0	1607018455978	1607018456073	OK	 
USER	gatwai	END	1607018456074
USER	gatwai	START	1607018456180
REQUEST		request_0	1607018456181	1607018456269	OK	 
USER	gatwai	END	1607018456269
USER	gatwai	START	1607018456368
USER	gatwai	START	1607018456601
USER	gatwai	START	1607018456776
REQUEST		request_0	1607018456368	1607018456802	OK	 
USER	gatwai	END	1607018456802
REQUEST		request_0	1607018456608	1607018456882	OK	 
USER	gatwai	END	1607018456883
REQUEST		request_0	1607018456776	1607018456927	OK	 
USER	gatwai	END	1607018456928
USER	gatwai	START	1607018456978
USER	gatwai	START	1607018457168
REQUEST		request_0	1607018456980	1607018457187	OK	 
USER	gatwai	END	1607018457188
REQUEST		request_0	1607018457168	1607018457286	OK	 
USER	gatwai	END	1607018457288
USER	gatwai	START	1607018457375
REQUEST		request_0	1607018457375	1607018457485	OK	 
USER	gatwai	END	1607018457486
USER	gatwai	START	1607018457580
REQUEST		request_0	1607018457580	1607018457709	OK	 
USER	gatwai	END	1607018457710
USER	gatwai	START	1607018457768
REQUEST		request_0	1607018457768	1607018457881	OK	 
USER	gatwai	END	1607018457883
USER	gatwai	START	1607018457972
REQUEST		request_0	1607018457973	1607018458081	OK	 
USER	gatwai	END	1607018458082
USER	gatwai	START	1607018458172
REQUEST		request_0	1607018458173	1607018458283	OK	 
USER	gatwai	END	1607018458284
USER	gatwai	START	1607018458374
REQUEST		request_0	1607018458375	1607018458483	OK	 
USER	gatwai	END	1607018458485
USER	gatwai	START	1607018458569
REQUEST		request_0	1607018458569	1607018458656	OK	 
USER	gatwai	END	1607018458657
USER	gatwai	START	1607018458775
REQUEST		request_0	1607018458775	1607018458873	OK	 
USER	gatwai	END	1607018458874
USER	gatwai	START	1607018458979
REQUEST		request_0	1607018458980	1607018459082	OK	 
USER	gatwai	END	1607018459084
USER	gatwai	START	1607018459167
REQUEST		request_0	1607018459167	1607018459263	OK	 
USER	gatwai	END	1607018459264
USER	gatwai	START	1607018459366
REQUEST		request_0	1607018459367	1607018459464	OK	 
USER	gatwai	END	1607018459465
USER	gatwai	START	1607018459572
REQUEST		request_0	1607018459572	1607018459688	OK	 
USER	gatwai	END	1607018459689
USER	gatwai	START	1607018459779
REQUEST		request_0	1607018459780	1607018459876	OK	 
USER	gatwai	END	1607018459876
USER	gatwai	START	1607018459972
REQUEST		request_0	1607018459972	1607018460065	OK	 
USER	gatwai	END	1607018460066
USER	gatwai	START	1607018460170
REQUEST		request_0	1607018460170	1607018460273	OK	 
USER	gatwai	END	1607018460273
USER	gatwai	START	1607018460378
REQUEST		request_0	1607018460378	1607018460477	OK	 
USER	gatwai	END	1607018460478
USER	gatwai	START	1607018460572
REQUEST		request_0	1607018460572	1607018460704	OK	 
USER	gatwai	END	1607018460705
USER	gatwai	START	1607018460777
REQUEST		request_0	1607018460778	1607018460911	OK	 
USER	gatwai	END	1607018460912
USER	gatwai	START	1607018460967
REQUEST		request_0	1607018460968	1607018461071	OK	 
USER	gatwai	END	1607018461072
USER	gatwai	START	1607018461179
REQUEST		request_0	1607018461179	1607018461288	OK	 
USER	gatwai	END	1607018461289
USER	gatwai	START	1607018461367
REQUEST		request_0	1607018461368	1607018461474	OK	 
USER	gatwai	END	1607018461475
USER	gatwai	START	1607018461570
REQUEST		request_0	1607018461571	1607018461669	OK	 
USER	gatwai	END	1607018461670
USER	gatwai	START	1607018461780
REQUEST		request_0	1607018461781	1607018461897	OK	 
USER	gatwai	END	1607018461898
USER	gatwai	START	1607018461967
REQUEST		request_0	1607018461968	1607018462054	OK	 
USER	gatwai	END	1607018462054
USER	gatwai	START	1607018462179
REQUEST		request_0	1607018462180	1607018462278	OK	 
USER	gatwai	END	1607018462279
USER	gatwai	START	1607018462369
REQUEST		request_0	1607018462370	1607018462460	OK	 
USER	gatwai	END	1607018462461
USER	gatwai	START	1607018462581
REQUEST		request_0	1607018462582	1607018462680	OK	 
USER	gatwai	END	1607018462681
USER	gatwai	START	1607018462781
REQUEST		request_0	1607018462786	1607018462973	OK	 
USER	gatwai	END	1607018462974
USER	gatwai	START	1607018462977
REQUEST		request_0	1607018462978	1607018463070	OK	 
USER	gatwai	END	1607018463071
USER	gatwai	START	1607018463181
REQUEST		request_0	1607018463182	1607018463306	OK	 
USER	gatwai	END	1607018463307
USER	gatwai	START	1607018463384
REQUEST		request_0	1607018463384	1607018463471	OK	 
USER	gatwai	END	1607018463472
USER	gatwai	START	1607018463571
REQUEST		request_0	1607018463572	1607018463664	OK	 
USER	gatwai	END	1607018463665
USER	gatwai	START	1607018463774
REQUEST		request_0	1607018463775	1607018463873	OK	 
USER	gatwai	END	1607018463874
USER	gatwai	START	1607018463977
REQUEST		request_0	1607018463977	1607018464066	OK	 
USER	gatwai	END	1607018464067
USER	gatwai	START	1607018464165
REQUEST		request_0	1607018464165	1607018464256	OK	 
USER	gatwai	END	1607018464257
USER	gatwai	START	1607018464368
REQUEST		request_0	1607018464368	1607018464479	OK	 
USER	gatwai	END	1607018464480
USER	gatwai	START	1607018464571
REQUEST		request_0	1607018464571	1607018464663	OK	 
USER	gatwai	END	1607018464664
USER	gatwai	START	1607018464774
REQUEST		request_0	1607018464775	1607018464864	OK	 
USER	gatwai	END	1607018464864
USER	gatwai	START	1607018464977
REQUEST		request_0	1607018464978	1607018465064	OK	 
USER	gatwai	END	1607018465065
USER	gatwai	START	1607018465180
REQUEST		request_0	1607018465180	1607018465270	OK	 
USER	gatwai	END	1607018465271
USER	gatwai	START	1607018465368
REQUEST		request_0	1607018465369	1607018465468	OK	 
USER	gatwai	END	1607018465469
USER	gatwai	START	1607018465571
REQUEST		request_0	1607018465572	1607018465664	OK	 
USER	gatwai	END	1607018465665
USER	gatwai	START	1607018465775
REQUEST		request_0	1607018465775	1607018465875	OK	 
USER	gatwai	END	1607018465876
USER	gatwai	START	1607018465977
REQUEST		request_0	1607018465978	1607018466067	OK	 
USER	gatwai	END	1607018466068
USER	gatwai	START	1607018466165
REQUEST		request_0	1607018466165	1607018466247	OK	 
USER	gatwai	END	1607018466248
USER	gatwai	START	1607018466368
REQUEST		request_0	1607018466368	1607018466466	OK	 
USER	gatwai	END	1607018466467
USER	gatwai	START	1607018466580
REQUEST		request_0	1607018466580	1607018466667	OK	 
USER	gatwai	END	1607018466667
USER	gatwai	START	1607018466774
REQUEST		request_0	1607018466774	1607018466895	OK	 
USER	gatwai	END	1607018466896
USER	gatwai	START	1607018466975
REQUEST		request_0	1607018466975	1607018467067	OK	 
USER	gatwai	END	1607018467068
USER	gatwai	START	1607018467177
REQUEST		request_0	1607018467177	1607018467269	OK	 
USER	gatwai	END	1607018467269
USER	gatwai	START	1607018467380
REQUEST		request_0	1607018467380	1607018467473	OK	 
USER	gatwai	END	1607018467474
USER	gatwai	START	1607018467568
REQUEST		request_0	1607018467568	1607018467660	OK	 
USER	gatwai	END	1607018467661
USER	gatwai	START	1607018467770
REQUEST		request_0	1607018467770	1607018467875	OK	 
USER	gatwai	END	1607018467876
USER	gatwai	START	1607018467966
USER	gatwai	START	1607018468187
REQUEST		request_0	1607018467966	1607018468362	OK	 
USER	gatwai	END	1607018468363
USER	gatwai	START	1607018468368
REQUEST		request_0	1607018468188	1607018468450	OK	 
USER	gatwai	END	1607018468451
REQUEST		request_0	1607018468369	1607018468498	OK	 
USER	gatwai	END	1607018468499
USER	gatwai	START	1607018468569
REQUEST		request_0	1607018468570	1607018468767	OK	 
USER	gatwai	END	1607018468768
USER	gatwai	START	1607018468775
REQUEST		request_0	1607018468775	1607018468900	OK	 
USER	gatwai	END	1607018468901
USER	gatwai	START	1607018468997
REQUEST		request_0	1607018468997	1607018469100	OK	 
USER	gatwai	END	1607018469101
USER	gatwai	START	1607018469178
REQUEST		request_0	1607018469178	1607018469287	OK	 
USER	gatwai	END	1607018469288
USER	gatwai	START	1607018469368
REQUEST		request_0	1607018469368	1607018469490	OK	 
USER	gatwai	END	1607018469491
USER	gatwai	START	1607018469583
REQUEST		request_0	1607018469584	1607018469739	OK	 
USER	gatwai	END	1607018469740
USER	gatwai	START	1607018469778
REQUEST		request_0	1607018469779	1607018469921	OK	 
USER	gatwai	END	1607018469922
USER	gatwai	START	1607018469971
REQUEST		request_0	1607018469973	1607018470082	OK	 
USER	gatwai	END	1607018470084
USER	gatwai	START	1607018470170
REQUEST		request_0	1607018470170	1607018470274	OK	 
USER	gatwai	END	1607018470275
USER	gatwai	START	1607018470373
REQUEST		request_0	1607018470374	1607018470496	OK	 
USER	gatwai	END	1607018470497
USER	gatwai	START	1607018470581
REQUEST		request_0	1607018470581	1607018470680	OK	 
USER	gatwai	END	1607018470681
USER	gatwai	START	1607018470779
REQUEST		request_0	1607018470780	1607018470927	OK	 
USER	gatwai	END	1607018470928
USER	gatwai	START	1607018470969
REQUEST		request_0	1607018470971	1607018471111	OK	 
USER	gatwai	END	1607018471112
USER	gatwai	START	1607018471172
REQUEST		request_0	1607018471172	1607018471284	OK	 
USER	gatwai	END	1607018471285
USER	gatwai	START	1607018471376
REQUEST		request_0	1607018471376	1607018471479	OK	 
USER	gatwai	END	1607018471480
USER	gatwai	START	1607018471574
REQUEST		request_0	1607018471574	1607018471715	OK	 
USER	gatwai	END	1607018471716
USER	gatwai	START	1607018471777
REQUEST		request_0	1607018471777	1607018471906	OK	 
USER	gatwai	END	1607018471907
USER	gatwai	START	1607018471979
REQUEST		request_0	1607018471979	1607018472084	OK	 
USER	gatwai	END	1607018472085
USER	gatwai	START	1607018472171
REQUEST		request_0	1607018472172	1607018472269	OK	 
USER	gatwai	END	1607018472270
USER	gatwai	START	1607018472376
REQUEST		request_0	1607018472376	1607018472492	OK	 
USER	gatwai	END	1607018472493
USER	gatwai	START	1607018472579
REQUEST		request_0	1607018472580	1607018472685	OK	 
USER	gatwai	END	1607018472686
USER	gatwai	START	1607018472769
REQUEST		request_0	1607018472769	1607018472877	OK	 
USER	gatwai	END	1607018472877
USER	gatwai	START	1607018472972
REQUEST		request_0	1607018472972	1607018473063	OK	 
USER	gatwai	END	1607018473064
USER	gatwai	START	1607018473176
REQUEST		request_0	1607018473176	1607018473282	OK	 
USER	gatwai	END	1607018473282
USER	gatwai	START	1607018473378
REQUEST		request_0	1607018473379	1607018473469	OK	 
USER	gatwai	END	1607018473470
USER	gatwai	START	1607018473568
REQUEST		request_0	1607018473568	1607018473651	OK	 
USER	gatwai	END	1607018473652
USER	gatwai	START	1607018473771
REQUEST		request_0	1607018473771	1607018473873	OK	 
USER	gatwai	END	1607018473873
USER	gatwai	START	1607018473967
REQUEST		request_0	1607018473967	1607018474056	OK	 
USER	gatwai	END	1607018474057
USER	gatwai	START	1607018474170
REQUEST		request_0	1607018474171	1607018474267	OK	 
USER	gatwai	END	1607018474268
USER	gatwai	START	1607018474374
REQUEST		request_0	1607018474374	1607018474459	OK	 
USER	gatwai	END	1607018474460
USER	gatwai	START	1607018474576
REQUEST		request_0	1607018474577	1607018474685	OK	 
USER	gatwai	END	1607018474686
USER	gatwai	START	1607018474776
REQUEST		request_0	1607018474777	1607018474884	OK	 
USER	gatwai	END	1607018474885
USER	gatwai	START	1607018474981
REQUEST		request_0	1607018474981	1607018475069	OK	 
USER	gatwai	END	1607018475069
USER	gatwai	START	1607018475165
REQUEST		request_0	1607018475165	1607018475251	OK	 
USER	gatwai	END	1607018475251
USER	gatwai	START	1607018475368
REQUEST		request_0	1607018475368	1607018475462	OK	 
USER	gatwai	END	1607018475463
USER	gatwai	START	1607018475571
REQUEST		request_0	1607018475571	1607018475662	OK	 
USER	gatwai	END	1607018475663
USER	gatwai	START	1607018475774
REQUEST		request_0	1607018475774	1607018475867	OK	 
USER	gatwai	END	1607018475868
USER	gatwai	START	1607018475975
REQUEST		request_0	1607018475975	1607018476076	OK	 
USER	gatwai	END	1607018476077
USER	gatwai	START	1607018476177
REQUEST		request_0	1607018476178	1607018476267	OK	 
USER	gatwai	END	1607018476268
USER	gatwai	START	1607018476380
REQUEST		request_0	1607018476381	1607018476484	OK	 
USER	gatwai	END	1607018476485
USER	gatwai	START	1607018476568
REQUEST		request_0	1607018476568	1607018476653	OK	 
USER	gatwai	END	1607018476654
USER	gatwai	START	1607018476771
REQUEST		request_0	1607018476771	1607018476877	OK	 
USER	gatwai	END	1607018476878
USER	gatwai	START	1607018476974
REQUEST		request_0	1607018476974	1607018477064	OK	 
USER	gatwai	END	1607018477064
USER	gatwai	START	1607018477177
REQUEST		request_0	1607018477177	1607018477261	OK	 
USER	gatwai	END	1607018477262
USER	gatwai	START	1607018477380
REQUEST		request_0	1607018477381	1607018477479	OK	 
USER	gatwai	END	1607018477479
USER	gatwai	START	1607018477568
REQUEST		request_0	1607018477568	1607018477653	OK	 
USER	gatwai	END	1607018477654
USER	gatwai	START	1607018477771
REQUEST		request_0	1607018477771	1607018477862	OK	 
USER	gatwai	END	1607018477863
USER	gatwai	START	1607018477974
REQUEST		request_0	1607018477975	1607018478085	OK	 
USER	gatwai	END	1607018478086
USER	gatwai	START	1607018478179
REQUEST		request_0	1607018478179	1607018478277	OK	 
USER	gatwai	END	1607018478278
USER	gatwai	START	1607018478366
REQUEST		request_0	1607018478366	1607018478456	OK	 
USER	gatwai	END	1607018478457
USER	gatwai	START	1607018478579
REQUEST		request_0	1607018478579	1607018478668	OK	 
USER	gatwai	END	1607018478669
USER	gatwai	START	1607018478778
REQUEST		request_0	1607018478779	1607018478875	OK	 
USER	gatwai	END	1607018478875
USER	gatwai	START	1607018478966
REQUEST		request_0	1607018478967	1607018479061	OK	 
USER	gatwai	END	1607018479062
USER	gatwai	START	1607018479169
REQUEST		request_0	1607018479169	1607018479259	OK	 
USER	gatwai	END	1607018479260
USER	gatwai	START	1607018479372
REQUEST		request_0	1607018479372	1607018479460	OK	 
USER	gatwai	END	1607018479461
USER	gatwai	START	1607018479575
REQUEST		request_0	1607018479575	1607018479662	OK	 
USER	gatwai	END	1607018479662
USER	gatwai	START	1607018479778
REQUEST		request_0	1607018479779	1607018479881	OK	 
USER	gatwai	END	1607018479882
USER	gatwai	START	1607018479966
REQUEST		request_0	1607018479966	1607018480054	OK	 
USER	gatwai	END	1607018480055
USER	gatwai	START	1607018480185
REQUEST		request_0	1607018480185	1607018480280	OK	 
USER	gatwai	END	1607018480281
USER	gatwai	START	1607018480375
REQUEST		request_0	1607018480375	1607018480460	OK	 
USER	gatwai	END	1607018480461
USER	gatwai	START	1607018480578
REQUEST		request_0	1607018480578	1607018480683	OK	 
USER	gatwai	END	1607018480683
USER	gatwai	START	1607018480766
REQUEST		request_0	1607018480766	1607018480865	OK	 
USER	gatwai	END	1607018480866
USER	gatwai	START	1607018480969
REQUEST		request_0	1607018480970	1607018481053	OK	 
USER	gatwai	END	1607018481053
USER	gatwai	START	1607018481172
REQUEST		request_0	1607018481173	1607018481276	OK	 
USER	gatwai	END	1607018481276
USER	gatwai	START	1607018481375
REQUEST		request_0	1607018481376	1607018481463	OK	 
USER	gatwai	END	1607018481463
USER	gatwai	START	1607018481578
REQUEST		request_0	1607018481578	1607018481669	OK	 
USER	gatwai	END	1607018481670
USER	gatwai	START	1607018481781
REQUEST		request_0	1607018481781	1607018481879	OK	 
USER	gatwai	END	1607018481880
USER	gatwai	START	1607018481968
REQUEST		request_0	1607018481968	1607018482056	OK	 
USER	gatwai	END	1607018482057
USER	gatwai	START	1607018482171
REQUEST		request_0	1607018482172	1607018482272	OK	 
USER	gatwai	END	1607018482272
USER	gatwai	START	1607018482375
REQUEST		request_0	1607018482375	1607018482476	OK	 
USER	gatwai	END	1607018482476
USER	gatwai	START	1607018482578
REQUEST		request_0	1607018482579	1607018482671	OK	 
USER	gatwai	END	1607018482672
USER	gatwai	START	1607018482781
REQUEST		request_0	1607018482781	1607018482863	OK	 
USER	gatwai	END	1607018482864
USER	gatwai	START	1607018482968
REQUEST		request_0	1607018482968	1607018483059	OK	 
USER	gatwai	END	1607018483060
USER	gatwai	START	1607018483171
REQUEST		request_0	1607018483172	1607018483266	OK	 
USER	gatwai	END	1607018483267
USER	gatwai	START	1607018483374
REQUEST		request_0	1607018483375	1607018483461	OK	 
USER	gatwai	END	1607018483462
USER	gatwai	START	1607018483578
REQUEST		request_0	1607018483578	1607018483660	OK	 
USER	gatwai	END	1607018483661
USER	gatwai	START	1607018483781
REQUEST		request_0	1607018483781	1607018483880	OK	 
USER	gatwai	END	1607018483881
USER	gatwai	START	1607018483968
REQUEST		request_0	1607018483968	1607018484058	OK	 
USER	gatwai	END	1607018484059
USER	gatwai	START	1607018484171
REQUEST		request_0	1607018484172	1607018484280	OK	 
USER	gatwai	END	1607018484281
USER	gatwai	START	1607018484374
REQUEST		request_0	1607018484375	1607018484463	OK	 
USER	gatwai	END	1607018484464
USER	gatwai	START	1607018484577
REQUEST		request_0	1607018484578	1607018484670	OK	 
USER	gatwai	END	1607018484671
USER	gatwai	START	1607018484765
REQUEST		request_0	1607018484765	1607018484855	OK	 
USER	gatwai	END	1607018484855
USER	gatwai	START	1607018484968
REQUEST		request_0	1607018484968	1607018485062	OK	 
USER	gatwai	END	1607018485063
USER	gatwai	START	1607018485171
REQUEST		request_0	1607018485172	1607018485269	OK	 
USER	gatwai	END	1607018485270
USER	gatwai	START	1607018485375
REQUEST		request_0	1607018485375	1607018485457	OK	 
USER	gatwai	END	1607018485457
USER	gatwai	START	1607018485578
REQUEST		request_0	1607018485579	1607018485676	OK	 
USER	gatwai	END	1607018485676
USER	gatwai	START	1607018485766
REQUEST		request_0	1607018485766	1607018485860	OK	 
USER	gatwai	END	1607018485860
USER	gatwai	START	1607018485969
REQUEST		request_0	1607018485970	1607018486067	OK	 
USER	gatwai	END	1607018486068
USER	gatwai	START	1607018486173
REQUEST		request_0	1607018486173	1607018486267	OK	 
USER	gatwai	END	1607018486267
USER	gatwai	START	1607018486377
REQUEST		request_0	1607018486377	1607018486461	OK	 
USER	gatwai	END	1607018486462
USER	gatwai	START	1607018486580
REQUEST		request_0	1607018486580	1607018486673	OK	 
USER	gatwai	END	1607018486674
USER	gatwai	START	1607018486767
REQUEST		request_0	1607018486767	1607018486863	OK	 
USER	gatwai	END	1607018486863
USER	gatwai	START	1607018486970
REQUEST		request_0	1607018486970	1607018487069	OK	 
USER	gatwai	END	1607018487070
USER	gatwai	START	1607018487174
REQUEST		request_0	1607018487175	1607018487277	OK	 
USER	gatwai	END	1607018487278
USER	gatwai	START	1607018487377
REQUEST		request_0	1607018487377	1607018487465	OK	 
USER	gatwai	END	1607018487466
USER	gatwai	START	1607018487580
REQUEST		request_0	1607018487580	1607018487669	OK	 
USER	gatwai	END	1607018487670
USER	gatwai	START	1607018487768
REQUEST		request_0	1607018487768	1607018487852	OK	 
USER	gatwai	END	1607018487853
USER	gatwai	START	1607018487971
REQUEST		request_0	1607018487971	1607018488072	OK	 
USER	gatwai	END	1607018488073
USER	gatwai	START	1607018488174
REQUEST		request_0	1607018488175	1607018488269	OK	 
USER	gatwai	END	1607018488270
USER	gatwai	START	1607018488377
REQUEST		request_0	1607018488377	1607018488474	OK	 
USER	gatwai	END	1607018488475
USER	gatwai	START	1607018488580
REQUEST		request_0	1607018488581	1607018488676	OK	 
USER	gatwai	END	1607018488676
USER	gatwai	START	1607018488768
REQUEST		request_0	1607018488768	1607018488855	OK	 
USER	gatwai	END	1607018488855
USER	gatwai	START	1607018488980
REQUEST		request_0	1607018488981	1607018489078	OK	 
USER	gatwai	END	1607018489078
USER	gatwai	START	1607018489168
REQUEST		request_0	1607018489168	1607018489255	OK	 
USER	gatwai	END	1607018489255
USER	gatwai	START	1607018489371
REQUEST		request_0	1607018489371	1607018489464	OK	 
USER	gatwai	END	1607018489465
USER	gatwai	START	1607018489574
REQUEST		request_0	1607018489574	1607018489662	OK	 
USER	gatwai	END	1607018489663
USER	gatwai	START	1607018489777
REQUEST		request_0	1607018489777	1607018489867	OK	 
USER	gatwai	END	1607018489867
USER	gatwai	START	1607018489980
REQUEST		request_0	1607018489981	1607018490076	OK	 
USER	gatwai	END	1607018490077
USER	gatwai	START	1607018490168
REQUEST		request_0	1607018490168	1607018490253	OK	 
USER	gatwai	END	1607018490253
USER	gatwai	START	1607018490371
REQUEST		request_0	1607018490372	1607018490459	OK	 
USER	gatwai	END	1607018490460
USER	gatwai	START	1607018490575
REQUEST		request_0	1607018490575	1607018490671	OK	 
USER	gatwai	END	1607018490672
USER	gatwai	START	1607018490778
REQUEST		request_0	1607018490778	1607018490875	OK	 
USER	gatwai	END	1607018490875
USER	gatwai	START	1607018490965
REQUEST		request_0	1607018490965	1607018491055	OK	 
USER	gatwai	END	1607018491055
USER	gatwai	START	1607018491168
REQUEST		request_0	1607018491169	1607018491266	OK	 
USER	gatwai	END	1607018491266
USER	gatwai	START	1607018491373
REQUEST		request_0	1607018491373	1607018491472	OK	 
USER	gatwai	END	1607018491472
USER	gatwai	START	1607018491576
REQUEST		request_0	1607018491576	1607018491673	OK	 
USER	gatwai	END	1607018491674
USER	gatwai	START	1607018491774
REQUEST		request_0	1607018491775	1607018491856	OK	 
USER	gatwai	END	1607018491857
USER	gatwai	START	1607018491978
REQUEST		request_0	1607018491978	1607018492087	OK	 
USER	gatwai	END	1607018492088
USER	gatwai	START	1607018492181
REQUEST		request_0	1607018492182	1607018492272	OK	 
USER	gatwai	END	1607018492273
USER	gatwai	START	1607018492368
REQUEST		request_0	1607018492369	1607018492454	OK	 
USER	gatwai	END	1607018492455
USER	gatwai	START	1607018492571
REQUEST		request_0	1607018492572	1607018492666	OK	 
USER	gatwai	END	1607018492667
USER	gatwai	START	1607018492774
REQUEST		request_0	1607018492775	1607018492856	OK	 
USER	gatwai	END	1607018492857
USER	gatwai	START	1607018492978
REQUEST		request_0	1607018492978	1607018493071	OK	 
USER	gatwai	END	1607018493072
USER	gatwai	START	1607018493181
REQUEST		request_0	1607018493182	1607018493289	OK	 
USER	gatwai	END	1607018493289
USER	gatwai	START	1607018493385
REQUEST		request_0	1607018493385	1607018493475	OK	 
USER	gatwai	END	1607018493476
USER	gatwai	START	1607018493573
REQUEST		request_0	1607018493574	1607018493679	OK	 
USER	gatwai	END	1607018493680
USER	gatwai	START	1607018493776
REQUEST		request_0	1607018493776	1607018493866	OK	 
USER	gatwai	END	1607018493867
USER	gatwai	START	1607018493980
REQUEST		request_0	1607018493981	1607018494064	OK	 
USER	gatwai	END	1607018494065
USER	gatwai	START	1607018494181
REQUEST		request_0	1607018494181	1607018494271	OK	 
USER	gatwai	END	1607018494272
USER	gatwai	START	1607018494368
REQUEST		request_0	1607018494368	1607018494455	OK	 
USER	gatwai	END	1607018494459
USER	gatwai	START	1607018494571
REQUEST		request_0	1607018494571	1607018494664	OK	 
USER	gatwai	END	1607018494665
USER	gatwai	START	1607018494774
REQUEST		request_0	1607018494774	1607018494859	OK	 
USER	gatwai	END	1607018494860
USER	gatwai	START	1607018494977
REQUEST		request_0	1607018494978	1607018495071	OK	 
USER	gatwai	END	1607018495072
USER	gatwai	START	1607018495180
REQUEST		request_0	1607018495181	1607018495276	OK	 
USER	gatwai	END	1607018495277
USER	gatwai	START	1607018495368
REQUEST		request_0	1607018495368	1607018495456	OK	 
USER	gatwai	END	1607018495457
USER	gatwai	START	1607018495572
REQUEST		request_0	1607018495572	1607018495663	OK	 
USER	gatwai	END	1607018495664
USER	gatwai	START	1607018495775
REQUEST		request_0	1607018495775	1607018495874	OK	 
USER	gatwai	END	1607018495875
USER	gatwai	START	1607018495968
REQUEST		request_0	1607018495968	1607018496060	OK	 
USER	gatwai	END	1607018496060
USER	gatwai	START	1607018496172
REQUEST		request_0	1607018496172	1607018496261	OK	 
USER	gatwai	END	1607018496261
USER	gatwai	START	1607018496374
REQUEST		request_0	1607018496375	1607018496465	OK	 
USER	gatwai	END	1607018496466
USER	gatwai	START	1607018496578
REQUEST		request_0	1607018496578	1607018496678	OK	 
USER	gatwai	END	1607018496678
USER	gatwai	START	1607018496765
REQUEST		request_0	1607018496766	1607018496860	OK	 
USER	gatwai	END	1607018496861
USER	gatwai	START	1607018496968
REQUEST		request_0	1607018496969	1607018497061	OK	 
USER	gatwai	END	1607018497062
USER	gatwai	START	1607018497171
REQUEST		request_0	1607018497171	1607018497261	OK	 
USER	gatwai	END	1607018497261
USER	gatwai	START	1607018497374
REQUEST		request_0	1607018497374	1607018497460	OK	 
USER	gatwai	END	1607018497461
USER	gatwai	START	1607018497577
REQUEST		request_0	1607018497578	1607018497682	OK	 
USER	gatwai	END	1607018497683
USER	gatwai	START	1607018497780
REQUEST		request_0	1607018497781	1607018497888	OK	 
USER	gatwai	END	1607018497888
USER	gatwai	START	1607018497968
REQUEST		request_0	1607018497968	1607018498055	OK	 
USER	gatwai	END	1607018498056
USER	gatwai	START	1607018498171
REQUEST		request_0	1607018498172	1607018498275	OK	 
USER	gatwai	END	1607018498276
USER	gatwai	START	1607018498374
REQUEST		request_0	1607018498374	1607018498460	OK	 
USER	gatwai	END	1607018498461
USER	gatwai	START	1607018498578
REQUEST		request_0	1607018498578	1607018498688	OK	 
USER	gatwai	END	1607018498688
USER	gatwai	START	1607018498765
REQUEST		request_0	1607018498765	1607018498847	OK	 
USER	gatwai	END	1607018498847
USER	gatwai	START	1607018498968
REQUEST		request_0	1607018498968	1607018499065	OK	 
USER	gatwai	END	1607018499066
USER	gatwai	START	1607018499171
REQUEST		request_0	1607018499172	1607018499280	OK	 
USER	gatwai	END	1607018499281
USER	gatwai	START	1607018499374
REQUEST		request_0	1607018499374	1607018499465	OK	 
USER	gatwai	END	1607018499465
USER	gatwai	START	1607018499578
REQUEST		request_0	1607018499578	1607018499664	OK	 
USER	gatwai	END	1607018499664
USER	gatwai	START	1607018499766
REQUEST		request_0	1607018499766	1607018499872	OK	 
USER	gatwai	END	1607018499873
USER	gatwai	START	1607018499967
REQUEST		request_0	1607018499967	1607018500054	OK	 
USER	gatwai	END	1607018500054
USER	gatwai	START	1607018500170
REQUEST		request_0	1607018500170	1607018500260	OK	 
USER	gatwai	END	1607018500260
USER	gatwai	START	1607018500373
REQUEST		request_0	1607018500373	1607018500464	OK	 
USER	gatwai	END	1607018500465
USER	gatwai	START	1607018500576
REQUEST		request_0	1607018500576	1607018500667	OK	 
USER	gatwai	END	1607018500667
USER	gatwai	START	1607018500779
REQUEST		request_0	1607018500779	1607018500883	OK	 
USER	gatwai	END	1607018500884
USER	gatwai	START	1607018500967
REQUEST		request_0	1607018500967	1607018501056	OK	 
USER	gatwai	END	1607018501057
USER	gatwai	START	1607018501170
REQUEST		request_0	1607018501170	1607018501252	OK	 
USER	gatwai	END	1607018501253
USER	gatwai	START	1607018501373
REQUEST		request_0	1607018501373	1607018501465	OK	 
USER	gatwai	END	1607018501465
USER	gatwai	START	1607018501576
REQUEST		request_0	1607018501576	1607018501667	OK	 
USER	gatwai	END	1607018501667
USER	gatwai	START	1607018501779
REQUEST		request_0	1607018501779	1607018501882	OK	 
USER	gatwai	END	1607018501883
USER	gatwai	START	1607018501966
REQUEST		request_0	1607018501967	1607018502055	OK	 
USER	gatwai	END	1607018502055
USER	gatwai	START	1607018502170
REQUEST		request_0	1607018502170	1607018502266	OK	 
USER	gatwai	END	1607018502267
USER	gatwai	START	1607018502373
REQUEST		request_0	1607018502374	1607018502472	OK	 
USER	gatwai	END	1607018502473
USER	gatwai	START	1607018502576
REQUEST		request_0	1607018502576	1607018502662	OK	 
USER	gatwai	END	1607018502663
USER	gatwai	START	1607018502779
REQUEST		request_0	1607018502780	1607018502880	OK	 
USER	gatwai	END	1607018502880
USER	gatwai	START	1607018502967
REQUEST		request_0	1607018502967	1607018503049	OK	 
USER	gatwai	END	1607018503050
USER	gatwai	START	1607018503175
REQUEST		request_0	1607018503175	1607018503277	OK	 
USER	gatwai	END	1607018503277
USER	gatwai	START	1607018503378
REQUEST		request_0	1607018503378	1607018503471	OK	 
USER	gatwai	END	1607018503472
USER	gatwai	START	1607018503566
REQUEST		request_0	1607018503566	1607018503673	OK	 
USER	gatwai	END	1607018503673
USER	gatwai	START	1607018503769
REQUEST		request_0	1607018503769	1607018503856	OK	 
USER	gatwai	END	1607018503856
USER	gatwai	START	1607018503972
REQUEST		request_0	1607018503973	1607018504073	OK	 
USER	gatwai	END	1607018504073
USER	gatwai	START	1607018504175
REQUEST		request_0	1607018504175	1607018504269	OK	 
USER	gatwai	END	1607018504270
USER	gatwai	START	1607018504379
REQUEST		request_0	1607018504379	1607018504476	OK	 
USER	gatwai	END	1607018504477
USER	gatwai	START	1607018504567
REQUEST		request_0	1607018504567	1607018504659	OK	 
USER	gatwai	END	1607018504660
USER	gatwai	START	1607018504780
REQUEST		request_0	1607018504781	1607018504887	OK	 
USER	gatwai	END	1607018504888
USER	gatwai	START	1607018504968
REQUEST		request_0	1607018504968	1607018505056	OK	 
USER	gatwai	END	1607018505057
USER	gatwai	START	1607018505171
REQUEST		request_0	1607018505171	1607018505266	OK	 
USER	gatwai	END	1607018505267
USER	gatwai	START	1607018505374
REQUEST		request_0	1607018505375	1607018505459	OK	 
USER	gatwai	END	1607018505459
USER	gatwai	START	1607018505577
REQUEST		request_0	1607018505578	1607018505673	OK	 
USER	gatwai	END	1607018505673
USER	gatwai	START	1607018505780
REQUEST		request_0	1607018505781	1607018505876	OK	 
USER	gatwai	END	1607018505876
USER	gatwai	START	1607018505968
REQUEST		request_0	1607018505968	1607018506056	OK	 
USER	gatwai	END	1607018506057
USER	gatwai	START	1607018506171
REQUEST		request_0	1607018506171	1607018506261	OK	 
USER	gatwai	END	1607018506262
USER	gatwai	START	1607018506374
REQUEST		request_0	1607018506374	1607018506469	OK	 
USER	gatwai	END	1607018506469
USER	gatwai	START	1607018506577
REQUEST		request_0	1607018506578	1607018506677	OK	 
USER	gatwai	END	1607018506678
USER	gatwai	START	1607018506769
REQUEST		request_0	1607018506769	1607018506854	OK	 
USER	gatwai	END	1607018506854
USER	gatwai	START	1607018506977
REQUEST		request_0	1607018506977	1607018507063	OK	 
USER	gatwai	END	1607018507064
USER	gatwai	START	1607018507180
REQUEST		request_0	1607018507180	1607018507275	OK	 
USER	gatwai	END	1607018507276
USER	gatwai	START	1607018507368
REQUEST		request_0	1607018507368	1607018507456	OK	 
USER	gatwai	END	1607018507456
USER	gatwai	START	1607018507571
REQUEST		request_0	1607018507572	1607018507672	OK	 
USER	gatwai	END	1607018507672
USER	gatwai	START	1607018507778
REQUEST		request_0	1607018507778	1607018507868	OK	 
USER	gatwai	END	1607018507868
USER	gatwai	START	1607018507975
REQUEST		request_0	1607018507975	1607018508063	OK	 
USER	gatwai	END	1607018508064
USER	gatwai	START	1607018508179
REQUEST		request_0	1607018508179	1607018508277	OK	 
USER	gatwai	END	1607018508278
USER	gatwai	START	1607018508366
REQUEST		request_0	1607018508366	1607018508455	OK	 
USER	gatwai	END	1607018508456
USER	gatwai	START	1607018508569
REQUEST		request_0	1607018508570	1607018508669	OK	 
USER	gatwai	END	1607018508670
USER	gatwai	START	1607018508772
REQUEST		request_0	1607018508772	1607018508858	OK	 
USER	gatwai	END	1607018508858
USER	gatwai	START	1607018508976
REQUEST		request_0	1607018508976	1607018509069	OK	 
USER	gatwai	END	1607018509070
USER	gatwai	START	1607018509178
REQUEST		request_0	1607018509179	1607018509272	OK	 
USER	gatwai	END	1607018509273
USER	gatwai	START	1607018509366
REQUEST		request_0	1607018509366	1607018509454	OK	 
USER	gatwai	END	1607018509454
USER	gatwai	START	1607018509569
REQUEST		request_0	1607018509569	1607018509665	OK	 
USER	gatwai	END	1607018509665
USER	gatwai	START	1607018509772
REQUEST		request_0	1607018509772	1607018509856	OK	 
USER	gatwai	END	1607018509856
USER	gatwai	START	1607018509975
REQUEST		request_0	1607018509976	1607018510085	OK	 
USER	gatwai	END	1607018510086
USER	gatwai	START	1607018510178
REQUEST		request_0	1607018510179	1607018510264	OK	 
USER	gatwai	END	1607018510264
USER	gatwai	START	1607018510366
REQUEST		request_0	1607018510366	1607018510457	OK	 
USER	gatwai	END	1607018510458
USER	gatwai	START	1607018510569
REQUEST		request_0	1607018510569	1607018510660	OK	 
USER	gatwai	END	1607018510660
USER	gatwai	START	1607018510770
REQUEST		request_0	1607018510770	1607018510853	OK	 
USER	gatwai	END	1607018510853
USER	gatwai	START	1607018510973
REQUEST		request_0	1607018510973	1607018511068	OK	 
USER	gatwai	END	1607018511069
USER	gatwai	START	1607018511176
REQUEST		request_0	1607018511176	1607018511273	OK	 
USER	gatwai	END	1607018511274
USER	gatwai	START	1607018511379
REQUEST		request_0	1607018511380	1607018511479	OK	 
USER	gatwai	END	1607018511480
USER	gatwai	START	1607018511567
REQUEST		request_0	1607018511567	1607018511652	OK	 
USER	gatwai	END	1607018511653
USER	gatwai	START	1607018511770
REQUEST		request_0	1607018511770	1607018511857	OK	 
USER	gatwai	END	1607018511858
USER	gatwai	START	1607018511967
REQUEST		request_0	1607018511968	1607018512062	OK	 
USER	gatwai	END	1607018512063
USER	gatwai	START	1607018512170
REQUEST		request_0	1607018512171	1607018512258	OK	 
USER	gatwai	END	1607018512258
USER	gatwai	START	1607018512374
REQUEST		request_0	1607018512374	1607018512474	OK	 
USER	gatwai	END	1607018512474
USER	gatwai	START	1607018512577
REQUEST		request_0	1607018512577	1607018512667	OK	 
USER	gatwai	END	1607018512667
USER	gatwai	START	1607018512780
REQUEST		request_0	1607018512780	1607018512876	OK	 
USER	gatwai	END	1607018512877
USER	gatwai	START	1607018512968
REQUEST		request_0	1607018512968	1607018513074	OK	 
USER	gatwai	END	1607018513075
USER	gatwai	START	1607018513169
REQUEST		request_0	1607018513169	1607018513263	OK	 
USER	gatwai	END	1607018513264
USER	gatwai	START	1607018513371
REQUEST		request_0	1607018513371	1607018513461	OK	 
USER	gatwai	END	1607018513462
USER	gatwai	START	1607018513574
REQUEST		request_0	1607018513575	1607018513675	OK	 
USER	gatwai	END	1607018513675
USER	gatwai	START	1607018513765
REQUEST		request_0	1607018513765	1607018513852	OK	 
USER	gatwai	END	1607018513852
USER	gatwai	START	1607018513968
REQUEST		request_0	1607018513968	1607018514059	OK	 
USER	gatwai	END	1607018514060
USER	gatwai	START	1607018514171
REQUEST		request_0	1607018514172	1607018514262	OK	 
USER	gatwai	END	1607018514263
USER	gatwai	START	1607018514370
REQUEST		request_0	1607018514370	1607018514458	OK	 
USER	gatwai	END	1607018514459
USER	gatwai	START	1607018514573
REQUEST		request_0	1607018514574	1607018514664	OK	 
USER	gatwai	END	1607018514665
USER	gatwai	START	1607018514776
REQUEST		request_0	1607018514776	1607018514869	OK	 
USER	gatwai	END	1607018514870
USER	gatwai	START	1607018514979
REQUEST		request_0	1607018514979	1607018515065	OK	 
USER	gatwai	END	1607018515065
USER	gatwai	START	1607018515166
REQUEST		request_0	1607018515167	1607018515259	OK	 
USER	gatwai	END	1607018515259
USER	gatwai	START	1607018515370
REQUEST		request_0	1607018515370	1607018515454	OK	 
USER	gatwai	END	1607018515455
USER	gatwai	START	1607018515573
REQUEST		request_0	1607018515573	1607018515665	OK	 
USER	gatwai	END	1607018515666
USER	gatwai	START	1607018515777
REQUEST		request_0	1607018515777	1607018515874	OK	 
USER	gatwai	END	1607018515874
USER	gatwai	START	1607018515980
REQUEST		request_0	1607018515981	1607018516075	OK	 
USER	gatwai	END	1607018516076
USER	gatwai	START	1607018516168
REQUEST		request_0	1607018516168	1607018516263	OK	 
USER	gatwai	END	1607018516263
USER	gatwai	START	1607018516371
REQUEST		request_0	1607018516371	1607018516461	OK	 
USER	gatwai	END	1607018516462
USER	gatwai	START	1607018516573
REQUEST		request_0	1607018516574	1607018516662	OK	 
USER	gatwai	END	1607018516663
USER	gatwai	START	1607018516778
REQUEST		request_0	1607018516778	1607018516872	OK	 
USER	gatwai	END	1607018516872
USER	gatwai	START	1607018516966
REQUEST		request_0	1607018516967	1607018517071	OK	 
USER	gatwai	END	1607018517072
USER	gatwai	START	1607018517170
REQUEST		request_0	1607018517170	1607018517275	OK	 
USER	gatwai	END	1607018517275
USER	gatwai	START	1607018517372
REQUEST		request_0	1607018517373	1607018517462	OK	 
USER	gatwai	END	1607018517463
USER	gatwai	START	1607018517580
REQUEST		request_0	1607018517580	1607018517664	OK	 
USER	gatwai	END	1607018517665
USER	gatwai	START	1607018517768
REQUEST		request_0	1607018517768	1607018517866	OK	 
USER	gatwai	END	1607018517866
USER	gatwai	START	1607018517970
REQUEST		request_0	1607018517970	1607018518060	OK	 
USER	gatwai	END	1607018518061
USER	gatwai	START	1607018518174
REQUEST		request_0	1607018518174	1607018518268	OK	 
USER	gatwai	END	1607018518269
USER	gatwai	START	1607018518376
REQUEST		request_0	1607018518377	1607018518460	OK	 
USER	gatwai	END	1607018518460
USER	gatwai	START	1607018518580
REQUEST		request_0	1607018518580	1607018518682	OK	 
USER	gatwai	END	1607018518683
USER	gatwai	START	1607018518767
REQUEST		request_0	1607018518767	1607018518851	OK	 
USER	gatwai	END	1607018518851
USER	gatwai	START	1607018518970
REQUEST		request_0	1607018518970	1607018519069	OK	 
USER	gatwai	END	1607018519070
USER	gatwai	START	1607018519179
REQUEST		request_0	1607018519179	1607018519265	OK	 
USER	gatwai	END	1607018519265
USER	gatwai	START	1607018519367
REQUEST		request_0	1607018519367	1607018519461	OK	 
USER	gatwai	END	1607018519462
USER	gatwai	START	1607018519570
REQUEST		request_0	1607018519570	1607018519660	OK	 
USER	gatwai	END	1607018519661
USER	gatwai	START	1607018519773
REQUEST		request_0	1607018519773	1607018519866	OK	 
USER	gatwai	END	1607018519867
USER	gatwai	START	1607018519976
REQUEST		request_0	1607018519976	1607018520062	OK	 
USER	gatwai	END	1607018520063
USER	gatwai	START	1607018520180
REQUEST		request_0	1607018520180	1607018520285	OK	 
USER	gatwai	END	1607018520286
USER	gatwai	START	1607018520367
REQUEST		request_0	1607018520367	1607018520456	OK	 
USER	gatwai	END	1607018520456
USER	gatwai	START	1607018520579
REQUEST		request_0	1607018520580	1607018520663	OK	 
USER	gatwai	END	1607018520663
USER	gatwai	START	1607018520767
REQUEST		request_0	1607018520767	1607018520850	OK	 
USER	gatwai	END	1607018520850
USER	gatwai	START	1607018520970
REQUEST		request_0	1607018520971	1607018521067	OK	 
USER	gatwai	END	1607018521068
USER	gatwai	START	1607018521173
REQUEST		request_0	1607018521174	1607018521257	OK	 
USER	gatwai	END	1607018521257
USER	gatwai	START	1607018521376
REQUEST		request_0	1607018521377	1607018521473	OK	 
USER	gatwai	END	1607018521474
USER	gatwai	START	1607018521565
REQUEST		request_0	1607018521566	1607018521651	OK	 
USER	gatwai	END	1607018521651
USER	gatwai	START	1607018521768
REQUEST		request_0	1607018521769	1607018521864	OK	 
USER	gatwai	END	1607018521865
USER	gatwai	START	1607018521972
REQUEST		request_0	1607018521972	1607018522078	OK	 
USER	gatwai	END	1607018522078
USER	gatwai	START	1607018522175
REQUEST		request_0	1607018522176	1607018522278	OK	 
USER	gatwai	END	1607018522279
USER	gatwai	START	1607018522372
REQUEST		request_0	1607018522373	1607018522463	OK	 
USER	gatwai	END	1607018522464
USER	gatwai	START	1607018522575
REQUEST		request_0	1607018522576	1607018522666	OK	 
USER	gatwai	END	1607018522667
USER	gatwai	START	1607018522779
REQUEST		request_0	1607018522779	1607018522865	OK	 
USER	gatwai	END	1607018522865
USER	gatwai	START	1607018522966
REQUEST		request_0	1607018522966	1607018523063	OK	 
USER	gatwai	END	1607018523064
USER	gatwai	START	1607018523174
REQUEST		request_0	1607018523174	1607018523274	OK	 
USER	gatwai	END	1607018523275
USER	gatwai	START	1607018523376
REQUEST		request_0	1607018523377	1607018523470	OK	 
USER	gatwai	END	1607018523470
USER	gatwai	START	1607018523580
REQUEST		request_0	1607018523580	1607018523696	OK	 
USER	gatwai	END	1607018523697
USER	gatwai	START	1607018523767
REQUEST		request_0	1607018523767	1607018523848	OK	 
USER	gatwai	END	1607018523848
USER	gatwai	START	1607018523970
REQUEST		request_0	1607018523971	1607018524066	OK	 
USER	gatwai	END	1607018524067
USER	gatwai	START	1607018524173
REQUEST		request_0	1607018524174	1607018524268	OK	 
USER	gatwai	END	1607018524268
USER	gatwai	START	1607018524377
REQUEST		request_0	1607018524377	1607018524479	OK	 
USER	gatwai	END	1607018524479
USER	gatwai	START	1607018524579
REQUEST		request_0	1607018524580	1607018524677	OK	 
USER	gatwai	END	1607018524678
USER	gatwai	START	1607018524767
REQUEST		request_0	1607018524767	1607018524856	OK	 
USER	gatwai	END	1607018524857
USER	gatwai	START	1607018524970
REQUEST		request_0	1607018524970	1607018525080	OK	 
USER	gatwai	END	1607018525080
USER	gatwai	START	1607018525173
REQUEST		request_0	1607018525173	1607018525259	OK	 
USER	gatwai	END	1607018525259
USER	gatwai	START	1607018525376
REQUEST		request_0	1607018525376	1607018525477	OK	 
USER	gatwai	END	1607018525478
USER	gatwai	START	1607018525579
REQUEST		request_0	1607018525579	1607018525673	OK	 
USER	gatwai	END	1607018525673
USER	gatwai	START	1607018525767
REQUEST		request_0	1607018525767	1607018525867	OK	 
USER	gatwai	END	1607018525867
USER	gatwai	START	1607018525971
REQUEST		request_0	1607018525971	1607018526059	OK	 
USER	gatwai	END	1607018526060
USER	gatwai	START	1607018526174
REQUEST		request_0	1607018526174	1607018526273	OK	 
USER	gatwai	END	1607018526273
USER	gatwai	START	1607018526377
REQUEST		request_0	1607018526377	1607018526476	OK	 
USER	gatwai	END	1607018526476
USER	gatwai	START	1607018526580
REQUEST		request_0	1607018526580	1607018526668	OK	 
USER	gatwai	END	1607018526669
USER	gatwai	START	1607018526776
REQUEST		request_0	1607018526776	1607018526867	OK	 
USER	gatwai	END	1607018526868
USER	gatwai	START	1607018526979
REQUEST		request_0	1607018526979	1607018527063	OK	 
USER	gatwai	END	1607018527064
USER	gatwai	START	1607018527166
REQUEST		request_0	1607018527167	1607018527253	OK	 
USER	gatwai	END	1607018527253
USER	gatwai	START	1607018527370
REQUEST		request_0	1607018527370	1607018527469	OK	 
USER	gatwai	END	1607018527470
USER	gatwai	START	1607018527573
REQUEST		request_0	1607018527574	1607018527663	OK	 
USER	gatwai	END	1607018527663
USER	gatwai	START	1607018527776
REQUEST		request_0	1607018527776	1607018527872	OK	 
USER	gatwai	END	1607018527872
USER	gatwai	START	1607018527968
REQUEST		request_0	1607018527968	1607018528070	OK	 
USER	gatwai	END	1607018528070
USER	gatwai	START	1607018528170
REQUEST		request_0	1607018528171	1607018528263	OK	 
USER	gatwai	END	1607018528263
USER	gatwai	START	1607018528374
REQUEST		request_0	1607018528374	1607018528473	OK	 
USER	gatwai	END	1607018528474
USER	gatwai	START	1607018528577
REQUEST		request_0	1607018528577	1607018528683	OK	 
USER	gatwai	END	1607018528684
USER	gatwai	START	1607018528780
REQUEST		request_0	1607018528780	1607018528866	OK	 
USER	gatwai	END	1607018528866
USER	gatwai	START	1607018528967
REQUEST		request_0	1607018528968	1607018529058	OK	 
USER	gatwai	END	1607018529059
USER	gatwai	START	1607018529170
REQUEST		request_0	1607018529171	1607018529263	OK	 
USER	gatwai	END	1607018529263
USER	gatwai	START	1607018529374
REQUEST		request_0	1607018529374	1607018529460	OK	 
USER	gatwai	END	1607018529460
USER	gatwai	START	1607018529577
REQUEST		request_0	1607018529577	1607018529673	OK	 
USER	gatwai	END	1607018529674
USER	gatwai	START	1607018529780
REQUEST		request_0	1607018529780	1607018529876	OK	 
USER	gatwai	END	1607018529876
USER	gatwai	START	1607018529984
REQUEST		request_0	1607018529984	1607018530080	OK	 
USER	gatwai	END	1607018530081
USER	gatwai	START	1607018530171
REQUEST		request_0	1607018530171	1607018530256	OK	 
USER	gatwai	END	1607018530256
USER	gatwai	START	1607018530374
REQUEST		request_0	1607018530374	1607018530471	OK	 
USER	gatwai	END	1607018530472
USER	gatwai	START	1607018530577
REQUEST		request_0	1607018530577	1607018530667	OK	 
USER	gatwai	END	1607018530667
USER	gatwai	START	1607018530780
REQUEST		request_0	1607018530780	1607018530871	OK	 
USER	gatwai	END	1607018530871
USER	gatwai	START	1607018530968
REQUEST		request_0	1607018530968	1607018531060	OK	 
USER	gatwai	END	1607018531061
USER	gatwai	START	1607018531175
REQUEST		request_0	1607018531175	1607018531273	OK	 
USER	gatwai	END	1607018531273
USER	gatwai	START	1607018531378
REQUEST		request_0	1607018531378	1607018531463	OK	 
USER	gatwai	END	1607018531464
USER	gatwai	START	1607018531565
REQUEST		request_0	1607018531565	1607018531660	OK	 
USER	gatwai	END	1607018531661
USER	gatwai	START	1607018531769
REQUEST		request_0	1607018531769	1607018531877	OK	 
USER	gatwai	END	1607018531877
USER	gatwai	START	1607018531971
REQUEST		request_0	1607018531971	1607018532085	OK	 
USER	gatwai	END	1607018532085
USER	gatwai	START	1607018532174
REQUEST		request_0	1607018532174	1607018532261	OK	 
USER	gatwai	END	1607018532261
USER	gatwai	START	1607018532378
REQUEST		request_0	1607018532378	1607018532482	OK	 
USER	gatwai	END	1607018532482
USER	gatwai	START	1607018532580
REQUEST		request_0	1607018532580	1607018532671	OK	 
USER	gatwai	END	1607018532671
USER	gatwai	START	1607018532768
REQUEST		request_0	1607018532768	1607018532861	OK	 
USER	gatwai	END	1607018532861
USER	gatwai	START	1607018532971
REQUEST		request_0	1607018532971	1607018533064	OK	 
USER	gatwai	END	1607018533065
USER	gatwai	START	1607018533174
REQUEST		request_0	1607018533175	1607018533257	OK	 
USER	gatwai	END	1607018533258
USER	gatwai	START	1607018533378
REQUEST		request_0	1607018533378	1607018533468	OK	 
USER	gatwai	END	1607018533468
USER	gatwai	START	1607018533581
REQUEST		request_0	1607018533581	1607018533676	OK	 
USER	gatwai	END	1607018533677
USER	gatwai	START	1607018533768
REQUEST		request_0	1607018533769	1607018533865	OK	 
USER	gatwai	END	1607018533866
USER	gatwai	START	1607018533972
REQUEST		request_0	1607018533972	1607018534063	OK	 
USER	gatwai	END	1607018534064
USER	gatwai	START	1607018534179
REQUEST		request_0	1607018534179	1607018534264	OK	 
USER	gatwai	END	1607018534265
USER	gatwai	START	1607018534366
REQUEST		request_0	1607018534367	1607018534460	OK	 
USER	gatwai	END	1607018534461
USER	gatwai	START	1607018534570
REQUEST		request_0	1607018534570	1607018534660	OK	 
USER	gatwai	END	1607018534661
USER	gatwai	START	1607018534773
REQUEST		request_0	1607018534773	1607018534863	OK	 
USER	gatwai	END	1607018534864
USER	gatwai	START	1607018534976
REQUEST		request_0	1607018534976	1607018535071	OK	 
USER	gatwai	END	1607018535072
USER	gatwai	START	1607018535166
REQUEST		request_0	1607018535166	1607018535258	OK	 
USER	gatwai	END	1607018535258
USER	gatwai	START	1607018535369
REQUEST		request_0	1607018535369	1607018535470	OK	 
USER	gatwai	END	1607018535471
USER	gatwai	START	1607018535572
REQUEST		request_0	1607018535572	1607018535657	OK	 
USER	gatwai	END	1607018535657
USER	gatwai	START	1607018535775
REQUEST		request_0	1607018535775	1607018535871	OK	 
USER	gatwai	END	1607018535872
USER	gatwai	START	1607018535978
REQUEST		request_0	1607018535978	1607018536066	OK	 
USER	gatwai	END	1607018536067
USER	gatwai	START	1607018536166
REQUEST		request_0	1607018536166	1607018536254	OK	 
USER	gatwai	END	1607018536254
USER	gatwai	START	1607018536369
REQUEST		request_0	1607018536369	1607018536463	OK	 
USER	gatwai	END	1607018536464
USER	gatwai	START	1607018536572
REQUEST		request_0	1607018536572	1607018536656	OK	 
USER	gatwai	END	1607018536657
USER	gatwai	START	1607018536775
REQUEST		request_0	1607018536776	1607018536869	OK	 
USER	gatwai	END	1607018536869
USER	gatwai	START	1607018536978
REQUEST		request_0	1607018536978	1607018537075	OK	 
USER	gatwai	END	1607018537075
USER	gatwai	START	1607018537170
REQUEST		request_0	1607018537171	1607018537275	OK	 
USER	gatwai	END	1607018537276
USER	gatwai	START	1607018537373
REQUEST		request_0	1607018537374	1607018537466	OK	 
USER	gatwai	END	1607018537467
USER	gatwai	START	1607018537576
REQUEST		request_0	1607018537577	1607018537670	OK	 
USER	gatwai	END	1607018537671
USER	gatwai	START	1607018537779
REQUEST		request_0	1607018537780	1607018537880	OK	 
USER	gatwai	END	1607018537880
USER	gatwai	START	1607018537967
REQUEST		request_0	1607018537967	1607018538051	OK	 
USER	gatwai	END	1607018538052
USER	gatwai	START	1607018538170
REQUEST		request_0	1607018538170	1607018538262	OK	 
USER	gatwai	END	1607018538263
USER	gatwai	START	1607018538373
REQUEST		request_0	1607018538374	1607018538473	OK	 
USER	gatwai	END	1607018538474
USER	gatwai	START	1607018538576
REQUEST		request_0	1607018538577	1607018538676	OK	 
USER	gatwai	END	1607018538677
USER	gatwai	START	1607018538780
REQUEST		request_0	1607018538780	1607018538887	OK	 
USER	gatwai	END	1607018538887
USER	gatwai	START	1607018538967
REQUEST		request_0	1607018538967	1607018539058	OK	 
USER	gatwai	END	1607018539058
USER	gatwai	START	1607018539167
REQUEST		request_0	1607018539167	1607018539259	OK	 
USER	gatwai	END	1607018539260
USER	gatwai	START	1607018539370
REQUEST		request_0	1607018539370	1607018539479	OK	 
USER	gatwai	END	1607018539480
USER	gatwai	START	1607018539573
REQUEST		request_0	1607018539573	1607018539661	OK	 
USER	gatwai	END	1607018539662
USER	gatwai	START	1607018539776
REQUEST		request_0	1607018539776	1607018539874	OK	 
USER	gatwai	END	1607018539875
USER	gatwai	START	1607018539979
REQUEST		request_0	1607018539980	1607018540076	OK	 
USER	gatwai	END	1607018540076
USER	gatwai	START	1607018540184
REQUEST		request_0	1607018540184	1607018540274	OK	 
USER	gatwai	END	1607018540275
USER	gatwai	START	1607018540371
REQUEST		request_0	1607018540371	1607018540465	OK	 
USER	gatwai	END	1607018540466
USER	gatwai	START	1607018540574
REQUEST		request_0	1607018540575	1607018540665	OK	 
USER	gatwai	END	1607018540665
USER	gatwai	START	1607018540777
REQUEST		request_0	1607018540778	1607018540872	OK	 
USER	gatwai	END	1607018540873
USER	gatwai	START	1607018540980
REQUEST		request_0	1607018540981	1607018541066	OK	 
USER	gatwai	END	1607018541067
USER	gatwai	START	1607018541168
REQUEST		request_0	1607018541168	1607018541264	OK	 
USER	gatwai	END	1607018541265
USER	gatwai	START	1607018541371
REQUEST		request_0	1607018541371	1607018541468	OK	 
USER	gatwai	END	1607018541469
USER	gatwai	START	1607018541574
REQUEST		request_0	1607018541574	1607018541656	OK	 
USER	gatwai	END	1607018541657
USER	gatwai	START	1607018541766
REQUEST		request_0	1607018541767	1607018541861	OK	 
USER	gatwai	END	1607018541862
USER	gatwai	START	1607018541969
REQUEST		request_0	1607018541970	1607018542057	OK	 
USER	gatwai	END	1607018542058
USER	gatwai	START	1607018542173
REQUEST		request_0	1607018542173	1607018542257	OK	 
USER	gatwai	END	1607018542258
USER	gatwai	START	1607018542379
REQUEST		request_0	1607018542379	1607018542478	OK	 
USER	gatwai	END	1607018542479
USER	gatwai	START	1607018542567
REQUEST		request_0	1607018542567	1607018542665	OK	 
USER	gatwai	END	1607018542666
USER	gatwai	START	1607018542770
REQUEST		request_0	1607018542770	1607018542860	OK	 
USER	gatwai	END	1607018542861
USER	gatwai	START	1607018542973
REQUEST		request_0	1607018542973	1607018543066	OK	 
USER	gatwai	END	1607018543066
USER	gatwai	START	1607018543176
REQUEST		request_0	1607018543176	1607018543283	OK	 
USER	gatwai	END	1607018543283
USER	gatwai	START	1607018543379
REQUEST		request_0	1607018543379	1607018543468	OK	 
USER	gatwai	END	1607018543469
USER	gatwai	START	1607018543567
REQUEST		request_0	1607018543567	1607018543666	OK	 
USER	gatwai	END	1607018543667
USER	gatwai	START	1607018543772
REQUEST		request_0	1607018543772	1607018543877	OK	 
USER	gatwai	END	1607018543878
USER	gatwai	START	1607018543975
REQUEST		request_0	1607018543975	1607018544061	OK	 
USER	gatwai	END	1607018544062
USER	gatwai	START	1607018544178
REQUEST		request_0	1607018544178	1607018544277	OK	 
USER	gatwai	END	1607018544278
USER	gatwai	START	1607018544366
REQUEST		request_0	1607018544366	1607018544461	OK	 
USER	gatwai	END	1607018544462
USER	gatwai	START	1607018544570
REQUEST		request_0	1607018544570	1607018544657	OK	 
USER	gatwai	END	1607018544658
USER	gatwai	START	1607018544773
REQUEST		request_0	1607018544773	1607018544882	OK	 
USER	gatwai	END	1607018544882
USER	gatwai	START	1607018544976
REQUEST		request_0	1607018544976	1607018545070	OK	 
USER	gatwai	END	1607018545071
USER	gatwai	START	1607018545179
REQUEST		request_0	1607018545179	1607018545272	OK	 
USER	gatwai	END	1607018545273
USER	gatwai	START	1607018545366
REQUEST		request_0	1607018545366	1607018545456	OK	 
USER	gatwai	END	1607018545456
USER	gatwai	START	1607018545569
REQUEST		request_0	1607018545569	1607018545659	OK	 
USER	gatwai	END	1607018545660
USER	gatwai	START	1607018545772
REQUEST		request_0	1607018545773	1607018545866	OK	 
USER	gatwai	END	1607018545867
USER	gatwai	START	1607018545976
REQUEST		request_0	1607018545976	1607018546066	OK	 
USER	gatwai	END	1607018546066
USER	gatwai	START	1607018546179
REQUEST		request_0	1607018546179	1607018546272	OK	 
USER	gatwai	END	1607018546273
USER	gatwai	START	1607018546401
REQUEST		request_0	1607018546401	1607018546485	OK	 
USER	gatwai	END	1607018546486
USER	gatwai	START	1607018546569
REQUEST		request_0	1607018546570	1607018546658	OK	 
USER	gatwai	END	1607018546659
USER	gatwai	START	1607018546773
REQUEST		request_0	1607018546775	1607018546868	OK	 
USER	gatwai	END	1607018546869
USER	gatwai	START	1607018546976
REQUEST		request_0	1607018546976	1607018547072	OK	 
USER	gatwai	END	1607018547073
USER	gatwai	START	1607018547179
REQUEST		request_0	1607018547179	1607018547273	OK	 
USER	gatwai	END	1607018547274
USER	gatwai	START	1607018547366
REQUEST		request_0	1607018547366	1607018547462	OK	 
USER	gatwai	END	1607018547463
USER	gatwai	START	1607018547569
REQUEST		request_0	1607018547569	1607018547657	OK	 
USER	gatwai	END	1607018547658
USER	gatwai	START	1607018547772
REQUEST		request_0	1607018547773	1607018547860	OK	 
USER	gatwai	END	1607018547861
USER	gatwai	START	1607018547976
REQUEST		request_0	1607018547976	1607018548073	OK	 
USER	gatwai	END	1607018548073
USER	gatwai	START	1607018548179
REQUEST		request_0	1607018548179	1607018548269	OK	 
USER	gatwai	END	1607018548270
USER	gatwai	START	1607018548366
REQUEST		request_0	1607018548366	1607018548455	OK	 
USER	gatwai	END	1607018548456
USER	gatwai	START	1607018548569
REQUEST		request_0	1607018548570	1607018548658	OK	 
USER	gatwai	END	1607018548658
USER	gatwai	START	1607018548772
REQUEST		request_0	1607018548772	1607018548857	OK	 
USER	gatwai	END	1607018548858
USER	gatwai	START	1607018548975
REQUEST		request_0	1607018548976	1607018549065	OK	 
USER	gatwai	END	1607018549066
USER	gatwai	START	1607018549179
REQUEST		request_0	1607018549179	1607018549268	OK	 
USER	gatwai	END	1607018549269
USER	gatwai	START	1607018549366
REQUEST		request_0	1607018549366	1607018549456	OK	 
USER	gatwai	END	1607018549457
USER	gatwai	START	1607018549569
REQUEST		request_0	1607018549570	1607018549665	OK	 
USER	gatwai	END	1607018549666
USER	gatwai	START	1607018549772
REQUEST		request_0	1607018549773	1607018549865	OK	 
USER	gatwai	END	1607018549866
USER	gatwai	START	1607018549976
REQUEST		request_0	1607018549976	1607018550078	OK	 
USER	gatwai	END	1607018550078
USER	gatwai	START	1607018550178
REQUEST		request_0	1607018550179	1607018550269	OK	 
USER	gatwai	END	1607018550269
USER	gatwai	START	1607018550369
REQUEST		request_0	1607018550369	1607018550460	OK	 
USER	gatwai	END	1607018550460
USER	gatwai	START	1607018550572
REQUEST		request_0	1607018550572	1607018550655	OK	 
USER	gatwai	END	1607018550656
USER	gatwai	START	1607018550775
REQUEST		request_0	1607018550775	1607018550868	OK	 
USER	gatwai	END	1607018550868
USER	gatwai	START	1607018550978
REQUEST		request_0	1607018550978	1607018551067	OK	 
USER	gatwai	END	1607018551068
USER	gatwai	START	1607018551165
REQUEST		request_0	1607018551166	1607018551260	OK	 
USER	gatwai	END	1607018551260
USER	gatwai	START	1607018551369
REQUEST		request_0	1607018551369	1607018551453	OK	 
USER	gatwai	END	1607018551453
USER	gatwai	START	1607018551572
REQUEST		request_0	1607018551572	1607018551669	OK	 
USER	gatwai	END	1607018551669
USER	gatwai	START	1607018551783
REQUEST		request_0	1607018551783	1607018551870	OK	 
USER	gatwai	END	1607018551870
USER	gatwai	START	1607018551971
REQUEST		request_0	1607018551971	1607018552077	OK	 
USER	gatwai	END	1607018552078
USER	gatwai	START	1607018552172
REQUEST		request_0	1607018552173	1607018552257	OK	 
USER	gatwai	END	1607018552258
USER	gatwai	START	1607018552377
REQUEST		request_0	1607018552377	1607018552459	OK	 
USER	gatwai	END	1607018552459
USER	gatwai	START	1607018552578
REQUEST		request_0	1607018552578	1607018552672	OK	 
USER	gatwai	END	1607018552673
USER	gatwai	START	1607018552766
REQUEST		request_0	1607018552766	1607018552860	OK	 
USER	gatwai	END	1607018552861
USER	gatwai	START	1607018552969
REQUEST		request_0	1607018552969	1607018553060	OK	 
USER	gatwai	END	1607018553060
USER	gatwai	START	1607018553172
REQUEST		request_0	1607018553172	1607018553263	OK	 
USER	gatwai	END	1607018553263
USER	gatwai	START	1607018553375
REQUEST		request_0	1607018553376	1607018553467	OK	 
USER	gatwai	END	1607018553468
USER	gatwai	START	1607018553579
REQUEST		request_0	1607018553579	1607018553662	OK	 
USER	gatwai	END	1607018553663
USER	gatwai	START	1607018553766
REQUEST		request_0	1607018553766	1607018553849	OK	 
USER	gatwai	END	1607018553850
USER	gatwai	START	1607018553969
REQUEST		request_0	1607018553969	1607018554052	OK	 
USER	gatwai	END	1607018554052
USER	gatwai	START	1607018554172
REQUEST		request_0	1607018554173	1607018554268	OK	 
USER	gatwai	END	1607018554268
USER	gatwai	START	1607018554376
REQUEST		request_0	1607018554376	1607018554477	OK	 
USER	gatwai	END	1607018554478
USER	gatwai	START	1607018554579
REQUEST		request_0	1607018554579	1607018554670	OK	 
USER	gatwai	END	1607018554671
USER	gatwai	START	1607018554767
REQUEST		request_0	1607018554767	1607018554859	OK	 
USER	gatwai	END	1607018554859
USER	gatwai	START	1607018554970
REQUEST		request_0	1607018554970	1607018555070	OK	 
USER	gatwai	END	1607018555070
USER	gatwai	START	1607018555173
REQUEST		request_0	1607018555173	1607018555255	OK	 
USER	gatwai	END	1607018555256
USER	gatwai	START	1607018555376
REQUEST		request_0	1607018555376	1607018555473	OK	 
USER	gatwai	END	1607018555474
USER	gatwai	START	1607018555579
REQUEST		request_0	1607018555579	1607018555683	OK	 
USER	gatwai	END	1607018555683
USER	gatwai	START	1607018555767
REQUEST		request_0	1607018555767	1607018555857	OK	 
USER	gatwai	END	1607018555858
USER	gatwai	START	1607018555970
REQUEST		request_0	1607018555970	1607018556056	OK	 
USER	gatwai	END	1607018556056
USER	gatwai	START	1607018556173
REQUEST		request_0	1607018556173	1607018556267	OK	 
USER	gatwai	END	1607018556267
USER	gatwai	START	1607018556377
REQUEST		request_0	1607018556377	1607018556481	OK	 
USER	gatwai	END	1607018556481
USER	gatwai	START	1607018556580
REQUEST		request_0	1607018556580	1607018556669	OK	 
USER	gatwai	END	1607018556670
USER	gatwai	START	1607018556767
REQUEST		request_0	1607018556767	1607018556854	OK	 
USER	gatwai	END	1607018556854
USER	gatwai	START	1607018556970
REQUEST		request_0	1607018556971	1607018557057	OK	 
USER	gatwai	END	1607018557058
USER	gatwai	START	1607018557173
REQUEST		request_0	1607018557174	1607018557255	OK	 
USER	gatwai	END	1607018557256
USER	gatwai	START	1607018557377
REQUEST		request_0	1607018557377	1607018557473	OK	 
USER	gatwai	END	1607018557474
USER	gatwai	START	1607018557568
REQUEST		request_0	1607018557568	1607018557657	OK	 
USER	gatwai	END	1607018557658
USER	gatwai	START	1607018557771
REQUEST		request_0	1607018557771	1607018557864	OK	 
USER	gatwai	END	1607018557864
USER	gatwai	START	1607018557974
REQUEST		request_0	1607018557974	1607018558078	OK	 
USER	gatwai	END	1607018558078
USER	gatwai	START	1607018558177
REQUEST		request_0	1607018558177	1607018558259	OK	 
USER	gatwai	END	1607018558259
USER	gatwai	START	1607018558380
REQUEST		request_0	1607018558381	1607018558480	OK	 
USER	gatwai	END	1607018558481
USER	gatwai	START	1607018558568
REQUEST		request_0	1607018558568	1607018558651	OK	 
USER	gatwai	END	1607018558652
USER	gatwai	START	1607018558771
REQUEST		request_0	1607018558771	1607018558873	OK	 
USER	gatwai	END	1607018558874
USER	gatwai	START	1607018558974
REQUEST		request_0	1607018558974	1607018559069	OK	 
USER	gatwai	END	1607018559070
USER	gatwai	START	1607018559177
REQUEST		request_0	1607018559178	1607018559270	OK	 
USER	gatwai	END	1607018559271
USER	gatwai	START	1607018559380
REQUEST		request_0	1607018559380	1607018559470	OK	 
USER	gatwai	END	1607018559471
USER	gatwai	START	1607018559568
REQUEST		request_0	1607018559568	1607018559659	OK	 
USER	gatwai	END	1607018559659
USER	gatwai	START	1607018559771
REQUEST		request_0	1607018559771	1607018559858	OK	 
USER	gatwai	END	1607018559858
USER	gatwai	START	1607018559974
REQUEST		request_0	1607018559974	1607018560063	OK	 
USER	gatwai	END	1607018560064
USER	gatwai	START	1607018560178
REQUEST		request_0	1607018560178	1607018560269	OK	 
USER	gatwai	END	1607018560270
USER	gatwai	START	1607018560365
REQUEST		request_0	1607018560365	1607018560448	OK	 
USER	gatwai	END	1607018560448
USER	gatwai	START	1607018560568
REQUEST		request_0	1607018560568	1607018560666	OK	 
USER	gatwai	END	1607018560666
USER	gatwai	START	1607018560771
REQUEST		request_0	1607018560771	1607018560862	OK	 
USER	gatwai	END	1607018560863
USER	gatwai	START	1607018560974
REQUEST		request_0	1607018560974	1607018561071	OK	 
USER	gatwai	END	1607018561072
USER	gatwai	START	1607018561177
REQUEST		request_0	1607018561177	1607018561299	OK	 
USER	gatwai	END	1607018561300
USER	gatwai	START	1607018561366
REQUEST		request_0	1607018561366	1607018561451	OK	 
USER	gatwai	END	1607018561452
USER	gatwai	START	1607018561569
REQUEST		request_0	1607018561569	1607018561658	OK	 
USER	gatwai	END	1607018561659
USER	gatwai	START	1607018561772
REQUEST		request_0	1607018561772	1607018561870	OK	 
USER	gatwai	END	1607018561871
USER	gatwai	START	1607018561975
REQUEST		request_0	1607018561975	1607018562066	OK	 
USER	gatwai	END	1607018562067
USER	gatwai	START	1607018562178
REQUEST		request_0	1607018562178	1607018562276	OK	 
USER	gatwai	END	1607018562277
USER	gatwai	START	1607018562366
REQUEST		request_0	1607018562366	1607018562459	OK	 
USER	gatwai	END	1607018562460
USER	gatwai	START	1607018562569
REQUEST		request_0	1607018562569	1607018562657	OK	 
USER	gatwai	END	1607018562658
USER	gatwai	START	1607018562772
REQUEST		request_0	1607018562773	1607018562875	OK	 
USER	gatwai	END	1607018562875
USER	gatwai	START	1607018562975
REQUEST		request_0	1607018562976	1607018563075	OK	 
USER	gatwai	END	1607018563075
USER	gatwai	START	1607018563178
REQUEST		request_0	1607018563179	1607018563278	OK	 
USER	gatwai	END	1607018563279
USER	gatwai	START	1607018563366
REQUEST		request_0	1607018563366	1607018563457	OK	 
USER	gatwai	END	1607018563458
USER	gatwai	START	1607018563569
REQUEST		request_0	1607018563569	1607018563656	OK	 
USER	gatwai	END	1607018563657
USER	gatwai	START	1607018563772
REQUEST		request_0	1607018563772	1607018563878	OK	 
USER	gatwai	END	1607018563879
USER	gatwai	START	1607018563975
REQUEST		request_0	1607018563975	1607018564081	OK	 
USER	gatwai	END	1607018564081
USER	gatwai	START	1607018564178
REQUEST		request_0	1607018564178	1607018564273	OK	 
USER	gatwai	END	1607018564274
USER	gatwai	START	1607018564382
REQUEST		request_0	1607018564382	1607018564483	OK	 
USER	gatwai	END	1607018564484
