RUN	gatwai	gatwai	1607017899732	5pssecure4	3.4.1
USER	gatwai	START	1607017900537
REQUEST		request_0	1607017900558	1607017900678	OK	 
USER	gatwai	END	1607017900726
USER	gatwai	START	1607017900729
REQUEST		request_0	1607017900729	1607017900828	OK	 
USER	gatwai	END	1607017900829
USER	gatwai	START	1607017900941
REQUEST		request_0	1607017900942	1607017901058	OK	 
USER	gatwai	END	1607017901058
USER	gatwai	START	1607017901128
REQUEST		request_0	1607017901129	1607017901227	OK	 
USER	gatwai	END	1607017901228
USER	gatwai	START	1607017901331
REQUEST		request_0	1607017901332	1607017901428	OK	 
USER	gatwai	END	1607017901429
USER	gatwai	START	1607017901534
REQUEST		request_0	1607017901534	1607017901636	OK	 
USER	gatwai	END	1607017901637
USER	gatwai	START	1607017901738
REQUEST		request_0	1607017901739	1607017901852	OK	 
USER	gatwai	END	1607017901852
USER	gatwai	START	1607017901941
REQUEST		request_0	1607017901941	1607017902040	OK	 
USER	gatwai	END	1607017902041
USER	gatwai	START	1607017902144
REQUEST		request_0	1607017902144	1607017902247	OK	 
USER	gatwai	END	1607017902248
USER	gatwai	START	1607017902335
REQUEST		request_0	1607017902336	1607017902457	OK	 
USER	gatwai	END	1607017902458
USER	gatwai	START	1607017902535
REQUEST		request_0	1607017902535	1607017902631	OK	 
USER	gatwai	END	1607017902632
USER	gatwai	START	1607017902732
REQUEST		request_0	1607017902733	1607017902844	OK	 
USER	gatwai	END	1607017902845
USER	gatwai	START	1607017902934
REQUEST		request_0	1607017902935	1607017903033	OK	 
USER	gatwai	END	1607017903034
USER	gatwai	START	1607017903135
REQUEST		request_0	1607017903135	1607017903243	OK	 
USER	gatwai	END	1607017903244
USER	gatwai	START	1607017903325
REQUEST		request_0	1607017903325	1607017903418	OK	 
USER	gatwai	END	1607017903419
USER	gatwai	START	1607017903528
REQUEST		request_0	1607017903529	1607017903644	OK	 
USER	gatwai	END	1607017903645
USER	gatwai	START	1607017903728
REQUEST		request_0	1607017903729	1607017903821	OK	 
USER	gatwai	END	1607017903822
USER	gatwai	START	1607017903931
REQUEST		request_0	1607017903932	1607017904040	OK	 
USER	gatwai	END	1607017904040
USER	gatwai	START	1607017904126
REQUEST		request_0	1607017904127	1607017904257	OK	 
USER	gatwai	END	1607017904258
USER	gatwai	START	1607017904329
REQUEST		request_0	1607017904330	1607017904443	OK	 
USER	gatwai	END	1607017904444
USER	gatwai	START	1607017904534
REQUEST		request_0	1607017904535	1607017904647	OK	 
USER	gatwai	END	1607017904648
USER	gatwai	START	1607017904728
REQUEST		request_0	1607017904729	1607017904819	OK	 
USER	gatwai	END	1607017904820
USER	gatwai	START	1607017904932
REQUEST		request_0	1607017904932	1607017905031	OK	 
USER	gatwai	END	1607017905032
USER	gatwai	START	1607017905135
REQUEST		request_0	1607017905135	1607017905239	OK	 
USER	gatwai	END	1607017905240
USER	gatwai	START	1607017905338
REQUEST		request_0	1607017905339	1607017905441	OK	 
USER	gatwai	END	1607017905442
USER	gatwai	START	1607017905527
REQUEST		request_0	1607017905527	1607017905622	OK	 
USER	gatwai	END	1607017905623
USER	gatwai	START	1607017905732
REQUEST		request_0	1607017905732	1607017905828	OK	 
USER	gatwai	END	1607017905829
USER	gatwai	START	1607017905935
REQUEST		request_0	1607017905936	1607017906035	OK	 
USER	gatwai	END	1607017906036
USER	gatwai	START	1607017906138
REQUEST		request_0	1607017906138	1607017906254	OK	 
USER	gatwai	END	1607017906256
USER	gatwai	START	1607017906340
REQUEST		request_0	1607017906341	1607017906462	OK	 
USER	gatwai	END	1607017906463
USER	gatwai	START	1607017906527
REQUEST		request_0	1607017906528	1607017906626	OK	 
USER	gatwai	END	1607017906626
USER	gatwai	START	1607017906727
REQUEST		request_0	1607017906727	1607017906828	OK	 
USER	gatwai	END	1607017906829
USER	gatwai	START	1607017906932
REQUEST		request_0	1607017906932	1607017907024	OK	 
USER	gatwai	END	1607017907024
USER	gatwai	START	1607017907134
REQUEST		request_0	1607017907135	1607017907225	OK	 
USER	gatwai	END	1607017907226
USER	gatwai	START	1607017907326
REQUEST		request_0	1607017907327	1607017907428	OK	 
USER	gatwai	END	1607017907429
USER	gatwai	START	1607017907530
REQUEST		request_0	1607017907530	1607017907631	OK	 
USER	gatwai	END	1607017907631
USER	gatwai	START	1607017907733
REQUEST		request_0	1607017907733	1607017907822	OK	 
USER	gatwai	END	1607017907822
USER	gatwai	START	1607017907935
REQUEST		request_0	1607017907936	1607017908042	OK	 
USER	gatwai	END	1607017908043
USER	gatwai	START	1607017908139
REQUEST		request_0	1607017908140	1607017908233	OK	 
USER	gatwai	END	1607017908234
USER	gatwai	START	1607017908326
REQUEST		request_0	1607017908327	1607017908426	OK	 
USER	gatwai	END	1607017908427
USER	gatwai	START	1607017908530
REQUEST		request_0	1607017908530	1607017908634	OK	 
USER	gatwai	END	1607017908635
USER	gatwai	START	1607017908723
REQUEST		request_0	1607017908723	1607017908816	OK	 
USER	gatwai	END	1607017908816
USER	gatwai	START	1607017908926
REQUEST		request_0	1607017908927	1607017909023	OK	 
USER	gatwai	END	1607017909023
USER	gatwai	START	1607017909129
REQUEST		request_0	1607017909130	1607017909246	OK	 
USER	gatwai	END	1607017909247
USER	gatwai	START	1607017909337
REQUEST		request_0	1607017909337	1607017909432	OK	 
USER	gatwai	END	1607017909433
USER	gatwai	START	1607017909530
REQUEST		request_0	1607017909530	1607017909618	OK	 
USER	gatwai	END	1607017909619
USER	gatwai	START	1607017909732
REQUEST		request_0	1607017909733	1607017909829	OK	 
USER	gatwai	END	1607017909830
USER	gatwai	START	1607017909928
REQUEST		request_0	1607017909928	1607017910037	OK	 
USER	gatwai	END	1607017910038
USER	gatwai	START	1607017910125
REQUEST		request_0	1607017910126	1607017910222	OK	 
USER	gatwai	END	1607017910223
USER	gatwai	START	1607017910329
REQUEST		request_0	1607017910329	1607017910426	OK	 
USER	gatwai	END	1607017910427
USER	gatwai	START	1607017910536
REQUEST		request_0	1607017910537	1607017910640	OK	 
USER	gatwai	END	1607017910641
USER	gatwai	START	1607017910744
REQUEST		request_0	1607017910745	1607017910853	OK	 
USER	gatwai	END	1607017910854
USER	gatwai	START	1607017910932
REQUEST		request_0	1607017910933	1607017911044	OK	 
USER	gatwai	END	1607017911045
USER	gatwai	START	1607017911135
REQUEST		request_0	1607017911136	1607017911236	OK	 
USER	gatwai	END	1607017911237
USER	gatwai	START	1607017911339
REQUEST		request_0	1607017911339	1607017911436	OK	 
USER	gatwai	END	1607017911436
USER	gatwai	START	1607017911531
REQUEST		request_0	1607017911532	1607017911657	OK	 
USER	gatwai	END	1607017911659
USER	gatwai	START	1607017911739
REQUEST		request_0	1607017911740	1607017911853	OK	 
USER	gatwai	END	1607017911854
USER	gatwai	START	1607017911925
REQUEST		request_0	1607017911926	1607017912022	OK	 
USER	gatwai	END	1607017912023
USER	gatwai	START	1607017912129
REQUEST		request_0	1607017912129	1607017912227	OK	 
USER	gatwai	END	1607017912228
USER	gatwai	START	1607017912331
REQUEST		request_0	1607017912332	1607017912425	OK	 
USER	gatwai	END	1607017912425
USER	gatwai	START	1607017912535
REQUEST		request_0	1607017912536	1607017912640	OK	 
USER	gatwai	END	1607017912641
USER	gatwai	START	1607017912738
REQUEST		request_0	1607017912738	1607017912836	OK	 
USER	gatwai	END	1607017912837
USER	gatwai	START	1607017912926
REQUEST		request_0	1607017912926	1607017913020	OK	 
USER	gatwai	END	1607017913021
USER	gatwai	START	1607017913129
REQUEST		request_0	1607017913130	1607017913225	OK	 
USER	gatwai	END	1607017913226
USER	gatwai	START	1607017913332
REQUEST		request_0	1607017913332	1607017913436	OK	 
USER	gatwai	END	1607017913437
USER	gatwai	START	1607017913535
REQUEST		request_0	1607017913535	1607017913631	OK	 
USER	gatwai	END	1607017913632
USER	gatwai	START	1607017913726
REQUEST		request_0	1607017913726	1607017913827	OK	 
USER	gatwai	END	1607017913828
USER	gatwai	START	1607017913938
REQUEST		request_0	1607017913938	1607017914029	OK	 
USER	gatwai	END	1607017914029
USER	gatwai	START	1607017914125
USER	gatwai	START	1607017914332
REQUEST		request_0	1607017914125	1607017914395	OK	 
USER	gatwai	END	1607017914396
REQUEST		request_0	1607017914332	1607017914479	OK	 
USER	gatwai	END	1607017914480
USER	gatwai	START	1607017914533
REQUEST		request_0	1607017914533	1607017914685	OK	 
USER	gatwai	END	1607017914685
USER	gatwai	START	1607017914738
USER	gatwai	START	1607017914927
REQUEST		request_0	1607017914739	1607017914951	OK	 
USER	gatwai	END	1607017914952
REQUEST		request_0	1607017914928	1607017915046	OK	 
USER	gatwai	END	1607017915047
USER	gatwai	START	1607017915130
REQUEST		request_0	1607017915131	1607017915251	OK	 
USER	gatwai	END	1607017915253
USER	gatwai	START	1607017915336
REQUEST		request_0	1607017915337	1607017915499	OK	 
USER	gatwai	END	1607017915500
USER	gatwai	START	1607017915541
REQUEST		request_0	1607017915542	1607017915672	OK	 
USER	gatwai	END	1607017915674
USER	gatwai	START	1607017915727
REQUEST		request_0	1607017915728	1607017915886	OK	 
USER	gatwai	END	1607017915889
USER	gatwai	START	1607017915935
REQUEST		request_0	1607017915935	1607017916059	OK	 
USER	gatwai	END	1607017916060
USER	gatwai	START	1607017916142
REQUEST		request_0	1607017916142	1607017916285	OK	 
USER	gatwai	END	1607017916286
USER	gatwai	START	1607017916347
REQUEST		request_0	1607017916348	1607017916456	OK	 
USER	gatwai	END	1607017916457
USER	gatwai	START	1607017916538
REQUEST		request_0	1607017916539	1607017916715	OK	 
USER	gatwai	END	1607017916717
USER	gatwai	START	1607017916740
REQUEST		request_0	1607017916740	1607017916849	OK	 
USER	gatwai	END	1607017916850
USER	gatwai	START	1607017916939
REQUEST		request_0	1607017916940	1607017917070	OK	 
USER	gatwai	END	1607017917071
USER	gatwai	START	1607017917127
REQUEST		request_0	1607017917127	1607017917280	OK	 
USER	gatwai	END	1607017917281
USER	gatwai	START	1607017917327
REQUEST		request_0	1607017917327	1607017917418	OK	 
USER	gatwai	END	1607017917419
USER	gatwai	START	1607017917538
REQUEST		request_0	1607017917539	1607017917628	OK	 
USER	gatwai	END	1607017917629
USER	gatwai	START	1607017917736
REQUEST		request_0	1607017917737	1607017917834	OK	 
USER	gatwai	END	1607017917836
USER	gatwai	START	1607017917933
REQUEST		request_0	1607017917933	1607017918026	OK	 
USER	gatwai	END	1607017918026
USER	gatwai	START	1607017918129
REQUEST		request_0	1607017918129	1607017918230	OK	 
USER	gatwai	END	1607017918231
USER	gatwai	START	1607017918330
REQUEST		request_0	1607017918331	1607017918424	OK	 
USER	gatwai	END	1607017918425
USER	gatwai	START	1607017918527
REQUEST		request_0	1607017918527	1607017918634	OK	 
USER	gatwai	END	1607017918634
USER	gatwai	START	1607017918732
REQUEST		request_0	1607017918732	1607017918829	OK	 
USER	gatwai	END	1607017918829
USER	gatwai	START	1607017918935
REQUEST		request_0	1607017918936	1607017919033	OK	 
USER	gatwai	END	1607017919034
USER	gatwai	START	1607017919123
REQUEST		request_0	1607017919123	1607017919240	OK	 
USER	gatwai	END	1607017919241
USER	gatwai	START	1607017919326
REQUEST		request_0	1607017919326	1607017919436	OK	 
USER	gatwai	END	1607017919437
USER	gatwai	START	1607017919526
REQUEST		request_0	1607017919527	1607017919619	OK	 
USER	gatwai	END	1607017919619
USER	gatwai	START	1607017919725
REQUEST		request_0	1607017919725	1607017919819	OK	 
USER	gatwai	END	1607017919820
USER	gatwai	START	1607017919938
REQUEST		request_0	1607017919938	1607017920043	OK	 
USER	gatwai	END	1607017920044
USER	gatwai	START	1607017920133
REQUEST		request_0	1607017920133	1607017920243	OK	 
USER	gatwai	END	1607017920244
USER	gatwai	START	1607017920337
REQUEST		request_0	1607017920338	1607017920451	OK	 
USER	gatwai	END	1607017920452
USER	gatwai	START	1607017920525
REQUEST		request_0	1607017920526	1607017920619	OK	 
USER	gatwai	END	1607017920619
USER	gatwai	START	1607017920729
REQUEST		request_0	1607017920729	1607017920840	OK	 
USER	gatwai	END	1607017920840
USER	gatwai	START	1607017920936
REQUEST		request_0	1607017920937	1607017921038	OK	 
USER	gatwai	END	1607017921039
USER	gatwai	START	1607017921124
REQUEST		request_0	1607017921124	1607017921216	OK	 
USER	gatwai	END	1607017921217
USER	gatwai	START	1607017921328
REQUEST		request_0	1607017921329	1607017921430	OK	 
USER	gatwai	END	1607017921431
USER	gatwai	START	1607017921532
REQUEST		request_0	1607017921532	1607017921646	OK	 
USER	gatwai	END	1607017921647
USER	gatwai	START	1607017921736
REQUEST		request_0	1607017921736	1607017921840	OK	 
USER	gatwai	END	1607017921840
USER	gatwai	START	1607017921938
REQUEST		request_0	1607017921939	1607017922038	OK	 
USER	gatwai	END	1607017922039
USER	gatwai	START	1607017922129
REQUEST		request_0	1607017922131	1607017922235	OK	 
USER	gatwai	END	1607017922236
USER	gatwai	START	1607017922329
REQUEST		request_0	1607017922329	1607017922423	OK	 
USER	gatwai	END	1607017922423
USER	gatwai	START	1607017922532
REQUEST		request_0	1607017922532	1607017922633	OK	 
USER	gatwai	END	1607017922634
USER	gatwai	START	1607017922735
REQUEST		request_0	1607017922736	1607017922870	OK	 
USER	gatwai	END	1607017922870
USER	gatwai	START	1607017922937
REQUEST		request_0	1607017922937	1607017923047	OK	 
USER	gatwai	END	1607017923048
USER	gatwai	START	1607017923124
REQUEST		request_0	1607017923124	1607017923216	OK	 
USER	gatwai	END	1607017923217
USER	gatwai	START	1607017923327
REQUEST		request_0	1607017923327	1607017923426	OK	 
USER	gatwai	END	1607017923426
USER	gatwai	START	1607017923530
REQUEST		request_0	1607017923531	1607017923627	OK	 
USER	gatwai	END	1607017923628
USER	gatwai	START	1607017923734
REQUEST		request_0	1607017923734	1607017923830	OK	 
USER	gatwai	END	1607017923830
USER	gatwai	START	1607017923937
REQUEST		request_0	1607017923937	1607017924047	OK	 
USER	gatwai	END	1607017924048
USER	gatwai	START	1607017924132
REQUEST		request_0	1607017924132	1607017924228	OK	 
USER	gatwai	END	1607017924229
USER	gatwai	START	1607017924334
REQUEST		request_0	1607017924334	1607017924422	OK	 
USER	gatwai	END	1607017924423
USER	gatwai	START	1607017924538
REQUEST		request_0	1607017924539	1607017924654	OK	 
USER	gatwai	END	1607017924655
USER	gatwai	START	1607017924725
REQUEST		request_0	1607017924725	1607017924817	OK	 
USER	gatwai	END	1607017924817
USER	gatwai	START	1607017924928
REQUEST		request_0	1607017924928	1607017925016	OK	 
USER	gatwai	END	1607017925017
USER	gatwai	START	1607017925132
REQUEST		request_0	1607017925132	1607017925231	OK	 
USER	gatwai	END	1607017925232
USER	gatwai	START	1607017925334
REQUEST		request_0	1607017925335	1607017925434	OK	 
USER	gatwai	END	1607017925435
USER	gatwai	START	1607017925545
REQUEST		request_0	1607017925546	1607017925634	OK	 
USER	gatwai	END	1607017925635
USER	gatwai	START	1607017925725
REQUEST		request_0	1607017925726	1607017925817	OK	 
USER	gatwai	END	1607017925818
USER	gatwai	START	1607017925928
REQUEST		request_0	1607017925929	1607017926028	OK	 
USER	gatwai	END	1607017926029
USER	gatwai	START	1607017926132
REQUEST		request_0	1607017926132	1607017926226	OK	 
USER	gatwai	END	1607017926226
USER	gatwai	START	1607017926334
REQUEST		request_0	1607017926334	1607017926427	OK	 
USER	gatwai	END	1607017926427
USER	gatwai	START	1607017926537
REQUEST		request_0	1607017926538	1607017926639	OK	 
USER	gatwai	END	1607017926640
USER	gatwai	START	1607017926725
REQUEST		request_0	1607017926725	1607017926813	OK	 
USER	gatwai	END	1607017926814
USER	gatwai	START	1607017926928
REQUEST		request_0	1607017926929	1607017927018	OK	 
USER	gatwai	END	1607017927018
USER	gatwai	START	1607017927131
REQUEST		request_0	1607017927132	1607017927228	OK	 
USER	gatwai	END	1607017927228
USER	gatwai	START	1607017927334
REQUEST		request_0	1607017927335	1607017927434	OK	 
USER	gatwai	END	1607017927435
USER	gatwai	START	1607017927538
REQUEST		request_0	1607017927538	1607017927636	OK	 
USER	gatwai	END	1607017927636
USER	gatwai	START	1607017927725
REQUEST		request_0	1607017927725	1607017927818	OK	 
USER	gatwai	END	1607017927819
USER	gatwai	START	1607017927928
REQUEST		request_0	1607017927928	1607017928019	OK	 
USER	gatwai	END	1607017928019
USER	gatwai	START	1607017928131
REQUEST		request_0	1607017928132	1607017928238	OK	 
USER	gatwai	END	1607017928239
USER	gatwai	START	1607017928334
REQUEST		request_0	1607017928335	1607017928430	OK	 
USER	gatwai	END	1607017928430
USER	gatwai	START	1607017928537
REQUEST		request_0	1607017928538	1607017928636	OK	 
USER	gatwai	END	1607017928637
USER	gatwai	START	1607017928724
REQUEST		request_0	1607017928725	1607017928824	OK	 
USER	gatwai	END	1607017928825
USER	gatwai	START	1607017928928
REQUEST		request_0	1607017928929	1607017929059	OK	 
USER	gatwai	END	1607017929059
USER	gatwai	START	1607017929132
REQUEST		request_0	1607017929132	1607017929223	OK	 
USER	gatwai	END	1607017929223
USER	gatwai	START	1607017929334
REQUEST		request_0	1607017929335	1607017929438	OK	 
USER	gatwai	END	1607017929438
USER	gatwai	START	1607017929537
REQUEST		request_0	1607017929538	1607017929639	OK	 
USER	gatwai	END	1607017929639
USER	gatwai	START	1607017929725
REQUEST		request_0	1607017929725	1607017929823	OK	 
USER	gatwai	END	1607017929824
USER	gatwai	START	1607017929928
REQUEST		request_0	1607017929928	1607017930017	OK	 
USER	gatwai	END	1607017930018
USER	gatwai	START	1607017930131
REQUEST		request_0	1607017930132	1607017930228	OK	 
USER	gatwai	END	1607017930229
USER	gatwai	START	1607017930336
REQUEST		request_0	1607017930337	1607017930442	OK	 
USER	gatwai	END	1607017930443
USER	gatwai	START	1607017930524
REQUEST		request_0	1607017930524	1607017930618	OK	 
USER	gatwai	END	1607017930618
USER	gatwai	START	1607017930727
REQUEST		request_0	1607017930727	1607017930826	OK	 
USER	gatwai	END	1607017930826
USER	gatwai	START	1607017930930
REQUEST		request_0	1607017930931	1607017931034	OK	 
USER	gatwai	END	1607017931034
USER	gatwai	START	1607017931133
REQUEST		request_0	1607017931133	1607017931233	OK	 
USER	gatwai	END	1607017931234
USER	gatwai	START	1607017931336
REQUEST		request_0	1607017931336	1607017931433	OK	 
USER	gatwai	END	1607017931434
USER	gatwai	START	1607017931524
REQUEST		request_0	1607017931524	1607017931619	OK	 
USER	gatwai	END	1607017931620
USER	gatwai	START	1607017931727
REQUEST		request_0	1607017931727	1607017931828	OK	 
USER	gatwai	END	1607017931828
USER	gatwai	START	1607017931930
REQUEST		request_0	1607017931930	1607017932038	OK	 
USER	gatwai	END	1607017932039
USER	gatwai	START	1607017932133
REQUEST		request_0	1607017932134	1607017932232	OK	 
USER	gatwai	END	1607017932233
USER	gatwai	START	1607017932336
REQUEST		request_0	1607017932336	1607017932435	OK	 
USER	gatwai	END	1607017932436
USER	gatwai	START	1607017932524
REQUEST		request_0	1607017932524	1607017932619	OK	 
USER	gatwai	END	1607017932620
USER	gatwai	START	1607017932727
REQUEST		request_0	1607017932727	1607017932831	OK	 
USER	gatwai	END	1607017932832
USER	gatwai	START	1607017932930
REQUEST		request_0	1607017932931	1607017933027	OK	 
USER	gatwai	END	1607017933027
USER	gatwai	START	1607017933133
REQUEST		request_0	1607017933134	1607017933235	OK	 
USER	gatwai	END	1607017933236
USER	gatwai	START	1607017933324
REQUEST		request_0	1607017933324	1607017933420	OK	 
USER	gatwai	END	1607017933421
USER	gatwai	START	1607017933527
REQUEST		request_0	1607017933527	1607017933629	OK	 
USER	gatwai	END	1607017933629
USER	gatwai	START	1607017933730
REQUEST		request_0	1607017933731	1607017933834	OK	 
USER	gatwai	END	1607017933835
USER	gatwai	START	1607017933933
REQUEST		request_0	1607017933933	1607017934033	OK	 
USER	gatwai	END	1607017934034
USER	gatwai	START	1607017934136
REQUEST		request_0	1607017934136	1607017934227	OK	 
USER	gatwai	END	1607017934228
USER	gatwai	START	1607017934328
REQUEST		request_0	1607017934328	1607017934426	OK	 
USER	gatwai	END	1607017934427
USER	gatwai	START	1607017934531
REQUEST		request_0	1607017934532	1607017934633	OK	 
USER	gatwai	END	1607017934634
USER	gatwai	START	1607017934734
REQUEST		request_0	1607017934734	1607017934835	OK	 
USER	gatwai	END	1607017934835
USER	gatwai	START	1607017934937
REQUEST		request_0	1607017934937	1607017935026	OK	 
USER	gatwai	END	1607017935027
USER	gatwai	START	1607017935125
REQUEST		request_0	1607017935125	1607017935231	OK	 
USER	gatwai	END	1607017935232
USER	gatwai	START	1607017935332
REQUEST		request_0	1607017935332	1607017935433	OK	 
USER	gatwai	END	1607017935434
USER	gatwai	START	1607017935535
REQUEST		request_0	1607017935536	1607017935635	OK	 
USER	gatwai	END	1607017935636
USER	gatwai	START	1607017935723
REQUEST		request_0	1607017935723	1607017935823	OK	 
USER	gatwai	END	1607017935824
USER	gatwai	START	1607017935926
REQUEST		request_0	1607017935926	1607017936023	OK	 
USER	gatwai	END	1607017936024
USER	gatwai	START	1607017936129
REQUEST		request_0	1607017936130	1607017936225	OK	 
USER	gatwai	END	1607017936225
USER	gatwai	START	1607017936332
REQUEST		request_0	1607017936332	1607017936429	OK	 
USER	gatwai	END	1607017936430
USER	gatwai	START	1607017936535
REQUEST		request_0	1607017936536	1607017936636	OK	 
USER	gatwai	END	1607017936637
USER	gatwai	START	1607017936723
REQUEST		request_0	1607017936724	1607017936816	OK	 
USER	gatwai	END	1607017936817
USER	gatwai	START	1607017936926
REQUEST		request_0	1607017936926	1607017937023	OK	 
USER	gatwai	END	1607017937023
USER	gatwai	START	1607017937129
REQUEST		request_0	1607017937130	1607017937239	OK	 
USER	gatwai	END	1607017937239
USER	gatwai	START	1607017937332
REQUEST		request_0	1607017937333	1607017937429	OK	 
USER	gatwai	END	1607017937430
USER	gatwai	START	1607017937535
REQUEST		request_0	1607017937536	1607017937633	OK	 
USER	gatwai	END	1607017937633
USER	gatwai	START	1607017937723
REQUEST		request_0	1607017937723	1607017937821	OK	 
USER	gatwai	END	1607017937822
USER	gatwai	START	1607017937926
REQUEST		request_0	1607017937926	1607017938020	OK	 
USER	gatwai	END	1607017938021
USER	gatwai	START	1607017938129
REQUEST		request_0	1607017938130	1607017938229	OK	 
USER	gatwai	END	1607017938229
USER	gatwai	START	1607017938332
REQUEST		request_0	1607017938333	1607017938431	OK	 
USER	gatwai	END	1607017938432
USER	gatwai	START	1607017938535
REQUEST		request_0	1607017938536	1607017938632	OK	 
USER	gatwai	END	1607017938632
USER	gatwai	START	1607017938723
REQUEST		request_0	1607017938723	1607017938818	OK	 
USER	gatwai	END	1607017938819
USER	gatwai	START	1607017938926
REQUEST		request_0	1607017938927	1607017939028	OK	 
USER	gatwai	END	1607017939029
USER	gatwai	START	1607017939129
REQUEST		request_0	1607017939130	1607017939218	OK	 
USER	gatwai	END	1607017939218
USER	gatwai	START	1607017939333
REQUEST		request_0	1607017939334	1607017939430	OK	 
USER	gatwai	END	1607017939430
USER	gatwai	START	1607017939524
REQUEST		request_0	1607017939524	1607017939617	OK	 
USER	gatwai	END	1607017939618
USER	gatwai	START	1607017939727
REQUEST		request_0	1607017939728	1607017939821	OK	 
USER	gatwai	END	1607017939821
USER	gatwai	START	1607017939930
REQUEST		request_0	1607017939930	1607017940029	OK	 
USER	gatwai	END	1607017940030
USER	gatwai	START	1607017940133
REQUEST		request_0	1607017940134	1607017940233	OK	 
USER	gatwai	END	1607017940234
USER	gatwai	START	1607017940336
REQUEST		request_0	1607017940337	1607017940437	OK	 
USER	gatwai	END	1607017940438
USER	gatwai	START	1607017940524
REQUEST		request_0	1607017940524	1607017940622	OK	 
USER	gatwai	END	1607017940623
USER	gatwai	START	1607017940727
REQUEST		request_0	1607017940728	1607017940825	OK	 
USER	gatwai	END	1607017940826
USER	gatwai	START	1607017940930
REQUEST		request_0	1607017940931	1607017941022	OK	 
USER	gatwai	END	1607017941023
USER	gatwai	START	1607017941134
REQUEST		request_0	1607017941134	1607017941244	OK	 
USER	gatwai	END	1607017941245
USER	gatwai	START	1607017941322
REQUEST		request_0	1607017941323	1607017941415	OK	 
USER	gatwai	END	1607017941416
USER	gatwai	START	1607017941524
REQUEST		request_0	1607017941524	1607017941614	OK	 
USER	gatwai	END	1607017941615
USER	gatwai	START	1607017941727
REQUEST		request_0	1607017941728	1607017941829	OK	 
USER	gatwai	END	1607017941829
USER	gatwai	START	1607017941930
REQUEST		request_0	1607017941930	1607017942018	OK	 
USER	gatwai	END	1607017942019
USER	gatwai	START	1607017942134
REQUEST		request_0	1607017942134	1607017942242	OK	 
USER	gatwai	END	1607017942243
USER	gatwai	START	1607017942353
REQUEST		request_0	1607017942353	1607017942456	OK	 
USER	gatwai	END	1607017942457
USER	gatwai	START	1607017942524
REQUEST		request_0	1607017942524	1607017942617	OK	 
USER	gatwai	END	1607017942618
USER	gatwai	START	1607017942727
REQUEST		request_0	1607017942728	1607017942837	OK	 
USER	gatwai	END	1607017942838
USER	gatwai	START	1607017942930
REQUEST		request_0	1607017942930	1607017943029	OK	 
USER	gatwai	END	1607017943029
USER	gatwai	START	1607017943133
REQUEST		request_0	1607017943134	1607017943233	OK	 
USER	gatwai	END	1607017943233
USER	gatwai	START	1607017943336
REQUEST		request_0	1607017943337	1607017943433	OK	 
USER	gatwai	END	1607017943434
USER	gatwai	START	1607017943529
REQUEST		request_0	1607017943529	1607017943618	OK	 
USER	gatwai	END	1607017943619
USER	gatwai	START	1607017943732
REQUEST		request_0	1607017943732	1607017943832	OK	 
USER	gatwai	END	1607017943833
USER	gatwai	START	1607017943935
REQUEST		request_0	1607017943936	1607017944028	OK	 
USER	gatwai	END	1607017944029
USER	gatwai	START	1607017944139
REQUEST		request_0	1607017944139	1607017944233	OK	 
USER	gatwai	END	1607017944234
USER	gatwai	START	1607017944326
REQUEST		request_0	1607017944326	1607017944422	OK	 
USER	gatwai	END	1607017944423
USER	gatwai	START	1607017944529
REQUEST		request_0	1607017944530	1607017944628	OK	 
USER	gatwai	END	1607017944629
USER	gatwai	START	1607017944732
REQUEST		request_0	1607017944732	1607017944833	OK	 
USER	gatwai	END	1607017944834
USER	gatwai	START	1607017944935
REQUEST		request_0	1607017944936	1607017945029	OK	 
USER	gatwai	END	1607017945030
USER	gatwai	START	1607017945123
REQUEST		request_0	1607017945123	1607017945221	OK	 
USER	gatwai	END	1607017945222
USER	gatwai	START	1607017945326
REQUEST		request_0	1607017945326	1607017945429	OK	 
USER	gatwai	END	1607017945429
USER	gatwai	START	1607017945529
REQUEST		request_0	1607017945529	1607017945628	OK	 
USER	gatwai	END	1607017945629
USER	gatwai	START	1607017945732
REQUEST		request_0	1607017945733	1607017945836	OK	 
USER	gatwai	END	1607017945836
USER	gatwai	START	1607017945935
REQUEST		request_0	1607017945936	1607017946034	OK	 
USER	gatwai	END	1607017946035
USER	gatwai	START	1607017946139
REQUEST		request_0	1607017946139	1607017946243	OK	 
USER	gatwai	END	1607017946243
USER	gatwai	START	1607017946326
REQUEST		request_0	1607017946326	1607017946420	OK	 
USER	gatwai	END	1607017946421
USER	gatwai	START	1607017946529
REQUEST		request_0	1607017946530	1607017946633	OK	 
USER	gatwai	END	1607017946633
USER	gatwai	START	1607017946732
REQUEST		request_0	1607017946732	1607017946830	OK	 
USER	gatwai	END	1607017946830
USER	gatwai	START	1607017946935
REQUEST		request_0	1607017946936	1607017947031	OK	 
USER	gatwai	END	1607017947032
USER	gatwai	START	1607017947139
REQUEST		request_0	1607017947140	1607017947245	OK	 
USER	gatwai	END	1607017947245
USER	gatwai	START	1607017947326
REQUEST		request_0	1607017947326	1607017947425	OK	 
USER	gatwai	END	1607017947425
USER	gatwai	START	1607017947529
REQUEST		request_0	1607017947530	1607017947627	OK	 
USER	gatwai	END	1607017947628
USER	gatwai	START	1607017947733
REQUEST		request_0	1607017947733	1607017947831	OK	 
USER	gatwai	END	1607017947832
USER	gatwai	START	1607017947936
REQUEST		request_0	1607017947936	1607017948033	OK	 
USER	gatwai	END	1607017948034
USER	gatwai	START	1607017948139
REQUEST		request_0	1607017948139	1607017948239	OK	 
USER	gatwai	END	1607017948239
USER	gatwai	START	1607017948326
REQUEST		request_0	1607017948326	1607017948422	OK	 
USER	gatwai	END	1607017948423
USER	gatwai	START	1607017948529
REQUEST		request_0	1607017948530	1607017948636	OK	 
USER	gatwai	END	1607017948637
USER	gatwai	START	1607017948737
REQUEST		request_0	1607017948738	1607017948828	OK	 
USER	gatwai	END	1607017948829
USER	gatwai	START	1607017948925
REQUEST		request_0	1607017948925	1607017949020	OK	 
USER	gatwai	END	1607017949020
USER	gatwai	START	1607017949128
REQUEST		request_0	1607017949128	1607017949220	OK	 
USER	gatwai	END	1607017949221
USER	gatwai	START	1607017949332
REQUEST		request_0	1607017949332	1607017949427	OK	 
USER	gatwai	END	1607017949428
USER	gatwai	START	1607017949535
REQUEST		request_0	1607017949535	1607017949632	OK	 
USER	gatwai	END	1607017949633
USER	gatwai	START	1607017949737
REQUEST		request_0	1607017949738	1607017949829	OK	 
USER	gatwai	END	1607017949829
USER	gatwai	START	1607017949929
REQUEST		request_0	1607017949929	1607017950021	OK	 
USER	gatwai	END	1607017950022
USER	gatwai	START	1607017950128
REQUEST		request_0	1607017950129	1607017950227	OK	 
USER	gatwai	END	1607017950228
USER	gatwai	START	1607017950331
REQUEST		request_0	1607017950332	1607017950432	OK	 
USER	gatwai	END	1607017950436
USER	gatwai	START	1607017950534
REQUEST		request_0	1607017950535	1607017950631	OK	 
USER	gatwai	END	1607017950631
USER	gatwai	START	1607017950737
REQUEST		request_0	1607017950738	1607017950834	OK	 
USER	gatwai	END	1607017950835
USER	gatwai	START	1607017950925
REQUEST		request_0	1607017950925	1607017951027	OK	 
USER	gatwai	END	1607017951028
USER	gatwai	START	1607017951128
REQUEST		request_0	1607017951128	1607017951219	OK	 
USER	gatwai	END	1607017951220
USER	gatwai	START	1607017951331
REQUEST		request_0	1607017951331	1607017951423	OK	 
USER	gatwai	END	1607017951424
USER	gatwai	START	1607017951536
REQUEST		request_0	1607017951537	1607017951671	OK	 
USER	gatwai	END	1607017951672
USER	gatwai	START	1607017951723
REQUEST		request_0	1607017951723	1607017951811	OK	 
USER	gatwai	END	1607017951811
USER	gatwai	START	1607017951926
REQUEST		request_0	1607017951926	1607017952041	OK	 
USER	gatwai	END	1607017952042
USER	gatwai	START	1607017952129
REQUEST		request_0	1607017952130	1607017952227	OK	 
USER	gatwai	END	1607017952228
USER	gatwai	START	1607017952332
REQUEST		request_0	1607017952333	1607017952438	OK	 
USER	gatwai	END	1607017952438
USER	gatwai	START	1607017952522
REQUEST		request_0	1607017952523	1607017952614	OK	 
USER	gatwai	END	1607017952614
USER	gatwai	START	1607017952723
REQUEST		request_0	1607017952723	1607017952823	OK	 
USER	gatwai	END	1607017952824
USER	gatwai	START	1607017952926
REQUEST		request_0	1607017952927	1607017953023	OK	 
USER	gatwai	END	1607017953023
USER	gatwai	START	1607017953130
REQUEST		request_0	1607017953130	1607017953230	OK	 
USER	gatwai	END	1607017953230
USER	gatwai	START	1607017953333
REQUEST		request_0	1607017953333	1607017953433	OK	 
USER	gatwai	END	1607017953433
USER	gatwai	START	1607017953552
REQUEST		request_0	1607017953552	1607017953640	OK	 
USER	gatwai	END	1607017953640
USER	gatwai	START	1607017953723
REQUEST		request_0	1607017953723	1607017953820	OK	 
USER	gatwai	END	1607017953821
USER	gatwai	START	1607017953926
REQUEST		request_0	1607017953927	1607017954030	OK	 
USER	gatwai	END	1607017954031
USER	gatwai	START	1607017954129
REQUEST		request_0	1607017954130	1607017954233	OK	 
USER	gatwai	END	1607017954234
USER	gatwai	START	1607017954332
REQUEST		request_0	1607017954333	1607017954454	OK	 
USER	gatwai	END	1607017954455
USER	gatwai	START	1607017954532
REQUEST		request_0	1607017954532	1607017954656	OK	 
USER	gatwai	END	1607017954657
USER	gatwai	START	1607017954734
REQUEST		request_0	1607017954735	1607017954827	OK	 
USER	gatwai	END	1607017954827
USER	gatwai	START	1607017954938
REQUEST		request_0	1607017954938	1607017955026	OK	 
USER	gatwai	END	1607017955027
USER	gatwai	START	1607017955125
REQUEST		request_0	1607017955125	1607017955223	OK	 
USER	gatwai	END	1607017955224
USER	gatwai	START	1607017955328
REQUEST		request_0	1607017955329	1607017955422	OK	 
USER	gatwai	END	1607017955422
USER	gatwai	START	1607017955531
REQUEST		request_0	1607017955532	1607017955629	OK	 
USER	gatwai	END	1607017955630
USER	gatwai	START	1607017955735
REQUEST		request_0	1607017955735	1607017955848	OK	 
USER	gatwai	END	1607017955848
USER	gatwai	START	1607017955938
REQUEST		request_0	1607017955938	1607017956034	OK	 
USER	gatwai	END	1607017956035
USER	gatwai	START	1607017956125
REQUEST		request_0	1607017956125	1607017956226	OK	 
USER	gatwai	END	1607017956227
USER	gatwai	START	1607017956328
REQUEST		request_0	1607017956329	1607017956424	OK	 
USER	gatwai	END	1607017956425
USER	gatwai	START	1607017956531
REQUEST		request_0	1607017956532	1607017956634	OK	 
USER	gatwai	END	1607017956634
USER	gatwai	START	1607017956735
REQUEST		request_0	1607017956735	1607017956836	OK	 
USER	gatwai	END	1607017956836
USER	gatwai	START	1607017956938
REQUEST		request_0	1607017956938	1607017957027	OK	 
USER	gatwai	END	1607017957027
USER	gatwai	START	1607017957125
REQUEST		request_0	1607017957125	1607017957228	OK	 
USER	gatwai	END	1607017957229
USER	gatwai	START	1607017957328
REQUEST		request_0	1607017957329	1607017957424	OK	 
USER	gatwai	END	1607017957425
USER	gatwai	START	1607017957531
REQUEST		request_0	1607017957532	1607017957620	OK	 
USER	gatwai	END	1607017957621
USER	gatwai	START	1607017957735
REQUEST		request_0	1607017957735	1607017957843	OK	 
USER	gatwai	END	1607017957844
USER	gatwai	START	1607017957938
REQUEST		request_0	1607017957938	1607017958026	OK	 
USER	gatwai	END	1607017958027
USER	gatwai	START	1607017958125
REQUEST		request_0	1607017958126	1607017958231	OK	 
USER	gatwai	END	1607017958231
USER	gatwai	START	1607017958329
REQUEST		request_0	1607017958329	1607017958426	OK	 
USER	gatwai	END	1607017958427
USER	gatwai	START	1607017958532
REQUEST		request_0	1607017958532	1607017958630	OK	 
USER	gatwai	END	1607017958631
USER	gatwai	START	1607017958735
REQUEST		request_0	1607017958735	1607017958836	OK	 
USER	gatwai	END	1607017958836
USER	gatwai	START	1607017958938
REQUEST		request_0	1607017958938	1607017959034	OK	 
USER	gatwai	END	1607017959035
USER	gatwai	START	1607017959125
REQUEST		request_0	1607017959126	1607017959226	OK	 
USER	gatwai	END	1607017959227
USER	gatwai	START	1607017959328
REQUEST		request_0	1607017959329	1607017959424	OK	 
USER	gatwai	END	1607017959424
USER	gatwai	START	1607017959525
REQUEST		request_0	1607017959525	1607017959622	OK	 
USER	gatwai	END	1607017959623
USER	gatwai	START	1607017959728
REQUEST		request_0	1607017959728	1607017959822	OK	 
USER	gatwai	END	1607017959823
USER	gatwai	START	1607017959931
REQUEST		request_0	1607017959931	1607017960025	OK	 
USER	gatwai	END	1607017960026
USER	gatwai	START	1607017960134
REQUEST		request_0	1607017960134	1607017960227	OK	 
USER	gatwai	END	1607017960228
USER	gatwai	START	1607017960337
REQUEST		request_0	1607017960338	1607017960446	OK	 
USER	gatwai	END	1607017960447
USER	gatwai	START	1607017960525
REQUEST		request_0	1607017960525	1607017960625	OK	 
USER	gatwai	END	1607017960626
USER	gatwai	START	1607017960735
REQUEST		request_0	1607017960735	1607017960834	OK	 
USER	gatwai	END	1607017960834
USER	gatwai	START	1607017960938
REQUEST		request_0	1607017960938	1607017961033	OK	 
USER	gatwai	END	1607017961034
USER	gatwai	START	1607017961125
REQUEST		request_0	1607017961126	1607017961220	OK	 
USER	gatwai	END	1607017961221
USER	gatwai	START	1607017961328
REQUEST		request_0	1607017961329	1607017961429	OK	 
USER	gatwai	END	1607017961429
USER	gatwai	START	1607017961532
REQUEST		request_0	1607017961532	1607017961630	OK	 
USER	gatwai	END	1607017961630
USER	gatwai	START	1607017961735
REQUEST		request_0	1607017961735	1607017961829	OK	 
USER	gatwai	END	1607017961830
USER	gatwai	START	1607017961931
REQUEST		request_0	1607017961931	1607017962026	OK	 
USER	gatwai	END	1607017962026
USER	gatwai	START	1607017962134
REQUEST		request_0	1607017962134	1607017962226	OK	 
USER	gatwai	END	1607017962226
USER	gatwai	START	1607017962337
REQUEST		request_0	1607017962337	1607017962432	OK	 
USER	gatwai	END	1607017962433
USER	gatwai	START	1607017962525
REQUEST		request_0	1607017962525	1607017962618	OK	 
USER	gatwai	END	1607017962618
USER	gatwai	START	1607017962728
REQUEST		request_0	1607017962728	1607017962818	OK	 
USER	gatwai	END	1607017962819
USER	gatwai	START	1607017962931
REQUEST		request_0	1607017962931	1607017963036	OK	 
USER	gatwai	END	1607017963037
USER	gatwai	START	1607017963134
REQUEST		request_0	1607017963134	1607017963231	OK	 
USER	gatwai	END	1607017963232
USER	gatwai	START	1607017963337
REQUEST		request_0	1607017963338	1607017963431	OK	 
USER	gatwai	END	1607017963431
USER	gatwai	START	1607017963525
REQUEST		request_0	1607017963526	1607017963622	OK	 
USER	gatwai	END	1607017963623
USER	gatwai	START	1607017963728
REQUEST		request_0	1607017963729	1607017963820	OK	 
USER	gatwai	END	1607017963821
USER	gatwai	START	1607017963931
REQUEST		request_0	1607017963932	1607017964034	OK	 
USER	gatwai	END	1607017964035
USER	gatwai	START	1607017964129
REQUEST		request_0	1607017964129	1607017964229	OK	 
USER	gatwai	END	1607017964229
USER	gatwai	START	1607017964332
REQUEST		request_0	1607017964332	1607017964421	OK	 
USER	gatwai	END	1607017964422
USER	gatwai	START	1607017964535
REQUEST		request_0	1607017964535	1607017964638	OK	 
USER	gatwai	END	1607017964638
USER	gatwai	START	1607017964739
REQUEST		request_0	1607017964739	1607017964827	OK	 
USER	gatwai	END	1607017964828
USER	gatwai	START	1607017964927
REQUEST		request_0	1607017964927	1607017965020	OK	 
USER	gatwai	END	1607017965021
USER	gatwai	START	1607017965130
REQUEST		request_0	1607017965131	1607017965236	OK	 
USER	gatwai	END	1607017965237
USER	gatwai	START	1607017965337
REQUEST		request_0	1607017965337	1607017965429	OK	 
USER	gatwai	END	1607017965429
USER	gatwai	START	1607017965525
REQUEST		request_0	1607017965525	1607017965629	OK	 
USER	gatwai	END	1607017965630
USER	gatwai	START	1607017965728
REQUEST		request_0	1607017965728	1607017965824	OK	 
USER	gatwai	END	1607017965825
USER	gatwai	START	1607017965934
REQUEST		request_0	1607017965934	1607017966024	OK	 
USER	gatwai	END	1607017966024
USER	gatwai	START	1607017966126
REQUEST		request_0	1607017966126	1607017966215	OK	 
USER	gatwai	END	1607017966216
USER	gatwai	START	1607017966329
REQUEST		request_0	1607017966329	1607017966437	OK	 
USER	gatwai	END	1607017966438
USER	gatwai	START	1607017966532
REQUEST		request_0	1607017966533	1607017966628	OK	 
USER	gatwai	END	1607017966629
USER	gatwai	START	1607017966723
REQUEST		request_0	1607017966723	1607017966816	OK	 
USER	gatwai	END	1607017966816
USER	gatwai	START	1607017966927
REQUEST		request_0	1607017966927	1607017967056	OK	 
USER	gatwai	END	1607017967056
USER	gatwai	START	1607017967138
REQUEST		request_0	1607017967139	1607017967241	OK	 
USER	gatwai	END	1607017967242
USER	gatwai	START	1607017967325
REQUEST		request_0	1607017967326	1607017967427	OK	 
USER	gatwai	END	1607017967427
USER	gatwai	START	1607017967528
REQUEST		request_0	1607017967529	1607017967616	OK	 
USER	gatwai	END	1607017967617
USER	gatwai	START	1607017967732
REQUEST		request_0	1607017967732	1607017967842	OK	 
USER	gatwai	END	1607017967842
USER	gatwai	START	1607017967935
REQUEST		request_0	1607017967935	1607017968028	OK	 
USER	gatwai	END	1607017968029
USER	gatwai	START	1607017968139
REQUEST		request_0	1607017968139	1607017968252	OK	 
USER	gatwai	END	1607017968252
USER	gatwai	START	1607017968325
REQUEST		request_0	1607017968326	1607017968424	OK	 
USER	gatwai	END	1607017968425
USER	gatwai	START	1607017968528
REQUEST		request_0	1607017968529	1607017968618	OK	 
USER	gatwai	END	1607017968619
USER	gatwai	START	1607017968732
REQUEST		request_0	1607017968732	1607017968825	OK	 
USER	gatwai	END	1607017968826
USER	gatwai	START	1607017968923
REQUEST		request_0	1607017968924	1607017969022	OK	 
USER	gatwai	END	1607017969022
USER	gatwai	START	1607017969127
REQUEST		request_0	1607017969127	1607017969222	OK	 
USER	gatwai	END	1607017969223
USER	gatwai	START	1607017969325
REQUEST		request_0	1607017969325	1607017969418	OK	 
USER	gatwai	END	1607017969419
USER	gatwai	START	1607017969528
REQUEST		request_0	1607017969528	1607017969625	OK	 
USER	gatwai	END	1607017969625
USER	gatwai	START	1607017969731
REQUEST		request_0	1607017969731	1607017969833	OK	 
USER	gatwai	END	1607017969833
USER	gatwai	START	1607017969935
REQUEST		request_0	1607017969935	1607017970030	OK	 
USER	gatwai	END	1607017970031
USER	gatwai	START	1607017970138
REQUEST		request_0	1607017970138	1607017970239	OK	 
USER	gatwai	END	1607017970240
USER	gatwai	START	1607017970324
REQUEST		request_0	1607017970324	1607017970415	OK	 
USER	gatwai	END	1607017970416
USER	gatwai	START	1607017970527
REQUEST		request_0	1607017970527	1607017970626	OK	 
USER	gatwai	END	1607017970627
USER	gatwai	START	1607017970730
REQUEST		request_0	1607017970730	1607017970822	OK	 
USER	gatwai	END	1607017970823
USER	gatwai	START	1607017970933
REQUEST		request_0	1607017970934	1607017971036	OK	 
USER	gatwai	END	1607017971037
USER	gatwai	START	1607017971136
REQUEST		request_0	1607017971137	1607017971236	OK	 
USER	gatwai	END	1607017971236
USER	gatwai	START	1607017971324
REQUEST		request_0	1607017971324	1607017971427	OK	 
USER	gatwai	END	1607017971428
USER	gatwai	START	1607017971527
REQUEST		request_0	1607017971527	1607017971626	OK	 
USER	gatwai	END	1607017971627
USER	gatwai	START	1607017971730
REQUEST		request_0	1607017971731	1607017971826	OK	 
USER	gatwai	END	1607017971827
USER	gatwai	START	1607017971933
REQUEST		request_0	1607017971934	1607017972041	OK	 
USER	gatwai	END	1607017972041
USER	gatwai	START	1607017972137
REQUEST		request_0	1607017972137	1607017972247	OK	 
USER	gatwai	END	1607017972248
USER	gatwai	START	1607017972324
REQUEST		request_0	1607017972324	1607017972422	OK	 
USER	gatwai	END	1607017972423
USER	gatwai	START	1607017972531
REQUEST		request_0	1607017972531	1607017972631	OK	 
USER	gatwai	END	1607017972632
USER	gatwai	START	1607017972734
REQUEST		request_0	1607017972734	1607017972834	OK	 
USER	gatwai	END	1607017972835
USER	gatwai	START	1607017972937
REQUEST		request_0	1607017972938	1607017973046	OK	 
USER	gatwai	END	1607017973047
USER	gatwai	START	1607017973125
REQUEST		request_0	1607017973125	1607017973221	OK	 
USER	gatwai	END	1607017973222
USER	gatwai	START	1607017973328
REQUEST		request_0	1607017973329	1607017973418	OK	 
USER	gatwai	END	1607017973418
USER	gatwai	START	1607017973531
REQUEST		request_0	1607017973531	1607017973634	OK	 
USER	gatwai	END	1607017973634
USER	gatwai	START	1607017973734
REQUEST		request_0	1607017973734	1607017973833	OK	 
USER	gatwai	END	1607017973834
USER	gatwai	START	1607017973937
REQUEST		request_0	1607017973938	1607017974038	OK	 
USER	gatwai	END	1607017974039
USER	gatwai	START	1607017974125
REQUEST		request_0	1607017974125	1607017974219	OK	 
USER	gatwai	END	1607017974219
USER	gatwai	START	1607017974328
REQUEST		request_0	1607017974329	1607017974422	OK	 
USER	gatwai	END	1607017974423
USER	gatwai	START	1607017974531
REQUEST		request_0	1607017974532	1607017974647	OK	 
USER	gatwai	END	1607017974648
USER	gatwai	START	1607017974734
REQUEST		request_0	1607017974734	1607017974829	OK	 
USER	gatwai	END	1607017974830
USER	gatwai	START	1607017974937
REQUEST		request_0	1607017974937	1607017975033	OK	 
USER	gatwai	END	1607017975033
USER	gatwai	START	1607017975125
REQUEST		request_0	1607017975125	1607017975214	OK	 
USER	gatwai	END	1607017975215
USER	gatwai	START	1607017975328
REQUEST		request_0	1607017975328	1607017975424	OK	 
USER	gatwai	END	1607017975425
USER	gatwai	START	1607017975535
REQUEST		request_0	1607017975535	1607017975653	OK	 
USER	gatwai	END	1607017975654
USER	gatwai	START	1607017975738
REQUEST		request_0	1607017975739	1607017975837	OK	 
USER	gatwai	END	1607017975837
USER	gatwai	START	1607017975926
REQUEST		request_0	1607017975926	1607017976016	OK	 
USER	gatwai	END	1607017976017
USER	gatwai	START	1607017976129
REQUEST		request_0	1607017976129	1607017976219	OK	 
USER	gatwai	END	1607017976220
USER	gatwai	START	1607017976333
REQUEST		request_0	1607017976333	1607017976433	OK	 
USER	gatwai	END	1607017976434
USER	gatwai	START	1607017976535
REQUEST		request_0	1607017976535	1607017976638	OK	 
USER	gatwai	END	1607017976638
USER	gatwai	START	1607017976733
REQUEST		request_0	1607017976733	1607017976830	OK	 
USER	gatwai	END	1607017976831
USER	gatwai	START	1607017976936
REQUEST		request_0	1607017976936	1607017977029	OK	 
USER	gatwai	END	1607017977030
USER	gatwai	START	1607017977123
REQUEST		request_0	1607017977124	1607017977231	OK	 
USER	gatwai	END	1607017977232
USER	gatwai	START	1607017977326
REQUEST		request_0	1607017977326	1607017977432	OK	 
USER	gatwai	END	1607017977432
USER	gatwai	START	1607017977534
REQUEST		request_0	1607017977535	1607017977629	OK	 
USER	gatwai	END	1607017977629
USER	gatwai	START	1607017977737
REQUEST		request_0	1607017977738	1607017977827	OK	 
USER	gatwai	END	1607017977828
USER	gatwai	START	1607017977925
REQUEST		request_0	1607017977926	1607017978018	OK	 
USER	gatwai	END	1607017978018
USER	gatwai	START	1607017978128
REQUEST		request_0	1607017978128	1607017978218	OK	 
USER	gatwai	END	1607017978219
USER	gatwai	START	1607017978331
REQUEST		request_0	1607017978331	1607017978434	OK	 
USER	gatwai	END	1607017978434
USER	gatwai	START	1607017978536
REQUEST		request_0	1607017978537	1607017978634	OK	 
USER	gatwai	END	1607017978635
USER	gatwai	START	1607017978724
REQUEST		request_0	1607017978724	1607017978831	OK	 
USER	gatwai	END	1607017978831
USER	gatwai	START	1607017978927
REQUEST		request_0	1607017978927	1607017979022	OK	 
USER	gatwai	END	1607017979023
USER	gatwai	START	1607017979130
REQUEST		request_0	1607017979130	1607017979224	OK	 
USER	gatwai	END	1607017979224
USER	gatwai	START	1607017979326
REQUEST		request_0	1607017979326	1607017979418	OK	 
USER	gatwai	END	1607017979419
USER	gatwai	START	1607017979529
REQUEST		request_0	1607017979529	1607017979629	OK	 
USER	gatwai	END	1607017979629
USER	gatwai	START	1607017979732
REQUEST		request_0	1607017979732	1607017979829	OK	 
USER	gatwai	END	1607017979829
USER	gatwai	START	1607017979935
REQUEST		request_0	1607017979935	1607017980046	OK	 
USER	gatwai	END	1607017980047
USER	gatwai	START	1607017980122
REQUEST		request_0	1607017980123	1607017980224	OK	 
USER	gatwai	END	1607017980224
USER	gatwai	START	1607017980326
REQUEST		request_0	1607017980326	1607017980432	OK	 
USER	gatwai	END	1607017980433
USER	gatwai	START	1607017980529
REQUEST		request_0	1607017980530	1607017980639	OK	 
USER	gatwai	END	1607017980639
USER	gatwai	START	1607017980732
REQUEST		request_0	1607017980732	1607017980828	OK	 
USER	gatwai	END	1607017980828
USER	gatwai	START	1607017980935
REQUEST		request_0	1607017980935	1607017981043	OK	 
USER	gatwai	END	1607017981044
USER	gatwai	START	1607017981123
REQUEST		request_0	1607017981124	1607017981211	OK	 
USER	gatwai	END	1607017981212
USER	gatwai	START	1607017981327
REQUEST		request_0	1607017981327	1607017981426	OK	 
USER	gatwai	END	1607017981426
USER	gatwai	START	1607017981530
REQUEST		request_0	1607017981530	1607017981618	OK	 
USER	gatwai	END	1607017981618
USER	gatwai	START	1607017981733
REQUEST		request_0	1607017981733	1607017981822	OK	 
USER	gatwai	END	1607017981823
USER	gatwai	START	1607017981936
REQUEST		request_0	1607017981936	1607017982048	OK	 
USER	gatwai	END	1607017982048
USER	gatwai	START	1607017982128
REQUEST		request_0	1607017982128	1607017982239	OK	 
USER	gatwai	END	1607017982240
USER	gatwai	START	1607017982331
REQUEST		request_0	1607017982331	1607017982433	OK	 
USER	gatwai	END	1607017982434
USER	gatwai	START	1607017982534
REQUEST		request_0	1607017982534	1607017982635	OK	 
USER	gatwai	END	1607017982635
USER	gatwai	START	1607017982737
REQUEST		request_0	1607017982737	1607017982830	OK	 
USER	gatwai	END	1607017982830
USER	gatwai	START	1607017982925
REQUEST		request_0	1607017982925	1607017983026	OK	 
USER	gatwai	END	1607017983026
USER	gatwai	START	1607017983128
REQUEST		request_0	1607017983128	1607017983222	OK	 
USER	gatwai	END	1607017983222
USER	gatwai	START	1607017983331
REQUEST		request_0	1607017983331	1607017983436	OK	 
USER	gatwai	END	1607017983437
USER	gatwai	START	1607017983534
REQUEST		request_0	1607017983534	1607017983638	OK	 
USER	gatwai	END	1607017983639
USER	gatwai	START	1607017983737
REQUEST		request_0	1607017983737	1607017983834	OK	 
USER	gatwai	END	1607017983835
USER	gatwai	START	1607017983925
REQUEST		request_0	1607017983925	1607017984014	OK	 
USER	gatwai	END	1607017984015
USER	gatwai	START	1607017984128
REQUEST		request_0	1607017984128	1607017984217	OK	 
USER	gatwai	END	1607017984218
USER	gatwai	START	1607017984331
REQUEST		request_0	1607017984331	1607017984429	OK	 
USER	gatwai	END	1607017984429
USER	gatwai	START	1607017984534
REQUEST		request_0	1607017984534	1607017984638	OK	 
USER	gatwai	END	1607017984638
USER	gatwai	START	1607017984726
REQUEST		request_0	1607017984726	1607017984817	OK	 
USER	gatwai	END	1607017984817
USER	gatwai	START	1607017984929
REQUEST		request_0	1607017984929	1607017985020	OK	 
USER	gatwai	END	1607017985020
USER	gatwai	START	1607017985132
REQUEST		request_0	1607017985133	1607017985243	OK	 
USER	gatwai	END	1607017985243
USER	gatwai	START	1607017985335
REQUEST		request_0	1607017985335	1607017985435	OK	 
USER	gatwai	END	1607017985435
USER	gatwai	START	1607017985538
REQUEST		request_0	1607017985539	1607017985631	OK	 
USER	gatwai	END	1607017985632
USER	gatwai	START	1607017985729
REQUEST		request_0	1607017985730	1607017985828	OK	 
USER	gatwai	END	1607017985828
USER	gatwai	START	1607017985932
REQUEST		request_0	1607017985933	1607017986025	OK	 
USER	gatwai	END	1607017986026
USER	gatwai	START	1607017986135
REQUEST		request_0	1607017986136	1607017986224	OK	 
USER	gatwai	END	1607017986225
USER	gatwai	START	1607017986323
REQUEST		request_0	1607017986323	1607017986429	OK	 
USER	gatwai	END	1607017986429
USER	gatwai	START	1607017986526
REQUEST		request_0	1607017986526	1607017986624	OK	 
USER	gatwai	END	1607017986624
USER	gatwai	START	1607017986726
REQUEST		request_0	1607017986727	1607017986841	OK	 
USER	gatwai	END	1607017986842
USER	gatwai	START	1607017986929
REQUEST		request_0	1607017986929	1607017987025	OK	 
USER	gatwai	END	1607017987026
USER	gatwai	START	1607017987132
REQUEST		request_0	1607017987133	1607017987245	OK	 
USER	gatwai	END	1607017987246
USER	gatwai	START	1607017987335
REQUEST		request_0	1607017987336	1607017987429	OK	 
USER	gatwai	END	1607017987429
USER	gatwai	START	1607017987539
REQUEST		request_0	1607017987539	1607017987637	OK	 
USER	gatwai	END	1607017987638
USER	gatwai	START	1607017987726
REQUEST		request_0	1607017987726	1607017987825	OK	 
USER	gatwai	END	1607017987825
USER	gatwai	START	1607017987929
REQUEST		request_0	1607017987929	1607017988029	OK	 
USER	gatwai	END	1607017988029
USER	gatwai	START	1607017988132
REQUEST		request_0	1607017988132	1607017988227	OK	 
USER	gatwai	END	1607017988228
USER	gatwai	START	1607017988335
REQUEST		request_0	1607017988336	1607017988437	OK	 
USER	gatwai	END	1607017988438
USER	gatwai	START	1607017988523
REQUEST		request_0	1607017988523	1607017988613	OK	 
USER	gatwai	END	1607017988613
USER	gatwai	START	1607017988726
REQUEST		request_0	1607017988726	1607017988841	OK	 
USER	gatwai	END	1607017988841
USER	gatwai	START	1607017988929
REQUEST		request_0	1607017988929	1607017989026	OK	 
USER	gatwai	END	1607017989027
USER	gatwai	START	1607017989133
REQUEST		request_0	1607017989134	1607017989246	OK	 
USER	gatwai	END	1607017989247
USER	gatwai	START	1607017989337
REQUEST		request_0	1607017989337	1607017989446	OK	 
USER	gatwai	END	1607017989446
USER	gatwai	START	1607017989524
REQUEST		request_0	1607017989524	1607017989616	OK	 
USER	gatwai	END	1607017989616
USER	gatwai	START	1607017989727
REQUEST		request_0	1607017989727	1607017989817	OK	 
USER	gatwai	END	1607017989818
USER	gatwai	START	1607017989930
REQUEST		request_0	1607017989931	1607017990029	OK	 
USER	gatwai	END	1607017990029
USER	gatwai	START	1607017990133
REQUEST		request_0	1607017990134	1607017990230	OK	 
USER	gatwai	END	1607017990231
USER	gatwai	START	1607017990325
REQUEST		request_0	1607017990325	1607017990425	OK	 
USER	gatwai	END	1607017990426
USER	gatwai	START	1607017990528
REQUEST		request_0	1607017990528	1607017990623	OK	 
USER	gatwai	END	1607017990623
USER	gatwai	START	1607017990731
REQUEST		request_0	1607017990732	1607017990832	OK	 
USER	gatwai	END	1607017990833
USER	gatwai	START	1607017990934
REQUEST		request_0	1607017990935	1607017991031	OK	 
USER	gatwai	END	1607017991032
USER	gatwai	START	1607017991137
REQUEST		request_0	1607017991138	1607017991233	OK	 
USER	gatwai	END	1607017991234
USER	gatwai	START	1607017991325
REQUEST		request_0	1607017991325	1607017991432	OK	 
USER	gatwai	END	1607017991433
USER	gatwai	START	1607017991528
REQUEST		request_0	1607017991528	1607017991631	OK	 
USER	gatwai	END	1607017991632
USER	gatwai	START	1607017991731
REQUEST		request_0	1607017991731	1607017991824	OK	 
USER	gatwai	END	1607017991825
USER	gatwai	START	1607017991934
REQUEST		request_0	1607017991935	1607017992025	OK	 
USER	gatwai	END	1607017992026
USER	gatwai	START	1607017992138
REQUEST		request_0	1607017992138	1607017992244	OK	 
USER	gatwai	END	1607017992244
USER	gatwai	START	1607017992325
REQUEST		request_0	1607017992326	1607017992424	OK	 
USER	gatwai	END	1607017992425
USER	gatwai	START	1607017992528
REQUEST		request_0	1607017992529	1607017992646	OK	 
USER	gatwai	END	1607017992647
USER	gatwai	START	1607017992732
REQUEST		request_0	1607017992732	1607017992827	OK	 
USER	gatwai	END	1607017992828
USER	gatwai	START	1607017992935
REQUEST		request_0	1607017992935	1607017993036	OK	 
USER	gatwai	END	1607017993037
USER	gatwai	START	1607017993138
REQUEST		request_0	1607017993138	1607017993238	OK	 
USER	gatwai	END	1607017993239
USER	gatwai	START	1607017993325
REQUEST		request_0	1607017993325	1607017993417	OK	 
USER	gatwai	END	1607017993417
USER	gatwai	START	1607017993528
REQUEST		request_0	1607017993529	1607017993623	OK	 
USER	gatwai	END	1607017993624
USER	gatwai	START	1607017993732
REQUEST		request_0	1607017993732	1607017993828	OK	 
USER	gatwai	END	1607017993828
USER	gatwai	START	1607017993935
REQUEST		request_0	1607017993935	1607017994037	OK	 
USER	gatwai	END	1607017994038
USER	gatwai	START	1607017994138
REQUEST		request_0	1607017994138	1607017994249	OK	 
USER	gatwai	END	1607017994249
USER	gatwai	START	1607017994325
REQUEST		request_0	1607017994326	1607017994425	OK	 
USER	gatwai	END	1607017994425
USER	gatwai	START	1607017994529
REQUEST		request_0	1607017994529	1607017994623	OK	 
USER	gatwai	END	1607017994624
USER	gatwai	START	1607017994732
REQUEST		request_0	1607017994732	1607017994834	OK	 
USER	gatwai	END	1607017994835
USER	gatwai	START	1607017994935
REQUEST		request_0	1607017994935	1607017995033	OK	 
USER	gatwai	END	1607017995034
USER	gatwai	START	1607017995138
REQUEST		request_0	1607017995138	1607017995236	OK	 
USER	gatwai	END	1607017995237
USER	gatwai	START	1607017995325
REQUEST		request_0	1607017995326	1607017995416	OK	 
USER	gatwai	END	1607017995416
USER	gatwai	START	1607017995529
REQUEST		request_0	1607017995529	1607017995638	OK	 
USER	gatwai	END	1607017995639
USER	gatwai	START	1607017995732
REQUEST		request_0	1607017995732	1607017995836	OK	 
USER	gatwai	END	1607017995836
USER	gatwai	START	1607017995935
REQUEST		request_0	1607017995935	1607017996027	OK	 
USER	gatwai	END	1607017996028
USER	gatwai	START	1607017996138
REQUEST		request_0	1607017996138	1607017996226	OK	 
USER	gatwai	END	1607017996226
USER	gatwai	START	1607017996325
REQUEST		request_0	1607017996326	1607017996424	OK	 
USER	gatwai	END	1607017996425
USER	gatwai	START	1607017996528
REQUEST		request_0	1607017996529	1607017996631	OK	 
USER	gatwai	END	1607017996632
USER	gatwai	START	1607017996732
REQUEST		request_0	1607017996732	1607017996836	OK	 
USER	gatwai	END	1607017996837
USER	gatwai	START	1607017996935
REQUEST		request_0	1607017996935	1607017997022	OK	 
USER	gatwai	END	1607017997022
USER	gatwai	START	1607017997138
REQUEST		request_0	1607017997138	1607017997248	OK	 
USER	gatwai	END	1607017997248
USER	gatwai	START	1607017997325
REQUEST		request_0	1607017997326	1607017997419	OK	 
USER	gatwai	END	1607017997419
USER	gatwai	START	1607017997529
REQUEST		request_0	1607017997529	1607017997632	OK	 
USER	gatwai	END	1607017997632
USER	gatwai	START	1607017997732
REQUEST		request_0	1607017997732	1607017997832	OK	 
USER	gatwai	END	1607017997833
USER	gatwai	START	1607017997935
REQUEST		request_0	1607017997935	1607017998033	OK	 
USER	gatwai	END	1607017998034
USER	gatwai	START	1607017998122
REQUEST		request_0	1607017998122	1607017998216	OK	 
USER	gatwai	END	1607017998216
USER	gatwai	START	1607017998325
REQUEST		request_0	1607017998325	1607017998416	OK	 
USER	gatwai	END	1607017998417
USER	gatwai	START	1607017998529
REQUEST		request_0	1607017998529	1607017998634	OK	 
USER	gatwai	END	1607017998634
USER	gatwai	START	1607017998732
REQUEST		request_0	1607017998732	1607017998830	OK	 
USER	gatwai	END	1607017998831
USER	gatwai	START	1607017998935
REQUEST		request_0	1607017998935	1607017999034	OK	 
USER	gatwai	END	1607017999034
USER	gatwai	START	1607017999138
REQUEST		request_0	1607017999138	1607017999237	OK	 
USER	gatwai	END	1607017999238
USER	gatwai	START	1607017999325
REQUEST		request_0	1607017999326	1607017999423	OK	 
USER	gatwai	END	1607017999424
USER	gatwai	START	1607017999528
REQUEST		request_0	1607017999529	1607017999619	OK	 
USER	gatwai	END	1607017999619
USER	gatwai	START	1607017999732
REQUEST		request_0	1607017999732	1607017999830	OK	 
USER	gatwai	END	1607017999831
USER	gatwai	START	1607017999935
REQUEST		request_0	1607017999935	1607018000046	OK	 
USER	gatwai	END	1607018000047
USER	gatwai	START	1607018000138
REQUEST		request_0	1607018000138	1607018000231	OK	 
USER	gatwai	END	1607018000232
USER	gatwai	START	1607018000325
REQUEST		request_0	1607018000326	1607018000428	OK	 
USER	gatwai	END	1607018000428
USER	gatwai	START	1607018000529
REQUEST		request_0	1607018000529	1607018000635	OK	 
USER	gatwai	END	1607018000635
USER	gatwai	START	1607018000732
REQUEST		request_0	1607018000732	1607018000836	OK	 
USER	gatwai	END	1607018000837
USER	gatwai	START	1607018000935
REQUEST		request_0	1607018000935	1607018001033	OK	 
USER	gatwai	END	1607018001034
USER	gatwai	START	1607018001138
REQUEST		request_0	1607018001138	1607018001241	OK	 
USER	gatwai	END	1607018001241
USER	gatwai	START	1607018001342
REQUEST		request_0	1607018001342	1607018001431	OK	 
USER	gatwai	END	1607018001431
USER	gatwai	START	1607018001529
REQUEST		request_0	1607018001530	1607018001629	OK	 
USER	gatwai	END	1607018001629
USER	gatwai	START	1607018001733
REQUEST		request_0	1607018001733	1607018001830	OK	 
USER	gatwai	END	1607018001830
USER	gatwai	START	1607018001937
REQUEST		request_0	1607018001937	1607018002032	OK	 
USER	gatwai	END	1607018002033
USER	gatwai	START	1607018002139
REQUEST		request_0	1607018002139	1607018002227	OK	 
USER	gatwai	END	1607018002228
USER	gatwai	START	1607018002359
REQUEST		request_0	1607018002359	1607018002447	OK	 
USER	gatwai	END	1607018002448
USER	gatwai	START	1607018002531
REQUEST		request_0	1607018002531	1607018002631	OK	 
USER	gatwai	END	1607018002632
USER	gatwai	START	1607018002734
REQUEST		request_0	1607018002735	1607018002830	OK	 
USER	gatwai	END	1607018002832
USER	gatwai	START	1607018002937
REQUEST		request_0	1607018002937	1607018003040	OK	 
USER	gatwai	END	1607018003041
USER	gatwai	START	1607018003124
REQUEST		request_0	1607018003125	1607018003235	OK	 
USER	gatwai	END	1607018003236
USER	gatwai	START	1607018003327
REQUEST		request_0	1607018003327	1607018003422	OK	 
USER	gatwai	END	1607018003423
USER	gatwai	START	1607018003535
REQUEST		request_0	1607018003535	1607018003638	OK	 
USER	gatwai	END	1607018003638
USER	gatwai	START	1607018003738
REQUEST		request_0	1607018003738	1607018003843	OK	 
USER	gatwai	END	1607018003843
USER	gatwai	START	1607018003930
REQUEST		request_0	1607018003930	1607018004023	OK	 
USER	gatwai	END	1607018004023
USER	gatwai	START	1607018004133
REQUEST		request_0	1607018004133	1607018004223	OK	 
USER	gatwai	END	1607018004223
USER	gatwai	START	1607018004336
REQUEST		request_0	1607018004336	1607018004439	OK	 
USER	gatwai	END	1607018004439
USER	gatwai	START	1607018004524
REQUEST		request_0	1607018004524	1607018004611	OK	 
USER	gatwai	END	1607018004612
USER	gatwai	START	1607018004727
REQUEST		request_0	1607018004728	1607018004835	OK	 
USER	gatwai	END	1607018004835
USER	gatwai	START	1607018004937
REQUEST		request_0	1607018004938	1607018005036	OK	 
USER	gatwai	END	1607018005036
USER	gatwai	START	1607018005125
REQUEST		request_0	1607018005125	1607018005223	OK	 
USER	gatwai	END	1607018005223
USER	gatwai	START	1607018005328
REQUEST		request_0	1607018005328	1607018005416	OK	 
USER	gatwai	END	1607018005416
USER	gatwai	START	1607018005531
REQUEST		request_0	1607018005531	1607018005628	OK	 
USER	gatwai	END	1607018005629
USER	gatwai	START	1607018005734
REQUEST		request_0	1607018005734	1607018005843	OK	 
USER	gatwai	END	1607018005844
USER	gatwai	START	1607018005930
REQUEST		request_0	1607018005930	1607018006024	OK	 
USER	gatwai	END	1607018006025
USER	gatwai	START	1607018006133
REQUEST		request_0	1607018006133	1607018006230	OK	 
USER	gatwai	END	1607018006230
USER	gatwai	START	1607018006336
REQUEST		request_0	1607018006337	1607018006437	OK	 
USER	gatwai	END	1607018006438
USER	gatwai	START	1607018006524
REQUEST		request_0	1607018006524	1607018006621	OK	 
USER	gatwai	END	1607018006622
USER	gatwai	START	1607018006727
REQUEST		request_0	1607018006728	1607018006829	OK	 
USER	gatwai	END	1607018006830
USER	gatwai	START	1607018006930
REQUEST		request_0	1607018006931	1607018007032	OK	 
USER	gatwai	END	1607018007033
USER	gatwai	START	1607018007134
REQUEST		request_0	1607018007134	1607018007239	OK	 
USER	gatwai	END	1607018007239
USER	gatwai	START	1607018007337
REQUEST		request_0	1607018007337	1607018007433	OK	 
USER	gatwai	END	1607018007434
USER	gatwai	START	1607018007527
REQUEST		request_0	1607018007527	1607018007615	OK	 
USER	gatwai	END	1607018007616
USER	gatwai	START	1607018007730
REQUEST		request_0	1607018007731	1607018007831	OK	 
USER	gatwai	END	1607018007831
USER	gatwai	START	1607018007933
REQUEST		request_0	1607018007933	1607018008021	OK	 
USER	gatwai	END	1607018008022
USER	gatwai	START	1607018008137
REQUEST		request_0	1607018008137	1607018008237	OK	 
USER	gatwai	END	1607018008238
USER	gatwai	START	1607018008324
REQUEST		request_0	1607018008324	1607018008423	OK	 
USER	gatwai	END	1607018008424
USER	gatwai	START	1607018008527
REQUEST		request_0	1607018008528	1607018008624	OK	 
USER	gatwai	END	1607018008624
USER	gatwai	START	1607018008731
REQUEST		request_0	1607018008731	1607018008839	OK	 
USER	gatwai	END	1607018008839
USER	gatwai	START	1607018008934
REQUEST		request_0	1607018008934	1607018009025	OK	 
USER	gatwai	END	1607018009026
USER	gatwai	START	1607018009137
REQUEST		request_0	1607018009138	1607018009241	OK	 
USER	gatwai	END	1607018009242
USER	gatwai	START	1607018009324
REQUEST		request_0	1607018009325	1607018009415	OK	 
USER	gatwai	END	1607018009415
USER	gatwai	START	1607018009527
REQUEST		request_0	1607018009528	1607018009625	OK	 
USER	gatwai	END	1607018009626
USER	gatwai	START	1607018009731
REQUEST		request_0	1607018009731	1607018009838	OK	 
USER	gatwai	END	1607018009839
USER	gatwai	START	1607018009934
REQUEST		request_0	1607018009934	1607018010032	OK	 
USER	gatwai	END	1607018010032
USER	gatwai	START	1607018010137
REQUEST		request_0	1607018010137	1607018010224	OK	 
USER	gatwai	END	1607018010225
USER	gatwai	START	1607018010325
REQUEST		request_0	1607018010325	1607018010421	OK	 
USER	gatwai	END	1607018010422
USER	gatwai	START	1607018010529
REQUEST		request_0	1607018010529	1607018010624	OK	 
USER	gatwai	END	1607018010625
USER	gatwai	START	1607018010732
REQUEST		request_0	1607018010732	1607018010827	OK	 
USER	gatwai	END	1607018010828
USER	gatwai	START	1607018010935
REQUEST		request_0	1607018010935	1607018011041	OK	 
USER	gatwai	END	1607018011042
USER	gatwai	START	1607018011138
REQUEST		request_0	1607018011138	1607018011234	OK	 
USER	gatwai	END	1607018011234
USER	gatwai	START	1607018011325
REQUEST		request_0	1607018011326	1607018011425	OK	 
USER	gatwai	END	1607018011426
USER	gatwai	START	1607018011529
REQUEST		request_0	1607018011529	1607018011626	OK	 
USER	gatwai	END	1607018011627
USER	gatwai	START	1607018011737
REQUEST		request_0	1607018011737	1607018011832	OK	 
USER	gatwai	END	1607018011833
USER	gatwai	START	1607018011924
REQUEST		request_0	1607018011924	1607018012024	OK	 
USER	gatwai	END	1607018012024
USER	gatwai	START	1607018012126
REQUEST		request_0	1607018012126	1607018012212	OK	 
USER	gatwai	END	1607018012213
USER	gatwai	START	1607018012329
REQUEST		request_0	1607018012329	1607018012420	OK	 
USER	gatwai	END	1607018012421
USER	gatwai	START	1607018012532
REQUEST		request_0	1607018012532	1607018012626	OK	 
USER	gatwai	END	1607018012627
USER	gatwai	START	1607018012735
REQUEST		request_0	1607018012736	1607018012834	OK	 
USER	gatwai	END	1607018012834
USER	gatwai	START	1607018012923
REQUEST		request_0	1607018012923	1607018013017	OK	 
USER	gatwai	END	1607018013018
USER	gatwai	START	1607018013126
REQUEST		request_0	1607018013126	1607018013216	OK	 
USER	gatwai	END	1607018013217
USER	gatwai	START	1607018013329
REQUEST		request_0	1607018013329	1607018013420	OK	 
USER	gatwai	END	1607018013421
USER	gatwai	START	1607018013533
REQUEST		request_0	1607018013534	1607018013648	OK	 
USER	gatwai	END	1607018013648
USER	gatwai	START	1607018013735
REQUEST		request_0	1607018013736	1607018013836	OK	 
USER	gatwai	END	1607018013836
USER	gatwai	START	1607018013939
REQUEST		request_0	1607018013939	1607018014035	OK	 
USER	gatwai	END	1607018014035
USER	gatwai	START	1607018014126
REQUEST		request_0	1607018014126	1607018014217	OK	 
USER	gatwai	END	1607018014217
USER	gatwai	START	1607018014329
REQUEST		request_0	1607018014330	1607018014433	OK	 
USER	gatwai	END	1607018014434
USER	gatwai	START	1607018014532
REQUEST		request_0	1607018014533	1607018014631	OK	 
USER	gatwai	END	1607018014632
USER	gatwai	START	1607018014736
REQUEST		request_0	1607018014736	1607018014837	OK	 
USER	gatwai	END	1607018014837
USER	gatwai	START	1607018014923
REQUEST		request_0	1607018014923	1607018015021	OK	 
USER	gatwai	END	1607018015022
USER	gatwai	START	1607018015126
REQUEST		request_0	1607018015126	1607018015227	OK	 
USER	gatwai	END	1607018015228
USER	gatwai	START	1607018015330
REQUEST		request_0	1607018015330	1607018015438	OK	 
USER	gatwai	END	1607018015439
USER	gatwai	START	1607018015532
REQUEST		request_0	1607018015533	1607018015637	OK	 
USER	gatwai	END	1607018015638
USER	gatwai	START	1607018015736
REQUEST		request_0	1607018015736	1607018015842	OK	 
USER	gatwai	END	1607018015842
USER	gatwai	START	1607018015923
REQUEST		request_0	1607018015924	1607018016018	OK	 
USER	gatwai	END	1607018016019
USER	gatwai	START	1607018016127
REQUEST		request_0	1607018016127	1607018016227	OK	 
USER	gatwai	END	1607018016228
USER	gatwai	START	1607018016330
REQUEST		request_0	1607018016330	1607018016430	OK	 
USER	gatwai	END	1607018016430
USER	gatwai	START	1607018016533
REQUEST		request_0	1607018016533	1607018016634	OK	 
USER	gatwai	END	1607018016634
USER	gatwai	START	1607018016723
REQUEST		request_0	1607018016723	1607018016819	OK	 
USER	gatwai	END	1607018016820
USER	gatwai	START	1607018016927
REQUEST		request_0	1607018016927	1607018017030	OK	 
USER	gatwai	END	1607018017030
USER	gatwai	START	1607018017130
REQUEST		request_0	1607018017130	1607018017218	OK	 
USER	gatwai	END	1607018017218
USER	gatwai	START	1607018017333
REQUEST		request_0	1607018017333	1607018017422	OK	 
USER	gatwai	END	1607018017422
USER	gatwai	START	1607018017536
REQUEST		request_0	1607018017536	1607018017642	OK	 
USER	gatwai	END	1607018017643
USER	gatwai	START	1607018017723
REQUEST		request_0	1607018017723	1607018017814	OK	 
USER	gatwai	END	1607018017815
USER	gatwai	START	1607018017926
REQUEST		request_0	1607018017927	1607018018023	OK	 
USER	gatwai	END	1607018018024
USER	gatwai	START	1607018018130
REQUEST		request_0	1607018018130	1607018018229	OK	 
USER	gatwai	END	1607018018230
USER	gatwai	START	1607018018333
REQUEST		request_0	1607018018333	1607018018431	OK	 
USER	gatwai	END	1607018018431
USER	gatwai	START	1607018018536
REQUEST		request_0	1607018018536	1607018018636	OK	 
USER	gatwai	END	1607018018637
USER	gatwai	START	1607018018724
REQUEST		request_0	1607018018724	1607018018818	OK	 
USER	gatwai	END	1607018018818
USER	gatwai	START	1607018018927
REQUEST		request_0	1607018018927	1607018019024	OK	 
USER	gatwai	END	1607018019025
USER	gatwai	START	1607018019131
REQUEST		request_0	1607018019131	1607018019232	OK	 
USER	gatwai	END	1607018019232
USER	gatwai	START	1607018019333
REQUEST		request_0	1607018019334	1607018019430	OK	 
USER	gatwai	END	1607018019431
USER	gatwai	START	1607018019537
REQUEST		request_0	1607018019537	1607018019652	OK	 
USER	gatwai	END	1607018019652
USER	gatwai	START	1607018019722
REQUEST		request_0	1607018019723	1607018019816	OK	 
USER	gatwai	END	1607018019817
USER	gatwai	START	1607018019925
REQUEST		request_0	1607018019926	1607018020027	OK	 
USER	gatwai	END	1607018020027
USER	gatwai	START	1607018020129
REQUEST		request_0	1607018020129	1607018020230	OK	 
USER	gatwai	END	1607018020230
USER	gatwai	START	1607018020332
REQUEST		request_0	1607018020332	1607018020423	OK	 
USER	gatwai	END	1607018020424
