RUN	gatwai	gatwai	1607018288180	5ps2	3.4.1
USER	gatwai	START	1607018289126
USER	gatwai	START	1607018289324
REQUEST		request_0	1607018289144	1607018289499	OK	 
REQUEST		request_0	1607018289325	1607018289500	OK	 
USER	gatwai	START	1607018289516
USER	gatwai	END	1607018289578
USER	gatwai	END	1607018289578
REQUEST		request_0	1607018289516	1607018289672	OK	 
USER	gatwai	END	1607018289673
USER	gatwai	START	1607018289719
REQUEST		request_0	1607018289720	1607018289865	OK	 
USER	gatwai	END	1607018289866
USER	gatwai	START	1607018289923
REQUEST		request_0	1607018289923	1607018290035	OK	 
USER	gatwai	END	1607018290036
USER	gatwai	START	1607018290125
REQUEST		request_0	1607018290126	1607018290229	OK	 
USER	gatwai	END	1607018290230
USER	gatwai	START	1607018290329
REQUEST		request_0	1607018290329	1607018290422	OK	 
USER	gatwai	END	1607018290423
USER	gatwai	START	1607018290532
REQUEST		request_0	1607018290532	1607018290649	OK	 
USER	gatwai	END	1607018290650
USER	gatwai	START	1607018290719
REQUEST		request_0	1607018290719	1607018290818	OK	 
USER	gatwai	END	1607018290819
USER	gatwai	START	1607018290925
REQUEST		request_0	1607018290927	1607018291050	OK	 
USER	gatwai	END	1607018291051
USER	gatwai	START	1607018291128
REQUEST		request_0	1607018291129	1607018291224	OK	 
USER	gatwai	END	1607018291225
USER	gatwai	START	1607018291318
REQUEST		request_0	1607018291319	1607018291423	OK	 
USER	gatwai	END	1607018291424
USER	gatwai	START	1607018291521
REQUEST		request_0	1607018291522	1607018291606	OK	 
USER	gatwai	END	1607018291607
USER	gatwai	START	1607018291725
REQUEST		request_0	1607018291725	1607018291825	OK	 
USER	gatwai	END	1607018291826
USER	gatwai	START	1607018291912
REQUEST		request_0	1607018291912	1607018292009	OK	 
USER	gatwai	END	1607018292010
USER	gatwai	START	1607018292115
REQUEST		request_0	1607018292116	1607018292215	OK	 
USER	gatwai	END	1607018292216
USER	gatwai	START	1607018292319
REQUEST		request_0	1607018292319	1607018292429	OK	 
USER	gatwai	END	1607018292430
USER	gatwai	START	1607018292521
REQUEST		request_0	1607018292522	1607018292609	OK	 
USER	gatwai	END	1607018292610
USER	gatwai	START	1607018292725
REQUEST		request_0	1607018292726	1607018292836	OK	 
USER	gatwai	END	1607018292837
USER	gatwai	START	1607018292912
REQUEST		request_0	1607018292912	1607018293003	OK	 
USER	gatwai	END	1607018293004
USER	gatwai	START	1607018293116
REQUEST		request_0	1607018293116	1607018293211	OK	 
USER	gatwai	END	1607018293212
USER	gatwai	START	1607018293322
REQUEST		request_0	1607018293322	1607018293416	OK	 
USER	gatwai	END	1607018293417
USER	gatwai	START	1607018293524
REQUEST		request_0	1607018293525	1607018293626	OK	 
USER	gatwai	END	1607018293627
USER	gatwai	START	1607018293712
REQUEST		request_0	1607018293712	1607018293806	OK	 
USER	gatwai	END	1607018293807
USER	gatwai	START	1607018293915
REQUEST		request_0	1607018293915	1607018294009	OK	 
USER	gatwai	END	1607018294010
USER	gatwai	START	1607018294118
REQUEST		request_0	1607018294119	1607018294222	OK	 
USER	gatwai	END	1607018294223
USER	gatwai	START	1607018294321
REQUEST		request_0	1607018294321	1607018294414	OK	 
USER	gatwai	END	1607018294415
USER	gatwai	START	1607018294524
REQUEST		request_0	1607018294524	1607018294624	OK	 
USER	gatwai	END	1607018294624
USER	gatwai	START	1607018294711
REQUEST		request_0	1607018294712	1607018294797	OK	 
USER	gatwai	END	1607018294798
USER	gatwai	START	1607018294915
REQUEST		request_0	1607018294915	1607018295010	OK	 
USER	gatwai	END	1607018295010
USER	gatwai	START	1607018295118
REQUEST		request_0	1607018295118	1607018295222	OK	 
USER	gatwai	END	1607018295223
USER	gatwai	START	1607018295321
REQUEST		request_0	1607018295321	1607018295411	OK	 
USER	gatwai	END	1607018295412
USER	gatwai	START	1607018295524
REQUEST		request_0	1607018295525	1607018295621	OK	 
USER	gatwai	END	1607018295622
USER	gatwai	START	1607018295712
REQUEST		request_0	1607018295712	1607018295814	OK	 
USER	gatwai	END	1607018295815
USER	gatwai	START	1607018295915
REQUEST		request_0	1607018295915	1607018296006	OK	 
USER	gatwai	END	1607018296006
USER	gatwai	START	1607018296118
REQUEST		request_0	1607018296118	1607018296214	OK	 
USER	gatwai	END	1607018296215
USER	gatwai	START	1607018296321
REQUEST		request_0	1607018296321	1607018296413	OK	 
USER	gatwai	END	1607018296414
USER	gatwai	START	1607018296524
REQUEST		request_0	1607018296525	1607018296626	OK	 
USER	gatwai	END	1607018296627
USER	gatwai	START	1607018296711
REQUEST		request_0	1607018296712	1607018296801	OK	 
USER	gatwai	END	1607018296802
USER	gatwai	START	1607018296915
REQUEST		request_0	1607018296915	1607018297001	OK	 
USER	gatwai	END	1607018297002
USER	gatwai	START	1607018297118
REQUEST		request_0	1607018297118	1607018297220	OK	 
USER	gatwai	END	1607018297221
USER	gatwai	START	1607018297321
REQUEST		request_0	1607018297321	1607018297409	OK	 
USER	gatwai	END	1607018297410
USER	gatwai	START	1607018297524
REQUEST		request_0	1607018297525	1607018297622	OK	 
USER	gatwai	END	1607018297623
USER	gatwai	START	1607018297712
REQUEST		request_0	1607018297712	1607018297803	OK	 
USER	gatwai	END	1607018297804
USER	gatwai	START	1607018297915
REQUEST		request_0	1607018297915	1607018298002	OK	 
USER	gatwai	END	1607018298003
USER	gatwai	START	1607018298118
REQUEST		request_0	1607018298118	1607018298216	OK	 
USER	gatwai	END	1607018298217
USER	gatwai	START	1607018298321
REQUEST		request_0	1607018298321	1607018298421	OK	 
USER	gatwai	END	1607018298422
USER	gatwai	START	1607018298524
REQUEST		request_0	1607018298525	1607018298615	OK	 
USER	gatwai	END	1607018298616
USER	gatwai	START	1607018298711
REQUEST		request_0	1607018298712	1607018298800	OK	 
USER	gatwai	END	1607018298801
USER	gatwai	START	1607018298915
REQUEST		request_0	1607018298916	1607018299023	OK	 
USER	gatwai	END	1607018299024
USER	gatwai	START	1607018299118
REQUEST		request_0	1607018299118	1607018299213	OK	 
USER	gatwai	END	1607018299215
USER	gatwai	START	1607018299322
REQUEST		request_0	1607018299323	1607018299416	OK	 
USER	gatwai	END	1607018299417
USER	gatwai	START	1607018299510
REQUEST		request_0	1607018299510	1607018299603	OK	 
USER	gatwai	END	1607018299604
USER	gatwai	START	1607018299713
REQUEST		request_0	1607018299713	1607018299805	OK	 
USER	gatwai	END	1607018299806
USER	gatwai	START	1607018299917
REQUEST		request_0	1607018299917	1607018300029	OK	 
USER	gatwai	END	1607018300030
USER	gatwai	START	1607018300119
REQUEST		request_0	1607018300119	1607018300213	OK	 
USER	gatwai	END	1607018300214
USER	gatwai	START	1607018300322
REQUEST		request_0	1607018300323	1607018300420	OK	 
USER	gatwai	END	1607018300421
USER	gatwai	START	1607018300526
REQUEST		request_0	1607018300526	1607018300623	OK	 
USER	gatwai	END	1607018300624
USER	gatwai	START	1607018300713
REQUEST		request_0	1607018300713	1607018300807	OK	 
USER	gatwai	END	1607018300808
USER	gatwai	START	1607018300916
REQUEST		request_0	1607018300916	1607018301017	OK	 
USER	gatwai	END	1607018301018
USER	gatwai	START	1607018301119
REQUEST		request_0	1607018301120	1607018301213	OK	 
USER	gatwai	END	1607018301214
USER	gatwai	START	1607018301339
REQUEST		request_0	1607018301340	1607018301430	OK	 
USER	gatwai	END	1607018301430
USER	gatwai	START	1607018301511
REQUEST		request_0	1607018301512	1607018301602	OK	 
USER	gatwai	END	1607018301603
USER	gatwai	START	1607018301715
REQUEST		request_0	1607018301716	1607018301823	OK	 
USER	gatwai	END	1607018301824
USER	gatwai	START	1607018301917
REQUEST		request_0	1607018301918	1607018302014	OK	 
USER	gatwai	END	1607018302015
USER	gatwai	START	1607018302120
REQUEST		request_0	1607018302121	1607018302213	OK	 
USER	gatwai	END	1607018302214
USER	gatwai	START	1607018302323
REQUEST		request_0	1607018302324	1607018302414	OK	 
USER	gatwai	END	1607018302414
USER	gatwai	START	1607018302511
REQUEST		request_0	1607018302511	1607018302606	OK	 
USER	gatwai	END	1607018302607
USER	gatwai	START	1607018302714
REQUEST		request_0	1607018302715	1607018302806	OK	 
USER	gatwai	END	1607018302807
USER	gatwai	START	1607018302917
REQUEST		request_0	1607018302917	1607018303013	OK	 
USER	gatwai	END	1607018303014
USER	gatwai	START	1607018303120
REQUEST		request_0	1607018303121	1607018303225	OK	 
USER	gatwai	END	1607018303225
USER	gatwai	START	1607018303324
REQUEST		request_0	1607018303325	1607018303431	OK	 
USER	gatwai	END	1607018303432
USER	gatwai	START	1607018303511
REQUEST		request_0	1607018303511	1607018303602	OK	 
USER	gatwai	END	1607018303602
USER	gatwai	START	1607018303714
REQUEST		request_0	1607018303714	1607018303802	OK	 
USER	gatwai	END	1607018303803
USER	gatwai	START	1607018303917
REQUEST		request_0	1607018303918	1607018304020	OK	 
USER	gatwai	END	1607018304021
USER	gatwai	START	1607018304120
REQUEST		request_0	1607018304120	1607018304217	OK	 
USER	gatwai	END	1607018304218
USER	gatwai	START	1607018304324
REQUEST		request_0	1607018304324	1607018304421	OK	 
USER	gatwai	END	1607018304422
USER	gatwai	START	1607018304511
REQUEST		request_0	1607018304511	1607018304610	OK	 
USER	gatwai	END	1607018304611
USER	gatwai	START	1607018304714
REQUEST		request_0	1607018304715	1607018304805	OK	 
USER	gatwai	END	1607018304806
USER	gatwai	START	1607018304917
REQUEST		request_0	1607018304918	1607018305005	OK	 
USER	gatwai	END	1607018305006
USER	gatwai	START	1607018305120
REQUEST		request_0	1607018305121	1607018305220	OK	 
USER	gatwai	END	1607018305221
USER	gatwai	START	1607018305323
REQUEST		request_0	1607018305323	1607018305418	OK	 
USER	gatwai	END	1607018305419
USER	gatwai	START	1607018305514
REQUEST		request_0	1607018305514	1607018305606	OK	 
USER	gatwai	END	1607018305607
USER	gatwai	START	1607018305717
REQUEST		request_0	1607018305717	1607018305818	OK	 
USER	gatwai	END	1607018305819
USER	gatwai	START	1607018305919
REQUEST		request_0	1607018305920	1607018306008	OK	 
USER	gatwai	END	1607018306009
USER	gatwai	START	1607018306123
REQUEST		request_0	1607018306124	1607018306220	OK	 
USER	gatwai	END	1607018306221
USER	gatwai	START	1607018306326
REQUEST		request_0	1607018306326	1607018306416	OK	 
USER	gatwai	END	1607018306416
USER	gatwai	START	1607018306514
REQUEST		request_0	1607018306514	1607018306610	OK	 
USER	gatwai	END	1607018306611
USER	gatwai	START	1607018306717
REQUEST		request_0	1607018306717	1607018306803	OK	 
USER	gatwai	END	1607018306803
USER	gatwai	START	1607018306920
REQUEST		request_0	1607018306920	1607018307015	OK	 
USER	gatwai	END	1607018307016
USER	gatwai	START	1607018307123
REQUEST		request_0	1607018307123	1607018307221	OK	 
USER	gatwai	END	1607018307222
USER	gatwai	START	1607018307326
REQUEST		request_0	1607018307326	1607018307413	OK	 
USER	gatwai	END	1607018307413
USER	gatwai	START	1607018307513
REQUEST		request_0	1607018307514	1607018307610	OK	 
USER	gatwai	END	1607018307610
USER	gatwai	START	1607018307717
REQUEST		request_0	1607018307718	1607018307826	OK	 
USER	gatwai	END	1607018307826
USER	gatwai	START	1607018307911
REQUEST		request_0	1607018307912	1607018308002	OK	 
USER	gatwai	END	1607018308002
USER	gatwai	START	1607018308114
REQUEST		request_0	1607018308115	1607018308212	OK	 
USER	gatwai	END	1607018308213
USER	gatwai	START	1607018308318
REQUEST		request_0	1607018308318	1607018308414	OK	 
USER	gatwai	END	1607018308415
USER	gatwai	START	1607018308521
REQUEST		request_0	1607018308521	1607018308612	OK	 
USER	gatwai	END	1607018308613
USER	gatwai	START	1607018308724
REQUEST		request_0	1607018308724	1607018308809	OK	 
USER	gatwai	END	1607018308810
USER	gatwai	START	1607018308911
REQUEST		request_0	1607018308911	1607018309013	OK	 
USER	gatwai	END	1607018309014
USER	gatwai	START	1607018309115
REQUEST		request_0	1607018309115	1607018309209	OK	 
USER	gatwai	END	1607018309210
USER	gatwai	START	1607018309318
REQUEST		request_0	1607018309318	1607018309406	OK	 
USER	gatwai	END	1607018309407
USER	gatwai	START	1607018309521
REQUEST		request_0	1607018309521	1607018309615	OK	 
USER	gatwai	END	1607018309615
USER	gatwai	START	1607018309724
REQUEST		request_0	1607018309724	1607018309828	OK	 
USER	gatwai	END	1607018309828
USER	gatwai	START	1607018309911
REQUEST		request_0	1607018309912	1607018310010	OK	 
USER	gatwai	END	1607018310011
USER	gatwai	START	1607018310115
REQUEST		request_0	1607018310115	1607018310200	OK	 
USER	gatwai	END	1607018310201
USER	gatwai	START	1607018310318
REQUEST		request_0	1607018310318	1607018310414	OK	 
USER	gatwai	END	1607018310415
USER	gatwai	START	1607018310521
REQUEST		request_0	1607018310521	1607018310611	OK	 
USER	gatwai	END	1607018310612
USER	gatwai	START	1607018310724
REQUEST		request_0	1607018310725	1607018310820	OK	 
USER	gatwai	END	1607018310821
USER	gatwai	START	1607018310911
REQUEST		request_0	1607018310912	1607018310999	OK	 
USER	gatwai	END	1607018311000
USER	gatwai	START	1607018311114
REQUEST		request_0	1607018311115	1607018311198	OK	 
USER	gatwai	END	1607018311199
USER	gatwai	START	1607018311318
REQUEST		request_0	1607018311318	1607018311416	OK	 
USER	gatwai	END	1607018311417
USER	gatwai	START	1607018311521
REQUEST		request_0	1607018311521	1607018311619	OK	 
USER	gatwai	END	1607018311619
USER	gatwai	START	1607018311723
REQUEST		request_0	1607018311724	1607018311806	OK	 
USER	gatwai	END	1607018311806
USER	gatwai	START	1607018311917
REQUEST		request_0	1607018311917	1607018312014	OK	 
USER	gatwai	END	1607018312015
USER	gatwai	START	1607018312123
REQUEST		request_0	1607018312124	1607018312214	OK	 
USER	gatwai	END	1607018312215
USER	gatwai	START	1607018312310
REQUEST		request_0	1607018312311	1607018312397	OK	 
USER	gatwai	END	1607018312398
USER	gatwai	START	1607018312530
REQUEST		request_0	1607018312531	1607018312617	OK	 
USER	gatwai	END	1607018312618
USER	gatwai	START	1607018312716
REQUEST		request_0	1607018312717	1607018312820	OK	 
USER	gatwai	END	1607018312821
USER	gatwai	START	1607018312914
REQUEST		request_0	1607018312915	1607018313006	OK	 
USER	gatwai	END	1607018313006
USER	gatwai	START	1607018313118
REQUEST		request_0	1607018313118	1607018313219	OK	 
USER	gatwai	END	1607018313220
USER	gatwai	START	1607018313321
REQUEST		request_0	1607018313321	1607018313421	OK	 
USER	gatwai	END	1607018313422
USER	gatwai	START	1607018313524
REQUEST		request_0	1607018313524	1607018313619	OK	 
USER	gatwai	END	1607018313620
USER	gatwai	START	1607018313711
REQUEST		request_0	1607018313712	1607018313805	OK	 
USER	gatwai	END	1607018313806
USER	gatwai	START	1607018313915
REQUEST		request_0	1607018313916	1607018314016	OK	 
USER	gatwai	END	1607018314017
USER	gatwai	START	1607018314129
REQUEST		request_0	1607018314130	1607018314232	OK	 
USER	gatwai	END	1607018314233
USER	gatwai	START	1607018314321
REQUEST		request_0	1607018314322	1607018314409	OK	 
USER	gatwai	END	1607018314410
USER	gatwai	START	1607018314524
REQUEST		request_0	1607018314525	1607018314619	OK	 
USER	gatwai	END	1607018314621
USER	gatwai	START	1607018314711
REQUEST		request_0	1607018314711	1607018314800	OK	 
USER	gatwai	END	1607018314801
USER	gatwai	START	1607018314914
REQUEST		request_0	1607018314915	1607018315010	OK	 
USER	gatwai	END	1607018315010
USER	gatwai	START	1607018315117
REQUEST		request_0	1607018315118	1607018315209	OK	 
USER	gatwai	END	1607018315209
USER	gatwai	START	1607018315321
REQUEST		request_0	1607018315321	1607018315418	OK	 
USER	gatwai	END	1607018315418
USER	gatwai	START	1607018315524
REQUEST		request_0	1607018315524	1607018315609	OK	 
USER	gatwai	END	1607018315610
USER	gatwai	START	1607018315719
REQUEST		request_0	1607018315720	1607018315811	OK	 
USER	gatwai	END	1607018315812
USER	gatwai	START	1607018315922
REQUEST		request_0	1607018315923	1607018316011	OK	 
USER	gatwai	END	1607018316011
USER	gatwai	START	1607018316110
REQUEST		request_0	1607018316110	1607018316199	OK	 
USER	gatwai	END	1607018316199
USER	gatwai	START	1607018316313
REQUEST		request_0	1607018316313	1607018316409	OK	 
USER	gatwai	END	1607018316410
USER	gatwai	START	1607018316519
REQUEST		request_0	1607018316519	1607018316612	OK	 
USER	gatwai	END	1607018316613
USER	gatwai	START	1607018316722
REQUEST		request_0	1607018316722	1607018316822	OK	 
USER	gatwai	END	1607018316823
USER	gatwai	START	1607018316910
REQUEST		request_0	1607018316910	1607018317009	OK	 
USER	gatwai	END	1607018317009
USER	gatwai	START	1607018317113
REQUEST		request_0	1607018317113	1607018317207	OK	 
USER	gatwai	END	1607018317207
USER	gatwai	START	1607018317316
REQUEST		request_0	1607018317316	1607018317399	OK	 
USER	gatwai	END	1607018317399
USER	gatwai	START	1607018317519
REQUEST		request_0	1607018317520	1607018317617	OK	 
USER	gatwai	END	1607018317618
USER	gatwai	START	1607018317711
REQUEST		request_0	1607018317711	1607018317811	OK	 
USER	gatwai	END	1607018317812
USER	gatwai	START	1607018317914
REQUEST		request_0	1607018317915	1607018318010	OK	 
USER	gatwai	END	1607018318011
USER	gatwai	START	1607018318117
REQUEST		request_0	1607018318118	1607018318204	OK	 
USER	gatwai	END	1607018318204
USER	gatwai	START	1607018318314
REQUEST		request_0	1607018318315	1607018318430	OK	 
USER	gatwai	END	1607018318431
USER	gatwai	START	1607018318517
REQUEST		request_0	1607018318517	1607018318607	OK	 
USER	gatwai	END	1607018318608
USER	gatwai	START	1607018318720
REQUEST		request_0	1607018318720	1607018318814	OK	 
USER	gatwai	END	1607018318815
USER	gatwai	START	1607018318923
REQUEST		request_0	1607018318924	1607018319025	OK	 
USER	gatwai	END	1607018319025
USER	gatwai	START	1607018319110
REQUEST		request_0	1607018319111	1607018319200	OK	 
USER	gatwai	END	1607018319201
USER	gatwai	START	1607018319325
REQUEST		request_0	1607018319326	1607018319425	OK	 
USER	gatwai	END	1607018319426
USER	gatwai	START	1607018319514
REQUEST		request_0	1607018319515	1607018319599	OK	 
USER	gatwai	END	1607018319599
USER	gatwai	START	1607018319716
REQUEST		request_0	1607018319716	1607018319817	OK	 
USER	gatwai	END	1607018319818
USER	gatwai	START	1607018319919
REQUEST		request_0	1607018319919	1607018320013	OK	 
USER	gatwai	END	1607018320013
USER	gatwai	START	1607018320122
REQUEST		request_0	1607018320122	1607018320218	OK	 
USER	gatwai	END	1607018320219
USER	gatwai	START	1607018320326
REQUEST		request_0	1607018320326	1607018320426	OK	 
USER	gatwai	END	1607018320426
USER	gatwai	START	1607018320513
REQUEST		request_0	1607018320513	1607018320611	OK	 
USER	gatwai	END	1607018320612
USER	gatwai	START	1607018320716
REQUEST		request_0	1607018320717	1607018320811	OK	 
USER	gatwai	END	1607018320811
USER	gatwai	START	1607018320919
REQUEST		request_0	1607018320919	1607018321010	OK	 
USER	gatwai	END	1607018321011
USER	gatwai	START	1607018321122
REQUEST		request_0	1607018321122	1607018321218	OK	 
USER	gatwai	END	1607018321218
USER	gatwai	START	1607018321309
REQUEST		request_0	1607018321310	1607018321391	OK	 
USER	gatwai	END	1607018321392
USER	gatwai	START	1607018321513
REQUEST		request_0	1607018321513	1607018321621	OK	 
USER	gatwai	END	1607018321622
USER	gatwai	START	1607018321716
REQUEST		request_0	1607018321716	1607018321803	OK	 
USER	gatwai	END	1607018321804
USER	gatwai	START	1607018321919
REQUEST		request_0	1607018321919	1607018322005	OK	 
USER	gatwai	END	1607018322005
USER	gatwai	START	1607018322122
REQUEST		request_0	1607018322122	1607018322213	OK	 
USER	gatwai	END	1607018322214
USER	gatwai	START	1607018322323
REQUEST		request_0	1607018322324	1607018322428	OK	 
USER	gatwai	END	1607018322428
USER	gatwai	START	1607018322510
REQUEST		request_0	1607018322511	1607018322603	OK	 
USER	gatwai	END	1607018322603
USER	gatwai	START	1607018322714
REQUEST		request_0	1607018322715	1607018322820	OK	 
USER	gatwai	END	1607018322820
USER	gatwai	START	1607018322917
REQUEST		request_0	1607018322917	1607018323009	OK	 
USER	gatwai	END	1607018323010
USER	gatwai	START	1607018323120
REQUEST		request_0	1607018323120	1607018323215	OK	 
USER	gatwai	END	1607018323216
USER	gatwai	START	1607018323323
REQUEST		request_0	1607018323323	1607018323421	OK	 
USER	gatwai	END	1607018323421
USER	gatwai	START	1607018323510
REQUEST		request_0	1607018323511	1607018323601	OK	 
USER	gatwai	END	1607018323601
USER	gatwai	START	1607018323718
REQUEST		request_0	1607018323719	1607018323816	OK	 
USER	gatwai	END	1607018323817
USER	gatwai	START	1607018323910
REQUEST		request_0	1607018323911	1607018324002	OK	 
USER	gatwai	END	1607018324003
USER	gatwai	START	1607018324114
REQUEST		request_0	1607018324114	1607018324205	OK	 
USER	gatwai	END	1607018324206
USER	gatwai	START	1607018324317
REQUEST		request_0	1607018324317	1607018324411	OK	 
USER	gatwai	END	1607018324412
USER	gatwai	START	1607018324520
REQUEST		request_0	1607018324520	1607018324612	OK	 
USER	gatwai	END	1607018324612
USER	gatwai	START	1607018324723
REQUEST		request_0	1607018324723	1607018324807	OK	 
USER	gatwai	END	1607018324808
USER	gatwai	START	1607018324910
REQUEST		request_0	1607018324911	1607018325004	OK	 
USER	gatwai	END	1607018325005
USER	gatwai	START	1607018325114
REQUEST		request_0	1607018325114	1607018325213	OK	 
USER	gatwai	END	1607018325214
USER	gatwai	START	1607018325317
REQUEST		request_0	1607018325318	1607018325427	OK	 
USER	gatwai	END	1607018325428
USER	gatwai	START	1607018325520
REQUEST		request_0	1607018325520	1607018325610	OK	 
USER	gatwai	END	1607018325611
USER	gatwai	START	1607018325723
REQUEST		request_0	1607018325723	1607018325807	OK	 
USER	gatwai	END	1607018325807
USER	gatwai	START	1607018325910
REQUEST		request_0	1607018325911	1607018325996	OK	 
USER	gatwai	END	1607018325996
USER	gatwai	START	1607018326114
REQUEST		request_0	1607018326114	1607018326213	OK	 
USER	gatwai	END	1607018326214
USER	gatwai	START	1607018326317
REQUEST		request_0	1607018326317	1607018326408	OK	 
USER	gatwai	END	1607018326408
USER	gatwai	START	1607018326518
REQUEST		request_0	1607018326518	1607018326619	OK	 
USER	gatwai	END	1607018326619
USER	gatwai	START	1607018326714
REQUEST		request_0	1607018326714	1607018326820	OK	 
USER	gatwai	END	1607018326821
USER	gatwai	START	1607018326916
REQUEST		request_0	1607018326917	1607018327018	OK	 
USER	gatwai	END	1607018327018
USER	gatwai	START	1607018327112
REQUEST		request_0	1607018327112	1607018327211	OK	 
USER	gatwai	END	1607018327212
USER	gatwai	START	1607018327319
REQUEST		request_0	1607018327319	1607018327423	OK	 
USER	gatwai	END	1607018327424
USER	gatwai	START	1607018327522
REQUEST		request_0	1607018327522	1607018327616	OK	 
USER	gatwai	END	1607018327617
USER	gatwai	START	1607018327725
REQUEST		request_0	1607018327725	1607018327821	OK	 
USER	gatwai	END	1607018327822
USER	gatwai	START	1607018327916
REQUEST		request_0	1607018327916	1607018328005	OK	 
USER	gatwai	END	1607018328005
USER	gatwai	START	1607018328119
REQUEST		request_0	1607018328120	1607018328213	OK	 
USER	gatwai	END	1607018328214
USER	gatwai	START	1607018328322
REQUEST		request_0	1607018328323	1607018328418	OK	 
USER	gatwai	END	1607018328419
USER	gatwai	START	1607018328525
REQUEST		request_0	1607018328525	1607018328616	OK	 
USER	gatwai	END	1607018328617
USER	gatwai	START	1607018328713
REQUEST		request_0	1607018328713	1607018328807	OK	 
USER	gatwai	END	1607018328808
USER	gatwai	START	1607018328916
REQUEST		request_0	1607018328917	1607018329020	OK	 
USER	gatwai	END	1607018329021
USER	gatwai	START	1607018329119
REQUEST		request_0	1607018329120	1607018329223	OK	 
USER	gatwai	END	1607018329224
USER	gatwai	START	1607018329322
REQUEST		request_0	1607018329322	1607018329422	OK	 
USER	gatwai	END	1607018329423
USER	gatwai	START	1607018329510
REQUEST		request_0	1607018329510	1607018329594	OK	 
USER	gatwai	END	1607018329595
USER	gatwai	START	1607018329713
REQUEST		request_0	1607018329714	1607018329808	OK	 
USER	gatwai	END	1607018329808
USER	gatwai	START	1607018329916
REQUEST		request_0	1607018329916	1607018330008	OK	 
USER	gatwai	END	1607018330009
USER	gatwai	START	1607018330119
REQUEST		request_0	1607018330120	1607018330231	OK	 
USER	gatwai	END	1607018330233
USER	gatwai	START	1607018330322
REQUEST		request_0	1607018330323	1607018330408	OK	 
USER	gatwai	END	1607018330409
USER	gatwai	START	1607018330510
REQUEST		request_0	1607018330510	1607018330598	OK	 
USER	gatwai	END	1607018330599
USER	gatwai	START	1607018330724
REQUEST		request_0	1607018330725	1607018330837	OK	 
USER	gatwai	END	1607018330838
USER	gatwai	START	1607018330911
REQUEST		request_0	1607018330911	1607018331004	OK	 
USER	gatwai	END	1607018331004
USER	gatwai	START	1607018331115
REQUEST		request_0	1607018331115	1607018331216	OK	 
USER	gatwai	END	1607018331217
USER	gatwai	START	1607018331318
REQUEST		request_0	1607018331318	1607018331411	OK	 
USER	gatwai	END	1607018331412
USER	gatwai	START	1607018331521
REQUEST		request_0	1607018331521	1607018331615	OK	 
USER	gatwai	END	1607018331616
USER	gatwai	START	1607018331724
REQUEST		request_0	1607018331724	1607018331829	OK	 
USER	gatwai	END	1607018331830
USER	gatwai	START	1607018331911
REQUEST		request_0	1607018331911	1607018332002	OK	 
USER	gatwai	END	1607018332003
USER	gatwai	START	1607018332114
REQUEST		request_0	1607018332115	1607018332207	OK	 
USER	gatwai	END	1607018332207
USER	gatwai	START	1607018332318
REQUEST		request_0	1607018332318	1607018332410	OK	 
USER	gatwai	END	1607018332410
USER	gatwai	START	1607018332521
REQUEST		request_0	1607018332521	1607018332617	OK	 
USER	gatwai	END	1607018332617
USER	gatwai	START	1607018332723
REQUEST		request_0	1607018332724	1607018332809	OK	 
USER	gatwai	END	1607018332810
USER	gatwai	START	1607018332928
REQUEST		request_0	1607018332928	1607018333038	OK	 
USER	gatwai	END	1607018333039
USER	gatwai	START	1607018333114
REQUEST		request_0	1607018333115	1607018333200	OK	 
USER	gatwai	END	1607018333200
USER	gatwai	START	1607018333318
REQUEST		request_0	1607018333318	1607018333427	OK	 
USER	gatwai	END	1607018333428
USER	gatwai	START	1607018333521
REQUEST		request_0	1607018333521	1607018333605	OK	 
USER	gatwai	END	1607018333606
USER	gatwai	START	1607018333724
REQUEST		request_0	1607018333725	1607018333832	OK	 
USER	gatwai	END	1607018333833
USER	gatwai	START	1607018333911
REQUEST		request_0	1607018333911	1607018333994	OK	 
USER	gatwai	END	1607018333995
USER	gatwai	START	1607018334115
REQUEST		request_0	1607018334115	1607018334211	OK	 
USER	gatwai	END	1607018334212
USER	gatwai	START	1607018334317
REQUEST		request_0	1607018334318	1607018334409	OK	 
USER	gatwai	END	1607018334410
USER	gatwai	START	1607018334521
REQUEST		request_0	1607018334521	1607018334616	OK	 
USER	gatwai	END	1607018334616
USER	gatwai	START	1607018334724
REQUEST		request_0	1607018334724	1607018334818	OK	 
USER	gatwai	END	1607018334818
USER	gatwai	START	1607018334911
REQUEST		request_0	1607018334912	1607018335017	OK	 
USER	gatwai	END	1607018335018
USER	gatwai	START	1607018335114
REQUEST		request_0	1607018335115	1607018335212	OK	 
USER	gatwai	END	1607018335212
USER	gatwai	START	1607018335317
REQUEST		request_0	1607018335318	1607018335416	OK	 
USER	gatwai	END	1607018335416
USER	gatwai	START	1607018335521
REQUEST		request_0	1607018335521	1607018335622	OK	 
USER	gatwai	END	1607018335622
USER	gatwai	START	1607018335724
REQUEST		request_0	1607018335724	1607018335812	OK	 
USER	gatwai	END	1607018335813
USER	gatwai	START	1607018335911
REQUEST		request_0	1607018335911	1607018336000	OK	 
USER	gatwai	END	1607018336001
USER	gatwai	START	1607018336115
REQUEST		request_0	1607018336115	1607018336210	OK	 
USER	gatwai	END	1607018336211
USER	gatwai	START	1607018336317
REQUEST		request_0	1607018336318	1607018336404	OK	 
USER	gatwai	END	1607018336405
USER	gatwai	START	1607018336521
REQUEST		request_0	1607018336521	1607018336625	OK	 
USER	gatwai	END	1607018336626
USER	gatwai	START	1607018336724
REQUEST		request_0	1607018336724	1607018336820	OK	 
USER	gatwai	END	1607018336820
USER	gatwai	START	1607018336911
REQUEST		request_0	1607018336911	1607018337001	OK	 
USER	gatwai	END	1607018337001
USER	gatwai	START	1607018337115
REQUEST		request_0	1607018337115	1607018337208	OK	 
USER	gatwai	END	1607018337209
USER	gatwai	START	1607018337318
REQUEST		request_0	1607018337318	1607018337401	OK	 
USER	gatwai	END	1607018337402
USER	gatwai	START	1607018337521
REQUEST		request_0	1607018337521	1607018337618	OK	 
USER	gatwai	END	1607018337619
USER	gatwai	START	1607018337724
REQUEST		request_0	1607018337724	1607018337824	OK	 
USER	gatwai	END	1607018337825
USER	gatwai	START	1607018337912
REQUEST		request_0	1607018337912	1607018338001	OK	 
USER	gatwai	END	1607018338002
USER	gatwai	START	1607018338118
REQUEST		request_0	1607018338119	1607018338205	OK	 
USER	gatwai	END	1607018338206
USER	gatwai	START	1607018338322
REQUEST		request_0	1607018338322	1607018338415	OK	 
USER	gatwai	END	1607018338416
USER	gatwai	START	1607018338531
REQUEST		request_0	1607018338531	1607018338634	OK	 
USER	gatwai	END	1607018338635
USER	gatwai	START	1607018338722
REQUEST		request_0	1607018338722	1607018338812	OK	 
USER	gatwai	END	1607018338812
USER	gatwai	START	1607018338925
REQUEST		request_0	1607018338926	1607018339024	OK	 
USER	gatwai	END	1607018339025
USER	gatwai	START	1607018339112
REQUEST		request_0	1607018339113	1607018339198	OK	 
USER	gatwai	END	1607018339198
USER	gatwai	START	1607018339316
REQUEST		request_0	1607018339317	1607018339420	OK	 
USER	gatwai	END	1607018339421
USER	gatwai	START	1607018339519
REQUEST		request_0	1607018339519	1607018339611	OK	 
USER	gatwai	END	1607018339612
USER	gatwai	START	1607018339722
REQUEST		request_0	1607018339722	1607018339806	OK	 
USER	gatwai	END	1607018339807
USER	gatwai	START	1607018339925
REQUEST		request_0	1607018339926	1607018340024	OK	 
USER	gatwai	END	1607018340025
USER	gatwai	START	1607018340113
REQUEST		request_0	1607018340113	1607018340205	OK	 
USER	gatwai	END	1607018340206
USER	gatwai	START	1607018340315
REQUEST		request_0	1607018340316	1607018340412	OK	 
USER	gatwai	END	1607018340413
USER	gatwai	START	1607018340519
REQUEST		request_0	1607018340519	1607018340611	OK	 
USER	gatwai	END	1607018340612
USER	gatwai	START	1607018340722
REQUEST		request_0	1607018340722	1607018340821	OK	 
USER	gatwai	END	1607018340822
USER	gatwai	START	1607018340925
REQUEST		request_0	1607018340925	1607018341024	OK	 
USER	gatwai	END	1607018341024
USER	gatwai	START	1607018341114
REQUEST		request_0	1607018341114	1607018341204	OK	 
USER	gatwai	END	1607018341205
USER	gatwai	START	1607018341317
REQUEST		request_0	1607018341317	1607018341415	OK	 
USER	gatwai	END	1607018341416
USER	gatwai	START	1607018341520
REQUEST		request_0	1607018341520	1607018341604	OK	 
USER	gatwai	END	1607018341604
USER	gatwai	START	1607018341723
REQUEST		request_0	1607018341723	1607018341820	OK	 
USER	gatwai	END	1607018341821
USER	gatwai	START	1607018341926
REQUEST		request_0	1607018341927	1607018342027	OK	 
USER	gatwai	END	1607018342027
USER	gatwai	START	1607018342114
REQUEST		request_0	1607018342114	1607018342206	OK	 
USER	gatwai	END	1607018342206
USER	gatwai	START	1607018342317
REQUEST		request_0	1607018342317	1607018342401	OK	 
USER	gatwai	END	1607018342402
USER	gatwai	START	1607018342520
REQUEST		request_0	1607018342520	1607018342609	OK	 
USER	gatwai	END	1607018342610
USER	gatwai	START	1607018342723
REQUEST		request_0	1607018342723	1607018342822	OK	 
USER	gatwai	END	1607018342823
USER	gatwai	START	1607018342911
REQUEST		request_0	1607018342911	1607018343015	OK	 
USER	gatwai	END	1607018343015
USER	gatwai	START	1607018343114
REQUEST		request_0	1607018343114	1607018343226	OK	 
USER	gatwai	END	1607018343226
USER	gatwai	START	1607018343317
REQUEST		request_0	1607018343317	1607018343410	OK	 
USER	gatwai	END	1607018343411
USER	gatwai	START	1607018343520
REQUEST		request_0	1607018343520	1607018343609	OK	 
USER	gatwai	END	1607018343609
USER	gatwai	START	1607018343723
REQUEST		request_0	1607018343723	1607018343818	OK	 
USER	gatwai	END	1607018343819
USER	gatwai	START	1607018343911
REQUEST		request_0	1607018343911	1607018344008	OK	 
USER	gatwai	END	1607018344009
USER	gatwai	START	1607018344118
REQUEST		request_0	1607018344118	1607018344214	OK	 
USER	gatwai	END	1607018344215
USER	gatwai	START	1607018344317
REQUEST		request_0	1607018344317	1607018344413	OK	 
USER	gatwai	END	1607018344414
USER	gatwai	START	1607018344520
REQUEST		request_0	1607018344520	1607018344613	OK	 
USER	gatwai	END	1607018344614
USER	gatwai	START	1607018344723
REQUEST		request_0	1607018344723	1607018344817	OK	 
USER	gatwai	END	1607018344817
USER	gatwai	START	1607018344911
REQUEST		request_0	1607018344911	1607018345007	OK	 
USER	gatwai	END	1607018345007
USER	gatwai	START	1607018345114
REQUEST		request_0	1607018345114	1607018345203	OK	 
USER	gatwai	END	1607018345203
USER	gatwai	START	1607018345317
REQUEST		request_0	1607018345318	1607018345414	OK	 
USER	gatwai	END	1607018345414
USER	gatwai	START	1607018345521
REQUEST		request_0	1607018345521	1607018345618	OK	 
USER	gatwai	END	1607018345619
USER	gatwai	START	1607018345724
REQUEST		request_0	1607018345724	1607018345819	OK	 
USER	gatwai	END	1607018345820
USER	gatwai	START	1607018345911
REQUEST		request_0	1607018345911	1607018345997	OK	 
USER	gatwai	END	1607018345997
USER	gatwai	START	1607018346114
REQUEST		request_0	1607018346115	1607018346205	OK	 
USER	gatwai	END	1607018346205
USER	gatwai	START	1607018346318
REQUEST		request_0	1607018346318	1607018346411	OK	 
USER	gatwai	END	1607018346412
USER	gatwai	START	1607018346520
REQUEST		request_0	1607018346521	1607018346626	OK	 
USER	gatwai	END	1607018346627
USER	gatwai	START	1607018346723
REQUEST		request_0	1607018346723	1607018346816	OK	 
USER	gatwai	END	1607018346817
USER	gatwai	START	1607018346911
REQUEST		request_0	1607018346911	1607018347002	OK	 
USER	gatwai	END	1607018347002
USER	gatwai	START	1607018347114
REQUEST		request_0	1607018347114	1607018347204	OK	 
USER	gatwai	END	1607018347205
USER	gatwai	START	1607018347317
REQUEST		request_0	1607018347318	1607018347415	OK	 
USER	gatwai	END	1607018347415
USER	gatwai	START	1607018347521
REQUEST		request_0	1607018347521	1607018347610	OK	 
USER	gatwai	END	1607018347611
USER	gatwai	START	1607018347725
REQUEST		request_0	1607018347726	1607018347830	OK	 
USER	gatwai	END	1607018347831
USER	gatwai	START	1607018347912
REQUEST		request_0	1607018347912	1607018348002	OK	 
USER	gatwai	END	1607018348002
USER	gatwai	START	1607018348115
REQUEST		request_0	1607018348116	1607018348220	OK	 
USER	gatwai	END	1607018348221
USER	gatwai	START	1607018348318
REQUEST		request_0	1607018348318	1607018348428	OK	 
USER	gatwai	END	1607018348429
USER	gatwai	START	1607018348521
REQUEST		request_0	1607018348521	1607018348613	OK	 
USER	gatwai	END	1607018348614
USER	gatwai	START	1607018348724
REQUEST		request_0	1607018348724	1607018348819	OK	 
USER	gatwai	END	1607018348819
USER	gatwai	START	1607018348912
REQUEST		request_0	1607018348912	1607018348997	OK	 
USER	gatwai	END	1607018348997
USER	gatwai	START	1607018349115
REQUEST		request_0	1607018349116	1607018349216	OK	 
USER	gatwai	END	1607018349216
USER	gatwai	START	1607018349318
REQUEST		request_0	1607018349318	1607018349420	OK	 
USER	gatwai	END	1607018349421
USER	gatwai	START	1607018349521
REQUEST		request_0	1607018349521	1607018349613	OK	 
USER	gatwai	END	1607018349614
USER	gatwai	START	1607018349724
REQUEST		request_0	1607018349724	1607018349816	OK	 
USER	gatwai	END	1607018349816
USER	gatwai	START	1607018349912
REQUEST		request_0	1607018349912	1607018350009	OK	 
USER	gatwai	END	1607018350009
USER	gatwai	START	1607018350115
REQUEST		request_0	1607018350115	1607018350201	OK	 
USER	gatwai	END	1607018350201
USER	gatwai	START	1607018350318
REQUEST		request_0	1607018350318	1607018350422	OK	 
USER	gatwai	END	1607018350423
USER	gatwai	START	1607018350521
REQUEST		request_0	1607018350521	1607018350619	OK	 
USER	gatwai	END	1607018350620
USER	gatwai	START	1607018350724
REQUEST		request_0	1607018350725	1607018350825	OK	 
USER	gatwai	END	1607018350826
USER	gatwai	START	1607018350911
REQUEST		request_0	1607018350912	1607018351009	OK	 
USER	gatwai	END	1607018351010
USER	gatwai	START	1607018351119
REQUEST		request_0	1607018351119	1607018351229	OK	 
USER	gatwai	END	1607018351229
USER	gatwai	START	1607018351322
REQUEST		request_0	1607018351323	1607018351431	OK	 
USER	gatwai	END	1607018351432
USER	gatwai	START	1607018351510
REQUEST		request_0	1607018351510	1607018351600	OK	 
USER	gatwai	END	1607018351600
USER	gatwai	START	1607018351710
REQUEST		request_0	1607018351710	1607018351804	OK	 
USER	gatwai	END	1607018351805
USER	gatwai	START	1607018351913
REQUEST		request_0	1607018351913	1607018352006	OK	 
USER	gatwai	END	1607018352007
USER	gatwai	START	1607018352116
REQUEST		request_0	1607018352117	1607018352201	OK	 
USER	gatwai	END	1607018352202
USER	gatwai	START	1607018352319
REQUEST		request_0	1607018352319	1607018352416	OK	 
USER	gatwai	END	1607018352417
USER	gatwai	START	1607018352522
REQUEST		request_0	1607018352522	1607018352608	OK	 
USER	gatwai	END	1607018352608
USER	gatwai	START	1607018352710
REQUEST		request_0	1607018352710	1607018352798	OK	 
USER	gatwai	END	1607018352799
USER	gatwai	START	1607018352914
REQUEST		request_0	1607018352915	1607018353001	OK	 
USER	gatwai	END	1607018353002
USER	gatwai	START	1607018353116
REQUEST		request_0	1607018353117	1607018353220	OK	 
USER	gatwai	END	1607018353221
USER	gatwai	START	1607018353319
REQUEST		request_0	1607018353319	1607018353414	OK	 
USER	gatwai	END	1607018353414
USER	gatwai	START	1607018353522
REQUEST		request_0	1607018353522	1607018353616	OK	 
USER	gatwai	END	1607018353617
USER	gatwai	START	1607018353710
REQUEST		request_0	1607018353710	1607018353800	OK	 
USER	gatwai	END	1607018353801
USER	gatwai	START	1607018353913
REQUEST		request_0	1607018353913	1607018354005	OK	 
USER	gatwai	END	1607018354005
USER	gatwai	START	1607018354116
REQUEST		request_0	1607018354117	1607018354205	OK	 
USER	gatwai	END	1607018354206
USER	gatwai	START	1607018354319
REQUEST		request_0	1607018354319	1607018354412	OK	 
USER	gatwai	END	1607018354413
USER	gatwai	START	1607018354523
REQUEST		request_0	1607018354523	1607018354628	OK	 
USER	gatwai	END	1607018354629
USER	gatwai	START	1607018354710
REQUEST		request_0	1607018354710	1607018354794	OK	 
USER	gatwai	END	1607018354795
USER	gatwai	START	1607018354913
REQUEST		request_0	1607018354913	1607018354998	OK	 
USER	gatwai	END	1607018354998
USER	gatwai	START	1607018355116
REQUEST		request_0	1607018355116	1607018355218	OK	 
USER	gatwai	END	1607018355218
USER	gatwai	START	1607018355335
REQUEST		request_0	1607018355336	1607018355433	OK	 
USER	gatwai	END	1607018355433
USER	gatwai	START	1607018355522
REQUEST		request_0	1607018355522	1607018355620	OK	 
USER	gatwai	END	1607018355620
USER	gatwai	START	1607018355710
REQUEST		request_0	1607018355711	1607018355801	OK	 
USER	gatwai	END	1607018355802
USER	gatwai	START	1607018355913
REQUEST		request_0	1607018355914	1607018356003	OK	 
USER	gatwai	END	1607018356003
USER	gatwai	START	1607018356117
REQUEST		request_0	1607018356117	1607018356213	OK	 
USER	gatwai	END	1607018356213
USER	gatwai	START	1607018356320
REQUEST		request_0	1607018356320	1607018356422	OK	 
USER	gatwai	END	1607018356423
USER	gatwai	START	1607018356523
REQUEST		request_0	1607018356523	1607018356608	OK	 
USER	gatwai	END	1607018356609
USER	gatwai	START	1607018356710
REQUEST		request_0	1607018356710	1607018356794	OK	 
USER	gatwai	END	1607018356795
USER	gatwai	START	1607018356914
REQUEST		request_0	1607018356914	1607018357009	OK	 
USER	gatwai	END	1607018357009
USER	gatwai	START	1607018357117
REQUEST		request_0	1607018357117	1607018357215	OK	 
USER	gatwai	END	1607018357216
USER	gatwai	START	1607018357320
REQUEST		request_0	1607018357320	1607018357414	OK	 
USER	gatwai	END	1607018357414
USER	gatwai	START	1607018357523
REQUEST		request_0	1607018357523	1607018357614	OK	 
USER	gatwai	END	1607018357615
USER	gatwai	START	1607018357711
REQUEST		request_0	1607018357711	1607018357809	OK	 
USER	gatwai	END	1607018357810
USER	gatwai	START	1607018357914
REQUEST		request_0	1607018357915	1607018358014	OK	 
USER	gatwai	END	1607018358015
USER	gatwai	START	1607018358117
REQUEST		request_0	1607018358118	1607018358224	OK	 
USER	gatwai	END	1607018358225
USER	gatwai	START	1607018358320
REQUEST		request_0	1607018358320	1607018358407	OK	 
USER	gatwai	END	1607018358408
USER	gatwai	START	1607018358523
REQUEST		request_0	1607018358524	1607018358617	OK	 
USER	gatwai	END	1607018358617
USER	gatwai	START	1607018358711
REQUEST		request_0	1607018358711	1607018358793	OK	 
USER	gatwai	END	1607018358794
USER	gatwai	START	1607018358914
REQUEST		request_0	1607018358914	1607018358999	OK	 
USER	gatwai	END	1607018359000
USER	gatwai	START	1607018359117
REQUEST		request_0	1607018359117	1607018359211	OK	 
USER	gatwai	END	1607018359212
USER	gatwai	START	1607018359320
REQUEST		request_0	1607018359320	1607018359410	OK	 
USER	gatwai	END	1607018359411
USER	gatwai	START	1607018359524
REQUEST		request_0	1607018359524	1607018359622	OK	 
USER	gatwai	END	1607018359623
USER	gatwai	START	1607018359711
REQUEST		request_0	1607018359712	1607018359799	OK	 
USER	gatwai	END	1607018359800
USER	gatwai	START	1607018359914
REQUEST		request_0	1607018359915	1607018360011	OK	 
USER	gatwai	END	1607018360011
USER	gatwai	START	1607018360118
REQUEST		request_0	1607018360118	1607018360218	OK	 
USER	gatwai	END	1607018360218
USER	gatwai	START	1607018360321
REQUEST		request_0	1607018360321	1607018360429	OK	 
USER	gatwai	END	1607018360430
USER	gatwai	START	1607018360524
REQUEST		request_0	1607018360524	1607018360613	OK	 
USER	gatwai	END	1607018360613
USER	gatwai	START	1607018360711
REQUEST		request_0	1607018360712	1607018360802	OK	 
USER	gatwai	END	1607018360802
USER	gatwai	START	1607018360914
REQUEST		request_0	1607018360915	1607018361014	OK	 
USER	gatwai	END	1607018361014
USER	gatwai	START	1607018361117
REQUEST		request_0	1607018361118	1607018361218	OK	 
USER	gatwai	END	1607018361219
USER	gatwai	START	1607018361321
REQUEST		request_0	1607018361321	1607018361412	OK	 
USER	gatwai	END	1607018361413
USER	gatwai	START	1607018361524
REQUEST		request_0	1607018361524	1607018361616	OK	 
USER	gatwai	END	1607018361616
USER	gatwai	START	1607018361711
REQUEST		request_0	1607018361712	1607018361794	OK	 
USER	gatwai	END	1607018361795
USER	gatwai	START	1607018361914
REQUEST		request_0	1607018361915	1607018362015	OK	 
USER	gatwai	END	1607018362016
USER	gatwai	START	1607018362117
REQUEST		request_0	1607018362118	1607018362218	OK	 
USER	gatwai	END	1607018362219
USER	gatwai	START	1607018362321
REQUEST		request_0	1607018362321	1607018362417	OK	 
USER	gatwai	END	1607018362418
USER	gatwai	START	1607018362524
REQUEST		request_0	1607018362524	1607018362623	OK	 
USER	gatwai	END	1607018362624
USER	gatwai	START	1607018362711
REQUEST		request_0	1607018362711	1607018362802	OK	 
USER	gatwai	END	1607018362803
USER	gatwai	START	1607018362915
REQUEST		request_0	1607018362915	1607018363006	OK	 
USER	gatwai	END	1607018363007
USER	gatwai	START	1607018363117
REQUEST		request_0	1607018363118	1607018363203	OK	 
USER	gatwai	END	1607018363204
USER	gatwai	START	1607018363321
REQUEST		request_0	1607018363321	1607018363409	OK	 
USER	gatwai	END	1607018363410
USER	gatwai	START	1607018363524
REQUEST		request_0	1607018363524	1607018363629	OK	 
USER	gatwai	END	1607018363629
USER	gatwai	START	1607018363711
REQUEST		request_0	1607018363712	1607018363799	OK	 
USER	gatwai	END	1607018363799
USER	gatwai	START	1607018363914
REQUEST		request_0	1607018363914	1607018364009	OK	 
USER	gatwai	END	1607018364010
USER	gatwai	START	1607018364118
REQUEST		request_0	1607018364118	1607018364205	OK	 
USER	gatwai	END	1607018364206
USER	gatwai	START	1607018364321
REQUEST		request_0	1607018364321	1607018364416	OK	 
USER	gatwai	END	1607018364417
USER	gatwai	START	1607018364510
REQUEST		request_0	1607018364511	1607018364602	OK	 
USER	gatwai	END	1607018364608
USER	gatwai	START	1607018364714
REQUEST		request_0	1607018364714	1607018364797	OK	 
USER	gatwai	END	1607018364797
USER	gatwai	START	1607018364917
REQUEST		request_0	1607018364917	1607018365019	OK	 
USER	gatwai	END	1607018365020
USER	gatwai	START	1607018365120
REQUEST		request_0	1607018365120	1607018365213	OK	 
USER	gatwai	END	1607018365215
USER	gatwai	START	1607018365323
REQUEST		request_0	1607018365324	1607018365410	OK	 
USER	gatwai	END	1607018365411
USER	gatwai	START	1607018365511
REQUEST		request_0	1607018365511	1607018365607	OK	 
USER	gatwai	END	1607018365607
USER	gatwai	START	1607018365714
REQUEST		request_0	1607018365714	1607018365807	OK	 
USER	gatwai	END	1607018365808
USER	gatwai	START	1607018365917
REQUEST		request_0	1607018365917	1607018366005	OK	 
USER	gatwai	END	1607018366005
USER	gatwai	START	1607018366120
REQUEST		request_0	1607018366120	1607018366218	OK	 
USER	gatwai	END	1607018366218
USER	gatwai	START	1607018366323
REQUEST		request_0	1607018366323	1607018366426	OK	 
USER	gatwai	END	1607018366427
USER	gatwai	START	1607018366527
REQUEST		request_0	1607018366527	1607018366625	OK	 
USER	gatwai	END	1607018366625
USER	gatwai	START	1607018366714
REQUEST		request_0	1607018366714	1607018366820	OK	 
USER	gatwai	END	1607018366821
USER	gatwai	START	1607018366917
REQUEST		request_0	1607018366917	1607018367006	OK	 
USER	gatwai	END	1607018367006
USER	gatwai	START	1607018367120
REQUEST		request_0	1607018367120	1607018367211	OK	 
USER	gatwai	END	1607018367211
USER	gatwai	START	1607018367323
REQUEST		request_0	1607018367323	1607018367416	OK	 
USER	gatwai	END	1607018367417
USER	gatwai	START	1607018367526
REQUEST		request_0	1607018367526	1607018367622	OK	 
USER	gatwai	END	1607018367623
USER	gatwai	START	1607018367714
REQUEST		request_0	1607018367714	1607018367811	OK	 
USER	gatwai	END	1607018367812
USER	gatwai	START	1607018367917
REQUEST		request_0	1607018367917	1607018368013	OK	 
USER	gatwai	END	1607018368013
USER	gatwai	START	1607018368120
REQUEST		request_0	1607018368120	1607018368226	OK	 
USER	gatwai	END	1607018368227
USER	gatwai	START	1607018368323
REQUEST		request_0	1607018368323	1607018368418	OK	 
USER	gatwai	END	1607018368419
USER	gatwai	START	1607018368510
REQUEST		request_0	1607018368510	1607018368592	OK	 
USER	gatwai	END	1607018368593
USER	gatwai	START	1607018368713
REQUEST		request_0	1607018368714	1607018368798	OK	 
USER	gatwai	END	1607018368798
USER	gatwai	START	1607018368916
REQUEST		request_0	1607018368917	1607018369010	OK	 
USER	gatwai	END	1607018369010
USER	gatwai	START	1607018369120
REQUEST		request_0	1607018369121	1607018369224	OK	 
USER	gatwai	END	1607018369224
USER	gatwai	START	1607018369323
REQUEST		request_0	1607018369323	1607018369412	OK	 
USER	gatwai	END	1607018369413
USER	gatwai	START	1607018369510
REQUEST		request_0	1607018369510	1607018369608	OK	 
USER	gatwai	END	1607018369609
USER	gatwai	START	1607018369713
REQUEST		request_0	1607018369713	1607018369803	OK	 
USER	gatwai	END	1607018369804
USER	gatwai	START	1607018369916
REQUEST		request_0	1607018369916	1607018370015	OK	 
USER	gatwai	END	1607018370016
USER	gatwai	START	1607018370120
REQUEST		request_0	1607018370120	1607018370203	OK	 
USER	gatwai	END	1607018370204
USER	gatwai	START	1607018370323
REQUEST		request_0	1607018370323	1607018370423	OK	 
USER	gatwai	END	1607018370424
USER	gatwai	START	1607018370510
REQUEST		request_0	1607018370510	1607018370605	OK	 
USER	gatwai	END	1607018370606
USER	gatwai	START	1607018370713
REQUEST		request_0	1607018370713	1607018370807	OK	 
USER	gatwai	END	1607018370807
USER	gatwai	START	1607018370917
REQUEST		request_0	1607018370917	1607018371001	OK	 
USER	gatwai	END	1607018371002
USER	gatwai	START	1607018371119
REQUEST		request_0	1607018371120	1607018371225	OK	 
USER	gatwai	END	1607018371225
USER	gatwai	START	1607018371322
REQUEST		request_0	1607018371323	1607018371419	OK	 
USER	gatwai	END	1607018371420
USER	gatwai	START	1607018371510
REQUEST		request_0	1607018371510	1607018371606	OK	 
USER	gatwai	END	1607018371607
USER	gatwai	START	1607018371713
REQUEST		request_0	1607018371713	1607018371805	OK	 
USER	gatwai	END	1607018371805
USER	gatwai	START	1607018371921
REQUEST		request_0	1607018371921	1607018372028	OK	 
USER	gatwai	END	1607018372028
USER	gatwai	START	1607018372123
REQUEST		request_0	1607018372124	1607018372208	OK	 
USER	gatwai	END	1607018372209
USER	gatwai	START	1607018372311
REQUEST		request_0	1607018372311	1607018372402	OK	 
USER	gatwai	END	1607018372402
USER	gatwai	START	1607018372515
REQUEST		request_0	1607018372515	1607018372619	OK	 
USER	gatwai	END	1607018372619
USER	gatwai	START	1607018372713
REQUEST		request_0	1607018372713	1607018372801	OK	 
USER	gatwai	END	1607018372802
USER	gatwai	START	1607018372916
REQUEST		request_0	1607018372917	1607018373018	OK	 
USER	gatwai	END	1607018373019
USER	gatwai	START	1607018373120
REQUEST		request_0	1607018373120	1607018373217	OK	 
USER	gatwai	END	1607018373218
USER	gatwai	START	1607018373323
REQUEST		request_0	1607018373323	1607018373418	OK	 
USER	gatwai	END	1607018373418
USER	gatwai	START	1607018373526
REQUEST		request_0	1607018373526	1607018373622	OK	 
USER	gatwai	END	1607018373623
USER	gatwai	START	1607018373716
REQUEST		request_0	1607018373717	1607018373801	OK	 
USER	gatwai	END	1607018373802
USER	gatwai	START	1607018373920
REQUEST		request_0	1607018373920	1607018374012	OK	 
USER	gatwai	END	1607018374013
USER	gatwai	START	1607018374123
REQUEST		request_0	1607018374123	1607018374215	OK	 
USER	gatwai	END	1607018374215
USER	gatwai	START	1607018374310
REQUEST		request_0	1607018374311	1607018374395	OK	 
USER	gatwai	END	1607018374396
USER	gatwai	START	1607018374514
REQUEST		request_0	1607018374514	1607018374613	OK	 
USER	gatwai	END	1607018374614
USER	gatwai	START	1607018374717
REQUEST		request_0	1607018374717	1607018374805	OK	 
USER	gatwai	END	1607018374805
USER	gatwai	START	1607018374920
REQUEST		request_0	1607018374920	1607018375006	OK	 
USER	gatwai	END	1607018375006
USER	gatwai	START	1607018375123
REQUEST		request_0	1607018375123	1607018375211	OK	 
USER	gatwai	END	1607018375211
USER	gatwai	START	1607018375310
REQUEST		request_0	1607018375311	1607018375394	OK	 
USER	gatwai	END	1607018375395
USER	gatwai	START	1607018375514
REQUEST		request_0	1607018375514	1607018375610	OK	 
USER	gatwai	END	1607018375610
USER	gatwai	START	1607018375717
REQUEST		request_0	1607018375717	1607018375806	OK	 
USER	gatwai	END	1607018375807
USER	gatwai	START	1607018375920
REQUEST		request_0	1607018375920	1607018376005	OK	 
USER	gatwai	END	1607018376006
USER	gatwai	START	1607018376123
REQUEST		request_0	1607018376123	1607018376222	OK	 
USER	gatwai	END	1607018376222
USER	gatwai	START	1607018376316
REQUEST		request_0	1607018376316	1607018376405	OK	 
USER	gatwai	END	1607018376405
USER	gatwai	START	1607018376519
REQUEST		request_0	1607018376519	1607018376613	OK	 
USER	gatwai	END	1607018376614
USER	gatwai	START	1607018376722
REQUEST		request_0	1607018376722	1607018376806	OK	 
USER	gatwai	END	1607018376807
USER	gatwai	START	1607018376910
REQUEST		request_0	1607018376910	1607018377003	OK	 
USER	gatwai	END	1607018377003
USER	gatwai	START	1607018377113
REQUEST		request_0	1607018377113	1607018377215	OK	 
USER	gatwai	END	1607018377216
USER	gatwai	START	1607018377316
REQUEST		request_0	1607018377316	1607018377411	OK	 
USER	gatwai	END	1607018377411
USER	gatwai	START	1607018377519
REQUEST		request_0	1607018377519	1607018377605	OK	 
USER	gatwai	END	1607018377605
USER	gatwai	START	1607018377722
REQUEST		request_0	1607018377722	1607018377815	OK	 
USER	gatwai	END	1607018377816
USER	gatwai	START	1607018377909
REQUEST		request_0	1607018377910	1607018378002	OK	 
USER	gatwai	END	1607018378003
USER	gatwai	START	1607018378113
REQUEST		request_0	1607018378113	1607018378215	OK	 
USER	gatwai	END	1607018378216
USER	gatwai	START	1607018378316
REQUEST		request_0	1607018378316	1607018378400	OK	 
USER	gatwai	END	1607018378401
USER	gatwai	START	1607018378519
REQUEST		request_0	1607018378519	1607018378605	OK	 
USER	gatwai	END	1607018378606
USER	gatwai	START	1607018378738
REQUEST		request_0	1607018378739	1607018378839	OK	 
USER	gatwai	END	1607018378840
USER	gatwai	START	1607018378909
REQUEST		request_0	1607018378910	1607018378997	OK	 
USER	gatwai	END	1607018378998
USER	gatwai	START	1607018379113
REQUEST		request_0	1607018379113	1607018379220	OK	 
USER	gatwai	END	1607018379220
USER	gatwai	START	1607018379316
REQUEST		request_0	1607018379316	1607018379402	OK	 
USER	gatwai	END	1607018379403
USER	gatwai	START	1607018379524
REQUEST		request_0	1607018379524	1607018379624	OK	 
USER	gatwai	END	1607018379625
USER	gatwai	START	1607018379712
REQUEST		request_0	1607018379712	1607018379830	OK	 
USER	gatwai	END	1607018379830
USER	gatwai	START	1607018379915
REQUEST		request_0	1607018379915	1607018379995	OK	 
USER	gatwai	END	1607018379996
USER	gatwai	START	1607018380119
REQUEST		request_0	1607018380119	1607018380210	OK	 
USER	gatwai	END	1607018380210
USER	gatwai	START	1607018380321
REQUEST		request_0	1607018380321	1607018380415	OK	 
USER	gatwai	END	1607018380416
USER	gatwai	START	1607018380524
REQUEST		request_0	1607018380524	1607018380623	OK	 
USER	gatwai	END	1607018380623
USER	gatwai	START	1607018380712
REQUEST		request_0	1607018380712	1607018380800	OK	 
USER	gatwai	END	1607018380800
USER	gatwai	START	1607018380915
REQUEST		request_0	1607018380916	1607018381021	OK	 
USER	gatwai	END	1607018381021
USER	gatwai	START	1607018381118
REQUEST		request_0	1607018381118	1607018381218	OK	 
USER	gatwai	END	1607018381219
USER	gatwai	START	1607018381321
REQUEST		request_0	1607018381321	1607018381412	OK	 
USER	gatwai	END	1607018381413
USER	gatwai	START	1607018381524
REQUEST		request_0	1607018381525	1607018381624	OK	 
USER	gatwai	END	1607018381624
USER	gatwai	START	1607018381712
REQUEST		request_0	1607018381712	1607018381797	OK	 
USER	gatwai	END	1607018381798
USER	gatwai	START	1607018381915
REQUEST		request_0	1607018381915	1607018382009	OK	 
USER	gatwai	END	1607018382010
USER	gatwai	START	1607018382120
REQUEST		request_0	1607018382120	1607018382202	OK	 
USER	gatwai	END	1607018382202
USER	gatwai	START	1607018382323
REQUEST		request_0	1607018382323	1607018382421	OK	 
USER	gatwai	END	1607018382421
USER	gatwai	START	1607018382510
REQUEST		request_0	1607018382510	1607018382608	OK	 
USER	gatwai	END	1607018382608
USER	gatwai	START	1607018382713
REQUEST		request_0	1607018382713	1607018382800	OK	 
USER	gatwai	END	1607018382801
USER	gatwai	START	1607018382916
REQUEST		request_0	1607018382917	1607018383015	OK	 
USER	gatwai	END	1607018383016
USER	gatwai	START	1607018383120
REQUEST		request_0	1607018383120	1607018383231	OK	 
USER	gatwai	END	1607018383232
USER	gatwai	START	1607018383322
REQUEST		request_0	1607018383323	1607018383414	OK	 
USER	gatwai	END	1607018383414
USER	gatwai	START	1607018383510
REQUEST		request_0	1607018383510	1607018383598	OK	 
USER	gatwai	END	1607018383598
USER	gatwai	START	1607018383713
REQUEST		request_0	1607018383714	1607018383815	OK	 
USER	gatwai	END	1607018383816
USER	gatwai	START	1607018383916
REQUEST		request_0	1607018383917	1607018384014	OK	 
USER	gatwai	END	1607018384015
USER	gatwai	START	1607018384119
REQUEST		request_0	1607018384120	1607018384209	OK	 
USER	gatwai	END	1607018384209
USER	gatwai	START	1607018384322
REQUEST		request_0	1607018384323	1607018384416	OK	 
USER	gatwai	END	1607018384417
USER	gatwai	START	1607018384526
REQUEST		request_0	1607018384526	1607018384635	OK	 
USER	gatwai	END	1607018384635
USER	gatwai	START	1607018384713
REQUEST		request_0	1607018384713	1607018384803	OK	 
USER	gatwai	END	1607018384803
USER	gatwai	START	1607018384916
REQUEST		request_0	1607018384917	1607018385013	OK	 
USER	gatwai	END	1607018385013
USER	gatwai	START	1607018385119
REQUEST		request_0	1607018385120	1607018385217	OK	 
USER	gatwai	END	1607018385217
USER	gatwai	START	1607018385323
REQUEST		request_0	1607018385323	1607018385414	OK	 
USER	gatwai	END	1607018385415
USER	gatwai	START	1607018385510
REQUEST		request_0	1607018385510	1607018385601	OK	 
USER	gatwai	END	1607018385601
USER	gatwai	START	1607018385713
REQUEST		request_0	1607018385714	1607018385816	OK	 
USER	gatwai	END	1607018385816
USER	gatwai	START	1607018385916
REQUEST		request_0	1607018385917	1607018386010	OK	 
USER	gatwai	END	1607018386011
USER	gatwai	START	1607018386119
REQUEST		request_0	1607018386119	1607018386215	OK	 
USER	gatwai	END	1607018386215
USER	gatwai	START	1607018386322
REQUEST		request_0	1607018386322	1607018386405	OK	 
USER	gatwai	END	1607018386405
USER	gatwai	START	1607018386526
REQUEST		request_0	1607018386526	1607018386629	OK	 
USER	gatwai	END	1607018386630
USER	gatwai	START	1607018386713
REQUEST		request_0	1607018386713	1607018386804	OK	 
USER	gatwai	END	1607018386805
USER	gatwai	START	1607018386920
REQUEST		request_0	1607018386920	1607018387011	OK	 
USER	gatwai	END	1607018387012
USER	gatwai	START	1607018387123
REQUEST		request_0	1607018387123	1607018387217	OK	 
USER	gatwai	END	1607018387218
USER	gatwai	START	1607018387310
REQUEST		request_0	1607018387311	1607018387404	OK	 
USER	gatwai	END	1607018387405
USER	gatwai	START	1607018387516
REQUEST		request_0	1607018387516	1607018387611	OK	 
USER	gatwai	END	1607018387612
USER	gatwai	START	1607018387719
REQUEST		request_0	1607018387719	1607018387808	OK	 
USER	gatwai	END	1607018387809
USER	gatwai	START	1607018387922
REQUEST		request_0	1607018387923	1607018388024	OK	 
USER	gatwai	END	1607018388024
USER	gatwai	START	1607018388118
REQUEST		request_0	1607018388119	1607018388223	OK	 
USER	gatwai	END	1607018388223
USER	gatwai	START	1607018388321
REQUEST		request_0	1607018388322	1607018388410	OK	 
USER	gatwai	END	1607018388411
USER	gatwai	START	1607018388525
REQUEST		request_0	1607018388525	1607018388619	OK	 
USER	gatwai	END	1607018388619
USER	gatwai	START	1607018388712
REQUEST		request_0	1607018388712	1607018388802	OK	 
USER	gatwai	END	1607018388803
USER	gatwai	START	1607018388932
REQUEST		request_0	1607018388932	1607018389037	OK	 
USER	gatwai	END	1607018389038
USER	gatwai	START	1607018389118
REQUEST		request_0	1607018389119	1607018389214	OK	 
USER	gatwai	END	1607018389215
USER	gatwai	START	1607018389321
REQUEST		request_0	1607018389322	1607018389420	OK	 
USER	gatwai	END	1607018389421
USER	gatwai	START	1607018389525
REQUEST		request_0	1607018389525	1607018389629	OK	 
USER	gatwai	END	1607018389629
USER	gatwai	START	1607018389712
REQUEST		request_0	1607018389712	1607018389801	OK	 
USER	gatwai	END	1607018389802
USER	gatwai	START	1607018389915
REQUEST		request_0	1607018389915	1607018390008	OK	 
USER	gatwai	END	1607018390008
USER	gatwai	START	1607018390118
REQUEST		request_0	1607018390118	1607018390200	OK	 
USER	gatwai	END	1607018390201
USER	gatwai	START	1607018390321
REQUEST		request_0	1607018390322	1607018390421	OK	 
USER	gatwai	END	1607018390421
USER	gatwai	START	1607018390524
REQUEST		request_0	1607018390525	1607018390614	OK	 
USER	gatwai	END	1607018390615
USER	gatwai	START	1607018390712
REQUEST		request_0	1607018390712	1607018390808	OK	 
USER	gatwai	END	1607018390808
USER	gatwai	START	1607018390938
REQUEST		request_0	1607018390938	1607018391021	OK	 
USER	gatwai	END	1607018391021
USER	gatwai	START	1607018391118
REQUEST		request_0	1607018391119	1607018391209	OK	 
USER	gatwai	END	1607018391210
USER	gatwai	START	1607018391322
REQUEST		request_0	1607018391323	1607018391418	OK	 
USER	gatwai	END	1607018391420
USER	gatwai	START	1607018391517
REQUEST		request_0	1607018391518	1607018391605	OK	 
USER	gatwai	END	1607018391605
USER	gatwai	START	1607018391721
REQUEST		request_0	1607018391721	1607018391812	OK	 
USER	gatwai	END	1607018391813
USER	gatwai	START	1607018391924
REQUEST		request_0	1607018391924	1607018392019	OK	 
USER	gatwai	END	1607018392020
USER	gatwai	START	1607018392111
REQUEST		request_0	1607018392112	1607018392203	OK	 
USER	gatwai	END	1607018392203
USER	gatwai	START	1607018392312
REQUEST		request_0	1607018392313	1607018392410	OK	 
USER	gatwai	END	1607018392410
USER	gatwai	START	1607018392516
REQUEST		request_0	1607018392516	1607018392599	OK	 
USER	gatwai	END	1607018392599
USER	gatwai	START	1607018392719
REQUEST		request_0	1607018392719	1607018392812	OK	 
USER	gatwai	END	1607018392812
USER	gatwai	START	1607018392922
REQUEST		request_0	1607018392922	1607018393019	OK	 
USER	gatwai	END	1607018393020
USER	gatwai	START	1607018393114
REQUEST		request_0	1607018393114	1607018393216	OK	 
USER	gatwai	END	1607018393217
USER	gatwai	START	1607018393317
REQUEST		request_0	1607018393317	1607018393411	OK	 
USER	gatwai	END	1607018393411
USER	gatwai	START	1607018393520
REQUEST		request_0	1607018393520	1607018393611	OK	 
USER	gatwai	END	1607018393611
USER	gatwai	START	1607018393723
REQUEST		request_0	1607018393723	1607018393807	OK	 
USER	gatwai	END	1607018393808
USER	gatwai	START	1607018393910
REQUEST		request_0	1607018393910	1607018393998	OK	 
USER	gatwai	END	1607018393999
USER	gatwai	START	1607018394113
REQUEST		request_0	1607018394114	1607018394199	OK	 
USER	gatwai	END	1607018394199
USER	gatwai	START	1607018394317
REQUEST		request_0	1607018394317	1607018394423	OK	 
USER	gatwai	END	1607018394424
USER	gatwai	START	1607018394520
REQUEST		request_0	1607018394520	1607018394620	OK	 
USER	gatwai	END	1607018394621
USER	gatwai	START	1607018394723
REQUEST		request_0	1607018394723	1607018394816	OK	 
USER	gatwai	END	1607018394816
USER	gatwai	START	1607018394910
REQUEST		request_0	1607018394910	1607018395000	OK	 
USER	gatwai	END	1607018395001
USER	gatwai	START	1607018395114
REQUEST		request_0	1607018395114	1607018395225	OK	 
USER	gatwai	END	1607018395225
USER	gatwai	START	1607018395317
REQUEST		request_0	1607018395317	1607018395412	OK	 
USER	gatwai	END	1607018395413
USER	gatwai	START	1607018395520
REQUEST		request_0	1607018395520	1607018395611	OK	 
USER	gatwai	END	1607018395611
USER	gatwai	START	1607018395723
REQUEST		request_0	1607018395723	1607018395821	OK	 
USER	gatwai	END	1607018395821
USER	gatwai	START	1607018395926
REQUEST		request_0	1607018395926	1607018396015	OK	 
USER	gatwai	END	1607018396015
USER	gatwai	START	1607018396113
REQUEST		request_0	1607018396114	1607018396203	OK	 
USER	gatwai	END	1607018396203
USER	gatwai	START	1607018396317
REQUEST		request_0	1607018396317	1607018396413	OK	 
USER	gatwai	END	1607018396413
USER	gatwai	START	1607018396520
REQUEST		request_0	1607018396520	1607018396612	OK	 
USER	gatwai	END	1607018396612
USER	gatwai	START	1607018396723
REQUEST		request_0	1607018396723	1607018396814	OK	 
USER	gatwai	END	1607018396814
USER	gatwai	START	1607018396910
REQUEST		request_0	1607018396910	1607018396999	OK	 
USER	gatwai	END	1607018396999
USER	gatwai	START	1607018397114
REQUEST		request_0	1607018397114	1607018397198	OK	 
USER	gatwai	END	1607018397198
USER	gatwai	START	1607018397317
REQUEST		request_0	1607018397317	1607018397419	OK	 
USER	gatwai	END	1607018397420
USER	gatwai	START	1607018397520
REQUEST		request_0	1607018397520	1607018397611	OK	 
USER	gatwai	END	1607018397612
USER	gatwai	START	1607018397723
REQUEST		request_0	1607018397723	1607018397823	OK	 
USER	gatwai	END	1607018397823
USER	gatwai	START	1607018397910
REQUEST		request_0	1607018397910	1607018397999	OK	 
USER	gatwai	END	1607018397999
USER	gatwai	START	1607018398113
REQUEST		request_0	1607018398113	1607018398195	OK	 
USER	gatwai	END	1607018398196
USER	gatwai	START	1607018398317
REQUEST		request_0	1607018398317	1607018398421	OK	 
USER	gatwai	END	1607018398422
USER	gatwai	START	1607018398520
REQUEST		request_0	1607018398520	1607018398608	OK	 
USER	gatwai	END	1607018398609
USER	gatwai	START	1607018398710
REQUEST		request_0	1607018398710	1607018398802	OK	 
USER	gatwai	END	1607018398802
USER	gatwai	START	1607018398913
REQUEST		request_0	1607018398914	1607018399011	OK	 
USER	gatwai	END	1607018399012
USER	gatwai	START	1607018399116
REQUEST		request_0	1607018399117	1607018399218	OK	 
USER	gatwai	END	1607018399218
USER	gatwai	START	1607018399320
REQUEST		request_0	1607018399320	1607018399414	OK	 
USER	gatwai	END	1607018399415
USER	gatwai	START	1607018399523
REQUEST		request_0	1607018399524	1607018399627	OK	 
USER	gatwai	END	1607018399628
USER	gatwai	START	1607018399710
REQUEST		request_0	1607018399711	1607018399799	OK	 
USER	gatwai	END	1607018399800
USER	gatwai	START	1607018399922
REQUEST		request_0	1607018399922	1607018400019	OK	 
USER	gatwai	END	1607018400019
USER	gatwai	START	1607018400110
REQUEST		request_0	1607018400110	1607018400196	OK	 
USER	gatwai	END	1607018400197
USER	gatwai	START	1607018400313
REQUEST		request_0	1607018400313	1607018400396	OK	 
USER	gatwai	END	1607018400396
USER	gatwai	START	1607018400516
REQUEST		request_0	1607018400516	1607018400610	OK	 
USER	gatwai	END	1607018400610
USER	gatwai	START	1607018400719
REQUEST		request_0	1607018400719	1607018400807	OK	 
USER	gatwai	END	1607018400807
USER	gatwai	START	1607018400914
REQUEST		request_0	1607018400914	1607018401007	OK	 
USER	gatwai	END	1607018401007
USER	gatwai	START	1607018401117
REQUEST		request_0	1607018401118	1607018401219	OK	 
USER	gatwai	END	1607018401220
USER	gatwai	START	1607018401321
REQUEST		request_0	1607018401321	1607018401413	OK	 
USER	gatwai	END	1607018401414
USER	gatwai	START	1607018401524
REQUEST		request_0	1607018401525	1607018401616	OK	 
USER	gatwai	END	1607018401616
USER	gatwai	START	1607018401712
REQUEST		request_0	1607018401712	1607018401806	OK	 
USER	gatwai	END	1607018401807
USER	gatwai	START	1607018401915
REQUEST		request_0	1607018401915	1607018402010	OK	 
USER	gatwai	END	1607018402011
USER	gatwai	START	1607018402118
REQUEST		request_0	1607018402118	1607018402217	OK	 
USER	gatwai	END	1607018402217
USER	gatwai	START	1607018402321
REQUEST		request_0	1607018402321	1607018402414	OK	 
USER	gatwai	END	1607018402414
USER	gatwai	START	1607018402524
REQUEST		request_0	1607018402525	1607018402612	OK	 
USER	gatwai	END	1607018402613
USER	gatwai	START	1607018402712
REQUEST		request_0	1607018402712	1607018402815	OK	 
USER	gatwai	END	1607018402816
USER	gatwai	START	1607018402915
REQUEST		request_0	1607018402915	1607018403004	OK	 
USER	gatwai	END	1607018403005
USER	gatwai	START	1607018403118
REQUEST		request_0	1607018403119	1607018403221	OK	 
USER	gatwai	END	1607018403222
USER	gatwai	START	1607018403322
REQUEST		request_0	1607018403322	1607018403416	OK	 
USER	gatwai	END	1607018403417
USER	gatwai	START	1607018403525
REQUEST		request_0	1607018403525	1607018403608	OK	 
USER	gatwai	END	1607018403609
USER	gatwai	START	1607018403712
REQUEST		request_0	1607018403713	1607018403806	OK	 
USER	gatwai	END	1607018403806
USER	gatwai	START	1607018403915
REQUEST		request_0	1607018403916	1607018404008	OK	 
USER	gatwai	END	1607018404009
USER	gatwai	START	1607018404122
REQUEST		request_0	1607018404122	1607018404226	OK	 
USER	gatwai	END	1607018404227
USER	gatwai	START	1607018404310
REQUEST		request_0	1607018404310	1607018404394	OK	 
USER	gatwai	END	1607018404394
USER	gatwai	START	1607018404513
REQUEST		request_0	1607018404514	1607018404615	OK	 
USER	gatwai	END	1607018404615
USER	gatwai	START	1607018404716
REQUEST		request_0	1607018404717	1607018404804	OK	 
USER	gatwai	END	1607018404805
USER	gatwai	START	1607018404920
REQUEST		request_0	1607018404920	1607018405013	OK	 
USER	gatwai	END	1607018405014
USER	gatwai	START	1607018405123
REQUEST		request_0	1607018405123	1607018405206	OK	 
USER	gatwai	END	1607018405206
USER	gatwai	START	1607018405313
REQUEST		request_0	1607018405314	1607018405407	OK	 
USER	gatwai	END	1607018405408
USER	gatwai	START	1607018405516
REQUEST		request_0	1607018405517	1607018405599	OK	 
USER	gatwai	END	1607018405599
USER	gatwai	START	1607018405720
REQUEST		request_0	1607018405720	1607018405805	OK	 
USER	gatwai	END	1607018405806
USER	gatwai	START	1607018405915
REQUEST		request_0	1607018405916	1607018406000	OK	 
USER	gatwai	END	1607018406000
USER	gatwai	START	1607018406123
REQUEST		request_0	1607018406123	1607018406207	OK	 
USER	gatwai	END	1607018406208
USER	gatwai	START	1607018406310
REQUEST		request_0	1607018406310	1607018406397	OK	 
USER	gatwai	END	1607018406397
USER	gatwai	START	1607018406513
REQUEST		request_0	1607018406514	1607018406616	OK	 
USER	gatwai	END	1607018406616
USER	gatwai	START	1607018406716
REQUEST		request_0	1607018406717	1607018406806	OK	 
USER	gatwai	END	1607018406807
USER	gatwai	START	1607018406920
REQUEST		request_0	1607018406920	1607018407009	OK	 
USER	gatwai	END	1607018407009
USER	gatwai	START	1607018407122
REQUEST		request_0	1607018407123	1607018407216	OK	 
USER	gatwai	END	1607018407216
USER	gatwai	START	1607018407310
REQUEST		request_0	1607018407310	1607018407400	OK	 
USER	gatwai	END	1607018407401
USER	gatwai	START	1607018407510
REQUEST		request_0	1607018407511	1607018407610	OK	 
USER	gatwai	END	1607018407611
USER	gatwai	START	1607018407713
REQUEST		request_0	1607018407714	1607018407808	OK	 
USER	gatwai	END	1607018407808
USER	gatwai	START	1607018407916
REQUEST		request_0	1607018407916	1607018408009	OK	 
USER	gatwai	END	1607018408009
USER	gatwai	START	1607018408119
REQUEST		request_0	1607018408120	1607018408219	OK	 
USER	gatwai	END	1607018408219
USER	gatwai	START	1607018408323
REQUEST		request_0	1607018408323	1607018408408	OK	 
USER	gatwai	END	1607018408408
USER	gatwai	START	1607018408510
REQUEST		request_0	1607018408511	1607018408613	OK	 
USER	gatwai	END	1607018408613
USER	gatwai	START	1607018408713
REQUEST		request_0	1607018408713	1607018408804	OK	 
USER	gatwai	END	1607018408805
USER	gatwai	START	1607018408917
REQUEST		request_0	1607018408917	1607018409024	OK	 
USER	gatwai	END	1607018409025
