RUN	gatwai	gatwai	1607017601342	5pssecure2	3.4.1
USER	gatwai	START	1607017602072
REQUEST		request_0	1607017602094	1607017602230	OK	 
USER	gatwai	START	1607017602276
USER	gatwai	END	1607017602284
REQUEST		request_0	1607017602277	1607017602383	OK	 
USER	gatwai	END	1607017602384
USER	gatwai	START	1607017602463
REQUEST		request_0	1607017602464	1607017602597	OK	 
USER	gatwai	END	1607017602598
USER	gatwai	START	1607017602666
REQUEST		request_0	1607017602666	1607017602762	OK	 
USER	gatwai	END	1607017602763
USER	gatwai	START	1607017602869
REQUEST		request_0	1607017602870	1607017602981	OK	 
USER	gatwai	END	1607017602982
USER	gatwai	START	1607017603071
REQUEST		request_0	1607017603072	1607017603172	OK	 
USER	gatwai	END	1607017603173
USER	gatwai	START	1607017603275
REQUEST		request_0	1607017603275	1607017603377	OK	 
USER	gatwai	END	1607017603378
USER	gatwai	START	1607017603478
REQUEST		request_0	1607017603479	1607017603587	OK	 
USER	gatwai	END	1607017603588
USER	gatwai	START	1607017603665
REQUEST		request_0	1607017603666	1607017603764	OK	 
USER	gatwai	END	1607017603765
USER	gatwai	START	1607017603869
REQUEST		request_0	1607017603869	1607017603971	OK	 
USER	gatwai	END	1607017603972
USER	gatwai	START	1607017604072
REQUEST		request_0	1607017604072	1607017604173	OK	 
USER	gatwai	END	1607017604174
USER	gatwai	START	1607017604260
REQUEST		request_0	1607017604262	1607017604354	OK	 
USER	gatwai	END	1607017604355
USER	gatwai	START	1607017604462
REQUEST		request_0	1607017604463	1607017604564	OK	 
USER	gatwai	END	1607017604565
USER	gatwai	START	1607017604666
REQUEST		request_0	1607017604667	1607017604781	OK	 
USER	gatwai	END	1607017604782
USER	gatwai	START	1607017604869
REQUEST		request_0	1607017604869	1607017604976	OK	 
USER	gatwai	END	1607017604977
USER	gatwai	START	1607017605072
REQUEST		request_0	1607017605072	1607017605165	OK	 
USER	gatwai	END	1607017605166
USER	gatwai	START	1607017605259
REQUEST		request_0	1607017605260	1607017605354	OK	 
USER	gatwai	END	1607017605355
USER	gatwai	START	1607017605463
REQUEST		request_0	1607017605463	1607017605572	OK	 
USER	gatwai	END	1607017605573
USER	gatwai	START	1607017605666
REQUEST		request_0	1607017605666	1607017605766	OK	 
USER	gatwai	END	1607017605766
USER	gatwai	START	1607017605860
REQUEST		request_0	1607017605860	1607017605952	OK	 
USER	gatwai	END	1607017605953
USER	gatwai	START	1607017606063
REQUEST		request_0	1607017606063	1607017606170	OK	 
USER	gatwai	END	1607017606170
USER	gatwai	START	1607017606268
REQUEST		request_0	1607017606269	1607017606369	OK	 
USER	gatwai	END	1607017606370
USER	gatwai	START	1607017606472
REQUEST		request_0	1607017606473	1607017606593	OK	 
USER	gatwai	END	1607017606593
USER	gatwai	START	1607017606658
REQUEST		request_0	1607017606659	1607017606756	OK	 
USER	gatwai	END	1607017606757
USER	gatwai	START	1607017606861
REQUEST		request_0	1607017606862	1607017606960	OK	 
USER	gatwai	END	1607017606960
USER	gatwai	START	1607017607065
REQUEST		request_0	1607017607065	1607017607177	OK	 
USER	gatwai	END	1607017607178
USER	gatwai	START	1607017607272
REQUEST		request_0	1607017607272	1607017607371	OK	 
USER	gatwai	END	1607017607372
USER	gatwai	START	1607017607459
REQUEST		request_0	1607017607460	1607017607563	OK	 
USER	gatwai	END	1607017607564
USER	gatwai	START	1607017607662
REQUEST		request_0	1607017607662	1607017607757	OK	 
USER	gatwai	END	1607017607758
USER	gatwai	START	1607017607865
REQUEST		request_0	1607017607866	1607017607965	OK	 
USER	gatwai	END	1607017607966
USER	gatwai	START	1607017608069
REQUEST		request_0	1607017608069	1607017608185	OK	 
USER	gatwai	END	1607017608186
USER	gatwai	START	1607017608262
REQUEST		request_0	1607017608263	1607017608355	OK	 
USER	gatwai	END	1607017608356
USER	gatwai	START	1607017608465
REQUEST		request_0	1607017608466	1607017608569	OK	 
USER	gatwai	END	1607017608570
USER	gatwai	START	1607017608669
REQUEST		request_0	1607017608669	1607017608769	OK	 
USER	gatwai	END	1607017608769
USER	gatwai	START	1607017608872
REQUEST		request_0	1607017608872	1607017608964	OK	 
USER	gatwai	END	1607017608965
USER	gatwai	START	1607017609075
REQUEST		request_0	1607017609075	1607017609171	OK	 
USER	gatwai	END	1607017609172
USER	gatwai	START	1607017609262
REQUEST		request_0	1607017609263	1607017609354	OK	 
USER	gatwai	END	1607017609355
USER	gatwai	START	1607017609465
REQUEST		request_0	1607017609466	1607017609569	OK	 
USER	gatwai	END	1607017609570
USER	gatwai	START	1607017609669
REQUEST		request_0	1607017609670	1607017609778	OK	 
USER	gatwai	END	1607017609781
USER	gatwai	START	1607017609871
REQUEST		request_0	1607017609872	1607017609960	OK	 
USER	gatwai	END	1607017609960
USER	gatwai	START	1607017610059
REQUEST		request_0	1607017610059	1607017610159	OK	 
USER	gatwai	END	1607017610160
USER	gatwai	START	1607017610262
REQUEST		request_0	1607017610263	1607017610363	OK	 
USER	gatwai	END	1607017610364
USER	gatwai	START	1607017610466
REQUEST		request_0	1607017610466	1607017610558	OK	 
USER	gatwai	END	1607017610559
USER	gatwai	START	1607017610669
REQUEST		request_0	1607017610669	1607017610776	OK	 
USER	gatwai	END	1607017610776
USER	gatwai	START	1607017610872
REQUEST		request_0	1607017610872	1607017610970	OK	 
USER	gatwai	END	1607017610971
USER	gatwai	START	1607017611059
REQUEST		request_0	1607017611060	1607017611158	OK	 
USER	gatwai	END	1607017611159
USER	gatwai	START	1607017611262
REQUEST		request_0	1607017611263	1607017611367	OK	 
USER	gatwai	END	1607017611368
USER	gatwai	START	1607017611466
REQUEST		request_0	1607017611466	1607017611578	OK	 
USER	gatwai	END	1607017611578
USER	gatwai	START	1607017611669
REQUEST		request_0	1607017611669	1607017611765	OK	 
USER	gatwai	END	1607017611766
USER	gatwai	START	1607017611872
REQUEST		request_0	1607017611872	1607017611985	OK	 
USER	gatwai	END	1607017611986
USER	gatwai	START	1607017612059
REQUEST		request_0	1607017612059	1607017612153	OK	 
USER	gatwai	END	1607017612154
USER	gatwai	START	1607017612263
REQUEST		request_0	1607017612263	1607017612358	OK	 
USER	gatwai	END	1607017612359
USER	gatwai	START	1607017612465
REQUEST		request_0	1607017612466	1607017612566	OK	 
USER	gatwai	END	1607017612567
USER	gatwai	START	1607017612669
REQUEST		request_0	1607017612669	1607017612767	OK	 
USER	gatwai	END	1607017612767
USER	gatwai	START	1607017612872
REQUEST		request_0	1607017612872	1607017612976	OK	 
USER	gatwai	END	1607017612977
USER	gatwai	START	1607017613059
REQUEST		request_0	1607017613060	1607017613159	OK	 
USER	gatwai	END	1607017613160
USER	gatwai	START	1607017613262
REQUEST		request_0	1607017613263	1607017613362	OK	 
USER	gatwai	END	1607017613363
USER	gatwai	START	1607017613465
REQUEST		request_0	1607017613466	1607017613564	OK	 
USER	gatwai	END	1607017613564
USER	gatwai	START	1607017613669
REQUEST		request_0	1607017613669	1607017613766	OK	 
USER	gatwai	END	1607017613767
USER	gatwai	START	1607017613872
REQUEST		request_0	1607017613873	1607017613975	OK	 
USER	gatwai	END	1607017613976
USER	gatwai	START	1607017614059
REQUEST		request_0	1607017614060	1607017614157	OK	 
USER	gatwai	END	1607017614158
USER	gatwai	START	1607017614262
REQUEST		request_0	1607017614263	1607017614357	OK	 
USER	gatwai	END	1607017614358
USER	gatwai	START	1607017614466
REQUEST		request_0	1607017614467	1607017614564	OK	 
USER	gatwai	END	1607017614565
USER	gatwai	START	1607017614669
REQUEST		request_0	1607017614669	1607017614758	OK	 
USER	gatwai	END	1607017614758
USER	gatwai	START	1607017614872
REQUEST		request_0	1607017614872	1607017614964	OK	 
USER	gatwai	END	1607017614964
USER	gatwai	START	1607017615060
REQUEST		request_0	1607017615060	1607017615160	OK	 
USER	gatwai	END	1607017615160
USER	gatwai	START	1607017615267
REQUEST		request_0	1607017615268	1607017615372	OK	 
USER	gatwai	END	1607017615373
USER	gatwai	START	1607017615472
REQUEST		request_0	1607017615473	1607017615583	OK	 
USER	gatwai	END	1607017615583
USER	gatwai	START	1607017615662
REQUEST		request_0	1607017615662	1607017615767	OK	 
USER	gatwai	END	1607017615768
USER	gatwai	START	1607017615872
REQUEST		request_0	1607017615872	1607017615975	OK	 
USER	gatwai	END	1607017615975
USER	gatwai	START	1607017616061
REQUEST		request_0	1607017616061	1607017616182	OK	 
USER	gatwai	END	1607017616183
USER	gatwai	START	1607017616263
REQUEST		request_0	1607017616264	1607017616374	OK	 
USER	gatwai	END	1607017616375
USER	gatwai	START	1607017616466
REQUEST		request_0	1607017616467	1607017616583	OK	 
USER	gatwai	END	1607017616584
USER	gatwai	START	1607017616670
REQUEST		request_0	1607017616670	1607017616760	OK	 
USER	gatwai	END	1607017616760
USER	gatwai	START	1607017616872
REQUEST		request_0	1607017616872	1607017616973	OK	 
USER	gatwai	END	1607017616974
USER	gatwai	START	1607017617060
REQUEST		request_0	1607017617060	1607017617161	OK	 
USER	gatwai	END	1607017617161
USER	gatwai	START	1607017617263
REQUEST		request_0	1607017617263	1607017617369	OK	 
USER	gatwai	END	1607017617370
USER	gatwai	START	1607017617468
REQUEST		request_0	1607017617468	1607017617566	OK	 
USER	gatwai	END	1607017617567
USER	gatwai	START	1607017617671
REQUEST		request_0	1607017617672	1607017617775	OK	 
USER	gatwai	END	1607017617776
USER	gatwai	START	1607017617859
REQUEST		request_0	1607017617859	1607017617954	OK	 
USER	gatwai	END	1607017617955
USER	gatwai	START	1607017618062
REQUEST		request_0	1607017618063	1607017618169	OK	 
USER	gatwai	END	1607017618170
USER	gatwai	START	1607017618265
REQUEST		request_0	1607017618265	1607017618359	OK	 
USER	gatwai	END	1607017618360
USER	gatwai	START	1607017618468
REQUEST		request_0	1607017618469	1607017618570	OK	 
USER	gatwai	END	1607017618571
USER	gatwai	START	1607017618672
REQUEST		request_0	1607017618672	1607017618778	OK	 
USER	gatwai	END	1607017618778
USER	gatwai	START	1607017618859
REQUEST		request_0	1607017618860	1607017618956	OK	 
USER	gatwai	END	1607017618956
USER	gatwai	START	1607017619062
REQUEST		request_0	1607017619063	1607017619154	OK	 
USER	gatwai	END	1607017619155
USER	gatwai	START	1607017619265
REQUEST		request_0	1607017619266	1607017619370	OK	 
USER	gatwai	END	1607017619371
USER	gatwai	START	1607017619468
REQUEST		request_0	1607017619469	1607017619560	OK	 
USER	gatwai	END	1607017619561
USER	gatwai	START	1607017619672
REQUEST		request_0	1607017619672	1607017619769	OK	 
USER	gatwai	END	1607017619769
USER	gatwai	START	1607017619859
REQUEST		request_0	1607017619859	1607017619956	OK	 
USER	gatwai	END	1607017619957
USER	gatwai	START	1607017620062
REQUEST		request_0	1607017620062	1607017620156	OK	 
USER	gatwai	END	1607017620157
USER	gatwai	START	1607017620266
REQUEST		request_0	1607017620266	1607017620375	OK	 
USER	gatwai	END	1607017620376
USER	gatwai	START	1607017620468
REQUEST		request_0	1607017620469	1607017620574	OK	 
USER	gatwai	END	1607017620575
USER	gatwai	START	1607017620672
REQUEST		request_0	1607017620672	1607017620776	OK	 
USER	gatwai	END	1607017620776
USER	gatwai	START	1607017620859
REQUEST		request_0	1607017620859	1607017620959	OK	 
USER	gatwai	END	1607017620960
USER	gatwai	START	1607017621062
REQUEST		request_0	1607017621063	1607017621161	OK	 
USER	gatwai	END	1607017621162
USER	gatwai	START	1607017621265
REQUEST		request_0	1607017621266	1607017621359	OK	 
USER	gatwai	END	1607017621360
USER	gatwai	START	1607017621469
REQUEST		request_0	1607017621469	1607017621568	OK	 
USER	gatwai	END	1607017621569
USER	gatwai	START	1607017621671
REQUEST		request_0	1607017621672	1607017621765	OK	 
USER	gatwai	END	1607017621766
USER	gatwai	START	1607017621860
REQUEST		request_0	1607017621861	1607017621966	OK	 
USER	gatwai	END	1607017621967
USER	gatwai	START	1607017622062
REQUEST		request_0	1607017622062	1607017622162	OK	 
USER	gatwai	END	1607017622162
USER	gatwai	START	1607017622265
REQUEST		request_0	1607017622266	1607017622370	OK	 
USER	gatwai	END	1607017622371
USER	gatwai	START	1607017622468
REQUEST		request_0	1607017622469	1607017622567	OK	 
USER	gatwai	END	1607017622568
USER	gatwai	START	1607017622672
REQUEST		request_0	1607017622672	1607017622770	OK	 
USER	gatwai	END	1607017622770
USER	gatwai	START	1607017622859
REQUEST		request_0	1607017622860	1607017622955	OK	 
USER	gatwai	END	1607017622956
USER	gatwai	START	1607017623062
REQUEST		request_0	1607017623063	1607017623158	OK	 
USER	gatwai	END	1607017623159
USER	gatwai	START	1607017623265
REQUEST		request_0	1607017623266	1607017623360	OK	 
USER	gatwai	END	1607017623360
USER	gatwai	START	1607017623469
REQUEST		request_0	1607017623469	1607017623568	OK	 
USER	gatwai	END	1607017623569
USER	gatwai	START	1607017623672
REQUEST		request_0	1607017623672	1607017623769	OK	 
USER	gatwai	END	1607017623769
USER	gatwai	START	1607017623859
REQUEST		request_0	1607017623859	1607017623954	OK	 
USER	gatwai	END	1607017623954
USER	gatwai	START	1607017624062
REQUEST		request_0	1607017624062	1607017624162	OK	 
USER	gatwai	END	1607017624163
USER	gatwai	START	1607017624265
REQUEST		request_0	1607017624266	1607017624372	OK	 
USER	gatwai	END	1607017624373
USER	gatwai	START	1607017624473
REQUEST		request_0	1607017624473	1607017624568	OK	 
USER	gatwai	END	1607017624568
USER	gatwai	START	1607017624672
REQUEST		request_0	1607017624672	1607017624766	OK	 
USER	gatwai	END	1607017624767
USER	gatwai	START	1607017624859
REQUEST		request_0	1607017624860	1607017624954	OK	 
USER	gatwai	END	1607017624955
USER	gatwai	START	1607017625063
REQUEST		request_0	1607017625063	1607017625166	OK	 
USER	gatwai	END	1607017625167
USER	gatwai	START	1607017625265
REQUEST		request_0	1607017625266	1607017625362	OK	 
USER	gatwai	END	1607017625363
USER	gatwai	START	1607017625469
REQUEST		request_0	1607017625469	1607017625566	OK	 
USER	gatwai	END	1607017625566
USER	gatwai	START	1607017625672
REQUEST		request_0	1607017625673	1607017625777	OK	 
USER	gatwai	END	1607017625777
USER	gatwai	START	1607017625860
REQUEST		request_0	1607017625860	1607017625957	OK	 
USER	gatwai	END	1607017625958
USER	gatwai	START	1607017626063
REQUEST		request_0	1607017626064	1607017626171	OK	 
USER	gatwai	END	1607017626171
USER	gatwai	START	1607017626266
REQUEST		request_0	1607017626266	1607017626365	OK	 
USER	gatwai	END	1607017626366
USER	gatwai	START	1607017626469
REQUEST		request_0	1607017626470	1607017626581	OK	 
USER	gatwai	END	1607017626582
USER	gatwai	START	1607017626672
REQUEST		request_0	1607017626672	1607017626763	OK	 
USER	gatwai	END	1607017626764
USER	gatwai	START	1607017626860
REQUEST		request_0	1607017626860	1607017626955	OK	 
USER	gatwai	END	1607017626955
USER	gatwai	START	1607017627072
REQUEST		request_0	1607017627073	1607017627162	OK	 
USER	gatwai	END	1607017627163
USER	gatwai	START	1607017627266
REQUEST		request_0	1607017627267	1607017627361	OK	 
USER	gatwai	END	1607017627362
USER	gatwai	START	1607017627469
REQUEST		request_0	1607017627470	1607017627567	OK	 
USER	gatwai	END	1607017627568
USER	gatwai	START	1607017627666
REQUEST		request_0	1607017627666	1607017627768	OK	 
USER	gatwai	END	1607017627769
USER	gatwai	START	1607017627870
REQUEST		request_0	1607017627870	1607017627984	OK	 
USER	gatwai	END	1607017627984
USER	gatwai	START	1607017628073
REQUEST		request_0	1607017628073	1607017628174	OK	 
USER	gatwai	END	1607017628174
USER	gatwai	START	1607017628260
REQUEST		request_0	1607017628260	1607017628350	OK	 
USER	gatwai	END	1607017628350
USER	gatwai	START	1607017628464
REQUEST		request_0	1607017628464	1607017628569	OK	 
USER	gatwai	END	1607017628570
USER	gatwai	START	1607017628667
REQUEST		request_0	1607017628667	1607017628765	OK	 
USER	gatwai	END	1607017628766
USER	gatwai	START	1607017628870
REQUEST		request_0	1607017628871	1607017628968	OK	 
USER	gatwai	END	1607017628968
USER	gatwai	START	1607017629073
REQUEST		request_0	1607017629074	1607017629172	OK	 
USER	gatwai	END	1607017629173
USER	gatwai	START	1607017629261
REQUEST		request_0	1607017629261	1607017629367	OK	 
USER	gatwai	END	1607017629368
USER	gatwai	START	1607017629464
REQUEST		request_0	1607017629464	1607017629564	OK	 
USER	gatwai	END	1607017629565
USER	gatwai	START	1607017629667
REQUEST		request_0	1607017629667	1607017629763	OK	 
USER	gatwai	END	1607017629764
USER	gatwai	START	1607017629871
REQUEST		request_0	1607017629871	1607017629979	OK	 
USER	gatwai	END	1607017629979
USER	gatwai	START	1607017630058
REQUEST		request_0	1607017630058	1607017630153	OK	 
USER	gatwai	END	1607017630153
USER	gatwai	START	1607017630261
REQUEST		request_0	1607017630261	1607017630361	OK	 
USER	gatwai	END	1607017630362
USER	gatwai	START	1607017630464
REQUEST		request_0	1607017630464	1607017630566	OK	 
USER	gatwai	END	1607017630566
USER	gatwai	START	1607017630667
REQUEST		request_0	1607017630668	1607017630773	OK	 
USER	gatwai	END	1607017630774
USER	gatwai	START	1607017630870
REQUEST		request_0	1607017630871	1607017630974	OK	 
USER	gatwai	END	1607017630974
USER	gatwai	START	1607017631073
REQUEST		request_0	1607017631074	1607017631179	OK	 
USER	gatwai	END	1607017631180
USER	gatwai	START	1607017631261
REQUEST		request_0	1607017631261	1607017631355	OK	 
USER	gatwai	END	1607017631355
USER	gatwai	START	1607017631464
REQUEST		request_0	1607017631465	1607017631581	OK	 
USER	gatwai	END	1607017631582
USER	gatwai	START	1607017631667
REQUEST		request_0	1607017631667	1607017631759	OK	 
USER	gatwai	END	1607017631759
USER	gatwai	START	1607017631870
REQUEST		request_0	1607017631871	1607017631965	OK	 
USER	gatwai	END	1607017631965
USER	gatwai	START	1607017632058
REQUEST		request_0	1607017632058	1607017632158	OK	 
USER	gatwai	END	1607017632159
USER	gatwai	START	1607017632261
REQUEST		request_0	1607017632261	1607017632361	OK	 
USER	gatwai	END	1607017632362
USER	gatwai	START	1607017632464
REQUEST		request_0	1607017632464	1607017632572	OK	 
USER	gatwai	END	1607017632573
USER	gatwai	START	1607017632667
REQUEST		request_0	1607017632667	1607017632766	OK	 
USER	gatwai	END	1607017632766
USER	gatwai	START	1607017632870
REQUEST		request_0	1607017632871	1607017632968	OK	 
USER	gatwai	END	1607017632968
USER	gatwai	START	1607017633073
REQUEST		request_0	1607017633074	1607017633173	OK	 
USER	gatwai	END	1607017633173
USER	gatwai	START	1607017633261
REQUEST		request_0	1607017633261	1607017633363	OK	 
USER	gatwai	END	1607017633363
USER	gatwai	START	1607017633464
REQUEST		request_0	1607017633464	1607017633561	OK	 
USER	gatwai	END	1607017633562
USER	gatwai	START	1607017633667
REQUEST		request_0	1607017633668	1607017633769	OK	 
USER	gatwai	END	1607017633770
USER	gatwai	START	1607017633870
REQUEST		request_0	1607017633870	1607017633963	OK	 
USER	gatwai	END	1607017633964
USER	gatwai	START	1607017634073
REQUEST		request_0	1607017634074	1607017634175	OK	 
USER	gatwai	END	1607017634175
USER	gatwai	START	1607017634261
REQUEST		request_0	1607017634261	1607017634360	OK	 
USER	gatwai	END	1607017634360
USER	gatwai	START	1607017634464
REQUEST		request_0	1607017634464	1607017634569	OK	 
USER	gatwai	END	1607017634569
USER	gatwai	START	1607017634670
REQUEST		request_0	1607017634671	1607017634761	OK	 
USER	gatwai	END	1607017634762
USER	gatwai	START	1607017634873
REQUEST		request_0	1607017634874	1607017634974	OK	 
USER	gatwai	END	1607017634975
USER	gatwai	START	1607017635061
REQUEST		request_0	1607017635061	1607017635164	OK	 
USER	gatwai	END	1607017635165
USER	gatwai	START	1607017635264
REQUEST		request_0	1607017635264	1607017635378	OK	 
USER	gatwai	END	1607017635381
USER	gatwai	START	1607017635472
REQUEST		request_0	1607017635472	1607017635569	OK	 
USER	gatwai	END	1607017635570
USER	gatwai	START	1607017635659
REQUEST		request_0	1607017635659	1607017635747	OK	 
USER	gatwai	END	1607017635747
USER	gatwai	START	1607017635862
REQUEST		request_0	1607017635863	1607017635962	OK	 
USER	gatwai	END	1607017635962
USER	gatwai	START	1607017636065
REQUEST		request_0	1607017636066	1607017636164	OK	 
USER	gatwai	END	1607017636165
USER	gatwai	START	1607017636268
REQUEST		request_0	1607017636269	1607017636367	OK	 
USER	gatwai	END	1607017636368
USER	gatwai	START	1607017636472
REQUEST		request_0	1607017636472	1607017636585	OK	 
USER	gatwai	END	1607017636586
USER	gatwai	START	1607017636663
REQUEST		request_0	1607017636663	1607017636752	OK	 
USER	gatwai	END	1607017636753
USER	gatwai	START	1607017636862
REQUEST		request_0	1607017636862	1607017636959	OK	 
USER	gatwai	END	1607017636960
USER	gatwai	START	1607017637065
REQUEST		request_0	1607017637065	1607017637164	OK	 
USER	gatwai	END	1607017637165
USER	gatwai	START	1607017637268
REQUEST		request_0	1607017637268	1607017637369	OK	 
USER	gatwai	END	1607017637370
USER	gatwai	START	1607017637472
REQUEST		request_0	1607017637472	1607017637571	OK	 
USER	gatwai	END	1607017637572
USER	gatwai	START	1607017637659
REQUEST		request_0	1607017637659	1607017637758	OK	 
USER	gatwai	END	1607017637759
USER	gatwai	START	1607017637863
REQUEST		request_0	1607017637863	1607017637966	OK	 
USER	gatwai	END	1607017637967
USER	gatwai	START	1607017638073
REQUEST		request_0	1607017638073	1607017638170	OK	 
USER	gatwai	END	1607017638170
USER	gatwai	START	1607017638261
REQUEST		request_0	1607017638261	1607017638357	OK	 
USER	gatwai	END	1607017638358
USER	gatwai	START	1607017638464
REQUEST		request_0	1607017638464	1607017638563	OK	 
USER	gatwai	END	1607017638564
USER	gatwai	START	1607017638667
REQUEST		request_0	1607017638667	1607017638757	OK	 
USER	gatwai	END	1607017638758
USER	gatwai	START	1607017638870
REQUEST		request_0	1607017638871	1607017638979	OK	 
USER	gatwai	END	1607017638979
USER	gatwai	START	1607017639058
REQUEST		request_0	1607017639058	1607017639154	OK	 
USER	gatwai	END	1607017639154
USER	gatwai	START	1607017639260
REQUEST		request_0	1607017639261	1607017639366	OK	 
USER	gatwai	END	1607017639366
USER	gatwai	START	1607017639463
REQUEST		request_0	1607017639464	1607017639563	OK	 
USER	gatwai	END	1607017639564
USER	gatwai	START	1607017639667
REQUEST		request_0	1607017639668	1607017639785	OK	 
USER	gatwai	END	1607017639786
USER	gatwai	START	1607017639870
REQUEST		request_0	1607017639871	1607017639967	OK	 
USER	gatwai	END	1607017639968
USER	gatwai	START	1607017640073
REQUEST		request_0	1607017640074	1607017640172	OK	 
USER	gatwai	END	1607017640173
USER	gatwai	START	1607017640261
REQUEST		request_0	1607017640261	1607017640362	OK	 
USER	gatwai	END	1607017640364
USER	gatwai	START	1607017640464
REQUEST		request_0	1607017640464	1607017640566	OK	 
USER	gatwai	END	1607017640567
USER	gatwai	START	1607017640667
REQUEST		request_0	1607017640667	1607017640765	OK	 
USER	gatwai	END	1607017640765
USER	gatwai	START	1607017640870
REQUEST		request_0	1607017640871	1607017640983	OK	 
USER	gatwai	END	1607017640984
USER	gatwai	START	1607017641073
REQUEST		request_0	1607017641073	1607017641171	OK	 
USER	gatwai	END	1607017641171
USER	gatwai	START	1607017641261
REQUEST		request_0	1607017641262	1607017641365	OK	 
USER	gatwai	END	1607017641366
USER	gatwai	START	1607017641464
REQUEST		request_0	1607017641464	1607017641557	OK	 
USER	gatwai	END	1607017641558
USER	gatwai	START	1607017641667
REQUEST		request_0	1607017641667	1607017641786	OK	 
USER	gatwai	END	1607017641787
USER	gatwai	START	1607017641871
REQUEST		request_0	1607017641871	1607017641968	OK	 
USER	gatwai	END	1607017641968
USER	gatwai	START	1607017642073
REQUEST		request_0	1607017642074	1607017642181	OK	 
USER	gatwai	END	1607017642182
USER	gatwai	START	1607017642261
REQUEST		request_0	1607017642261	1607017642363	OK	 
USER	gatwai	END	1607017642363
USER	gatwai	START	1607017642464
REQUEST		request_0	1607017642464	1607017642561	OK	 
USER	gatwai	END	1607017642561
USER	gatwai	START	1607017642667
REQUEST		request_0	1607017642668	1607017642766	OK	 
USER	gatwai	END	1607017642767
USER	gatwai	START	1607017642871
REQUEST		request_0	1607017642871	1607017642970	OK	 
USER	gatwai	END	1607017642970
USER	gatwai	START	1607017643058
REQUEST		request_0	1607017643059	1607017643157	OK	 
USER	gatwai	END	1607017643157
USER	gatwai	START	1607017643262
REQUEST		request_0	1607017643262	1607017643364	OK	 
USER	gatwai	END	1607017643365
USER	gatwai	START	1607017643465
REQUEST		request_0	1607017643465	1607017643568	OK	 
USER	gatwai	END	1607017643569
USER	gatwai	START	1607017643668
REQUEST		request_0	1607017643668	1607017643764	OK	 
USER	gatwai	END	1607017643765
USER	gatwai	START	1607017643873
REQUEST		request_0	1607017643873	1607017643984	OK	 
USER	gatwai	END	1607017643984
USER	gatwai	START	1607017644060
REQUEST		request_0	1607017644060	1607017644152	OK	 
USER	gatwai	END	1607017644152
USER	gatwai	START	1607017644263
REQUEST		request_0	1607017644264	1607017644374	OK	 
USER	gatwai	END	1607017644374
USER	gatwai	START	1607017644466
REQUEST		request_0	1607017644467	1607017644564	OK	 
USER	gatwai	END	1607017644564
USER	gatwai	START	1607017644670
REQUEST		request_0	1607017644670	1607017644761	OK	 
USER	gatwai	END	1607017644761
USER	gatwai	START	1607017644861
REQUEST		request_0	1607017644862	1607017644955	OK	 
USER	gatwai	END	1607017644955
USER	gatwai	START	1607017645065
REQUEST		request_0	1607017645065	1607017645164	OK	 
USER	gatwai	END	1607017645164
USER	gatwai	START	1607017645268
REQUEST		request_0	1607017645268	1607017645368	OK	 
USER	gatwai	END	1607017645369
USER	gatwai	START	1607017645471
REQUEST		request_0	1607017645472	1607017645572	OK	 
USER	gatwai	END	1607017645573
USER	gatwai	START	1607017645674
REQUEST		request_0	1607017645674	1607017645771	OK	 
USER	gatwai	END	1607017645771
USER	gatwai	START	1607017645861
REQUEST		request_0	1607017645862	1607017645958	OK	 
USER	gatwai	END	1607017645958
USER	gatwai	START	1607017646065
REQUEST		request_0	1607017646065	1607017646165	OK	 
USER	gatwai	END	1607017646165
USER	gatwai	START	1607017646268
REQUEST		request_0	1607017646268	1607017646357	OK	 
USER	gatwai	END	1607017646357
USER	gatwai	START	1607017646471
REQUEST		request_0	1607017646471	1607017646588	OK	 
USER	gatwai	END	1607017646589
USER	gatwai	START	1607017646674
REQUEST		request_0	1607017646674	1607017646765	OK	 
USER	gatwai	END	1607017646766
USER	gatwai	START	1607017646861
REQUEST		request_0	1607017646862	1607017646961	OK	 
USER	gatwai	END	1607017646961
USER	gatwai	START	1607017647065
REQUEST		request_0	1607017647065	1607017647164	OK	 
USER	gatwai	END	1607017647165
USER	gatwai	START	1607017647269
REQUEST		request_0	1607017647270	1607017647390	OK	 
USER	gatwai	END	1607017647391
USER	gatwai	START	1607017647471
REQUEST		request_0	1607017647471	1607017647568	OK	 
USER	gatwai	END	1607017647569
USER	gatwai	START	1607017647659
REQUEST		request_0	1607017647659	1607017647755	OK	 
USER	gatwai	END	1607017647756
USER	gatwai	START	1607017647862
REQUEST		request_0	1607017647863	1607017647975	OK	 
USER	gatwai	END	1607017647976
USER	gatwai	START	1607017648065
REQUEST		request_0	1607017648065	1607017648161	OK	 
USER	gatwai	END	1607017648162
USER	gatwai	START	1607017648268
REQUEST		request_0	1607017648268	1607017648370	OK	 
USER	gatwai	END	1607017648371
USER	gatwai	START	1607017648471
REQUEST		request_0	1607017648471	1607017648571	OK	 
USER	gatwai	END	1607017648572
USER	gatwai	START	1607017648659
REQUEST		request_0	1607017648659	1607017648756	OK	 
USER	gatwai	END	1607017648757
USER	gatwai	START	1607017648863
REQUEST		request_0	1607017648863	1607017648975	OK	 
USER	gatwai	END	1607017648975
USER	gatwai	START	1607017649065
REQUEST		request_0	1607017649065	1607017649164	OK	 
USER	gatwai	END	1607017649165
USER	gatwai	START	1607017649268
REQUEST		request_0	1607017649269	1607017649366	OK	 
USER	gatwai	END	1607017649367
USER	gatwai	START	1607017649471
REQUEST		request_0	1607017649472	1607017649578	OK	 
USER	gatwai	END	1607017649578
USER	gatwai	START	1607017649659
REQUEST		request_0	1607017649659	1607017649751	OK	 
USER	gatwai	END	1607017649751
USER	gatwai	START	1607017649862
REQUEST		request_0	1607017649862	1607017649962	OK	 
USER	gatwai	END	1607017649963
USER	gatwai	START	1607017650065
REQUEST		request_0	1607017650065	1607017650158	OK	 
USER	gatwai	END	1607017650159
USER	gatwai	START	1607017650269
REQUEST		request_0	1607017650269	1607017650382	OK	 
USER	gatwai	END	1607017650383
USER	gatwai	START	1607017650472
REQUEST		request_0	1607017650472	1607017650575	OK	 
USER	gatwai	END	1607017650575
USER	gatwai	START	1607017650659
REQUEST		request_0	1607017650659	1607017650755	OK	 
USER	gatwai	END	1607017650756
USER	gatwai	START	1607017650862
REQUEST		request_0	1607017650862	1607017650962	OK	 
USER	gatwai	END	1607017650963
USER	gatwai	START	1607017651065
REQUEST		request_0	1607017651065	1607017651154	OK	 
USER	gatwai	END	1607017651155
USER	gatwai	START	1607017651268
REQUEST		request_0	1607017651268	1607017651359	OK	 
USER	gatwai	END	1607017651359
USER	gatwai	START	1607017651481
REQUEST		request_0	1607017651482	1607017651598	OK	 
USER	gatwai	END	1607017651599
USER	gatwai	START	1607017651659
REQUEST		request_0	1607017651659	1607017651762	OK	 
USER	gatwai	END	1607017651763
USER	gatwai	START	1607017651862
REQUEST		request_0	1607017651862	1607017651960	OK	 
USER	gatwai	END	1607017651964
USER	gatwai	START	1607017652065
REQUEST		request_0	1607017652066	1607017652173	OK	 
USER	gatwai	END	1607017652174
USER	gatwai	START	1607017652268
REQUEST		request_0	1607017652269	1607017652364	OK	 
USER	gatwai	END	1607017652364
USER	gatwai	START	1607017652471
REQUEST		request_0	1607017652472	1607017652572	OK	 
USER	gatwai	END	1607017652572
USER	gatwai	START	1607017652659
REQUEST		request_0	1607017652659	1607017652752	OK	 
USER	gatwai	END	1607017652753
USER	gatwai	START	1607017652862
REQUEST		request_0	1607017652862	1607017652952	OK	 
USER	gatwai	END	1607017652953
USER	gatwai	START	1607017653065
REQUEST		request_0	1607017653066	1607017653156	OK	 
USER	gatwai	END	1607017653157
USER	gatwai	START	1607017653268
REQUEST		request_0	1607017653269	1607017653376	OK	 
USER	gatwai	END	1607017653377
USER	gatwai	START	1607017653471
REQUEST		request_0	1607017653472	1607017653573	OK	 
USER	gatwai	END	1607017653574
USER	gatwai	START	1607017653659
REQUEST		request_0	1607017653659	1607017653759	OK	 
USER	gatwai	END	1607017653760
USER	gatwai	START	1607017653862
REQUEST		request_0	1607017653862	1607017653967	OK	 
USER	gatwai	END	1607017653968
USER	gatwai	START	1607017654069
REQUEST		request_0	1607017654069	1607017654166	OK	 
USER	gatwai	END	1607017654166
USER	gatwai	START	1607017654272
REQUEST		request_0	1607017654272	1607017654369	OK	 
USER	gatwai	END	1607017654369
USER	gatwai	START	1607017654459
REQUEST		request_0	1607017654459	1607017654559	OK	 
USER	gatwai	END	1607017654560
USER	gatwai	START	1607017654662
REQUEST		request_0	1607017654662	1607017654766	OK	 
USER	gatwai	END	1607017654766
USER	gatwai	START	1607017654865
REQUEST		request_0	1607017654865	1607017654962	OK	 
USER	gatwai	END	1607017654962
USER	gatwai	START	1607017655068
REQUEST		request_0	1607017655069	1607017655168	OK	 
USER	gatwai	END	1607017655169
USER	gatwai	START	1607017655272
REQUEST		request_0	1607017655272	1607017655373	OK	 
USER	gatwai	END	1607017655374
USER	gatwai	START	1607017655459
REQUEST		request_0	1607017655459	1607017655551	OK	 
USER	gatwai	END	1607017655552
USER	gatwai	START	1607017655662
REQUEST		request_0	1607017655662	1607017655763	OK	 
USER	gatwai	END	1607017655764
USER	gatwai	START	1607017655865
REQUEST		request_0	1607017655865	1607017655959	OK	 
USER	gatwai	END	1607017655959
USER	gatwai	START	1607017656068
REQUEST		request_0	1607017656069	1607017656166	OK	 
USER	gatwai	END	1607017656166
USER	gatwai	START	1607017656261
REQUEST		request_0	1607017656261	1607017656367	OK	 
USER	gatwai	END	1607017656368
USER	gatwai	START	1607017656463
REQUEST		request_0	1607017656463	1607017656553	OK	 
USER	gatwai	END	1607017656553
USER	gatwai	START	1607017656667
REQUEST		request_0	1607017656667	1607017656764	OK	 
USER	gatwai	END	1607017656765
USER	gatwai	START	1607017656869
REQUEST		request_0	1607017656870	1607017656968	OK	 
USER	gatwai	END	1607017656969
USER	gatwai	START	1607017657073
REQUEST		request_0	1607017657073	1607017657173	OK	 
USER	gatwai	END	1607017657174
USER	gatwai	START	1607017657260
REQUEST		request_0	1607017657260	1607017657349	OK	 
USER	gatwai	END	1607017657349
USER	gatwai	START	1607017657463
REQUEST		request_0	1607017657464	1607017657555	OK	 
USER	gatwai	END	1607017657555
USER	gatwai	START	1607017657666
REQUEST		request_0	1607017657667	1607017657757	OK	 
USER	gatwai	END	1607017657758
USER	gatwai	START	1607017657870
REQUEST		request_0	1607017657871	1607017657973	OK	 
USER	gatwai	END	1607017657974
USER	gatwai	START	1607017658073
REQUEST		request_0	1607017658073	1607017658179	OK	 
USER	gatwai	END	1607017658179
USER	gatwai	START	1607017658260
REQUEST		request_0	1607017658260	1607017658357	OK	 
USER	gatwai	END	1607017658358
USER	gatwai	START	1607017658463
REQUEST		request_0	1607017658464	1607017658570	OK	 
USER	gatwai	END	1607017658570
USER	gatwai	START	1607017658666
REQUEST		request_0	1607017658667	1607017658767	OK	 
USER	gatwai	END	1607017658767
USER	gatwai	START	1607017658870
REQUEST		request_0	1607017658870	1607017658966	OK	 
USER	gatwai	END	1607017658966
USER	gatwai	START	1607017659073
REQUEST		request_0	1607017659073	1607017659185	OK	 
USER	gatwai	END	1607017659185
USER	gatwai	START	1607017659260
REQUEST		request_0	1607017659261	1607017659349	OK	 
USER	gatwai	END	1607017659350
USER	gatwai	START	1607017659463
REQUEST		request_0	1607017659464	1607017659570	OK	 
USER	gatwai	END	1607017659571
USER	gatwai	START	1607017659666
REQUEST		request_0	1607017659667	1607017659763	OK	 
USER	gatwai	END	1607017659764
USER	gatwai	START	1607017659870
REQUEST		request_0	1607017659870	1607017659959	OK	 
USER	gatwai	END	1607017659959
USER	gatwai	START	1607017660073
REQUEST		request_0	1607017660073	1607017660171	OK	 
USER	gatwai	END	1607017660172
USER	gatwai	START	1607017660260
REQUEST		request_0	1607017660260	1607017660355	OK	 
USER	gatwai	END	1607017660356
USER	gatwai	START	1607017660465
REQUEST		request_0	1607017660465	1607017660566	OK	 
USER	gatwai	END	1607017660566
USER	gatwai	START	1607017660668
REQUEST		request_0	1607017660669	1607017660772	OK	 
USER	gatwai	END	1607017660772
USER	gatwai	START	1607017660871
REQUEST		request_0	1607017660872	1607017660974	OK	 
USER	gatwai	END	1607017660975
USER	gatwai	START	1607017661063
REQUEST		request_0	1607017661063	1607017661156	OK	 
USER	gatwai	END	1607017661156
USER	gatwai	START	1607017661266
REQUEST		request_0	1607017661266	1607017661376	OK	 
USER	gatwai	END	1607017661377
USER	gatwai	START	1607017661470
REQUEST		request_0	1607017661470	1607017661576	OK	 
USER	gatwai	END	1607017661577
USER	gatwai	START	1607017661672
REQUEST		request_0	1607017661672	1607017661768	OK	 
USER	gatwai	END	1607017661768
USER	gatwai	START	1607017661860
REQUEST		request_0	1607017661860	1607017661953	OK	 
USER	gatwai	END	1607017661953
USER	gatwai	START	1607017662063
REQUEST		request_0	1607017662063	1607017662171	OK	 
USER	gatwai	END	1607017662172
USER	gatwai	START	1607017662275
REQUEST		request_0	1607017662275	1607017662373	OK	 
USER	gatwai	END	1607017662374
USER	gatwai	START	1607017662462
REQUEST		request_0	1607017662462	1607017662556	OK	 
USER	gatwai	END	1607017662557
USER	gatwai	START	1607017662665
REQUEST		request_0	1607017662666	1607017662768	OK	 
USER	gatwai	END	1607017662768
USER	gatwai	START	1607017662869
REQUEST		request_0	1607017662869	1607017662959	OK	 
USER	gatwai	END	1607017662960
USER	gatwai	START	1607017663072
REQUEST		request_0	1607017663072	1607017663178	OK	 
USER	gatwai	END	1607017663179
USER	gatwai	START	1607017663259
REQUEST		request_0	1607017663260	1607017663357	OK	 
USER	gatwai	END	1607017663357
USER	gatwai	START	1607017663463
REQUEST		request_0	1607017663463	1607017663559	OK	 
USER	gatwai	END	1607017663560
USER	gatwai	START	1607017663666
REQUEST		request_0	1607017663666	1607017663768	OK	 
USER	gatwai	END	1607017663769
USER	gatwai	START	1607017663869
REQUEST		request_0	1607017663870	1607017663976	OK	 
USER	gatwai	END	1607017663977
USER	gatwai	START	1607017664072
REQUEST		request_0	1607017664072	1607017664167	OK	 
USER	gatwai	END	1607017664168
USER	gatwai	START	1607017664259
REQUEST		request_0	1607017664260	1607017664348	OK	 
USER	gatwai	END	1607017664349
USER	gatwai	START	1607017664463
REQUEST		request_0	1607017664463	1607017664559	OK	 
USER	gatwai	END	1607017664560
USER	gatwai	START	1607017664666
REQUEST		request_0	1607017664666	1607017664771	OK	 
USER	gatwai	END	1607017664771
USER	gatwai	START	1607017664869
REQUEST		request_0	1607017664869	1607017664959	OK	 
USER	gatwai	END	1607017664960
USER	gatwai	START	1607017665072
REQUEST		request_0	1607017665073	1607017665197	OK	 
USER	gatwai	END	1607017665197
USER	gatwai	START	1607017665260
REQUEST		request_0	1607017665260	1607017665355	OK	 
USER	gatwai	END	1607017665356
USER	gatwai	START	1607017665463
REQUEST		request_0	1607017665463	1607017665561	OK	 
USER	gatwai	END	1607017665561
USER	gatwai	START	1607017665666
REQUEST		request_0	1607017665666	1607017665760	OK	 
USER	gatwai	END	1607017665760
USER	gatwai	START	1607017665869
REQUEST		request_0	1607017665870	1607017665965	OK	 
USER	gatwai	END	1607017665966
USER	gatwai	START	1607017666072
REQUEST		request_0	1607017666072	1607017666174	OK	 
USER	gatwai	END	1607017666175
USER	gatwai	START	1607017666265
REQUEST		request_0	1607017666265	1607017666357	OK	 
USER	gatwai	END	1607017666357
USER	gatwai	START	1607017666468
REQUEST		request_0	1607017666468	1607017666557	OK	 
USER	gatwai	END	1607017666557
USER	gatwai	START	1607017666671
REQUEST		request_0	1607017666672	1607017666771	OK	 
USER	gatwai	END	1607017666772
USER	gatwai	START	1607017666859
REQUEST		request_0	1607017666859	1607017666956	OK	 
USER	gatwai	END	1607017666957
USER	gatwai	START	1607017667062
REQUEST		request_0	1607017667062	1607017667155	OK	 
USER	gatwai	END	1607017667155
USER	gatwai	START	1607017667265
REQUEST		request_0	1607017667265	1607017667357	OK	 
USER	gatwai	END	1607017667358
USER	gatwai	START	1607017667468
REQUEST		request_0	1607017667468	1607017667560	OK	 
USER	gatwai	END	1607017667561
USER	gatwai	START	1607017667671
REQUEST		request_0	1607017667671	1607017667771	OK	 
USER	gatwai	END	1607017667771
USER	gatwai	START	1607017667859
REQUEST		request_0	1607017667859	1607017667956	OK	 
USER	gatwai	END	1607017667956
USER	gatwai	START	1607017668062
REQUEST		request_0	1607017668062	1607017668154	OK	 
USER	gatwai	END	1607017668155
USER	gatwai	START	1607017668265
REQUEST		request_0	1607017668265	1607017668362	OK	 
USER	gatwai	END	1607017668363
USER	gatwai	START	1607017668468
REQUEST		request_0	1607017668468	1607017668568	OK	 
USER	gatwai	END	1607017668569
USER	gatwai	START	1607017668671
REQUEST		request_0	1607017668672	1607017668770	OK	 
USER	gatwai	END	1607017668770
USER	gatwai	START	1607017668859
REQUEST		request_0	1607017668859	1607017668950	OK	 
USER	gatwai	END	1607017668950
USER	gatwai	START	1607017669062
REQUEST		request_0	1607017669062	1607017669165	OK	 
USER	gatwai	END	1607017669166
USER	gatwai	START	1607017669265
REQUEST		request_0	1607017669265	1607017669362	OK	 
USER	gatwai	END	1607017669363
USER	gatwai	START	1607017669472
REQUEST		request_0	1607017669473	1607017669577	OK	 
USER	gatwai	END	1607017669577
USER	gatwai	START	1607017669660
REQUEST		request_0	1607017669660	1607017669753	OK	 
USER	gatwai	END	1607017669753
USER	gatwai	START	1607017669863
REQUEST		request_0	1607017669863	1607017669964	OK	 
USER	gatwai	END	1607017669965
USER	gatwai	START	1607017670066
REQUEST		request_0	1607017670066	1607017670163	OK	 
USER	gatwai	END	1607017670164
USER	gatwai	START	1607017670269
REQUEST		request_0	1607017670269	1607017670362	OK	 
USER	gatwai	END	1607017670362
USER	gatwai	START	1607017670472
REQUEST		request_0	1607017670472	1607017670576	OK	 
USER	gatwai	END	1607017670577
USER	gatwai	START	1607017670660
REQUEST		request_0	1607017670660	1607017670754	OK	 
USER	gatwai	END	1607017670754
USER	gatwai	START	1607017670863
REQUEST		request_0	1607017670863	1607017670978	OK	 
USER	gatwai	END	1607017670978
USER	gatwai	START	1607017671066
REQUEST		request_0	1607017671066	1607017671165	OK	 
USER	gatwai	END	1607017671165
USER	gatwai	START	1607017671270
REQUEST		request_0	1607017671270	1607017671367	OK	 
USER	gatwai	END	1607017671367
USER	gatwai	START	1607017671473
REQUEST		request_0	1607017671473	1607017671564	OK	 
USER	gatwai	END	1607017671564
USER	gatwai	START	1607017671661
REQUEST		request_0	1607017671662	1607017671768	OK	 
USER	gatwai	END	1607017671768
USER	gatwai	START	1607017671864
REQUEST		request_0	1607017671864	1607017671965	OK	 
USER	gatwai	END	1607017671966
USER	gatwai	START	1607017672067
REQUEST		request_0	1607017672068	1607017672162	OK	 
USER	gatwai	END	1607017672162
USER	gatwai	START	1607017672270
REQUEST		request_0	1607017672271	1607017672372	OK	 
USER	gatwai	END	1607017672373
USER	gatwai	START	1607017672462
REQUEST		request_0	1607017672462	1607017672566	OK	 
USER	gatwai	END	1607017672567
USER	gatwai	START	1607017672665
REQUEST		request_0	1607017672665	1607017672765	OK	 
USER	gatwai	END	1607017672766
USER	gatwai	START	1607017672868
REQUEST		request_0	1607017672869	1607017672958	OK	 
USER	gatwai	END	1607017672958
USER	gatwai	START	1607017673071
REQUEST		request_0	1607017673071	1607017673169	OK	 
USER	gatwai	END	1607017673169
USER	gatwai	START	1607017673259
REQUEST		request_0	1607017673259	1607017673347	OK	 
USER	gatwai	END	1607017673347
USER	gatwai	START	1607017673462
REQUEST		request_0	1607017673462	1607017673581	OK	 
USER	gatwai	END	1607017673582
USER	gatwai	START	1607017673665
REQUEST		request_0	1607017673665	1607017673757	OK	 
USER	gatwai	END	1607017673758
USER	gatwai	START	1607017673868
REQUEST		request_0	1607017673868	1607017673965	OK	 
USER	gatwai	END	1607017673966
USER	gatwai	START	1607017674071
REQUEST		request_0	1607017674071	1607017674167	OK	 
USER	gatwai	END	1607017674168
USER	gatwai	START	1607017674259
REQUEST		request_0	1607017674259	1607017674370	OK	 
USER	gatwai	END	1607017674371
USER	gatwai	START	1607017674462
REQUEST		request_0	1607017674462	1607017674557	OK	 
USER	gatwai	END	1607017674558
USER	gatwai	START	1607017674665
REQUEST		request_0	1607017674665	1607017674762	OK	 
USER	gatwai	END	1607017674762
USER	gatwai	START	1607017674868
REQUEST		request_0	1607017674868	1607017674960	OK	 
USER	gatwai	END	1607017674961
USER	gatwai	START	1607017675071
REQUEST		request_0	1607017675072	1607017675176	OK	 
USER	gatwai	END	1607017675177
USER	gatwai	START	1607017675259
REQUEST		request_0	1607017675259	1607017675354	OK	 
USER	gatwai	END	1607017675354
USER	gatwai	START	1607017675462
REQUEST		request_0	1607017675462	1607017675560	OK	 
USER	gatwai	END	1607017675561
USER	gatwai	START	1607017675665
REQUEST		request_0	1607017675665	1607017675761	OK	 
USER	gatwai	END	1607017675762
USER	gatwai	START	1607017675868
REQUEST		request_0	1607017675868	1607017675961	OK	 
USER	gatwai	END	1607017675962
USER	gatwai	START	1607017676071
REQUEST		request_0	1607017676071	1607017676165	OK	 
USER	gatwai	END	1607017676165
USER	gatwai	START	1607017676259
REQUEST		request_0	1607017676259	1607017676360	OK	 
USER	gatwai	END	1607017676361
USER	gatwai	START	1607017676462
REQUEST		request_0	1607017676462	1607017676565	OK	 
USER	gatwai	END	1607017676565
USER	gatwai	START	1607017676665
REQUEST		request_0	1607017676665	1607017676768	OK	 
USER	gatwai	END	1607017676769
USER	gatwai	START	1607017676868
REQUEST		request_0	1607017676868	1607017676961	OK	 
USER	gatwai	END	1607017676962
USER	gatwai	START	1607017677071
REQUEST		request_0	1607017677072	1607017677174	OK	 
USER	gatwai	END	1607017677174
USER	gatwai	START	1607017677274
REQUEST		request_0	1607017677274	1607017677377	OK	 
USER	gatwai	END	1607017677377
USER	gatwai	START	1607017677462
REQUEST		request_0	1607017677462	1607017677557	OK	 
USER	gatwai	END	1607017677557
USER	gatwai	START	1607017677665
REQUEST		request_0	1607017677665	1607017677759	OK	 
USER	gatwai	END	1607017677759
USER	gatwai	START	1607017677868
REQUEST		request_0	1607017677869	1607017677967	OK	 
USER	gatwai	END	1607017677967
USER	gatwai	START	1607017678072
REQUEST		request_0	1607017678072	1607017678160	OK	 
USER	gatwai	END	1607017678161
USER	gatwai	START	1607017678259
REQUEST		request_0	1607017678259	1607017678360	OK	 
USER	gatwai	END	1607017678360
USER	gatwai	START	1607017678464
REQUEST		request_0	1607017678464	1607017678563	OK	 
USER	gatwai	END	1607017678563
USER	gatwai	START	1607017678666
REQUEST		request_0	1607017678667	1607017678763	OK	 
USER	gatwai	END	1607017678764
USER	gatwai	START	1607017678869
REQUEST		request_0	1607017678870	1607017678975	OK	 
USER	gatwai	END	1607017678976
USER	gatwai	START	1607017679072
REQUEST		request_0	1607017679073	1607017679176	OK	 
USER	gatwai	END	1607017679176
USER	gatwai	START	1607017679260
REQUEST		request_0	1607017679260	1607017679357	OK	 
USER	gatwai	END	1607017679357
USER	gatwai	START	1607017679463
REQUEST		request_0	1607017679463	1607017679566	OK	 
USER	gatwai	END	1607017679566
USER	gatwai	START	1607017679666
REQUEST		request_0	1607017679666	1607017679779	OK	 
USER	gatwai	END	1607017679779
USER	gatwai	START	1607017679869
REQUEST		request_0	1607017679869	1607017679959	OK	 
USER	gatwai	END	1607017679960
USER	gatwai	START	1607017680072
REQUEST		request_0	1607017680072	1607017680167	OK	 
USER	gatwai	END	1607017680168
USER	gatwai	START	1607017680260
REQUEST		request_0	1607017680261	1607017680360	OK	 
USER	gatwai	END	1607017680361
USER	gatwai	START	1607017680463
REQUEST		request_0	1607017680463	1607017680555	OK	 
USER	gatwai	END	1607017680555
USER	gatwai	START	1607017680666
REQUEST		request_0	1607017680666	1607017680758	OK	 
USER	gatwai	END	1607017680759
USER	gatwai	START	1607017680869
REQUEST		request_0	1607017680869	1607017680969	OK	 
USER	gatwai	END	1607017680970
USER	gatwai	START	1607017681072
REQUEST		request_0	1607017681073	1607017681174	OK	 
USER	gatwai	END	1607017681174
USER	gatwai	START	1607017681260
REQUEST		request_0	1607017681260	1607017681356	OK	 
USER	gatwai	END	1607017681357
USER	gatwai	START	1607017681463
REQUEST		request_0	1607017681463	1607017681582	OK	 
USER	gatwai	END	1607017681583
USER	gatwai	START	1607017681666
REQUEST		request_0	1607017681666	1607017681765	OK	 
USER	gatwai	END	1607017681766
USER	gatwai	START	1607017681869
REQUEST		request_0	1607017681870	1607017681976	OK	 
USER	gatwai	END	1607017681977
USER	gatwai	START	1607017682072
REQUEST		request_0	1607017682072	1607017682174	OK	 
USER	gatwai	END	1607017682175
USER	gatwai	START	1607017682260
REQUEST		request_0	1607017682260	1607017682354	OK	 
USER	gatwai	END	1607017682354
USER	gatwai	START	1607017682463
REQUEST		request_0	1607017682463	1607017682569	OK	 
USER	gatwai	END	1607017682570
USER	gatwai	START	1607017682666
REQUEST		request_0	1607017682666	1607017682769	OK	 
USER	gatwai	END	1607017682770
USER	gatwai	START	1607017682869
REQUEST		request_0	1607017682869	1607017682964	OK	 
USER	gatwai	END	1607017682965
USER	gatwai	START	1607017683072
REQUEST		request_0	1607017683072	1607017683177	OK	 
USER	gatwai	END	1607017683177
USER	gatwai	START	1607017683260
REQUEST		request_0	1607017683260	1607017683362	OK	 
USER	gatwai	END	1607017683362
USER	gatwai	START	1607017683463
REQUEST		request_0	1607017683463	1607017683562	OK	 
USER	gatwai	END	1607017683562
USER	gatwai	START	1607017683666
REQUEST		request_0	1607017683666	1607017683765	OK	 
USER	gatwai	END	1607017683765
USER	gatwai	START	1607017683869
REQUEST		request_0	1607017683869	1607017683958	OK	 
USER	gatwai	END	1607017683959
USER	gatwai	START	1607017684072
REQUEST		request_0	1607017684072	1607017684178	OK	 
USER	gatwai	END	1607017684179
USER	gatwai	START	1607017684260
REQUEST		request_0	1607017684260	1607017684356	OK	 
USER	gatwai	END	1607017684357
USER	gatwai	START	1607017684463
REQUEST		request_0	1607017684464	1607017684571	OK	 
USER	gatwai	END	1607017684572
USER	gatwai	START	1607017684666
REQUEST		request_0	1607017684666	1607017684768	OK	 
USER	gatwai	END	1607017684768
USER	gatwai	START	1607017684869
REQUEST		request_0	1607017684870	1607017684971	OK	 
USER	gatwai	END	1607017684971
USER	gatwai	START	1607017685072
REQUEST		request_0	1607017685073	1607017685173	OK	 
USER	gatwai	END	1607017685173
USER	gatwai	START	1607017685260
REQUEST		request_0	1607017685260	1607017685359	OK	 
USER	gatwai	END	1607017685359
USER	gatwai	START	1607017685463
REQUEST		request_0	1607017685463	1607017685574	OK	 
USER	gatwai	END	1607017685574
USER	gatwai	START	1607017685666
REQUEST		request_0	1607017685666	1607017685757	OK	 
USER	gatwai	END	1607017685757
USER	gatwai	START	1607017685869
REQUEST		request_0	1607017685869	1607017685961	OK	 
USER	gatwai	END	1607017685961
USER	gatwai	START	1607017686072
REQUEST		request_0	1607017686072	1607017686175	OK	 
USER	gatwai	END	1607017686175
USER	gatwai	START	1607017686260
REQUEST		request_0	1607017686260	1607017686364	OK	 
USER	gatwai	END	1607017686365
USER	gatwai	START	1607017686463
REQUEST		request_0	1607017686463	1607017686579	OK	 
USER	gatwai	END	1607017686580
USER	gatwai	START	1607017686672
REQUEST		request_0	1607017686672	1607017686769	OK	 
USER	gatwai	END	1607017686770
USER	gatwai	START	1607017686859
REQUEST		request_0	1607017686859	1607017686954	OK	 
USER	gatwai	END	1607017686955
USER	gatwai	START	1607017687062
REQUEST		request_0	1607017687063	1607017687172	OK	 
USER	gatwai	END	1607017687173
USER	gatwai	START	1607017687265
REQUEST		request_0	1607017687265	1607017687363	OK	 
USER	gatwai	END	1607017687364
USER	gatwai	START	1607017687468
REQUEST		request_0	1607017687469	1607017687572	OK	 
USER	gatwai	END	1607017687573
USER	gatwai	START	1607017687672
REQUEST		request_0	1607017687672	1607017687796	OK	 
USER	gatwai	END	1607017687797
USER	gatwai	START	1607017687862
REQUEST		request_0	1607017687862	1607017687965	OK	 
USER	gatwai	END	1607017687966
USER	gatwai	START	1607017688065
REQUEST		request_0	1607017688066	1607017688184	OK	 
USER	gatwai	END	1607017688185
USER	gatwai	START	1607017688268
REQUEST		request_0	1607017688269	1607017688362	OK	 
USER	gatwai	END	1607017688362
USER	gatwai	START	1607017688471
REQUEST		request_0	1607017688472	1607017688565	OK	 
USER	gatwai	END	1607017688565
USER	gatwai	START	1607017688659
REQUEST		request_0	1607017688659	1607017688761	OK	 
USER	gatwai	END	1607017688762
USER	gatwai	START	1607017688862
REQUEST		request_0	1607017688862	1607017688963	OK	 
USER	gatwai	END	1607017688963
USER	gatwai	START	1607017689065
REQUEST		request_0	1607017689066	1607017689161	OK	 
USER	gatwai	END	1607017689161
USER	gatwai	START	1607017689271
REQUEST		request_0	1607017689271	1607017689366	OK	 
USER	gatwai	END	1607017689366
USER	gatwai	START	1607017689474
REQUEST		request_0	1607017689474	1607017689567	OK	 
USER	gatwai	END	1607017689568
USER	gatwai	START	1607017689661
REQUEST		request_0	1607017689662	1607017689762	OK	 
USER	gatwai	END	1607017689763
USER	gatwai	START	1607017689865
REQUEST		request_0	1607017689865	1607017689961	OK	 
USER	gatwai	END	1607017689962
USER	gatwai	START	1607017690068
REQUEST		request_0	1607017690068	1607017690165	OK	 
USER	gatwai	END	1607017690165
USER	gatwai	START	1607017690271
REQUEST		request_0	1607017690271	1607017690375	OK	 
USER	gatwai	END	1607017690375
USER	gatwai	START	1607017690474
REQUEST		request_0	1607017690474	1607017690569	OK	 
USER	gatwai	END	1607017690569
USER	gatwai	START	1607017690661
REQUEST		request_0	1607017690662	1607017690755	OK	 
USER	gatwai	END	1607017690756
USER	gatwai	START	1607017690865
REQUEST		request_0	1607017690865	1607017690965	OK	 
USER	gatwai	END	1607017690965
USER	gatwai	START	1607017691068
REQUEST		request_0	1607017691068	1607017691167	OK	 
USER	gatwai	END	1607017691168
USER	gatwai	START	1607017691271
REQUEST		request_0	1607017691272	1607017691361	OK	 
USER	gatwai	END	1607017691362
USER	gatwai	START	1607017691458
REQUEST		request_0	1607017691459	1607017691564	OK	 
USER	gatwai	END	1607017691565
USER	gatwai	START	1607017691661
REQUEST		request_0	1607017691662	1607017691765	OK	 
USER	gatwai	END	1607017691766
USER	gatwai	START	1607017691865
REQUEST		request_0	1607017691865	1607017691968	OK	 
USER	gatwai	END	1607017691968
USER	gatwai	START	1607017692068
REQUEST		request_0	1607017692068	1607017692162	OK	 
USER	gatwai	END	1607017692162
USER	gatwai	START	1607017692271
REQUEST		request_0	1607017692271	1607017692378	OK	 
USER	gatwai	END	1607017692378
USER	gatwai	START	1607017692458
REQUEST		request_0	1607017692458	1607017692550	OK	 
USER	gatwai	END	1607017692551
USER	gatwai	START	1607017692662
REQUEST		request_0	1607017692662	1607017692763	OK	 
USER	gatwai	END	1607017692764
USER	gatwai	START	1607017692865
REQUEST		request_0	1607017692865	1607017692965	OK	 
USER	gatwai	END	1607017692965
USER	gatwai	START	1607017693068
REQUEST		request_0	1607017693068	1607017693158	OK	 
USER	gatwai	END	1607017693158
USER	gatwai	START	1607017693271
REQUEST		request_0	1607017693271	1607017693377	OK	 
USER	gatwai	END	1607017693377
USER	gatwai	START	1607017693474
REQUEST		request_0	1607017693474	1607017693568	OK	 
USER	gatwai	END	1607017693569
USER	gatwai	START	1607017693661
REQUEST		request_0	1607017693662	1607017693759	OK	 
USER	gatwai	END	1607017693760
USER	gatwai	START	1607017693864
REQUEST		request_0	1607017693865	1607017693963	OK	 
USER	gatwai	END	1607017693964
USER	gatwai	START	1607017694068
REQUEST		request_0	1607017694068	1607017694166	OK	 
USER	gatwai	END	1607017694167
USER	gatwai	START	1607017694271
REQUEST		request_0	1607017694271	1607017694373	OK	 
USER	gatwai	END	1607017694374
USER	gatwai	START	1607017694458
REQUEST		request_0	1607017694459	1607017694549	OK	 
USER	gatwai	END	1607017694550
USER	gatwai	START	1607017694662
REQUEST		request_0	1607017694662	1607017694759	OK	 
USER	gatwai	END	1607017694759
USER	gatwai	START	1607017694865
REQUEST		request_0	1607017694865	1607017694958	OK	 
USER	gatwai	END	1607017694959
USER	gatwai	START	1607017695068
REQUEST		request_0	1607017695068	1607017695156	OK	 
USER	gatwai	END	1607017695157
USER	gatwai	START	1607017695271
REQUEST		request_0	1607017695271	1607017695375	OK	 
USER	gatwai	END	1607017695375
USER	gatwai	START	1607017695474
REQUEST		request_0	1607017695474	1607017695564	OK	 
USER	gatwai	END	1607017695564
USER	gatwai	START	1607017695661
REQUEST		request_0	1607017695661	1607017695758	OK	 
USER	gatwai	END	1607017695759
USER	gatwai	START	1607017695865
REQUEST		request_0	1607017695865	1607017695960	OK	 
USER	gatwai	END	1607017695960
USER	gatwai	START	1607017696068
REQUEST		request_0	1607017696069	1607017696179	OK	 
USER	gatwai	END	1607017696180
USER	gatwai	START	1607017696271
REQUEST		request_0	1607017696271	1607017696375	OK	 
USER	gatwai	END	1607017696375
USER	gatwai	START	1607017696458
REQUEST		request_0	1607017696459	1607017696555	OK	 
USER	gatwai	END	1607017696556
USER	gatwai	START	1607017696661
REQUEST		request_0	1607017696662	1607017696764	OK	 
USER	gatwai	END	1607017696764
USER	gatwai	START	1607017696865
REQUEST		request_0	1607017696865	1607017696968	OK	 
USER	gatwai	END	1607017696969
USER	gatwai	START	1607017697068
REQUEST		request_0	1607017697068	1607017697167	OK	 
USER	gatwai	END	1607017697167
USER	gatwai	START	1607017697271
REQUEST		request_0	1607017697271	1607017697373	OK	 
USER	gatwai	END	1607017697374
USER	gatwai	START	1607017697458
REQUEST		request_0	1607017697458	1607017697547	OK	 
USER	gatwai	END	1607017697548
USER	gatwai	START	1607017697661
REQUEST		request_0	1607017697662	1607017697766	OK	 
USER	gatwai	END	1607017697767
USER	gatwai	START	1607017697865
REQUEST		request_0	1607017697865	1607017697963	OK	 
USER	gatwai	END	1607017697963
USER	gatwai	START	1607017698068
REQUEST		request_0	1607017698068	1607017698165	OK	 
USER	gatwai	END	1607017698166
USER	gatwai	START	1607017698271
REQUEST		request_0	1607017698272	1607017698375	OK	 
USER	gatwai	END	1607017698376
USER	gatwai	START	1607017698459
REQUEST		request_0	1607017698459	1607017698557	OK	 
USER	gatwai	END	1607017698557
USER	gatwai	START	1607017698662
REQUEST		request_0	1607017698662	1607017698754	OK	 
USER	gatwai	END	1607017698754
USER	gatwai	START	1607017698869
REQUEST		request_0	1607017698869	1607017698957	OK	 
USER	gatwai	END	1607017698957
USER	gatwai	START	1607017699072
REQUEST		request_0	1607017699073	1607017699174	OK	 
USER	gatwai	END	1607017699175
USER	gatwai	START	1607017699260
REQUEST		request_0	1607017699260	1607017699359	OK	 
USER	gatwai	END	1607017699359
USER	gatwai	START	1607017699464
REQUEST		request_0	1607017699464	1607017699560	OK	 
USER	gatwai	END	1607017699560
USER	gatwai	START	1607017699667
REQUEST		request_0	1607017699667	1607017699764	OK	 
USER	gatwai	END	1607017699765
USER	gatwai	START	1607017699870
REQUEST		request_0	1607017699870	1607017699966	OK	 
USER	gatwai	END	1607017699966
USER	gatwai	START	1607017700073
REQUEST		request_0	1607017700073	1607017700173	OK	 
USER	gatwai	END	1607017700173
USER	gatwai	START	1607017700260
REQUEST		request_0	1607017700261	1607017700352	OK	 
USER	gatwai	END	1607017700353
USER	gatwai	START	1607017700463
REQUEST		request_0	1607017700464	1607017700563	OK	 
USER	gatwai	END	1607017700564
USER	gatwai	START	1607017700667
REQUEST		request_0	1607017700667	1607017700761	OK	 
USER	gatwai	END	1607017700761
USER	gatwai	START	1607017700870
REQUEST		request_0	1607017700870	1607017700980	OK	 
USER	gatwai	END	1607017700980
USER	gatwai	START	1607017701058
REQUEST		request_0	1607017701059	1607017701153	OK	 
USER	gatwai	END	1607017701154
USER	gatwai	START	1607017701261
REQUEST		request_0	1607017701262	1607017701361	OK	 
USER	gatwai	END	1607017701361
USER	gatwai	START	1607017701465
REQUEST		request_0	1607017701465	1607017701571	OK	 
USER	gatwai	END	1607017701571
USER	gatwai	START	1607017701668
REQUEST		request_0	1607017701668	1607017701768	OK	 
USER	gatwai	END	1607017701769
USER	gatwai	START	1607017701860
REQUEST		request_0	1607017701860	1607017701960	OK	 
USER	gatwai	END	1607017701961
USER	gatwai	START	1607017702063
REQUEST		request_0	1607017702063	1607017702161	OK	 
USER	gatwai	END	1607017702162
USER	gatwai	START	1607017702266
REQUEST		request_0	1607017702266	1607017702365	OK	 
USER	gatwai	END	1607017702366
USER	gatwai	START	1607017702469
REQUEST		request_0	1607017702470	1607017702561	OK	 
USER	gatwai	END	1607017702562
USER	gatwai	START	1607017702672
REQUEST		request_0	1607017702673	1607017702764	OK	 
USER	gatwai	END	1607017702765
USER	gatwai	START	1607017702860
REQUEST		request_0	1607017702860	1607017702962	OK	 
USER	gatwai	END	1607017702962
USER	gatwai	START	1607017703063
REQUEST		request_0	1607017703063	1607017703165	OK	 
USER	gatwai	END	1607017703166
USER	gatwai	START	1607017703266
REQUEST		request_0	1607017703266	1607017703361	OK	 
USER	gatwai	END	1607017703362
USER	gatwai	START	1607017703472
REQUEST		request_0	1607017703472	1607017703562	OK	 
USER	gatwai	END	1607017703563
USER	gatwai	START	1607017703659
REQUEST		request_0	1607017703659	1607017703759	OK	 
USER	gatwai	END	1607017703760
USER	gatwai	START	1607017703883
REQUEST		request_0	1607017703883	1607017703971	OK	 
USER	gatwai	END	1607017703972
USER	gatwai	START	1607017704063
REQUEST		request_0	1607017704063	1607017704164	OK	 
USER	gatwai	END	1607017704164
USER	gatwai	START	1607017704266
REQUEST		request_0	1607017704267	1607017704355	OK	 
USER	gatwai	END	1607017704356
USER	gatwai	START	1607017704469
REQUEST		request_0	1607017704470	1607017704569	OK	 
USER	gatwai	END	1607017704570
USER	gatwai	START	1607017704672
REQUEST		request_0	1607017704672	1607017704766	OK	 
USER	gatwai	END	1607017704766
USER	gatwai	START	1607017704867
REQUEST		request_0	1607017704868	1607017704975	OK	 
USER	gatwai	END	1607017704976
USER	gatwai	START	1607017705070
REQUEST		request_0	1607017705071	1607017705173	OK	 
USER	gatwai	END	1607017705173
USER	gatwai	START	1607017705258
REQUEST		request_0	1607017705258	1607017705347	OK	 
USER	gatwai	END	1607017705348
USER	gatwai	START	1607017705461
REQUEST		request_0	1607017705462	1607017705573	OK	 
USER	gatwai	END	1607017705574
USER	gatwai	START	1607017705664
REQUEST		request_0	1607017705664	1607017705761	OK	 
USER	gatwai	END	1607017705762
USER	gatwai	START	1607017705867
REQUEST		request_0	1607017705867	1607017705960	OK	 
USER	gatwai	END	1607017705961
USER	gatwai	START	1607017706070
REQUEST		request_0	1607017706071	1607017706185	OK	 
USER	gatwai	END	1607017706186
USER	gatwai	START	1607017706274
REQUEST		request_0	1607017706274	1607017706372	OK	 
USER	gatwai	END	1607017706372
USER	gatwai	START	1607017706461
REQUEST		request_0	1607017706461	1607017706559	OK	 
USER	gatwai	END	1607017706560
USER	gatwai	START	1607017706664
REQUEST		request_0	1607017706665	1607017706771	OK	 
USER	gatwai	END	1607017706771
USER	gatwai	START	1607017706883
REQUEST		request_0	1607017706884	1607017706988	OK	 
USER	gatwai	END	1607017706989
USER	gatwai	START	1607017707070
REQUEST		request_0	1607017707071	1607017707171	OK	 
USER	gatwai	END	1607017707171
USER	gatwai	START	1607017707274
REQUEST		request_0	1607017707274	1607017707375	OK	 
USER	gatwai	END	1607017707376
USER	gatwai	START	1607017707461
REQUEST		request_0	1607017707461	1607017707550	OK	 
USER	gatwai	END	1607017707551
USER	gatwai	START	1607017707664
REQUEST		request_0	1607017707664	1607017707768	OK	 
USER	gatwai	END	1607017707768
USER	gatwai	START	1607017707867
REQUEST		request_0	1607017707867	1607017707968	OK	 
USER	gatwai	END	1607017707969
USER	gatwai	START	1607017708069
REQUEST		request_0	1607017708069	1607017708170	OK	 
USER	gatwai	END	1607017708170
USER	gatwai	START	1607017708272
REQUEST		request_0	1607017708273	1607017708385	OK	 
USER	gatwai	END	1607017708385
USER	gatwai	START	1607017708460
REQUEST		request_0	1607017708460	1607017708549	OK	 
USER	gatwai	END	1607017708549
USER	gatwai	START	1607017708663
REQUEST		request_0	1607017708663	1607017708772	OK	 
USER	gatwai	END	1607017708773
USER	gatwai	START	1607017708866
REQUEST		request_0	1607017708866	1607017708965	OK	 
USER	gatwai	END	1607017708965
USER	gatwai	START	1607017709070
REQUEST		request_0	1607017709070	1607017709166	OK	 
USER	gatwai	END	1607017709167
USER	gatwai	START	1607017709273
REQUEST		request_0	1607017709273	1607017709366	OK	 
USER	gatwai	END	1607017709367
USER	gatwai	START	1607017709460
REQUEST		request_0	1607017709461	1607017709553	OK	 
USER	gatwai	END	1607017709554
USER	gatwai	START	1607017709663
REQUEST		request_0	1607017709664	1607017709764	OK	 
USER	gatwai	END	1607017709764
USER	gatwai	START	1607017709866
REQUEST		request_0	1607017709867	1607017709971	OK	 
USER	gatwai	END	1607017709971
USER	gatwai	START	1607017710070
REQUEST		request_0	1607017710070	1607017710174	OK	 
USER	gatwai	END	1607017710175
USER	gatwai	START	1607017710273
REQUEST		request_0	1607017710273	1607017710382	OK	 
USER	gatwai	END	1607017710383
USER	gatwai	START	1607017710460
REQUEST		request_0	1607017710461	1607017710551	OK	 
USER	gatwai	END	1607017710552
USER	gatwai	START	1607017710663
REQUEST		request_0	1607017710664	1607017710764	OK	 
USER	gatwai	END	1607017710764
USER	gatwai	START	1607017710866
REQUEST		request_0	1607017710867	1607017710972	OK	 
USER	gatwai	END	1607017710972
USER	gatwai	START	1607017711070
REQUEST		request_0	1607017711070	1607017711169	OK	 
USER	gatwai	END	1607017711169
USER	gatwai	START	1607017711262
REQUEST		request_0	1607017711262	1607017711360	OK	 
USER	gatwai	END	1607017711360
USER	gatwai	START	1607017711465
REQUEST		request_0	1607017711465	1607017711569	OK	 
USER	gatwai	END	1607017711570
USER	gatwai	START	1607017711659
REQUEST		request_0	1607017711659	1607017711747	OK	 
USER	gatwai	END	1607017711748
USER	gatwai	START	1607017711862
REQUEST		request_0	1607017711862	1607017711966	OK	 
USER	gatwai	END	1607017711967
USER	gatwai	START	1607017712065
REQUEST		request_0	1607017712065	1607017712159	OK	 
USER	gatwai	END	1607017712159
USER	gatwai	START	1607017712268
REQUEST		request_0	1607017712268	1607017712366	OK	 
USER	gatwai	END	1607017712366
USER	gatwai	START	1607017712472
REQUEST		request_0	1607017712472	1607017712573	OK	 
USER	gatwai	END	1607017712574
USER	gatwai	START	1607017712659
REQUEST		request_0	1607017712659	1607017712754	OK	 
USER	gatwai	END	1607017712754
USER	gatwai	START	1607017712862
REQUEST		request_0	1607017712862	1607017712968	OK	 
USER	gatwai	END	1607017712969
USER	gatwai	START	1607017713065
REQUEST		request_0	1607017713065	1607017713168	OK	 
USER	gatwai	END	1607017713168
USER	gatwai	START	1607017713269
REQUEST		request_0	1607017713270	1607017713369	OK	 
USER	gatwai	END	1607017713370
USER	gatwai	START	1607017713472
REQUEST		request_0	1607017713473	1607017713564	OK	 
USER	gatwai	END	1607017713565
USER	gatwai	START	1607017713660
REQUEST		request_0	1607017713660	1607017713754	OK	 
USER	gatwai	END	1607017713755
USER	gatwai	START	1607017713863
REQUEST		request_0	1607017713863	1607017713962	OK	 
USER	gatwai	END	1607017713962
USER	gatwai	START	1607017714066
REQUEST		request_0	1607017714067	1607017714171	OK	 
USER	gatwai	END	1607017714172
USER	gatwai	START	1607017714273
REQUEST		request_0	1607017714273	1607017714364	OK	 
USER	gatwai	END	1607017714364
USER	gatwai	START	1607017714461
REQUEST		request_0	1607017714461	1607017714557	OK	 
USER	gatwai	END	1607017714557
USER	gatwai	START	1607017714664
REQUEST		request_0	1607017714664	1607017714766	OK	 
USER	gatwai	END	1607017714767
USER	gatwai	START	1607017714867
REQUEST		request_0	1607017714867	1607017714962	OK	 
USER	gatwai	END	1607017714962
USER	gatwai	START	1607017715070
REQUEST		request_0	1607017715071	1607017715191	OK	 
USER	gatwai	END	1607017715192
USER	gatwai	START	1607017715260
REQUEST		request_0	1607017715260	1607017715354	OK	 
USER	gatwai	END	1607017715355
USER	gatwai	START	1607017715463
REQUEST		request_0	1607017715463	1607017715563	OK	 
USER	gatwai	END	1607017715563
USER	gatwai	START	1607017715666
REQUEST		request_0	1607017715667	1607017715780	OK	 
USER	gatwai	END	1607017715780
USER	gatwai	START	1607017715869
REQUEST		request_0	1607017715870	1607017715964	OK	 
USER	gatwai	END	1607017715964
USER	gatwai	START	1607017716072
REQUEST		request_0	1607017716073	1607017716161	OK	 
USER	gatwai	END	1607017716162
USER	gatwai	START	1607017716260
REQUEST		request_0	1607017716260	1607017716356	OK	 
USER	gatwai	END	1607017716357
USER	gatwai	START	1607017716463
REQUEST		request_0	1607017716463	1607017716563	OK	 
USER	gatwai	END	1607017716564
USER	gatwai	START	1607017716666
REQUEST		request_0	1607017716666	1607017716764	OK	 
USER	gatwai	END	1607017716765
USER	gatwai	START	1607017716869
REQUEST		request_0	1607017716870	1607017716972	OK	 
USER	gatwai	END	1607017716973
USER	gatwai	START	1607017717073
REQUEST		request_0	1607017717073	1607017717174	OK	 
USER	gatwai	END	1607017717174
USER	gatwai	START	1607017717260
REQUEST		request_0	1607017717260	1607017717368	OK	 
USER	gatwai	END	1607017717369
USER	gatwai	START	1607017717468
REQUEST		request_0	1607017717468	1607017717573	OK	 
USER	gatwai	END	1607017717574
USER	gatwai	START	1607017717671
REQUEST		request_0	1607017717671	1607017717771	OK	 
USER	gatwai	END	1607017717772
USER	gatwai	START	1607017717858
REQUEST		request_0	1607017717859	1607017717947	OK	 
USER	gatwai	END	1607017717948
USER	gatwai	START	1607017718062
REQUEST		request_0	1607017718062	1607017718176	OK	 
USER	gatwai	END	1607017718177
USER	gatwai	START	1607017718264
REQUEST		request_0	1607017718265	1607017718358	OK	 
USER	gatwai	END	1607017718359
USER	gatwai	START	1607017718471
REQUEST		request_0	1607017718471	1607017718569	OK	 
USER	gatwai	END	1607017718570
USER	gatwai	START	1607017718674
REQUEST		request_0	1607017718674	1607017718770	OK	 
USER	gatwai	END	1607017718771
USER	gatwai	START	1607017718861
REQUEST		request_0	1607017718862	1607017718965	OK	 
USER	gatwai	END	1607017718965
USER	gatwai	START	1607017719064
REQUEST		request_0	1607017719065	1607017719153	OK	 
USER	gatwai	END	1607017719154
USER	gatwai	START	1607017719267
REQUEST		request_0	1607017719268	1607017719368	OK	 
USER	gatwai	END	1607017719368
USER	gatwai	START	1607017719459
REQUEST		request_0	1607017719459	1607017719560	OK	 
USER	gatwai	END	1607017719561
USER	gatwai	START	1607017719662
REQUEST		request_0	1607017719662	1607017719765	OK	 
USER	gatwai	END	1607017719765
USER	gatwai	START	1607017719865
REQUEST		request_0	1607017719865	1607017719962	OK	 
USER	gatwai	END	1607017719962
USER	gatwai	START	1607017720068
REQUEST		request_0	1607017720068	1607017720170	OK	 
USER	gatwai	END	1607017720170
USER	gatwai	START	1607017720258
REQUEST		request_0	1607017720258	1607017720353	OK	 
USER	gatwai	END	1607017720354
USER	gatwai	START	1607017720471
REQUEST		request_0	1607017720472	1607017720578	OK	 
USER	gatwai	END	1607017720579
USER	gatwai	START	1607017720658
REQUEST		request_0	1607017720658	1607017720750	OK	 
USER	gatwai	END	1607017720751
USER	gatwai	START	1607017720861
REQUEST		request_0	1607017720861	1607017720960	OK	 
USER	gatwai	END	1607017720960
USER	gatwai	START	1607017721064
REQUEST		request_0	1607017721065	1607017721162	OK	 
USER	gatwai	END	1607017721162
USER	gatwai	START	1607017721267
REQUEST		request_0	1607017721268	1607017721361	OK	 
USER	gatwai	END	1607017721361
USER	gatwai	START	1607017721463
REQUEST		request_0	1607017721463	1607017721567	OK	 
USER	gatwai	END	1607017721568
USER	gatwai	START	1607017721666
REQUEST		request_0	1607017721666	1607017721777	OK	 
USER	gatwai	END	1607017721778
USER	gatwai	START	1607017721869
REQUEST		request_0	1607017721869	1607017721966	OK	 
USER	gatwai	END	1607017721966
