RUN	gatwai	gatwai	1607018615873	5ps4	3.4.1
USER	gatwai	START	1607018616703
REQUEST		request_0	1607018616726	1607018616847	OK	 
USER	gatwai	END	1607018616897
USER	gatwai	START	1607018616904
REQUEST		request_0	1607018616905	1607018617003	OK	 
USER	gatwai	END	1607018617004
USER	gatwai	START	1607018617107
REQUEST		request_0	1607018617108	1607018617216	OK	 
USER	gatwai	END	1607018617217
USER	gatwai	START	1607018617294
REQUEST		request_0	1607018617295	1607018617387	OK	 
USER	gatwai	END	1607018617388
USER	gatwai	START	1607018617498
REQUEST		request_0	1607018617498	1607018617585	OK	 
USER	gatwai	END	1607018617586
USER	gatwai	START	1607018617700
REQUEST		request_0	1607018617701	1607018617788	OK	 
USER	gatwai	END	1607018617789
USER	gatwai	START	1607018617904
REQUEST		request_0	1607018617904	1607018617995	OK	 
USER	gatwai	END	1607018617996
USER	gatwai	START	1607018618107
REQUEST		request_0	1607018618107	1607018618195	OK	 
USER	gatwai	END	1607018618196
USER	gatwai	START	1607018618310
REQUEST		request_0	1607018618310	1607018618405	OK	 
USER	gatwai	END	1607018618406
USER	gatwai	START	1607018618497
REQUEST		request_0	1607018618498	1607018618589	OK	 
USER	gatwai	END	1607018618590
USER	gatwai	START	1607018618701
REQUEST		request_0	1607018618701	1607018618801	OK	 
USER	gatwai	END	1607018618802
USER	gatwai	START	1607018618904
REQUEST		request_0	1607018618904	1607018618992	OK	 
USER	gatwai	END	1607018618993
USER	gatwai	START	1607018619091
REQUEST		request_0	1607018619092	1607018619183	OK	 
USER	gatwai	END	1607018619183
USER	gatwai	START	1607018619294
REQUEST		request_0	1607018619294	1607018619378	OK	 
USER	gatwai	END	1607018619379
USER	gatwai	START	1607018619497
REQUEST		request_0	1607018619498	1607018619587	OK	 
USER	gatwai	END	1607018619587
USER	gatwai	START	1607018619700
REQUEST		request_0	1607018619701	1607018619797	OK	 
USER	gatwai	END	1607018619797
USER	gatwai	START	1607018619904
REQUEST		request_0	1607018619905	1607018620003	OK	 
USER	gatwai	END	1607018620003
USER	gatwai	START	1607018620091
REQUEST		request_0	1607018620092	1607018620180	OK	 
USER	gatwai	END	1607018620181
USER	gatwai	START	1607018620295
REQUEST		request_0	1607018620295	1607018620385	OK	 
USER	gatwai	END	1607018620386
USER	gatwai	START	1607018620497
REQUEST		request_0	1607018620498	1607018620594	OK	 
USER	gatwai	END	1607018620594
USER	gatwai	START	1607018620700
REQUEST		request_0	1607018620701	1607018620795	OK	 
USER	gatwai	END	1607018620796
USER	gatwai	START	1607018620904
REQUEST		request_0	1607018620904	1607018621007	OK	 
USER	gatwai	END	1607018621008
USER	gatwai	START	1607018621091
REQUEST		request_0	1607018621092	1607018621180	OK	 
USER	gatwai	END	1607018621181
USER	gatwai	START	1607018621295
REQUEST		request_0	1607018621295	1607018621379	OK	 
USER	gatwai	END	1607018621380
USER	gatwai	START	1607018621498
REQUEST		request_0	1607018621498	1607018621596	OK	 
USER	gatwai	END	1607018621597
USER	gatwai	START	1607018621700
REQUEST		request_0	1607018621701	1607018621786	OK	 
USER	gatwai	END	1607018621787
USER	gatwai	START	1607018621903
REQUEST		request_0	1607018621904	1607018621995	OK	 
USER	gatwai	END	1607018621996
USER	gatwai	START	1607018622092
REQUEST		request_0	1607018622092	1607018622183	OK	 
USER	gatwai	END	1607018622184
USER	gatwai	START	1607018622294
REQUEST		request_0	1607018622295	1607018622389	OK	 
USER	gatwai	END	1607018622389
USER	gatwai	START	1607018622499
REQUEST		request_0	1607018622499	1607018622600	OK	 
USER	gatwai	END	1607018622601
USER	gatwai	START	1607018622702
REQUEST		request_0	1607018622702	1607018622794	OK	 
USER	gatwai	END	1607018622795
USER	gatwai	START	1607018622889
REQUEST		request_0	1607018622890	1607018622992	OK	 
USER	gatwai	END	1607018622993
USER	gatwai	START	1607018623093
REQUEST		request_0	1607018623093	1607018623193	OK	 
USER	gatwai	END	1607018623194
USER	gatwai	START	1607018623296
REQUEST		request_0	1607018623296	1607018623393	OK	 
USER	gatwai	END	1607018623394
USER	gatwai	START	1607018623499
REQUEST		request_0	1607018623500	1607018623597	OK	 
USER	gatwai	END	1607018623598
USER	gatwai	START	1607018623702
REQUEST		request_0	1607018623702	1607018623797	OK	 
USER	gatwai	END	1607018623798
USER	gatwai	START	1607018623889
REQUEST		request_0	1607018623890	1607018623972	OK	 
USER	gatwai	END	1607018623973
USER	gatwai	START	1607018624092
REQUEST		request_0	1607018624093	1607018624198	OK	 
USER	gatwai	END	1607018624199
USER	gatwai	START	1607018624295
REQUEST		request_0	1607018624296	1607018624389	OK	 
USER	gatwai	END	1607018624389
USER	gatwai	START	1607018624499
REQUEST		request_0	1607018624499	1607018624587	OK	 
USER	gatwai	END	1607018624587
USER	gatwai	START	1607018624702
REQUEST		request_0	1607018624702	1607018624796	OK	 
USER	gatwai	END	1607018624797
USER	gatwai	START	1607018624889
REQUEST		request_0	1607018624890	1607018624981	OK	 
USER	gatwai	END	1607018624981
USER	gatwai	START	1607018625091
REQUEST		request_0	1607018625091	1607018625188	OK	 
USER	gatwai	END	1607018625189
USER	gatwai	START	1607018625294
REQUEST		request_0	1607018625294	1607018625389	OK	 
USER	gatwai	END	1607018625390
USER	gatwai	START	1607018625497
REQUEST		request_0	1607018625497	1607018625593	OK	 
USER	gatwai	END	1607018625594
USER	gatwai	START	1607018625700
REQUEST		request_0	1607018625700	1607018625803	OK	 
USER	gatwai	END	1607018625804
USER	gatwai	START	1607018625903
REQUEST		request_0	1607018625903	1607018625992	OK	 
USER	gatwai	END	1607018625993
USER	gatwai	START	1607018626091
REQUEST		request_0	1607018626091	1607018626175	OK	 
USER	gatwai	END	1607018626175
USER	gatwai	START	1607018626294
REQUEST		request_0	1607018626295	1607018626401	OK	 
USER	gatwai	END	1607018626402
USER	gatwai	START	1607018626493
REQUEST		request_0	1607018626494	1607018626586	OK	 
USER	gatwai	END	1607018626586
USER	gatwai	START	1607018626696
REQUEST		request_0	1607018626697	1607018626784	OK	 
USER	gatwai	END	1607018626784
USER	gatwai	START	1607018626913
REQUEST		request_0	1607018626914	1607018627013	OK	 
USER	gatwai	END	1607018627013
USER	gatwai	START	1607018627101
REQUEST		request_0	1607018627101	1607018627189	OK	 
USER	gatwai	END	1607018627190
USER	gatwai	START	1607018627304
REQUEST		request_0	1607018627305	1607018627402	OK	 
USER	gatwai	END	1607018627403
USER	gatwai	START	1607018627492
REQUEST		request_0	1607018627492	1607018627584	OK	 
USER	gatwai	END	1607018627585
USER	gatwai	START	1607018627695
REQUEST		request_0	1607018627695	1607018627778	OK	 
USER	gatwai	END	1607018627779
USER	gatwai	START	1607018627900
REQUEST		request_0	1607018627901	1607018628002	OK	 
USER	gatwai	END	1607018628003
USER	gatwai	START	1607018628103
REQUEST		request_0	1607018628103	1607018628195	OK	 
USER	gatwai	END	1607018628196
USER	gatwai	START	1607018628290
REQUEST		request_0	1607018628291	1607018628380	OK	 
USER	gatwai	END	1607018628380
USER	gatwai	START	1607018628493
REQUEST		request_0	1607018628494	1607018628579	OK	 
USER	gatwai	END	1607018628580
USER	gatwai	START	1607018628696
REQUEST		request_0	1607018628697	1607018628787	OK	 
USER	gatwai	END	1607018628788
USER	gatwai	START	1607018628900
REQUEST		request_0	1607018628901	1607018629005	OK	 
USER	gatwai	END	1607018629005
USER	gatwai	START	1607018629104
REQUEST		request_0	1607018629104	1607018629189	OK	 
USER	gatwai	END	1607018629190
USER	gatwai	START	1607018629291
REQUEST		request_0	1607018629291	1607018629382	OK	 
USER	gatwai	END	1607018629383
USER	gatwai	START	1607018629494
REQUEST		request_0	1607018629494	1607018629587	OK	 
USER	gatwai	END	1607018629587
USER	gatwai	START	1607018629697
REQUEST		request_0	1607018629698	1607018629791	OK	 
USER	gatwai	END	1607018629792
USER	gatwai	START	1607018629900
REQUEST		request_0	1607018629901	1607018629985	OK	 
USER	gatwai	END	1607018629986
USER	gatwai	START	1607018630103
REQUEST		request_0	1607018630104	1607018630198	OK	 
USER	gatwai	END	1607018630198
USER	gatwai	START	1607018630291
REQUEST		request_0	1607018630291	1607018630382	OK	 
USER	gatwai	END	1607018630383
USER	gatwai	START	1607018630494
REQUEST		request_0	1607018630495	1607018630578	OK	 
USER	gatwai	END	1607018630579
USER	gatwai	START	1607018630697
REQUEST		request_0	1607018630697	1607018630793	OK	 
USER	gatwai	END	1607018630794
USER	gatwai	START	1607018630901
REQUEST		request_0	1607018630901	1607018630991	OK	 
USER	gatwai	END	1607018630992
USER	gatwai	START	1607018631103
REQUEST		request_0	1607018631104	1607018631194	OK	 
USER	gatwai	END	1607018631195
USER	gatwai	START	1607018631291
REQUEST		request_0	1607018631291	1607018631372	OK	 
USER	gatwai	END	1607018631373
USER	gatwai	START	1607018631494
REQUEST		request_0	1607018631494	1607018631595	OK	 
USER	gatwai	END	1607018631596
USER	gatwai	START	1607018631697
REQUEST		request_0	1607018631697	1607018631790	OK	 
USER	gatwai	END	1607018631791
USER	gatwai	START	1607018631901
REQUEST		request_0	1607018631902	1607018631988	OK	 
USER	gatwai	END	1607018631989
USER	gatwai	START	1607018632089
REQUEST		request_0	1607018632089	1607018632176	OK	 
USER	gatwai	END	1607018632176
USER	gatwai	START	1607018632292
REQUEST		request_0	1607018632293	1607018632391	OK	 
USER	gatwai	END	1607018632391
USER	gatwai	START	1607018632496
REQUEST		request_0	1607018632496	1607018632594	OK	 
USER	gatwai	END	1607018632596
USER	gatwai	START	1607018632691
REQUEST		request_0	1607018632691	1607018632783	OK	 
USER	gatwai	END	1607018632784
USER	gatwai	START	1607018632894
REQUEST		request_0	1607018632894	1607018632986	OK	 
USER	gatwai	END	1607018632986
USER	gatwai	START	1607018633099
REQUEST		request_0	1607018633099	1607018633201	OK	 
USER	gatwai	END	1607018633201
USER	gatwai	START	1607018633302
REQUEST		request_0	1607018633302	1607018633384	OK	 
USER	gatwai	END	1607018633385
USER	gatwai	START	1607018633505
REQUEST		request_0	1607018633505	1607018633590	OK	 
USER	gatwai	END	1607018633591
USER	gatwai	START	1607018633693
REQUEST		request_0	1607018633693	1607018633788	OK	 
USER	gatwai	END	1607018633789
USER	gatwai	START	1607018633896
REQUEST		request_0	1607018633896	1607018634003	OK	 
USER	gatwai	END	1607018634003
USER	gatwai	START	1607018634099
REQUEST		request_0	1607018634099	1607018634197	OK	 
USER	gatwai	END	1607018634198
USER	gatwai	START	1607018634302
REQUEST		request_0	1607018634302	1607018634391	OK	 
USER	gatwai	END	1607018634392
USER	gatwai	START	1607018634489
REQUEST		request_0	1607018634490	1607018634581	OK	 
USER	gatwai	END	1607018634581
USER	gatwai	START	1607018634692
REQUEST		request_0	1607018634693	1607018634786	OK	 
USER	gatwai	END	1607018634787
USER	gatwai	START	1607018634896
REQUEST		request_0	1607018634896	1607018634997	OK	 
USER	gatwai	END	1607018634997
USER	gatwai	START	1607018635099
REQUEST		request_0	1607018635099	1607018635195	OK	 
USER	gatwai	END	1607018635196
USER	gatwai	START	1607018635302
REQUEST		request_0	1607018635302	1607018635395	OK	 
USER	gatwai	END	1607018635396
USER	gatwai	START	1607018635489
REQUEST		request_0	1607018635489	1607018635572	OK	 
USER	gatwai	END	1607018635572
USER	gatwai	START	1607018635692
REQUEST		request_0	1607018635693	1607018635790	OK	 
USER	gatwai	END	1607018635791
USER	gatwai	START	1607018635896
REQUEST		request_0	1607018635896	1607018635984	OK	 
USER	gatwai	END	1607018635985
USER	gatwai	START	1607018636099
REQUEST		request_0	1607018636099	1607018636188	OK	 
USER	gatwai	END	1607018636189
USER	gatwai	START	1607018636302
REQUEST		request_0	1607018636303	1607018636406	OK	 
USER	gatwai	END	1607018636407
USER	gatwai	START	1607018636505
REQUEST		request_0	1607018636505	1607018636589	OK	 
USER	gatwai	END	1607018636590
USER	gatwai	START	1607018636692
REQUEST		request_0	1607018636693	1607018636780	OK	 
USER	gatwai	END	1607018636781
USER	gatwai	START	1607018636896
REQUEST		request_0	1607018636896	1607018636997	OK	 
USER	gatwai	END	1607018636998
USER	gatwai	START	1607018637099
REQUEST		request_0	1607018637099	1607018637194	OK	 
USER	gatwai	END	1607018637195
USER	gatwai	START	1607018637302
REQUEST		request_0	1607018637302	1607018637392	OK	 
USER	gatwai	END	1607018637393
USER	gatwai	START	1607018637489
REQUEST		request_0	1607018637489	1607018637577	OK	 
USER	gatwai	END	1607018637577
USER	gatwai	START	1607018637692
REQUEST		request_0	1607018637693	1607018637782	OK	 
USER	gatwai	END	1607018637783
USER	gatwai	START	1607018637896
REQUEST		request_0	1607018637896	1607018637985	OK	 
USER	gatwai	END	1607018637986
USER	gatwai	START	1607018638103
REQUEST		request_0	1607018638104	1607018638202	OK	 
USER	gatwai	END	1607018638203
USER	gatwai	START	1607018638302
REQUEST		request_0	1607018638302	1607018638388	OK	 
USER	gatwai	END	1607018638389
USER	gatwai	START	1607018638489
REQUEST		request_0	1607018638490	1607018638579	OK	 
USER	gatwai	END	1607018638580
USER	gatwai	START	1607018638692
REQUEST		request_0	1607018638693	1607018638795	OK	 
USER	gatwai	END	1607018638796
USER	gatwai	START	1607018638895
REQUEST		request_0	1607018638895	1607018638984	OK	 
USER	gatwai	END	1607018638985
USER	gatwai	START	1607018639099
REQUEST		request_0	1607018639099	1607018639195	OK	 
USER	gatwai	END	1607018639196
USER	gatwai	START	1607018639302
REQUEST		request_0	1607018639303	1607018639387	OK	 
USER	gatwai	END	1607018639387
USER	gatwai	START	1607018639490
REQUEST		request_0	1607018639491	1607018639599	OK	 
USER	gatwai	END	1607018639600
USER	gatwai	START	1607018639693
REQUEST		request_0	1607018639693	1607018639783	OK	 
USER	gatwai	END	1607018639783
USER	gatwai	START	1607018639896
REQUEST		request_0	1607018639897	1607018639996	OK	 
USER	gatwai	END	1607018639996
USER	gatwai	START	1607018640100
REQUEST		request_0	1607018640100	1607018640189	OK	 
USER	gatwai	END	1607018640189
USER	gatwai	START	1607018640303
REQUEST		request_0	1607018640303	1607018640395	OK	 
USER	gatwai	END	1607018640396
USER	gatwai	START	1607018640490
REQUEST		request_0	1607018640490	1607018640586	OK	 
USER	gatwai	END	1607018640587
USER	gatwai	START	1607018640693
REQUEST		request_0	1607018640693	1607018640777	OK	 
USER	gatwai	END	1607018640778
USER	gatwai	START	1607018640897
REQUEST		request_0	1607018640897	1607018641008	OK	 
USER	gatwai	END	1607018641009
USER	gatwai	START	1607018641099
REQUEST		request_0	1607018641100	1607018641189	OK	 
USER	gatwai	END	1607018641189
USER	gatwai	START	1607018641302
REQUEST		request_0	1607018641303	1607018641385	OK	 
USER	gatwai	END	1607018641386
USER	gatwai	START	1607018641490
REQUEST		request_0	1607018641491	1607018641578	OK	 
USER	gatwai	END	1607018641578
USER	gatwai	START	1607018641703
REQUEST		request_0	1607018641703	1607018641787	OK	 
USER	gatwai	END	1607018641788
USER	gatwai	START	1607018641896
REQUEST		request_0	1607018641897	1607018641990	OK	 
USER	gatwai	END	1607018641990
USER	gatwai	START	1607018642100
REQUEST		request_0	1607018642101	1607018642196	OK	 
USER	gatwai	END	1607018642197
USER	gatwai	START	1607018642303
REQUEST		request_0	1607018642303	1607018642387	OK	 
USER	gatwai	END	1607018642388
USER	gatwai	START	1607018642490
REQUEST		request_0	1607018642490	1607018642586	OK	 
USER	gatwai	END	1607018642587
USER	gatwai	START	1607018642693
REQUEST		request_0	1607018642693	1607018642781	OK	 
USER	gatwai	END	1607018642782
USER	gatwai	START	1607018642896
REQUEST		request_0	1607018642896	1607018642989	OK	 
USER	gatwai	END	1607018642990
USER	gatwai	START	1607018643099
REQUEST		request_0	1607018643100	1607018643191	OK	 
USER	gatwai	END	1607018643191
USER	gatwai	START	1607018643302
REQUEST		request_0	1607018643303	1607018643389	OK	 
USER	gatwai	END	1607018643389
USER	gatwai	START	1607018643490
REQUEST		request_0	1607018643490	1607018643583	OK	 
USER	gatwai	END	1607018643583
USER	gatwai	START	1607018643693
REQUEST		request_0	1607018643693	1607018643796	OK	 
USER	gatwai	END	1607018643796
USER	gatwai	START	1607018643896
REQUEST		request_0	1607018643896	1607018643988	OK	 
USER	gatwai	END	1607018643989
USER	gatwai	START	1607018644099
REQUEST		request_0	1607018644100	1607018644191	OK	 
USER	gatwai	END	1607018644191
USER	gatwai	START	1607018644302
REQUEST		request_0	1607018644303	1607018644398	OK	 
USER	gatwai	END	1607018644399
USER	gatwai	START	1607018644490
REQUEST		request_0	1607018644490	1607018644574	OK	 
USER	gatwai	END	1607018644575
USER	gatwai	START	1607018644693
REQUEST		request_0	1607018644693	1607018644780	OK	 
USER	gatwai	END	1607018644780
USER	gatwai	START	1607018644896
REQUEST		request_0	1607018644897	1607018644995	OK	 
USER	gatwai	END	1607018644996
USER	gatwai	START	1607018645099
REQUEST		request_0	1607018645100	1607018645190	OK	 
USER	gatwai	END	1607018645190
USER	gatwai	START	1607018645303
REQUEST		request_0	1607018645303	1607018645410	OK	 
USER	gatwai	END	1607018645411
USER	gatwai	START	1607018645490
REQUEST		request_0	1607018645490	1607018645583	OK	 
USER	gatwai	END	1607018645584
USER	gatwai	START	1607018645693
REQUEST		request_0	1607018645693	1607018645784	OK	 
USER	gatwai	END	1607018645785
USER	gatwai	START	1607018645896
REQUEST		request_0	1607018645896	1607018645980	OK	 
USER	gatwai	END	1607018645980
USER	gatwai	START	1607018646100
REQUEST		request_0	1607018646100	1607018646199	OK	 
USER	gatwai	END	1607018646199
USER	gatwai	START	1607018646303
REQUEST		request_0	1607018646303	1607018646402	OK	 
USER	gatwai	END	1607018646402
USER	gatwai	START	1607018646490
REQUEST		request_0	1607018646490	1607018646574	OK	 
USER	gatwai	END	1607018646574
USER	gatwai	START	1607018646693
REQUEST		request_0	1607018646693	1607018646790	OK	 
USER	gatwai	END	1607018646791
USER	gatwai	START	1607018646897
REQUEST		request_0	1607018646897	1607018646992	OK	 
USER	gatwai	END	1607018646993
USER	gatwai	START	1607018647100
REQUEST		request_0	1607018647100	1607018647183	OK	 
USER	gatwai	END	1607018647183
USER	gatwai	START	1607018647303
REQUEST		request_0	1607018647303	1607018647400	OK	 
USER	gatwai	END	1607018647401
USER	gatwai	START	1607018647490
REQUEST		request_0	1607018647490	1607018647578	OK	 
USER	gatwai	END	1607018647579
USER	gatwai	START	1607018647693
REQUEST		request_0	1607018647693	1607018647777	OK	 
USER	gatwai	END	1607018647778
USER	gatwai	START	1607018647897
REQUEST		request_0	1607018647897	1607018647987	OK	 
USER	gatwai	END	1607018647988
USER	gatwai	START	1607018648099
REQUEST		request_0	1607018648100	1607018648188	OK	 
USER	gatwai	END	1607018648189
USER	gatwai	START	1607018648303
REQUEST		request_0	1607018648303	1607018648388	OK	 
USER	gatwai	END	1607018648389
USER	gatwai	START	1607018648490
REQUEST		request_0	1607018648490	1607018648579	OK	 
USER	gatwai	END	1607018648580
USER	gatwai	START	1607018648693
REQUEST		request_0	1607018648693	1607018648786	OK	 
USER	gatwai	END	1607018648787
USER	gatwai	START	1607018648896
REQUEST		request_0	1607018648897	1607018648992	OK	 
USER	gatwai	END	1607018648993
USER	gatwai	START	1607018649100
REQUEST		request_0	1607018649100	1607018649199	OK	 
USER	gatwai	END	1607018649200
USER	gatwai	START	1607018649303
REQUEST		request_0	1607018649304	1607018649394	OK	 
USER	gatwai	END	1607018649394
USER	gatwai	START	1607018649490
REQUEST		request_0	1607018649490	1607018649579	OK	 
USER	gatwai	END	1607018649580
USER	gatwai	START	1607018649693
REQUEST		request_0	1607018649693	1607018649780	OK	 
USER	gatwai	END	1607018649781
USER	gatwai	START	1607018649896
REQUEST		request_0	1607018649897	1607018649995	OK	 
USER	gatwai	END	1607018649995
USER	gatwai	START	1607018650099
REQUEST		request_0	1607018650100	1607018650192	OK	 
USER	gatwai	END	1607018650193
USER	gatwai	START	1607018650303
REQUEST		request_0	1607018650303	1607018650387	OK	 
USER	gatwai	END	1607018650387
USER	gatwai	START	1607018650490
REQUEST		request_0	1607018650490	1607018650580	OK	 
USER	gatwai	END	1607018650581
USER	gatwai	START	1607018650693
REQUEST		request_0	1607018650693	1607018650777	OK	 
USER	gatwai	END	1607018650778
USER	gatwai	START	1607018650896
REQUEST		request_0	1607018650896	1607018650984	OK	 
USER	gatwai	END	1607018650984
USER	gatwai	START	1607018651100
REQUEST		request_0	1607018651100	1607018651190	OK	 
USER	gatwai	END	1607018651191
USER	gatwai	START	1607018651303
REQUEST		request_0	1607018651303	1607018651389	OK	 
USER	gatwai	END	1607018651390
USER	gatwai	START	1607018651490
REQUEST		request_0	1607018651491	1607018651587	OK	 
USER	gatwai	END	1607018651587
USER	gatwai	START	1607018651693
REQUEST		request_0	1607018651694	1607018651791	OK	 
USER	gatwai	END	1607018651792
USER	gatwai	START	1607018651897
REQUEST		request_0	1607018651897	1607018651992	OK	 
USER	gatwai	END	1607018651993
USER	gatwai	START	1607018652099
REQUEST		request_0	1607018652099	1607018652197	OK	 
USER	gatwai	END	1607018652198
USER	gatwai	START	1607018652302
REQUEST		request_0	1607018652303	1607018652414	OK	 
USER	gatwai	END	1607018652415
USER	gatwai	START	1607018652490
REQUEST		request_0	1607018652491	1607018652596	OK	 
USER	gatwai	END	1607018652597
USER	gatwai	START	1607018652693
REQUEST		request_0	1607018652693	1607018652780	OK	 
USER	gatwai	END	1607018652781
USER	gatwai	START	1607018652896
REQUEST		request_0	1607018652897	1607018652994	OK	 
USER	gatwai	END	1607018652994
USER	gatwai	START	1607018653099
REQUEST		request_0	1607018653100	1607018653185	OK	 
USER	gatwai	END	1607018653186
USER	gatwai	START	1607018653303
REQUEST		request_0	1607018653303	1607018653415	OK	 
USER	gatwai	END	1607018653416
USER	gatwai	START	1607018653490
REQUEST		request_0	1607018653490	1607018653578	OK	 
USER	gatwai	END	1607018653579
USER	gatwai	START	1607018653693
REQUEST		request_0	1607018653693	1607018653777	OK	 
USER	gatwai	END	1607018653778
USER	gatwai	START	1607018653896
REQUEST		request_0	1607018653897	1607018653980	OK	 
USER	gatwai	END	1607018653981
USER	gatwai	START	1607018654100
REQUEST		request_0	1607018654100	1607018654197	OK	 
USER	gatwai	END	1607018654197
USER	gatwai	START	1607018654303
REQUEST		request_0	1607018654303	1607018654401	OK	 
USER	gatwai	END	1607018654402
USER	gatwai	START	1607018654491
REQUEST		request_0	1607018654491	1607018654589	OK	 
USER	gatwai	END	1607018654589
USER	gatwai	START	1607018654693
REQUEST		request_0	1607018654694	1607018654780	OK	 
USER	gatwai	END	1607018654781
USER	gatwai	START	1607018654896
REQUEST		request_0	1607018654897	1607018654984	OK	 
USER	gatwai	END	1607018654985
USER	gatwai	START	1607018655100
REQUEST		request_0	1607018655101	1607018655192	OK	 
USER	gatwai	END	1607018655192
USER	gatwai	START	1607018655302
REQUEST		request_0	1607018655302	1607018655401	OK	 
USER	gatwai	END	1607018655402
USER	gatwai	START	1607018655489
REQUEST		request_0	1607018655489	1607018655577	OK	 
USER	gatwai	END	1607018655578
USER	gatwai	START	1607018655692
REQUEST		request_0	1607018655693	1607018655787	OK	 
USER	gatwai	END	1607018655788
USER	gatwai	START	1607018655895
REQUEST		request_0	1607018655896	1607018655991	OK	 
USER	gatwai	END	1607018655991
USER	gatwai	START	1607018656099
REQUEST		request_0	1607018656099	1607018656187	OK	 
USER	gatwai	END	1607018656187
USER	gatwai	START	1607018656302
REQUEST		request_0	1607018656302	1607018656396	OK	 
USER	gatwai	END	1607018656397
USER	gatwai	START	1607018656489
REQUEST		request_0	1607018656490	1607018656580	OK	 
USER	gatwai	END	1607018656581
USER	gatwai	START	1607018656692
REQUEST		request_0	1607018656692	1607018656790	OK	 
USER	gatwai	END	1607018656791
USER	gatwai	START	1607018656896
REQUEST		request_0	1607018656896	1607018657001	OK	 
USER	gatwai	END	1607018657002
USER	gatwai	START	1607018657099
REQUEST		request_0	1607018657099	1607018657189	OK	 
USER	gatwai	END	1607018657189
USER	gatwai	START	1607018657302
REQUEST		request_0	1607018657302	1607018657398	OK	 
USER	gatwai	END	1607018657398
USER	gatwai	START	1607018657489
REQUEST		request_0	1607018657489	1607018657574	OK	 
USER	gatwai	END	1607018657575
USER	gatwai	START	1607018657692
REQUEST		request_0	1607018657693	1607018657794	OK	 
USER	gatwai	END	1607018657795
USER	gatwai	START	1607018657895
REQUEST		request_0	1607018657896	1607018657993	OK	 
USER	gatwai	END	1607018657994
USER	gatwai	START	1607018658099
REQUEST		request_0	1607018658099	1607018658199	OK	 
USER	gatwai	END	1607018658200
USER	gatwai	START	1607018658302
REQUEST		request_0	1607018658302	1607018658391	OK	 
USER	gatwai	END	1607018658391
USER	gatwai	START	1607018658489
REQUEST		request_0	1607018658490	1607018658588	OK	 
USER	gatwai	END	1607018658588
USER	gatwai	START	1607018658692
REQUEST		request_0	1607018658693	1607018658783	OK	 
USER	gatwai	END	1607018658783
USER	gatwai	START	1607018658895
REQUEST		request_0	1607018658896	1607018658999	OK	 
USER	gatwai	END	1607018659000
USER	gatwai	START	1607018659099
REQUEST		request_0	1607018659099	1607018659195	OK	 
USER	gatwai	END	1607018659196
USER	gatwai	START	1607018659302
REQUEST		request_0	1607018659302	1607018659392	OK	 
USER	gatwai	END	1607018659393
USER	gatwai	START	1607018659489
REQUEST		request_0	1607018659490	1607018659580	OK	 
USER	gatwai	END	1607018659581
USER	gatwai	START	1607018659692
REQUEST		request_0	1607018659693	1607018659785	OK	 
USER	gatwai	END	1607018659785
USER	gatwai	START	1607018659895
REQUEST		request_0	1607018659896	1607018659989	OK	 
USER	gatwai	END	1607018659989
USER	gatwai	START	1607018660099
REQUEST		request_0	1607018660099	1607018660200	OK	 
USER	gatwai	END	1607018660200
USER	gatwai	START	1607018660302
REQUEST		request_0	1607018660302	1607018660389	OK	 
USER	gatwai	END	1607018660390
USER	gatwai	START	1607018660489
REQUEST		request_0	1607018660490	1607018660572	OK	 
USER	gatwai	END	1607018660573
USER	gatwai	START	1607018660693
REQUEST		request_0	1607018660693	1607018660784	OK	 
USER	gatwai	END	1607018660785
USER	gatwai	START	1607018660897
REQUEST		request_0	1607018660897	1607018661003	OK	 
USER	gatwai	END	1607018661004
USER	gatwai	START	1607018661100
REQUEST		request_0	1607018661100	1607018661191	OK	 
USER	gatwai	END	1607018661191
USER	gatwai	START	1607018661303
REQUEST		request_0	1607018661303	1607018661395	OK	 
USER	gatwai	END	1607018661396
USER	gatwai	START	1607018661490
REQUEST		request_0	1607018661490	1607018661578	OK	 
USER	gatwai	END	1607018661579
USER	gatwai	START	1607018661693
REQUEST		request_0	1607018661694	1607018661784	OK	 
USER	gatwai	END	1607018661785
USER	gatwai	START	1607018661897
REQUEST		request_0	1607018661897	1607018661990	OK	 
USER	gatwai	END	1607018661990
USER	gatwai	START	1607018662099
REQUEST		request_0	1607018662100	1607018662185	OK	 
USER	gatwai	END	1607018662185
USER	gatwai	START	1607018662303
REQUEST		request_0	1607018662303	1607018662402	OK	 
USER	gatwai	END	1607018662402
USER	gatwai	START	1607018662490
REQUEST		request_0	1607018662491	1607018662582	OK	 
USER	gatwai	END	1607018662582
USER	gatwai	START	1607018662693
REQUEST		request_0	1607018662694	1607018662786	OK	 
USER	gatwai	END	1607018662787
USER	gatwai	START	1607018662896
REQUEST		request_0	1607018662897	1607018662990	OK	 
USER	gatwai	END	1607018662991
USER	gatwai	START	1607018663100
REQUEST		request_0	1607018663100	1607018663188	OK	 
USER	gatwai	END	1607018663188
USER	gatwai	START	1607018663303
REQUEST		request_0	1607018663303	1607018663401	OK	 
USER	gatwai	END	1607018663402
USER	gatwai	START	1607018663490
REQUEST		request_0	1607018663490	1607018663575	OK	 
USER	gatwai	END	1607018663576
USER	gatwai	START	1607018663693
REQUEST		request_0	1607018663694	1607018663793	OK	 
USER	gatwai	END	1607018663793
USER	gatwai	START	1607018663897
REQUEST		request_0	1607018663897	1607018663989	OK	 
USER	gatwai	END	1607018663990
USER	gatwai	START	1607018664100
REQUEST		request_0	1607018664100	1607018664191	OK	 
USER	gatwai	END	1607018664191
USER	gatwai	START	1607018664303
REQUEST		request_0	1607018664303	1607018664398	OK	 
USER	gatwai	END	1607018664399
USER	gatwai	START	1607018664490
REQUEST		request_0	1607018664490	1607018664577	OK	 
USER	gatwai	END	1607018664577
USER	gatwai	START	1607018664695
REQUEST		request_0	1607018664696	1607018664792	OK	 
USER	gatwai	END	1607018664793
USER	gatwai	START	1607018664896
REQUEST		request_0	1607018664897	1607018664977	OK	 
USER	gatwai	END	1607018664978
USER	gatwai	START	1607018665100
REQUEST		request_0	1607018665100	1607018665185	OK	 
USER	gatwai	END	1607018665186
USER	gatwai	START	1607018665303
REQUEST		request_0	1607018665303	1607018665399	OK	 
USER	gatwai	END	1607018665399
USER	gatwai	START	1607018665490
REQUEST		request_0	1607018665491	1607018665580	OK	 
USER	gatwai	END	1607018665580
USER	gatwai	START	1607018665694
REQUEST		request_0	1607018665694	1607018665785	OK	 
USER	gatwai	END	1607018665786
USER	gatwai	START	1607018665897
REQUEST		request_0	1607018665897	1607018665996	OK	 
USER	gatwai	END	1607018665997
USER	gatwai	START	1607018666106
REQUEST		request_0	1607018666106	1607018666199	OK	 
USER	gatwai	END	1607018666199
USER	gatwai	START	1607018666303
REQUEST		request_0	1607018666303	1607018666386	OK	 
USER	gatwai	END	1607018666387
USER	gatwai	START	1607018666491
REQUEST		request_0	1607018666491	1607018666578	OK	 
USER	gatwai	END	1607018666579
USER	gatwai	START	1607018666694
REQUEST		request_0	1607018666694	1607018666790	OK	 
USER	gatwai	END	1607018666791
USER	gatwai	START	1607018666897
REQUEST		request_0	1607018666897	1607018666983	OK	 
USER	gatwai	END	1607018666983
USER	gatwai	START	1607018667100
REQUEST		request_0	1607018667100	1607018667193	OK	 
USER	gatwai	END	1607018667194
USER	gatwai	START	1607018667303
REQUEST		request_0	1607018667303	1607018667395	OK	 
USER	gatwai	END	1607018667395
USER	gatwai	START	1607018667491
REQUEST		request_0	1607018667491	1607018667575	OK	 
USER	gatwai	END	1607018667576
USER	gatwai	START	1607018667695
REQUEST		request_0	1607018667696	1607018667788	OK	 
USER	gatwai	END	1607018667789
USER	gatwai	START	1607018667898
REQUEST		request_0	1607018667899	1607018667993	OK	 
USER	gatwai	END	1607018667993
USER	gatwai	START	1607018668101
REQUEST		request_0	1607018668102	1607018668201	OK	 
USER	gatwai	END	1607018668201
USER	gatwai	START	1607018668304
REQUEST		request_0	1607018668305	1607018668393	OK	 
USER	gatwai	END	1607018668394
USER	gatwai	START	1607018668492
REQUEST		request_0	1607018668492	1607018668578	OK	 
USER	gatwai	END	1607018668578
USER	gatwai	START	1607018668695
REQUEST		request_0	1607018668695	1607018668797	OK	 
USER	gatwai	END	1607018668798
USER	gatwai	START	1607018668898
REQUEST		request_0	1607018668898	1607018668996	OK	 
USER	gatwai	END	1607018668997
USER	gatwai	START	1607018669101
REQUEST		request_0	1607018669102	1607018669194	OK	 
USER	gatwai	END	1607018669195
USER	gatwai	START	1607018669304
REQUEST		request_0	1607018669305	1607018669402	OK	 
USER	gatwai	END	1607018669403
USER	gatwai	START	1607018669492
REQUEST		request_0	1607018669492	1607018669581	OK	 
USER	gatwai	END	1607018669582
USER	gatwai	START	1607018669695
REQUEST		request_0	1607018669696	1607018669799	OK	 
USER	gatwai	END	1607018669800
USER	gatwai	START	1607018669898
REQUEST		request_0	1607018669899	1607018669988	OK	 
USER	gatwai	END	1607018669988
USER	gatwai	START	1607018670101
REQUEST		request_0	1607018670101	1607018670195	OK	 
USER	gatwai	END	1607018670196
USER	gatwai	START	1607018670304
REQUEST		request_0	1607018670305	1607018670397	OK	 
USER	gatwai	END	1607018670398
USER	gatwai	START	1607018670492
REQUEST		request_0	1607018670492	1607018670582	OK	 
USER	gatwai	END	1607018670583
USER	gatwai	START	1607018670695
REQUEST		request_0	1607018670695	1607018670793	OK	 
USER	gatwai	END	1607018670794
USER	gatwai	START	1607018670898
REQUEST		request_0	1607018670898	1607018670983	OK	 
USER	gatwai	END	1607018670983
USER	gatwai	START	1607018671102
REQUEST		request_0	1607018671102	1607018671208	OK	 
USER	gatwai	END	1607018671208
USER	gatwai	START	1607018671304
REQUEST		request_0	1607018671305	1607018671394	OK	 
USER	gatwai	END	1607018671394
USER	gatwai	START	1607018671492
REQUEST		request_0	1607018671492	1607018671583	OK	 
USER	gatwai	END	1607018671584
USER	gatwai	START	1607018671695
REQUEST		request_0	1607018671695	1607018671800	OK	 
USER	gatwai	END	1607018671801
USER	gatwai	START	1607018671903
REQUEST		request_0	1607018671904	1607018671997	OK	 
USER	gatwai	END	1607018671998
USER	gatwai	START	1607018672091
REQUEST		request_0	1607018672091	1607018672173	OK	 
USER	gatwai	END	1607018672173
USER	gatwai	START	1607018672294
REQUEST		request_0	1607018672294	1607018672391	OK	 
USER	gatwai	END	1607018672391
USER	gatwai	START	1607018672497
REQUEST		request_0	1607018672497	1607018672590	OK	 
USER	gatwai	END	1607018672591
USER	gatwai	START	1607018672700
REQUEST		request_0	1607018672700	1607018672793	OK	 
USER	gatwai	END	1607018672794
USER	gatwai	START	1607018672904
REQUEST		request_0	1607018672904	1607018672998	OK	 
USER	gatwai	END	1607018672999
USER	gatwai	START	1607018673091
REQUEST		request_0	1607018673091	1607018673178	OK	 
USER	gatwai	END	1607018673179
USER	gatwai	START	1607018673294
REQUEST		request_0	1607018673294	1607018673385	OK	 
USER	gatwai	END	1607018673386
USER	gatwai	START	1607018673497
REQUEST		request_0	1607018673497	1607018673582	OK	 
USER	gatwai	END	1607018673583
USER	gatwai	START	1607018673703
REQUEST		request_0	1607018673703	1607018673799	OK	 
USER	gatwai	END	1607018673800
USER	gatwai	START	1607018673903
REQUEST		request_0	1607018673903	1607018673987	OK	 
USER	gatwai	END	1607018673987
USER	gatwai	START	1607018674091
REQUEST		request_0	1607018674091	1607018674182	OK	 
USER	gatwai	END	1607018674183
USER	gatwai	START	1607018674294
REQUEST		request_0	1607018674294	1607018674399	OK	 
USER	gatwai	END	1607018674399
USER	gatwai	START	1607018674497
REQUEST		request_0	1607018674497	1607018674580	OK	 
USER	gatwai	END	1607018674581
USER	gatwai	START	1607018674701
REQUEST		request_0	1607018674701	1607018674810	OK	 
USER	gatwai	END	1607018674810
USER	gatwai	START	1607018674903
REQUEST		request_0	1607018674903	1607018674992	OK	 
USER	gatwai	END	1607018674993
USER	gatwai	START	1607018675091
REQUEST		request_0	1607018675091	1607018675180	OK	 
USER	gatwai	END	1607018675180
USER	gatwai	START	1607018675294
REQUEST		request_0	1607018675294	1607018675394	OK	 
USER	gatwai	END	1607018675395
USER	gatwai	START	1607018675497
REQUEST		request_0	1607018675497	1607018675592	OK	 
USER	gatwai	END	1607018675593
USER	gatwai	START	1607018675700
REQUEST		request_0	1607018675700	1607018675791	OK	 
USER	gatwai	END	1607018675791
USER	gatwai	START	1607018675890
REQUEST		request_0	1607018675890	1607018675976	OK	 
USER	gatwai	END	1607018675976
USER	gatwai	START	1607018676093
REQUEST		request_0	1607018676093	1607018676189	OK	 
USER	gatwai	END	1607018676190
USER	gatwai	START	1607018676296
REQUEST		request_0	1607018676296	1607018676382	OK	 
USER	gatwai	END	1607018676383
USER	gatwai	START	1607018676499
REQUEST		request_0	1607018676499	1607018676584	OK	 
USER	gatwai	END	1607018676585
USER	gatwai	START	1607018676702
REQUEST		request_0	1607018676702	1607018676801	OK	 
USER	gatwai	END	1607018676801
USER	gatwai	START	1607018676902
REQUEST		request_0	1607018676902	1607018677000	OK	 
USER	gatwai	END	1607018677000
USER	gatwai	START	1607018677089
REQUEST		request_0	1607018677089	1607018677172	OK	 
USER	gatwai	END	1607018677173
USER	gatwai	START	1607018677292
REQUEST		request_0	1607018677292	1607018677393	OK	 
USER	gatwai	END	1607018677394
USER	gatwai	START	1607018677496
REQUEST		request_0	1607018677496	1607018677605	OK	 
USER	gatwai	END	1607018677606
USER	gatwai	START	1607018677699
REQUEST		request_0	1607018677699	1607018677783	OK	 
USER	gatwai	END	1607018677783
USER	gatwai	START	1607018677902
REQUEST		request_0	1607018677902	1607018677999	OK	 
USER	gatwai	END	1607018677999
USER	gatwai	START	1607018678090
REQUEST		request_0	1607018678090	1607018678179	OK	 
USER	gatwai	END	1607018678179
USER	gatwai	START	1607018678293
REQUEST		request_0	1607018678293	1607018678390	OK	 
USER	gatwai	END	1607018678391
USER	gatwai	START	1607018678496
REQUEST		request_0	1607018678496	1607018678584	OK	 
USER	gatwai	END	1607018678584
USER	gatwai	START	1607018678699
REQUEST		request_0	1607018678699	1607018678800	OK	 
USER	gatwai	END	1607018678800
USER	gatwai	START	1607018678902
REQUEST		request_0	1607018678902	1607018678993	OK	 
USER	gatwai	END	1607018678993
USER	gatwai	START	1607018679090
REQUEST		request_0	1607018679090	1607018679172	OK	 
USER	gatwai	END	1607018679173
USER	gatwai	START	1607018679293
REQUEST		request_0	1607018679293	1607018679397	OK	 
USER	gatwai	END	1607018679398
USER	gatwai	START	1607018679496
REQUEST		request_0	1607018679496	1607018679597	OK	 
USER	gatwai	END	1607018679597
USER	gatwai	START	1607018679699
REQUEST		request_0	1607018679699	1607018679788	OK	 
USER	gatwai	END	1607018679788
USER	gatwai	START	1607018679902
REQUEST		request_0	1607018679902	1607018679992	OK	 
USER	gatwai	END	1607018679993
USER	gatwai	START	1607018680090
REQUEST		request_0	1607018680090	1607018680176	OK	 
USER	gatwai	END	1607018680176
USER	gatwai	START	1607018680300
REQUEST		request_0	1607018680301	1607018680410	OK	 
USER	gatwai	END	1607018680410
USER	gatwai	START	1607018680503
REQUEST		request_0	1607018680503	1607018680596	OK	 
USER	gatwai	END	1607018680597
USER	gatwai	START	1607018680691
REQUEST		request_0	1607018680691	1607018680781	OK	 
USER	gatwai	END	1607018680782
USER	gatwai	START	1607018680896
REQUEST		request_0	1607018680896	1607018680986	OK	 
USER	gatwai	END	1607018680986
USER	gatwai	START	1607018681099
REQUEST		request_0	1607018681099	1607018681192	OK	 
USER	gatwai	END	1607018681193
USER	gatwai	START	1607018681300
REQUEST		request_0	1607018681301	1607018681398	OK	 
USER	gatwai	END	1607018681399
USER	gatwai	START	1607018681503
REQUEST		request_0	1607018681503	1607018681587	OK	 
USER	gatwai	END	1607018681587
USER	gatwai	START	1607018681691
REQUEST		request_0	1607018681691	1607018681788	OK	 
USER	gatwai	END	1607018681789
USER	gatwai	START	1607018681894
REQUEST		request_0	1607018681894	1607018681990	OK	 
USER	gatwai	END	1607018681991
USER	gatwai	START	1607018682097
REQUEST		request_0	1607018682097	1607018682187	OK	 
USER	gatwai	END	1607018682187
USER	gatwai	START	1607018682300
REQUEST		request_0	1607018682300	1607018682391	OK	 
USER	gatwai	END	1607018682391
USER	gatwai	START	1607018682503
REQUEST		request_0	1607018682504	1607018682601	OK	 
USER	gatwai	END	1607018682601
USER	gatwai	START	1607018682691
REQUEST		request_0	1607018682691	1607018682779	OK	 
USER	gatwai	END	1607018682779
USER	gatwai	START	1607018682894
REQUEST		request_0	1607018682894	1607018682991	OK	 
USER	gatwai	END	1607018682992
USER	gatwai	START	1607018683097
REQUEST		request_0	1607018683097	1607018683192	OK	 
USER	gatwai	END	1607018683192
USER	gatwai	START	1607018683300
REQUEST		request_0	1607018683301	1607018683385	OK	 
USER	gatwai	END	1607018683385
USER	gatwai	START	1607018683504
REQUEST		request_0	1607018683504	1607018683610	OK	 
USER	gatwai	END	1607018683611
USER	gatwai	START	1607018683691
REQUEST		request_0	1607018683691	1607018683779	OK	 
USER	gatwai	END	1607018683781
USER	gatwai	START	1607018683910
REQUEST		request_0	1607018683911	1607018684009	OK	 
USER	gatwai	END	1607018684010
USER	gatwai	START	1607018684098
REQUEST		request_0	1607018684098	1607018684179	OK	 
USER	gatwai	END	1607018684180
USER	gatwai	START	1607018684302
REQUEST		request_0	1607018684302	1607018684387	OK	 
USER	gatwai	END	1607018684387
USER	gatwai	START	1607018684505
REQUEST		request_0	1607018684505	1607018684603	OK	 
USER	gatwai	END	1607018684603
USER	gatwai	START	1607018684692
REQUEST		request_0	1607018684692	1607018684778	OK	 
USER	gatwai	END	1607018684779
USER	gatwai	START	1607018684895
REQUEST		request_0	1607018684895	1607018684982	OK	 
USER	gatwai	END	1607018684982
USER	gatwai	START	1607018685101
REQUEST		request_0	1607018685102	1607018685183	OK	 
USER	gatwai	END	1607018685184
USER	gatwai	START	1607018685304
REQUEST		request_0	1607018685304	1607018685397	OK	 
USER	gatwai	END	1607018685398
USER	gatwai	START	1607018685491
REQUEST		request_0	1607018685492	1607018685589	OK	 
USER	gatwai	END	1607018685590
USER	gatwai	START	1607018685695
REQUEST		request_0	1607018685695	1607018685785	OK	 
USER	gatwai	END	1607018685786
USER	gatwai	START	1607018685898
REQUEST		request_0	1607018685898	1607018685985	OK	 
USER	gatwai	END	1607018685986
USER	gatwai	START	1607018686101
REQUEST		request_0	1607018686102	1607018686200	OK	 
USER	gatwai	END	1607018686201
USER	gatwai	START	1607018686304
REQUEST		request_0	1607018686304	1607018686387	OK	 
USER	gatwai	END	1607018686387
USER	gatwai	START	1607018686492
REQUEST		request_0	1607018686492	1607018686594	OK	 
USER	gatwai	END	1607018686594
USER	gatwai	START	1607018686695
REQUEST		request_0	1607018686695	1607018686786	OK	 
USER	gatwai	END	1607018686787
USER	gatwai	START	1607018686898
REQUEST		request_0	1607018686898	1607018686993	OK	 
USER	gatwai	END	1607018686993
USER	gatwai	START	1607018687101
REQUEST		request_0	1607018687101	1607018687186	OK	 
USER	gatwai	END	1607018687187
USER	gatwai	START	1607018687288
REQUEST		request_0	1607018687289	1607018687387	OK	 
USER	gatwai	END	1607018687387
USER	gatwai	START	1607018687495
REQUEST		request_0	1607018687495	1607018687595	OK	 
USER	gatwai	END	1607018687595
USER	gatwai	START	1607018687698
REQUEST		request_0	1607018687698	1607018687785	OK	 
USER	gatwai	END	1607018687786
USER	gatwai	START	1607018687901
REQUEST		request_0	1607018687902	1607018687987	OK	 
USER	gatwai	END	1607018687987
USER	gatwai	START	1607018688092
REQUEST		request_0	1607018688093	1607018688183	OK	 
USER	gatwai	END	1607018688184
USER	gatwai	START	1607018688295
REQUEST		request_0	1607018688296	1607018688382	OK	 
USER	gatwai	END	1607018688383
USER	gatwai	START	1607018688498
REQUEST		request_0	1607018688499	1607018688588	OK	 
USER	gatwai	END	1607018688588
USER	gatwai	START	1607018688690
REQUEST		request_0	1607018688690	1607018688780	OK	 
USER	gatwai	END	1607018688780
USER	gatwai	START	1607018688893
REQUEST		request_0	1607018688893	1607018689002	OK	 
USER	gatwai	END	1607018689003
USER	gatwai	START	1607018689096
REQUEST		request_0	1607018689096	1607018689185	OK	 
USER	gatwai	END	1607018689186
USER	gatwai	START	1607018689299
REQUEST		request_0	1607018689299	1607018689400	OK	 
USER	gatwai	END	1607018689401
USER	gatwai	START	1607018689502
REQUEST		request_0	1607018689502	1607018689593	OK	 
USER	gatwai	END	1607018689594
USER	gatwai	START	1607018689689
REQUEST		request_0	1607018689690	1607018689778	OK	 
USER	gatwai	END	1607018689778
USER	gatwai	START	1607018689892
REQUEST		request_0	1607018689893	1607018689978	OK	 
USER	gatwai	END	1607018689978
USER	gatwai	START	1607018690096
REQUEST		request_0	1607018690096	1607018690195	OK	 
USER	gatwai	END	1607018690196
USER	gatwai	START	1607018690299
REQUEST		request_0	1607018690299	1607018690382	OK	 
USER	gatwai	END	1607018690383
USER	gatwai	START	1607018690502
REQUEST		request_0	1607018690502	1607018690596	OK	 
USER	gatwai	END	1607018690596
USER	gatwai	START	1607018690705
REQUEST		request_0	1607018690705	1607018690787	OK	 
USER	gatwai	END	1607018690788
USER	gatwai	START	1607018690892
REQUEST		request_0	1607018690893	1607018690990	OK	 
USER	gatwai	END	1607018690990
USER	gatwai	START	1607018691096
REQUEST		request_0	1607018691096	1607018691188	OK	 
USER	gatwai	END	1607018691189
USER	gatwai	START	1607018691299
REQUEST		request_0	1607018691299	1607018691382	OK	 
USER	gatwai	END	1607018691383
USER	gatwai	START	1607018691502
REQUEST		request_0	1607018691502	1607018691596	OK	 
USER	gatwai	END	1607018691596
USER	gatwai	START	1607018691689
REQUEST		request_0	1607018691690	1607018691794	OK	 
USER	gatwai	END	1607018691794
USER	gatwai	START	1607018691892
REQUEST		request_0	1607018691893	1607018691979	OK	 
USER	gatwai	END	1607018691980
USER	gatwai	START	1607018692096
REQUEST		request_0	1607018692096	1607018692186	OK	 
USER	gatwai	END	1607018692190
USER	gatwai	START	1607018692299
REQUEST		request_0	1607018692299	1607018692383	OK	 
USER	gatwai	END	1607018692384
USER	gatwai	START	1607018692502
REQUEST		request_0	1607018692502	1607018692597	OK	 
USER	gatwai	END	1607018692597
USER	gatwai	START	1607018692689
REQUEST		request_0	1607018692690	1607018692773	OK	 
USER	gatwai	END	1607018692773
USER	gatwai	START	1607018692893
REQUEST		request_0	1607018692894	1607018692999	OK	 
USER	gatwai	END	1607018693000
USER	gatwai	START	1607018693096
REQUEST		request_0	1607018693096	1607018693187	OK	 
USER	gatwai	END	1607018693188
USER	gatwai	START	1607018693297
REQUEST		request_0	1607018693298	1607018693388	OK	 
USER	gatwai	END	1607018693389
USER	gatwai	START	1607018693501
REQUEST		request_0	1607018693501	1607018693599	OK	 
USER	gatwai	END	1607018693600
USER	gatwai	START	1607018693691
REQUEST		request_0	1607018693691	1607018693774	OK	 
USER	gatwai	END	1607018693775
USER	gatwai	START	1607018693894
REQUEST		request_0	1607018693895	1607018693988	OK	 
USER	gatwai	END	1607018693989
USER	gatwai	START	1607018694098
REQUEST		request_0	1607018694099	1607018694210	OK	 
USER	gatwai	END	1607018694210
USER	gatwai	START	1607018694301
REQUEST		request_0	1607018694301	1607018694383	OK	 
USER	gatwai	END	1607018694383
USER	gatwai	START	1607018694504
REQUEST		request_0	1607018694504	1607018694597	OK	 
USER	gatwai	END	1607018694598
USER	gatwai	START	1607018694691
REQUEST		request_0	1607018694692	1607018694788	OK	 
USER	gatwai	END	1607018694788
USER	gatwai	START	1607018694894
REQUEST		request_0	1607018694895	1607018694984	OK	 
USER	gatwai	END	1607018694984
USER	gatwai	START	1607018695098
REQUEST		request_0	1607018695098	1607018695190	OK	 
USER	gatwai	END	1607018695191
USER	gatwai	START	1607018695301
REQUEST		request_0	1607018695301	1607018695406	OK	 
USER	gatwai	END	1607018695407
USER	gatwai	START	1607018695504
REQUEST		request_0	1607018695504	1607018695592	OK	 
USER	gatwai	END	1607018695592
USER	gatwai	START	1607018695691
REQUEST		request_0	1607018695692	1607018695790	OK	 
USER	gatwai	END	1607018695791
USER	gatwai	START	1607018695894
REQUEST		request_0	1607018695895	1607018695981	OK	 
USER	gatwai	END	1607018695982
USER	gatwai	START	1607018696103
REQUEST		request_0	1607018696103	1607018696193	OK	 
USER	gatwai	END	1607018696194
USER	gatwai	START	1607018696301
REQUEST		request_0	1607018696301	1607018696394	OK	 
USER	gatwai	END	1607018696394
USER	gatwai	START	1607018696504
REQUEST		request_0	1607018696504	1607018696587	OK	 
USER	gatwai	END	1607018696587
USER	gatwai	START	1607018696691
REQUEST		request_0	1607018696692	1607018696800	OK	 
USER	gatwai	END	1607018696800
USER	gatwai	START	1607018696905
REQUEST		request_0	1607018696905	1607018697002	OK	 
USER	gatwai	END	1607018697002
USER	gatwai	START	1607018697093
REQUEST		request_0	1607018697093	1607018697185	OK	 
USER	gatwai	END	1607018697186
USER	gatwai	START	1607018697296
REQUEST		request_0	1607018697296	1607018697392	OK	 
USER	gatwai	END	1607018697393
USER	gatwai	START	1607018697498
REQUEST		request_0	1607018697499	1607018697580	OK	 
USER	gatwai	END	1607018697580
USER	gatwai	START	1607018697702
REQUEST		request_0	1607018697702	1607018697804	OK	 
USER	gatwai	END	1607018697805
USER	gatwai	START	1607018697889
REQUEST		request_0	1607018697890	1607018697980	OK	 
USER	gatwai	END	1607018697980
USER	gatwai	START	1607018698093
REQUEST		request_0	1607018698093	1607018698181	OK	 
USER	gatwai	END	1607018698182
USER	gatwai	START	1607018698296
REQUEST		request_0	1607018698296	1607018698403	OK	 
USER	gatwai	END	1607018698403
USER	gatwai	START	1607018698499
REQUEST		request_0	1607018698499	1607018698593	OK	 
USER	gatwai	END	1607018698593
USER	gatwai	START	1607018698702
REQUEST		request_0	1607018698702	1607018698790	OK	 
USER	gatwai	END	1607018698791
USER	gatwai	START	1607018698889
REQUEST		request_0	1607018698890	1607018698980	OK	 
USER	gatwai	END	1607018698981
USER	gatwai	START	1607018699097
REQUEST		request_0	1607018699097	1607018699196	OK	 
USER	gatwai	END	1607018699197
USER	gatwai	START	1607018699300
REQUEST		request_0	1607018699300	1607018699390	OK	 
USER	gatwai	END	1607018699390
USER	gatwai	START	1607018699503
REQUEST		request_0	1607018699503	1607018699595	OK	 
USER	gatwai	END	1607018699596
USER	gatwai	START	1607018699690
REQUEST		request_0	1607018699691	1607018699777	OK	 
USER	gatwai	END	1607018699777
USER	gatwai	START	1607018699894
REQUEST		request_0	1607018699894	1607018699991	OK	 
USER	gatwai	END	1607018699992
USER	gatwai	START	1607018700097
REQUEST		request_0	1607018700097	1607018700185	OK	 
USER	gatwai	END	1607018700186
USER	gatwai	START	1607018700300
REQUEST		request_0	1607018700300	1607018700387	OK	 
USER	gatwai	END	1607018700388
USER	gatwai	START	1607018700503
REQUEST		request_0	1607018700503	1607018700600	OK	 
USER	gatwai	END	1607018700601
USER	gatwai	START	1607018700690
REQUEST		request_0	1607018700691	1607018700778	OK	 
USER	gatwai	END	1607018700779
USER	gatwai	START	1607018700894
REQUEST		request_0	1607018700894	1607018700995	OK	 
USER	gatwai	END	1607018700996
USER	gatwai	START	1607018701097
REQUEST		request_0	1607018701097	1607018701186	OK	 
USER	gatwai	END	1607018701187
USER	gatwai	START	1607018701300
REQUEST		request_0	1607018701301	1607018701387	OK	 
USER	gatwai	END	1607018701387
USER	gatwai	START	1607018701503
REQUEST		request_0	1607018701504	1607018701611	OK	 
USER	gatwai	END	1607018701612
USER	gatwai	START	1607018701691
REQUEST		request_0	1607018701691	1607018701776	OK	 
USER	gatwai	END	1607018701777
USER	gatwai	START	1607018701894
REQUEST		request_0	1607018701894	1607018701985	OK	 
USER	gatwai	END	1607018701986
USER	gatwai	START	1607018702101
REQUEST		request_0	1607018702101	1607018702205	OK	 
USER	gatwai	END	1607018702205
USER	gatwai	START	1607018702304
REQUEST		request_0	1607018702304	1607018702386	OK	 
USER	gatwai	END	1607018702387
USER	gatwai	START	1607018702492
REQUEST		request_0	1607018702492	1607018702576	OK	 
USER	gatwai	END	1607018702577
USER	gatwai	START	1607018702695
REQUEST		request_0	1607018702695	1607018702790	OK	 
USER	gatwai	END	1607018702790
USER	gatwai	START	1607018702898
REQUEST		request_0	1607018702898	1607018702981	OK	 
USER	gatwai	END	1607018702982
USER	gatwai	START	1607018703101
REQUEST		request_0	1607018703102	1607018703185	OK	 
USER	gatwai	END	1607018703185
USER	gatwai	START	1607018703304
REQUEST		request_0	1607018703304	1607018703394	OK	 
USER	gatwai	END	1607018703395
USER	gatwai	START	1607018703492
REQUEST		request_0	1607018703492	1607018703584	OK	 
USER	gatwai	END	1607018703585
USER	gatwai	START	1607018703695
REQUEST		request_0	1607018703695	1607018703790	OK	 
USER	gatwai	END	1607018703791
USER	gatwai	START	1607018703898
REQUEST		request_0	1607018703899	1607018704008	OK	 
USER	gatwai	END	1607018704008
USER	gatwai	START	1607018704101
REQUEST		request_0	1607018704101	1607018704192	OK	 
USER	gatwai	END	1607018704193
USER	gatwai	START	1607018704304
REQUEST		request_0	1607018704304	1607018704403	OK	 
USER	gatwai	END	1607018704404
USER	gatwai	START	1607018704492
REQUEST		request_0	1607018704492	1607018704577	OK	 
USER	gatwai	END	1607018704577
USER	gatwai	START	1607018704695
REQUEST		request_0	1607018704695	1607018704805	OK	 
USER	gatwai	END	1607018704806
USER	gatwai	START	1607018704898
REQUEST		request_0	1607018704898	1607018704992	OK	 
USER	gatwai	END	1607018704992
USER	gatwai	START	1607018705105
REQUEST		request_0	1607018705105	1607018705192	OK	 
USER	gatwai	END	1607018705193
USER	gatwai	START	1607018705292
REQUEST		request_0	1607018705293	1607018705382	OK	 
USER	gatwai	END	1607018705383
USER	gatwai	START	1607018705495
REQUEST		request_0	1607018705496	1607018705587	OK	 
USER	gatwai	END	1607018705588
USER	gatwai	START	1607018705699
REQUEST		request_0	1607018705700	1607018705793	OK	 
USER	gatwai	END	1607018705793
USER	gatwai	START	1607018705902
REQUEST		request_0	1607018705902	1607018705990	OK	 
USER	gatwai	END	1607018705991
USER	gatwai	START	1607018706103
REQUEST		request_0	1607018706103	1607018706187	OK	 
USER	gatwai	END	1607018706188
USER	gatwai	START	1607018706291
REQUEST		request_0	1607018706292	1607018706387	OK	 
USER	gatwai	END	1607018706388
USER	gatwai	START	1607018706494
REQUEST		request_0	1607018706494	1607018706576	OK	 
USER	gatwai	END	1607018706577
USER	gatwai	START	1607018706702
REQUEST		request_0	1607018706702	1607018706789	OK	 
USER	gatwai	END	1607018706789
USER	gatwai	START	1607018706889
REQUEST		request_0	1607018706890	1607018706985	OK	 
USER	gatwai	END	1607018706986
USER	gatwai	START	1607018707093
REQUEST		request_0	1607018707094	1607018707187	OK	 
USER	gatwai	END	1607018707188
USER	gatwai	START	1607018707296
REQUEST		request_0	1607018707297	1607018707393	OK	 
USER	gatwai	END	1607018707394
USER	gatwai	START	1607018707501
REQUEST		request_0	1607018707501	1607018707595	OK	 
USER	gatwai	END	1607018707596
USER	gatwai	START	1607018707704
REQUEST		request_0	1607018707704	1607018707800	OK	 
USER	gatwai	END	1607018707800
USER	gatwai	START	1607018707891
REQUEST		request_0	1607018707891	1607018707990	OK	 
USER	gatwai	END	1607018707990
USER	gatwai	START	1607018708098
REQUEST		request_0	1607018708099	1607018708195	OK	 
USER	gatwai	END	1607018708196
USER	gatwai	START	1607018708301
REQUEST		request_0	1607018708302	1607018708406	OK	 
USER	gatwai	END	1607018708406
USER	gatwai	START	1607018708489
REQUEST		request_0	1607018708489	1607018708576	OK	 
USER	gatwai	END	1607018708577
USER	gatwai	START	1607018708692
REQUEST		request_0	1607018708692	1607018708778	OK	 
USER	gatwai	END	1607018708778
USER	gatwai	START	1607018708895
REQUEST		request_0	1607018708896	1607018708999	OK	 
USER	gatwai	END	1607018708999
USER	gatwai	START	1607018709091
REQUEST		request_0	1607018709091	1607018709188	OK	 
USER	gatwai	END	1607018709188
USER	gatwai	START	1607018709294
REQUEST		request_0	1607018709295	1607018709387	OK	 
USER	gatwai	END	1607018709388
USER	gatwai	START	1607018709498
REQUEST		request_0	1607018709499	1607018709602	OK	 
USER	gatwai	END	1607018709602
USER	gatwai	START	1607018709701
REQUEST		request_0	1607018709701	1607018709795	OK	 
USER	gatwai	END	1607018709795
USER	gatwai	START	1607018709904
REQUEST		request_0	1607018709904	1607018709989	OK	 
USER	gatwai	END	1607018709989
USER	gatwai	START	1607018710091
REQUEST		request_0	1607018710092	1607018710175	OK	 
USER	gatwai	END	1607018710176
USER	gatwai	START	1607018710295
REQUEST		request_0	1607018710295	1607018710399	OK	 
USER	gatwai	END	1607018710400
USER	gatwai	START	1607018710497
REQUEST		request_0	1607018710498	1607018710593	OK	 
USER	gatwai	END	1607018710594
USER	gatwai	START	1607018710701
REQUEST		request_0	1607018710701	1607018710793	OK	 
USER	gatwai	END	1607018710795
USER	gatwai	START	1607018710904
REQUEST		request_0	1607018710904	1607018710990	OK	 
USER	gatwai	END	1607018710991
USER	gatwai	START	1607018711091
REQUEST		request_0	1607018711092	1607018711189	OK	 
USER	gatwai	END	1607018711189
USER	gatwai	START	1607018711300
REQUEST		request_0	1607018711301	1607018711386	OK	 
USER	gatwai	END	1607018711386
USER	gatwai	START	1607018711503
REQUEST		request_0	1607018711503	1607018711595	OK	 
USER	gatwai	END	1607018711595
USER	gatwai	START	1607018711691
REQUEST		request_0	1607018711691	1607018711778	OK	 
USER	gatwai	END	1607018711778
USER	gatwai	START	1607018711894
REQUEST		request_0	1607018711894	1607018711982	OK	 
USER	gatwai	END	1607018711982
USER	gatwai	START	1607018712097
REQUEST		request_0	1607018712097	1607018712190	OK	 
USER	gatwai	END	1607018712190
USER	gatwai	START	1607018712300
REQUEST		request_0	1607018712300	1607018712399	OK	 
USER	gatwai	END	1607018712399
USER	gatwai	START	1607018712493
REQUEST		request_0	1607018712493	1607018712603	OK	 
USER	gatwai	END	1607018712603
USER	gatwai	START	1607018712696
REQUEST		request_0	1607018712696	1607018712789	OK	 
USER	gatwai	END	1607018712790
USER	gatwai	START	1607018712899
REQUEST		request_0	1607018712899	1607018712989	OK	 
USER	gatwai	END	1607018712990
USER	gatwai	START	1607018713102
REQUEST		request_0	1607018713103	1607018713201	OK	 
USER	gatwai	END	1607018713202
USER	gatwai	START	1607018713305
REQUEST		request_0	1607018713305	1607018713392	OK	 
USER	gatwai	END	1607018713393
USER	gatwai	START	1607018713493
REQUEST		request_0	1607018713493	1607018713594	OK	 
USER	gatwai	END	1607018713595
USER	gatwai	START	1607018713696
REQUEST		request_0	1607018713696	1607018713778	OK	 
USER	gatwai	END	1607018713778
USER	gatwai	START	1607018713899
REQUEST		request_0	1607018713899	1607018714005	OK	 
USER	gatwai	END	1607018714005
USER	gatwai	START	1607018714102
REQUEST		request_0	1607018714102	1607018714184	OK	 
USER	gatwai	END	1607018714185
USER	gatwai	START	1607018714293
REQUEST		request_0	1607018714294	1607018714391	OK	 
USER	gatwai	END	1607018714392
USER	gatwai	START	1607018714496
REQUEST		request_0	1607018714497	1607018714589	OK	 
USER	gatwai	END	1607018714589
USER	gatwai	START	1607018714700
REQUEST		request_0	1607018714700	1607018714806	OK	 
USER	gatwai	END	1607018714807
USER	gatwai	START	1607018714903
REQUEST		request_0	1607018714903	1607018714998	OK	 
USER	gatwai	END	1607018714999
USER	gatwai	START	1607018715090
REQUEST		request_0	1607018715091	1607018715173	OK	 
USER	gatwai	END	1607018715173
USER	gatwai	START	1607018715296
REQUEST		request_0	1607018715297	1607018715406	OK	 
USER	gatwai	END	1607018715407
USER	gatwai	START	1607018715499
REQUEST		request_0	1607018715500	1607018715592	OK	 
USER	gatwai	END	1607018715592
USER	gatwai	START	1607018715702
REQUEST		request_0	1607018715703	1607018715797	OK	 
USER	gatwai	END	1607018715798
USER	gatwai	START	1607018715890
REQUEST		request_0	1607018715890	1607018715972	OK	 
USER	gatwai	END	1607018715973
USER	gatwai	START	1607018716093
REQUEST		request_0	1607018716093	1607018716176	OK	 
USER	gatwai	END	1607018716177
USER	gatwai	START	1607018716300
REQUEST		request_0	1607018716301	1607018716403	OK	 
USER	gatwai	END	1607018716404
USER	gatwai	START	1607018716502
REQUEST		request_0	1607018716503	1607018716593	OK	 
USER	gatwai	END	1607018716593
USER	gatwai	START	1607018716691
REQUEST		request_0	1607018716691	1607018716783	OK	 
USER	gatwai	END	1607018716783
USER	gatwai	START	1607018716893
REQUEST		request_0	1607018716893	1607018716981	OK	 
USER	gatwai	END	1607018716981
USER	gatwai	START	1607018717096
REQUEST		request_0	1607018717097	1607018717195	OK	 
USER	gatwai	END	1607018717196
USER	gatwai	START	1607018717303
REQUEST		request_0	1607018717303	1607018717389	OK	 
USER	gatwai	END	1607018717389
USER	gatwai	START	1607018717493
REQUEST		request_0	1607018717493	1607018717590	OK	 
USER	gatwai	END	1607018717591
USER	gatwai	START	1607018717694
REQUEST		request_0	1607018717694	1607018717787	OK	 
USER	gatwai	END	1607018717787
USER	gatwai	START	1607018717897
REQUEST		request_0	1607018717897	1607018717983	OK	 
USER	gatwai	END	1607018717983
USER	gatwai	START	1607018718100
REQUEST		request_0	1607018718100	1607018718198	OK	 
USER	gatwai	END	1607018718198
USER	gatwai	START	1607018718303
REQUEST		request_0	1607018718303	1607018718389	OK	 
USER	gatwai	END	1607018718390
USER	gatwai	START	1607018718519
REQUEST		request_0	1607018718520	1607018718601	OK	 
USER	gatwai	END	1607018718602
USER	gatwai	START	1607018718695
REQUEST		request_0	1607018718695	1607018718783	OK	 
USER	gatwai	END	1607018718783
USER	gatwai	START	1607018718898
REQUEST		request_0	1607018718900	1607018719001	OK	 
USER	gatwai	END	1607018719003
USER	gatwai	START	1607018719101
REQUEST		request_0	1607018719101	1607018719189	OK	 
USER	gatwai	END	1607018719189
USER	gatwai	START	1607018719304
REQUEST		request_0	1607018719304	1607018719405	OK	 
USER	gatwai	END	1607018719405
USER	gatwai	START	1607018719491
REQUEST		request_0	1607018719491	1607018719581	OK	 
USER	gatwai	END	1607018719581
USER	gatwai	START	1607018719694
REQUEST		request_0	1607018719695	1607018719787	OK	 
USER	gatwai	END	1607018719787
USER	gatwai	START	1607018719898
REQUEST		request_0	1607018719898	1607018719990	OK	 
USER	gatwai	END	1607018719990
USER	gatwai	START	1607018720100
REQUEST		request_0	1607018720101	1607018720188	OK	 
USER	gatwai	END	1607018720189
USER	gatwai	START	1607018720304
REQUEST		request_0	1607018720304	1607018720388	OK	 
USER	gatwai	END	1607018720389
USER	gatwai	START	1607018720491
REQUEST		request_0	1607018720492	1607018720584	OK	 
USER	gatwai	END	1607018720585
USER	gatwai	START	1607018720694
REQUEST		request_0	1607018720695	1607018720793	OK	 
USER	gatwai	END	1607018720793
USER	gatwai	START	1607018720898
REQUEST		request_0	1607018720898	1607018720995	OK	 
USER	gatwai	END	1607018720996
USER	gatwai	START	1607018721101
REQUEST		request_0	1607018721101	1607018721183	OK	 
USER	gatwai	END	1607018721184
USER	gatwai	START	1607018721304
REQUEST		request_0	1607018721304	1607018721407	OK	 
USER	gatwai	END	1607018721407
USER	gatwai	START	1607018721491
REQUEST		request_0	1607018721492	1607018721578	OK	 
USER	gatwai	END	1607018721579
USER	gatwai	START	1607018721694
REQUEST		request_0	1607018721695	1607018721796	OK	 
USER	gatwai	END	1607018721796
USER	gatwai	START	1607018721898
REQUEST		request_0	1607018721898	1607018721989	OK	 
USER	gatwai	END	1607018721990
USER	gatwai	START	1607018722101
REQUEST		request_0	1607018722101	1607018722186	OK	 
USER	gatwai	END	1607018722187
USER	gatwai	START	1607018722289
REQUEST		request_0	1607018722289	1607018722393	OK	 
USER	gatwai	END	1607018722393
USER	gatwai	START	1607018722501
REQUEST		request_0	1607018722501	1607018722607	OK	 
USER	gatwai	END	1607018722607
USER	gatwai	START	1607018722704
REQUEST		request_0	1607018722705	1607018722805	OK	 
USER	gatwai	END	1607018722805
USER	gatwai	START	1607018722892
REQUEST		request_0	1607018722892	1607018722982	OK	 
USER	gatwai	END	1607018722983
USER	gatwai	START	1607018723095
REQUEST		request_0	1607018723095	1607018723187	OK	 
USER	gatwai	END	1607018723187
USER	gatwai	START	1607018723298
REQUEST		request_0	1607018723298	1607018723390	OK	 
USER	gatwai	END	1607018723391
USER	gatwai	START	1607018723501
REQUEST		request_0	1607018723501	1607018723592	OK	 
USER	gatwai	END	1607018723593
USER	gatwai	START	1607018723689
REQUEST		request_0	1607018723689	1607018723786	OK	 
USER	gatwai	END	1607018723786
USER	gatwai	START	1607018723892
REQUEST		request_0	1607018723893	1607018723978	OK	 
USER	gatwai	END	1607018723979
USER	gatwai	START	1607018724095
REQUEST		request_0	1607018724095	1607018724186	OK	 
USER	gatwai	END	1607018724186
USER	gatwai	START	1607018724298
REQUEST		request_0	1607018724299	1607018724399	OK	 
USER	gatwai	END	1607018724400
USER	gatwai	START	1607018724501
REQUEST		request_0	1607018724501	1607018724587	OK	 
USER	gatwai	END	1607018724587
USER	gatwai	START	1607018724690
REQUEST		request_0	1607018724690	1607018724793	OK	 
USER	gatwai	END	1607018724794
USER	gatwai	START	1607018724893
REQUEST		request_0	1607018724894	1607018724981	OK	 
USER	gatwai	END	1607018724982
USER	gatwai	START	1607018725096
REQUEST		request_0	1607018725097	1607018725184	OK	 
USER	gatwai	END	1607018725184
USER	gatwai	START	1607018725300
REQUEST		request_0	1607018725300	1607018725397	OK	 
USER	gatwai	END	1607018725397
USER	gatwai	START	1607018725502
REQUEST		request_0	1607018725503	1607018725595	OK	 
USER	gatwai	END	1607018725595
USER	gatwai	START	1607018725690
REQUEST		request_0	1607018725691	1607018725781	OK	 
USER	gatwai	END	1607018725781
USER	gatwai	START	1607018725893
REQUEST		request_0	1607018725893	1607018725981	OK	 
USER	gatwai	END	1607018725982
USER	gatwai	START	1607018726096
REQUEST		request_0	1607018726097	1607018726181	OK	 
USER	gatwai	END	1607018726182
USER	gatwai	START	1607018726299
REQUEST		request_0	1607018726300	1607018726396	OK	 
USER	gatwai	END	1607018726397
USER	gatwai	START	1607018726503
REQUEST		request_0	1607018726503	1607018726595	OK	 
USER	gatwai	END	1607018726596
USER	gatwai	START	1607018726690
REQUEST		request_0	1607018726691	1607018726784	OK	 
USER	gatwai	END	1607018726784
USER	gatwai	START	1607018726893
REQUEST		request_0	1607018726893	1607018726983	OK	 
USER	gatwai	END	1607018726984
USER	gatwai	START	1607018727096
REQUEST		request_0	1607018727097	1607018727195	OK	 
USER	gatwai	END	1607018727196
USER	gatwai	START	1607018727300
REQUEST		request_0	1607018727300	1607018727395	OK	 
USER	gatwai	END	1607018727396
USER	gatwai	START	1607018727503
REQUEST		request_0	1607018727503	1607018727590	OK	 
USER	gatwai	END	1607018727590
USER	gatwai	START	1607018727691
REQUEST		request_0	1607018727691	1607018727785	OK	 
USER	gatwai	END	1607018727786
USER	gatwai	START	1607018727894
REQUEST		request_0	1607018727895	1607018727979	OK	 
USER	gatwai	END	1607018727979
USER	gatwai	START	1607018728098
REQUEST		request_0	1607018728098	1607018728196	OK	 
USER	gatwai	END	1607018728197
USER	gatwai	START	1607018728301
REQUEST		request_0	1607018728301	1607018728391	OK	 
USER	gatwai	END	1607018728392
USER	gatwai	START	1607018728504
REQUEST		request_0	1607018728504	1607018728588	OK	 
USER	gatwai	END	1607018728589
USER	gatwai	START	1607018728696
REQUEST		request_0	1607018728696	1607018728785	OK	 
USER	gatwai	END	1607018728786
USER	gatwai	START	1607018728899
REQUEST		request_0	1607018728899	1607018729009	OK	 
USER	gatwai	END	1607018729009
USER	gatwai	START	1607018729102
REQUEST		request_0	1607018729102	1607018729193	OK	 
USER	gatwai	END	1607018729194
USER	gatwai	START	1607018729290
REQUEST		request_0	1607018729290	1607018729380	OK	 
USER	gatwai	END	1607018729380
USER	gatwai	START	1607018729493
REQUEST		request_0	1607018729493	1607018729592	OK	 
USER	gatwai	END	1607018729593
USER	gatwai	START	1607018729696
REQUEST		request_0	1607018729696	1607018729792	OK	 
USER	gatwai	END	1607018729792
USER	gatwai	START	1607018729899
REQUEST		request_0	1607018729900	1607018729999	OK	 
USER	gatwai	END	1607018729999
USER	gatwai	START	1607018730102
REQUEST		request_0	1607018730103	1607018730185	OK	 
USER	gatwai	END	1607018730186
USER	gatwai	START	1607018730290
REQUEST		request_0	1607018730290	1607018730386	OK	 
USER	gatwai	END	1607018730386
USER	gatwai	START	1607018730493
REQUEST		request_0	1607018730493	1607018730588	OK	 
USER	gatwai	END	1607018730588
USER	gatwai	START	1607018730713
REQUEST		request_0	1607018730713	1607018730814	OK	 
USER	gatwai	END	1607018730814
USER	gatwai	START	1607018730899
REQUEST		request_0	1607018730900	1607018730988	OK	 
USER	gatwai	END	1607018730988
USER	gatwai	START	1607018731102
REQUEST		request_0	1607018731103	1607018731197	OK	 
USER	gatwai	END	1607018731197
USER	gatwai	START	1607018731290
REQUEST		request_0	1607018731290	1607018731388	OK	 
USER	gatwai	END	1607018731389
USER	gatwai	START	1607018731493
REQUEST		request_0	1607018731493	1607018731586	OK	 
USER	gatwai	END	1607018731586
USER	gatwai	START	1607018731696
REQUEST		request_0	1607018731696	1607018731825	OK	 
USER	gatwai	END	1607018731826
USER	gatwai	START	1607018731891
REQUEST		request_0	1607018731891	1607018731973	OK	 
USER	gatwai	END	1607018731974
USER	gatwai	START	1607018732093
REQUEST		request_0	1607018732094	1607018732184	OK	 
USER	gatwai	END	1607018732185
USER	gatwai	START	1607018732297
REQUEST		request_0	1607018732297	1607018732386	OK	 
USER	gatwai	END	1607018732386
USER	gatwai	START	1607018732500
REQUEST		request_0	1607018732500	1607018732597	OK	 
USER	gatwai	END	1607018732597
USER	gatwai	START	1607018732703
REQUEST		request_0	1607018732703	1607018732794	OK	 
USER	gatwai	END	1607018732795
USER	gatwai	START	1607018732891
REQUEST		request_0	1607018732891	1607018732976	OK	 
USER	gatwai	END	1607018732977
USER	gatwai	START	1607018733094
REQUEST		request_0	1607018733095	1607018733190	OK	 
USER	gatwai	END	1607018733190
USER	gatwai	START	1607018733297
REQUEST		request_0	1607018733297	1607018733395	OK	 
USER	gatwai	END	1607018733396
USER	gatwai	START	1607018733501
REQUEST		request_0	1607018733501	1607018733585	OK	 
USER	gatwai	END	1607018733586
USER	gatwai	START	1607018733703
REQUEST		request_0	1607018733704	1607018733793	OK	 
USER	gatwai	END	1607018733794
USER	gatwai	START	1607018733891
REQUEST		request_0	1607018733891	1607018733995	OK	 
USER	gatwai	END	1607018733996
USER	gatwai	START	1607018734094
REQUEST		request_0	1607018734094	1607018734184	OK	 
USER	gatwai	END	1607018734184
USER	gatwai	START	1607018734297
REQUEST		request_0	1607018734298	1607018734400	OK	 
USER	gatwai	END	1607018734401
USER	gatwai	START	1607018734500
REQUEST		request_0	1607018734501	1607018734595	OK	 
USER	gatwai	END	1607018734595
USER	gatwai	START	1607018734704
REQUEST		request_0	1607018734704	1607018734806	OK	 
USER	gatwai	END	1607018734807
USER	gatwai	START	1607018734891
REQUEST		request_0	1607018734891	1607018735000	OK	 
USER	gatwai	END	1607018735001
USER	gatwai	START	1607018735102
REQUEST		request_0	1607018735103	1607018735203	OK	 
USER	gatwai	END	1607018735204
USER	gatwai	START	1607018735289
REQUEST		request_0	1607018735289	1607018735373	OK	 
USER	gatwai	END	1607018735374
USER	gatwai	START	1607018735499
REQUEST		request_0	1607018735500	1607018735593	OK	 
USER	gatwai	END	1607018735593
USER	gatwai	START	1607018735702
REQUEST		request_0	1607018735702	1607018735790	OK	 
USER	gatwai	END	1607018735791
USER	gatwai	START	1607018735889
REQUEST		request_0	1607018735890	1607018735973	OK	 
USER	gatwai	END	1607018735974
USER	gatwai	START	1607018736097
REQUEST		request_0	1607018736097	1607018736187	OK	 
USER	gatwai	END	1607018736187
USER	gatwai	START	1607018736300
REQUEST		request_0	1607018736300	1607018736389	OK	 
USER	gatwai	END	1607018736390
USER	gatwai	START	1607018736503
REQUEST		request_0	1607018736504	1607018736610	OK	 
USER	gatwai	END	1607018736611
