RUN	gatwai	gatwai	1607017739773	5pssecure3	3.4.1
USER	gatwai	START	1607017740505
REQUEST		request_0	1607017740527	1607017740666	OK	 
USER	gatwai	START	1607017740700
USER	gatwai	END	1607017740736
REQUEST		request_0	1607017740701	1607017740837	OK	 
USER	gatwai	END	1607017740838
USER	gatwai	START	1607017740900
REQUEST		request_0	1607017740900	1607017741030	OK	 
USER	gatwai	END	1607017741031
USER	gatwai	START	1607017741102
REQUEST		request_0	1607017741103	1607017741196	OK	 
USER	gatwai	END	1607017741197
USER	gatwai	START	1607017741298
REQUEST		request_0	1607017741298	1607017741407	OK	 
USER	gatwai	END	1607017741408
USER	gatwai	START	1607017741500
REQUEST		request_0	1607017741501	1607017741603	OK	 
USER	gatwai	END	1607017741605
USER	gatwai	START	1607017741704
REQUEST		request_0	1607017741704	1607017741808	OK	 
USER	gatwai	END	1607017741809
USER	gatwai	START	1607017741907
REQUEST		request_0	1607017741907	1607017741999	OK	 
USER	gatwai	END	1607017742000
USER	gatwai	START	1607017742110
REQUEST		request_0	1607017742111	1607017742207	OK	 
USER	gatwai	END	1607017742208
USER	gatwai	START	1607017742309
REQUEST		request_0	1607017742309	1607017742419	OK	 
USER	gatwai	END	1607017742420
USER	gatwai	START	1607017742496
REQUEST		request_0	1607017742497	1607017742588	OK	 
USER	gatwai	END	1607017742589
USER	gatwai	START	1607017742700
REQUEST		request_0	1607017742700	1607017742800	OK	 
USER	gatwai	END	1607017742801
USER	gatwai	START	1607017742903
REQUEST		request_0	1607017742903	1607017743003	OK	 
USER	gatwai	END	1607017743004
USER	gatwai	START	1607017743090
REQUEST		request_0	1607017743091	1607017743191	OK	 
USER	gatwai	END	1607017743192
USER	gatwai	START	1607017743293
REQUEST		request_0	1607017743294	1607017743398	OK	 
USER	gatwai	END	1607017743399
USER	gatwai	START	1607017743496
REQUEST		request_0	1607017743496	1607017743585	OK	 
USER	gatwai	END	1607017743586
USER	gatwai	START	1607017743699
REQUEST		request_0	1607017743700	1607017743804	OK	 
USER	gatwai	END	1607017743804
USER	gatwai	START	1607017743903
REQUEST		request_0	1607017743904	1607017743998	OK	 
USER	gatwai	END	1607017743999
USER	gatwai	START	1607017744092
REQUEST		request_0	1607017744093	1607017744206	OK	 
USER	gatwai	END	1607017744207
USER	gatwai	START	1607017744296
REQUEST		request_0	1607017744296	1607017744391	OK	 
USER	gatwai	END	1607017744392
USER	gatwai	START	1607017744499
REQUEST		request_0	1607017744499	1607017744590	OK	 
USER	gatwai	END	1607017744591
USER	gatwai	START	1607017744702
REQUEST		request_0	1607017744702	1607017744792	OK	 
USER	gatwai	END	1607017744793
USER	gatwai	START	1607017744889
REQUEST		request_0	1607017744890	1607017745003	OK	 
USER	gatwai	END	1607017745004
USER	gatwai	START	1607017745092
REQUEST		request_0	1607017745092	1607017745185	OK	 
USER	gatwai	END	1607017745185
USER	gatwai	START	1607017745295
REQUEST		request_0	1607017745296	1607017745397	OK	 
USER	gatwai	END	1607017745398
USER	gatwai	START	1607017745488
REQUEST		request_0	1607017745489	1607017745589	OK	 
USER	gatwai	END	1607017745590
USER	gatwai	START	1607017745695
REQUEST		request_0	1607017745695	1607017745792	OK	 
USER	gatwai	END	1607017745793
USER	gatwai	START	1607017745898
REQUEST		request_0	1607017745898	1607017745989	OK	 
USER	gatwai	END	1607017745990
USER	gatwai	START	1607017746101
REQUEST		request_0	1607017746102	1607017746203	OK	 
USER	gatwai	END	1607017746204
USER	gatwai	START	1607017746288
REQUEST		request_0	1607017746289	1607017746385	OK	 
USER	gatwai	END	1607017746385
USER	gatwai	START	1607017746502
REQUEST		request_0	1607017746503	1607017746602	OK	 
USER	gatwai	END	1607017746603
USER	gatwai	START	1607017746691
REQUEST		request_0	1607017746692	1607017746804	OK	 
USER	gatwai	END	1607017746805
USER	gatwai	START	1607017746893
REQUEST		request_0	1607017746893	1607017746985	OK	 
USER	gatwai	END	1607017746985
USER	gatwai	START	1607017747096
REQUEST		request_0	1607017747096	1607017747201	OK	 
USER	gatwai	END	1607017747201
USER	gatwai	START	1607017747299
REQUEST		request_0	1607017747299	1607017747400	OK	 
USER	gatwai	END	1607017747401
USER	gatwai	START	1607017747501
REQUEST		request_0	1607017747501	1607017747600	OK	 
USER	gatwai	END	1607017747601
USER	gatwai	START	1607017747688
REQUEST		request_0	1607017747688	1607017747778	OK	 
USER	gatwai	END	1607017747779
USER	gatwai	START	1607017747891
REQUEST		request_0	1607017747891	1607017747995	OK	 
USER	gatwai	END	1607017747996
USER	gatwai	START	1607017748094
REQUEST		request_0	1607017748094	1607017748195	OK	 
USER	gatwai	END	1607017748196
USER	gatwai	START	1607017748297
REQUEST		request_0	1607017748298	1607017748412	OK	 
USER	gatwai	END	1607017748413
USER	gatwai	START	1607017748499
REQUEST		request_0	1607017748499	1607017748595	OK	 
USER	gatwai	END	1607017748596
USER	gatwai	START	1607017748701
REQUEST		request_0	1607017748702	1607017748797	OK	 
USER	gatwai	END	1607017748798
USER	gatwai	START	1607017748889
REQUEST		request_0	1607017748889	1607017749011	OK	 
USER	gatwai	END	1607017749012
USER	gatwai	START	1607017749092
REQUEST		request_0	1607017749093	1607017749184	OK	 
USER	gatwai	END	1607017749185
USER	gatwai	START	1607017749295
REQUEST		request_0	1607017749296	1607017749395	OK	 
USER	gatwai	END	1607017749396
USER	gatwai	START	1607017749499
REQUEST		request_0	1607017749499	1607017749604	OK	 
USER	gatwai	END	1607017749605
USER	gatwai	START	1607017749702
REQUEST		request_0	1607017749703	1607017749810	OK	 
USER	gatwai	END	1607017749811
USER	gatwai	START	1607017749889
REQUEST		request_0	1607017749890	1607017749984	OK	 
USER	gatwai	END	1607017749985
USER	gatwai	START	1607017750094
REQUEST		request_0	1607017750094	1607017750189	OK	 
USER	gatwai	END	1607017750190
USER	gatwai	START	1607017750297
REQUEST		request_0	1607017750297	1607017750389	OK	 
USER	gatwai	END	1607017750391
USER	gatwai	START	1607017750500
REQUEST		request_0	1607017750501	1607017750601	OK	 
USER	gatwai	END	1607017750602
USER	gatwai	START	1607017750688
REQUEST		request_0	1607017750688	1607017750779	OK	 
USER	gatwai	END	1607017750780
USER	gatwai	START	1607017750891
REQUEST		request_0	1607017750891	1607017750983	OK	 
USER	gatwai	END	1607017750983
USER	gatwai	START	1607017751094
REQUEST		request_0	1607017751094	1607017751197	OK	 
USER	gatwai	END	1607017751197
USER	gatwai	START	1607017751298
REQUEST		request_0	1607017751298	1607017751399	OK	 
USER	gatwai	END	1607017751400
USER	gatwai	START	1607017751500
REQUEST		request_0	1607017751501	1607017751590	OK	 
USER	gatwai	END	1607017751591
USER	gatwai	START	1607017751695
REQUEST		request_0	1607017751696	1607017751808	OK	 
USER	gatwai	END	1607017751809
USER	gatwai	START	1607017751895
REQUEST		request_0	1607017751896	1607017751991	OK	 
USER	gatwai	END	1607017751992
USER	gatwai	START	1607017752099
REQUEST		request_0	1607017752099	1607017752188	OK	 
USER	gatwai	END	1607017752189
USER	gatwai	START	1607017752302
REQUEST		request_0	1607017752302	1607017752396	OK	 
USER	gatwai	END	1607017752397
USER	gatwai	START	1607017752490
REQUEST		request_0	1607017752490	1607017752586	OK	 
USER	gatwai	END	1607017752587
USER	gatwai	START	1607017752703
REQUEST		request_0	1607017752704	1607017752796	OK	 
USER	gatwai	END	1607017752796
USER	gatwai	START	1607017752891
REQUEST		request_0	1607017752891	1607017752982	OK	 
USER	gatwai	END	1607017752983
USER	gatwai	START	1607017753094
REQUEST		request_0	1607017753094	1607017753185	OK	 
USER	gatwai	END	1607017753186
USER	gatwai	START	1607017753297
REQUEST		request_0	1607017753297	1607017753394	OK	 
USER	gatwai	END	1607017753395
USER	gatwai	START	1607017753500
REQUEST		request_0	1607017753501	1607017753603	OK	 
USER	gatwai	END	1607017753604
USER	gatwai	START	1607017753703
REQUEST		request_0	1607017753704	1607017753806	OK	 
USER	gatwai	END	1607017753807
USER	gatwai	START	1607017753890
REQUEST		request_0	1607017753890	1607017753978	OK	 
USER	gatwai	END	1607017753978
USER	gatwai	START	1607017754094
REQUEST		request_0	1607017754094	1607017754199	OK	 
USER	gatwai	END	1607017754199
USER	gatwai	START	1607017754296
REQUEST		request_0	1607017754297	1607017754402	OK	 
USER	gatwai	END	1607017754403
USER	gatwai	START	1607017754498
REQUEST		request_0	1607017754499	1607017754618	OK	 
USER	gatwai	END	1607017754619
USER	gatwai	START	1607017754702
REQUEST		request_0	1607017754702	1607017754794	OK	 
USER	gatwai	END	1607017754795
USER	gatwai	START	1607017754890
REQUEST		request_0	1607017754890	1607017754983	OK	 
USER	gatwai	END	1607017754984
USER	gatwai	START	1607017755093
REQUEST		request_0	1607017755093	1607017755191	OK	 
USER	gatwai	END	1607017755192
USER	gatwai	START	1607017755296
REQUEST		request_0	1607017755297	1607017755385	OK	 
USER	gatwai	END	1607017755385
USER	gatwai	START	1607017755499
REQUEST		request_0	1607017755500	1607017755599	OK	 
USER	gatwai	END	1607017755600
USER	gatwai	START	1607017755702
REQUEST		request_0	1607017755702	1607017755834	OK	 
USER	gatwai	END	1607017755835
USER	gatwai	START	1607017755896
USER	gatwai	START	1607017756092
REQUEST		request_0	1607017755896	1607017756217	OK	 
USER	gatwai	END	1607017756217
USER	gatwai	START	1607017756317
REQUEST		request_0	1607017756093	1607017756335	OK	 
USER	gatwai	END	1607017756336
USER	gatwai	START	1607017756494
REQUEST		request_0	1607017756318	1607017756505	OK	 
USER	gatwai	END	1607017756506
USER	gatwai	START	1607017756700
REQUEST		request_0	1607017756494	1607017756724	OK	 
USER	gatwai	END	1607017756725
REQUEST		request_0	1607017756700	1607017756872	OK	 
USER	gatwai	END	1607017756874
USER	gatwai	START	1607017756889
REQUEST		request_0	1607017756890	1607017757017	OK	 
USER	gatwai	END	1607017757018
USER	gatwai	START	1607017757095
REQUEST		request_0	1607017757095	1607017757252	OK	 
USER	gatwai	END	1607017757252
USER	gatwai	START	1607017757302
REQUEST		request_0	1607017757302	1607017757438	OK	 
USER	gatwai	END	1607017757439
USER	gatwai	START	1607017757503
REQUEST		request_0	1607017757503	1607017757661	OK	 
USER	gatwai	END	1607017757662
USER	gatwai	START	1607017757692
REQUEST		request_0	1607017757693	1607017757818	OK	 
USER	gatwai	END	1607017757819
USER	gatwai	START	1607017757894
REQUEST		request_0	1607017757894	1607017758015	OK	 
USER	gatwai	END	1607017758016
USER	gatwai	START	1607017758098
REQUEST		request_0	1607017758099	1607017758230	OK	 
USER	gatwai	END	1607017758231
USER	gatwai	START	1607017758287
REQUEST		request_0	1607017758287	1607017758381	OK	 
USER	gatwai	END	1607017758382
USER	gatwai	START	1607017758495
REQUEST		request_0	1607017758495	1607017758588	OK	 
USER	gatwai	END	1607017758589
USER	gatwai	START	1607017758697
REQUEST		request_0	1607017758698	1607017758795	OK	 
USER	gatwai	END	1607017758796
USER	gatwai	START	1607017758901
REQUEST		request_0	1607017758901	1607017758999	OK	 
USER	gatwai	END	1607017759000
USER	gatwai	START	1607017759093
REQUEST		request_0	1607017759094	1607017759186	OK	 
USER	gatwai	END	1607017759187
USER	gatwai	START	1607017759296
REQUEST		request_0	1607017759297	1607017759393	OK	 
USER	gatwai	END	1607017759394
USER	gatwai	START	1607017759488
REQUEST		request_0	1607017759488	1607017759588	OK	 
USER	gatwai	END	1607017759588
USER	gatwai	START	1607017759691
REQUEST		request_0	1607017759691	1607017759789	OK	 
USER	gatwai	END	1607017759790
USER	gatwai	START	1607017759894
REQUEST		request_0	1607017759894	1607017759984	OK	 
USER	gatwai	END	1607017759985
USER	gatwai	START	1607017760101
REQUEST		request_0	1607017760102	1607017760206	OK	 
USER	gatwai	END	1607017760207
USER	gatwai	START	1607017760300
REQUEST		request_0	1607017760301	1607017760397	OK	 
USER	gatwai	END	1607017760397
USER	gatwai	START	1607017760488
REQUEST		request_0	1607017760488	1607017760590	OK	 
USER	gatwai	END	1607017760591
USER	gatwai	START	1607017760691
REQUEST		request_0	1607017760692	1607017760795	OK	 
USER	gatwai	END	1607017760796
USER	gatwai	START	1607017760895
REQUEST		request_0	1607017760895	1607017760998	OK	 
USER	gatwai	END	1607017760999
USER	gatwai	START	1607017761101
REQUEST		request_0	1607017761102	1607017761213	OK	 
USER	gatwai	END	1607017761213
USER	gatwai	START	1607017761293
REQUEST		request_0	1607017761293	1607017761392	OK	 
USER	gatwai	END	1607017761393
USER	gatwai	START	1607017761498
REQUEST		request_0	1607017761499	1607017761596	OK	 
USER	gatwai	END	1607017761597
USER	gatwai	START	1607017761702
REQUEST		request_0	1607017761703	1607017761816	OK	 
USER	gatwai	END	1607017761817
USER	gatwai	START	1607017761892
REQUEST		request_0	1607017761893	1607017761989	OK	 
USER	gatwai	END	1607017761990
USER	gatwai	START	1607017762095
REQUEST		request_0	1607017762096	1607017762197	OK	 
USER	gatwai	END	1607017762197
USER	gatwai	START	1607017762299
REQUEST		request_0	1607017762299	1607017762392	OK	 
USER	gatwai	END	1607017762392
USER	gatwai	START	1607017762500
REQUEST		request_0	1607017762500	1607017762589	OK	 
USER	gatwai	END	1607017762590
USER	gatwai	START	1607017762687
REQUEST		request_0	1607017762688	1607017762782	OK	 
USER	gatwai	END	1607017762782
USER	gatwai	START	1607017762891
REQUEST		request_0	1607017762891	1607017762987	OK	 
USER	gatwai	END	1607017762988
USER	gatwai	START	1607017763097
REQUEST		request_0	1607017763097	1607017763196	OK	 
USER	gatwai	END	1607017763197
USER	gatwai	START	1607017763288
REQUEST		request_0	1607017763289	1607017763395	OK	 
USER	gatwai	END	1607017763396
USER	gatwai	START	1607017763492
REQUEST		request_0	1607017763492	1607017763590	OK	 
USER	gatwai	END	1607017763590
USER	gatwai	START	1607017763694
REQUEST		request_0	1607017763695	1607017763786	OK	 
USER	gatwai	END	1607017763787
USER	gatwai	START	1607017763898
REQUEST		request_0	1607017763898	1607017763992	OK	 
USER	gatwai	END	1607017763993
USER	gatwai	START	1607017764101
REQUEST		request_0	1607017764101	1607017764198	OK	 
USER	gatwai	END	1607017764199
USER	gatwai	START	1607017764288
REQUEST		request_0	1607017764289	1607017764390	OK	 
USER	gatwai	END	1607017764390
USER	gatwai	START	1607017764491
REQUEST		request_0	1607017764492	1607017764596	OK	 
USER	gatwai	END	1607017764597
USER	gatwai	START	1607017764694
REQUEST		request_0	1607017764695	1607017764785	OK	 
USER	gatwai	END	1607017764786
USER	gatwai	START	1607017764898
REQUEST		request_0	1607017764898	1607017764992	OK	 
USER	gatwai	END	1607017764993
USER	gatwai	START	1607017765101
REQUEST		request_0	1607017765102	1607017765200	OK	 
USER	gatwai	END	1607017765201
USER	gatwai	START	1607017765288
REQUEST		request_0	1607017765289	1607017765383	OK	 
USER	gatwai	END	1607017765384
USER	gatwai	START	1607017765492
REQUEST		request_0	1607017765492	1607017765598	OK	 
USER	gatwai	END	1607017765599
USER	gatwai	START	1607017765693
REQUEST		request_0	1607017765693	1607017765783	OK	 
USER	gatwai	END	1607017765784
USER	gatwai	START	1607017765896
REQUEST		request_0	1607017765897	1607017765995	OK	 
USER	gatwai	END	1607017765996
USER	gatwai	START	1607017766099
REQUEST		request_0	1607017766099	1607017766197	OK	 
USER	gatwai	END	1607017766198
USER	gatwai	START	1607017766298
REQUEST		request_0	1607017766299	1607017766397	OK	 
USER	gatwai	END	1607017766398
USER	gatwai	START	1607017766502
REQUEST		request_0	1607017766502	1607017766599	OK	 
USER	gatwai	END	1607017766600
USER	gatwai	START	1607017766688
REQUEST		request_0	1607017766689	1607017766786	OK	 
USER	gatwai	END	1607017766787
USER	gatwai	START	1607017766891
REQUEST		request_0	1607017766892	1607017766992	OK	 
USER	gatwai	END	1607017766992
USER	gatwai	START	1607017767098
REQUEST		request_0	1607017767099	1607017767218	OK	 
USER	gatwai	END	1607017767219
USER	gatwai	START	1607017767293
REQUEST		request_0	1607017767294	1607017767417	OK	 
USER	gatwai	END	1607017767418
USER	gatwai	START	1607017767492
REQUEST		request_0	1607017767492	1607017767619	OK	 
USER	gatwai	END	1607017767619
USER	gatwai	START	1607017767693
REQUEST		request_0	1607017767694	1607017767787	OK	 
USER	gatwai	END	1607017767788
USER	gatwai	START	1607017767901
REQUEST		request_0	1607017767901	1607017768013	OK	 
USER	gatwai	END	1607017768014
USER	gatwai	START	1607017768092
REQUEST		request_0	1607017768092	1607017768195	OK	 
USER	gatwai	END	1607017768197
USER	gatwai	START	1607017768290
REQUEST		request_0	1607017768291	1607017768389	OK	 
USER	gatwai	END	1607017768389
USER	gatwai	START	1607017768502
REQUEST		request_0	1607017768502	1607017768614	OK	 
USER	gatwai	END	1607017768615
USER	gatwai	START	1607017768687
REQUEST		request_0	1607017768687	1607017768819	OK	 
USER	gatwai	END	1607017768819
USER	gatwai	START	1607017768890
REQUEST		request_0	1607017768892	1607017769049	OK	 
USER	gatwai	END	1607017769050
USER	gatwai	START	1607017769092
REQUEST		request_0	1607017769092	1607017769254	OK	 
USER	gatwai	END	1607017769254
USER	gatwai	START	1607017769295
REQUEST		request_0	1607017769295	1607017769409	OK	 
USER	gatwai	END	1607017769410
USER	gatwai	START	1607017769497
REQUEST		request_0	1607017769497	1607017769605	OK	 
USER	gatwai	END	1607017769606
USER	gatwai	START	1607017769697
REQUEST		request_0	1607017769697	1607017769806	OK	 
USER	gatwai	END	1607017769807
USER	gatwai	START	1607017769898
REQUEST		request_0	1607017769899	1607017769989	OK	 
USER	gatwai	END	1607017769990
USER	gatwai	START	1607017770099
REQUEST		request_0	1607017770099	1607017770211	OK	 
USER	gatwai	END	1607017770211
USER	gatwai	START	1607017770302
REQUEST		request_0	1607017770302	1607017770396	OK	 
USER	gatwai	END	1607017770397
USER	gatwai	START	1607017770498
REQUEST		request_0	1607017770498	1607017770593	OK	 
USER	gatwai	END	1607017770594
USER	gatwai	START	1607017770695
REQUEST		request_0	1607017770695	1607017770799	OK	 
USER	gatwai	END	1607017770799
USER	gatwai	START	1607017770897
REQUEST		request_0	1607017770898	1607017770992	OK	 
USER	gatwai	END	1607017770993
USER	gatwai	START	1607017771101
REQUEST		request_0	1607017771102	1607017771203	OK	 
USER	gatwai	END	1607017771204
USER	gatwai	START	1607017771288
REQUEST		request_0	1607017771289	1607017771387	OK	 
USER	gatwai	END	1607017771388
USER	gatwai	START	1607017771492
REQUEST		request_0	1607017771492	1607017771587	OK	 
USER	gatwai	END	1607017771588
USER	gatwai	START	1607017771697
REQUEST		request_0	1607017771697	1607017771793	OK	 
USER	gatwai	END	1607017771794
USER	gatwai	START	1607017771900
REQUEST		request_0	1607017771900	1607017772005	OK	 
USER	gatwai	END	1607017772006
USER	gatwai	START	1607017772095
REQUEST		request_0	1607017772095	1607017772213	OK	 
USER	gatwai	END	1607017772214
USER	gatwai	START	1607017772298
REQUEST		request_0	1607017772298	1607017772412	OK	 
USER	gatwai	END	1607017772413
USER	gatwai	START	1607017772498
REQUEST		request_0	1607017772499	1607017772599	OK	 
USER	gatwai	END	1607017772600
USER	gatwai	START	1607017772707
REQUEST		request_0	1607017772709	1607017772818	OK	 
USER	gatwai	END	1607017772819
USER	gatwai	START	1607017772898
REQUEST		request_0	1607017772899	1607017773015	OK	 
USER	gatwai	END	1607017773015
USER	gatwai	START	1607017773104
REQUEST		request_0	1607017773105	1607017773197	OK	 
USER	gatwai	END	1607017773197
USER	gatwai	START	1607017773288
REQUEST		request_0	1607017773289	1607017773380	OK	 
USER	gatwai	END	1607017773380
USER	gatwai	START	1607017773492
REQUEST		request_0	1607017773493	1607017773615	OK	 
USER	gatwai	END	1607017773615
USER	gatwai	START	1607017773695
REQUEST		request_0	1607017773696	1607017773843	OK	 
USER	gatwai	END	1607017773844
USER	gatwai	START	1607017773890
REQUEST		request_0	1607017773890	1607017774032	OK	 
USER	gatwai	END	1607017774033
USER	gatwai	START	1607017774090
REQUEST		request_0	1607017774090	1607017774208	OK	 
USER	gatwai	END	1607017774209
USER	gatwai	START	1607017774294
REQUEST		request_0	1607017774298	1607017774406	OK	 
USER	gatwai	END	1607017774407
USER	gatwai	START	1607017774498
REQUEST		request_0	1607017774498	1607017774595	OK	 
USER	gatwai	END	1607017774596
USER	gatwai	START	1607017774702
REQUEST		request_0	1607017774703	1607017774810	OK	 
USER	gatwai	END	1607017774810
USER	gatwai	START	1607017774889
REQUEST		request_0	1607017774889	1607017774986	OK	 
USER	gatwai	END	1607017774987
USER	gatwai	START	1607017775093
REQUEST		request_0	1607017775093	1607017775189	OK	 
USER	gatwai	END	1607017775190
USER	gatwai	START	1607017775287
REQUEST		request_0	1607017775287	1607017775395	OK	 
USER	gatwai	END	1607017775396
USER	gatwai	START	1607017775490
REQUEST		request_0	1607017775490	1607017775579	OK	 
USER	gatwai	END	1607017775580
USER	gatwai	START	1607017775695
REQUEST		request_0	1607017775695	1607017775797	OK	 
USER	gatwai	END	1607017775798
USER	gatwai	START	1607017775898
REQUEST		request_0	1607017775898	1607017775999	OK	 
USER	gatwai	END	1607017776000
USER	gatwai	START	1607017776101
REQUEST		request_0	1607017776102	1607017776192	OK	 
USER	gatwai	END	1607017776192
USER	gatwai	START	1607017776290
REQUEST		request_0	1607017776291	1607017776391	OK	 
USER	gatwai	END	1607017776392
USER	gatwai	START	1607017776503
REQUEST		request_0	1607017776503	1607017776622	OK	 
USER	gatwai	END	1607017776623
USER	gatwai	START	1607017776698
REQUEST		request_0	1607017776698	1607017776800	OK	 
USER	gatwai	END	1607017776800
USER	gatwai	START	1607017776902
REQUEST		request_0	1607017776903	1607017777027	OK	 
USER	gatwai	END	1607017777028
USER	gatwai	START	1607017777091
REQUEST		request_0	1607017777091	1607017777190	OK	 
USER	gatwai	END	1607017777190
USER	gatwai	START	1607017777301
REQUEST		request_0	1607017777302	1607017777399	OK	 
USER	gatwai	END	1607017777400
USER	gatwai	START	1607017777495
REQUEST		request_0	1607017777495	1607017777588	OK	 
USER	gatwai	END	1607017777589
USER	gatwai	START	1607017777702
REQUEST		request_0	1607017777702	1607017777792	OK	 
USER	gatwai	END	1607017777792
USER	gatwai	START	1607017777889
REQUEST		request_0	1607017777890	1607017777996	OK	 
USER	gatwai	END	1607017777996
USER	gatwai	START	1607017778092
REQUEST		request_0	1607017778093	1607017778187	OK	 
USER	gatwai	END	1607017778188
USER	gatwai	START	1607017778309
REQUEST		request_0	1607017778310	1607017778407	OK	 
USER	gatwai	END	1607017778408
USER	gatwai	START	1607017778499
REQUEST		request_0	1607017778499	1607017778593	OK	 
USER	gatwai	END	1607017778594
USER	gatwai	START	1607017778692
REQUEST		request_0	1607017778693	1607017778782	OK	 
USER	gatwai	END	1607017778782
USER	gatwai	START	1607017778899
REQUEST		request_0	1607017778899	1607017779008	OK	 
USER	gatwai	END	1607017779008
USER	gatwai	START	1607017779091
REQUEST		request_0	1607017779092	1607017779191	OK	 
USER	gatwai	END	1607017779192
USER	gatwai	START	1607017779288
REQUEST		request_0	1607017779288	1607017779382	OK	 
USER	gatwai	END	1607017779382
USER	gatwai	START	1607017779492
REQUEST		request_0	1607017779492	1607017779600	OK	 
USER	gatwai	END	1607017779601
USER	gatwai	START	1607017779695
REQUEST		request_0	1607017779695	1607017779795	OK	 
USER	gatwai	END	1607017779796
USER	gatwai	START	1607017779896
REQUEST		request_0	1607017779896	1607017779993	OK	 
USER	gatwai	END	1607017779994
USER	gatwai	START	1607017780104
REQUEST		request_0	1607017780104	1607017780213	OK	 
USER	gatwai	END	1607017780214
USER	gatwai	START	1607017780292
REQUEST		request_0	1607017780292	1607017780383	OK	 
USER	gatwai	END	1607017780384
USER	gatwai	START	1607017780495
REQUEST		request_0	1607017780495	1607017780609	OK	 
USER	gatwai	END	1607017780610
USER	gatwai	START	1607017780698
REQUEST		request_0	1607017780698	1607017780806	OK	 
USER	gatwai	END	1607017780807
USER	gatwai	START	1607017780887
REQUEST		request_0	1607017780887	1607017780980	OK	 
USER	gatwai	END	1607017780981
USER	gatwai	START	1607017781090
REQUEST		request_0	1607017781090	1607017781188	OK	 
USER	gatwai	END	1607017781188
USER	gatwai	START	1607017781293
REQUEST		request_0	1607017781294	1607017781392	OK	 
USER	gatwai	END	1607017781393
USER	gatwai	START	1607017781498
USER	gatwai	START	1607017781694
REQUEST		request_0	1607017781498	1607017781720	OK	 
USER	gatwai	END	1607017781720
REQUEST		request_0	1607017781694	1607017781861	OK	 
USER	gatwai	END	1607017781862
USER	gatwai	START	1607017781899
REQUEST		request_0	1607017781899	1607017782024	OK	 
USER	gatwai	END	1607017782025
USER	gatwai	START	1607017782088
REQUEST		request_0	1607017782088	1607017782221	OK	 
USER	gatwai	END	1607017782222
USER	gatwai	START	1607017782292
REQUEST		request_0	1607017782292	1607017782404	OK	 
USER	gatwai	END	1607017782405
USER	gatwai	START	1607017782493
REQUEST		request_0	1607017782494	1607017782649	OK	 
USER	gatwai	END	1607017782651
USER	gatwai	START	1607017782699
REQUEST		request_0	1607017782699	1607017782840	OK	 
USER	gatwai	END	1607017782841
USER	gatwai	START	1607017782901
REQUEST		request_0	1607017782901	1607017783080	OK	 
USER	gatwai	END	1607017783082
USER	gatwai	START	1607017783087
REQUEST		request_0	1607017783088	1607017783203	OK	 
USER	gatwai	END	1607017783203
USER	gatwai	START	1607017783293
REQUEST		request_0	1607017783294	1607017783431	OK	 
USER	gatwai	END	1607017783432
USER	gatwai	START	1607017783506
REQUEST		request_0	1607017783507	1607017783601	OK	 
USER	gatwai	END	1607017783602
USER	gatwai	START	1607017783692
REQUEST		request_0	1607017783692	1607017783791	OK	 
USER	gatwai	END	1607017783792
USER	gatwai	START	1607017783903
REQUEST		request_0	1607017783903	1607017783993	OK	 
USER	gatwai	END	1607017783994
USER	gatwai	START	1607017784091
REQUEST		request_0	1607017784091	1607017784184	OK	 
USER	gatwai	END	1607017784187
USER	gatwai	START	1607017784294
REQUEST		request_0	1607017784294	1607017784392	OK	 
USER	gatwai	END	1607017784393
USER	gatwai	START	1607017784494
REQUEST		request_0	1607017784494	1607017784597	OK	 
USER	gatwai	END	1607017784598
USER	gatwai	START	1607017784699
REQUEST		request_0	1607017784700	1607017784787	OK	 
USER	gatwai	END	1607017784788
USER	gatwai	START	1607017784888
REQUEST		request_0	1607017784888	1607017785010	OK	 
USER	gatwai	END	1607017785010
USER	gatwai	START	1607017785093
REQUEST		request_0	1607017785094	1607017785223	OK	 
USER	gatwai	END	1607017785224
USER	gatwai	START	1607017785297
REQUEST		request_0	1607017785297	1607017785397	OK	 
USER	gatwai	END	1607017785397
USER	gatwai	START	1607017785501
REQUEST		request_0	1607017785501	1607017785612	OK	 
USER	gatwai	END	1607017785612
USER	gatwai	START	1607017785696
REQUEST		request_0	1607017785696	1607017785792	OK	 
USER	gatwai	END	1607017785793
USER	gatwai	START	1607017785893
REQUEST		request_0	1607017785893	1607017785991	OK	 
USER	gatwai	END	1607017785992
USER	gatwai	START	1607017786095
REQUEST		request_0	1607017786096	1607017786221	OK	 
USER	gatwai	END	1607017786222
USER	gatwai	START	1607017786302
REQUEST		request_0	1607017786303	1607017786413	OK	 
USER	gatwai	END	1607017786414
USER	gatwai	START	1607017786492
REQUEST		request_0	1607017786493	1607017786605	OK	 
USER	gatwai	END	1607017786606
USER	gatwai	START	1607017786700
REQUEST		request_0	1607017786701	1607017786824	OK	 
USER	gatwai	END	1607017786824
USER	gatwai	START	1607017786901
REQUEST		request_0	1607017786902	1607017787045	OK	 
USER	gatwai	END	1607017787046
USER	gatwai	START	1607017787088
REQUEST		request_0	1607017787089	1607017787216	OK	 
USER	gatwai	END	1607017787216
USER	gatwai	START	1607017787300
REQUEST		request_0	1607017787301	1607017787420	OK	 
USER	gatwai	END	1607017787421
USER	gatwai	START	1607017787487
REQUEST		request_0	1607017787487	1607017787578	OK	 
USER	gatwai	END	1607017787579
USER	gatwai	START	1607017787687
REQUEST		request_0	1607017787687	1607017787789	OK	 
USER	gatwai	END	1607017787790
USER	gatwai	START	1607017787889
REQUEST		request_0	1607017787889	1607017787982	OK	 
USER	gatwai	END	1607017787983
USER	gatwai	START	1607017788091
REQUEST		request_0	1607017788091	1607017788202	OK	 
USER	gatwai	END	1607017788203
USER	gatwai	START	1607017788294
REQUEST		request_0	1607017788295	1607017788409	OK	 
USER	gatwai	END	1607017788410
USER	gatwai	START	1607017788497
REQUEST		request_0	1607017788498	1607017788591	OK	 
USER	gatwai	END	1607017788592
USER	gatwai	START	1607017788689
REQUEST		request_0	1607017788690	1607017788788	OK	 
USER	gatwai	END	1607017788788
USER	gatwai	START	1607017788901
REQUEST		request_0	1607017788902	1607017789011	OK	 
USER	gatwai	END	1607017789012
USER	gatwai	START	1607017789099
REQUEST		request_0	1607017789100	1607017789189	OK	 
USER	gatwai	END	1607017789189
USER	gatwai	START	1607017789302
REQUEST		request_0	1607017789302	1607017789404	OK	 
USER	gatwai	END	1607017789405
USER	gatwai	START	1607017789488
REQUEST		request_0	1607017789489	1607017789582	OK	 
USER	gatwai	END	1607017789583
USER	gatwai	START	1607017789692
REQUEST		request_0	1607017789692	1607017789793	OK	 
USER	gatwai	END	1607017789793
USER	gatwai	START	1607017789898
REQUEST		request_0	1607017789898	1607017789989	OK	 
USER	gatwai	END	1607017789990
USER	gatwai	START	1607017790088
REQUEST		request_0	1607017790089	1607017790193	OK	 
USER	gatwai	END	1607017790194
USER	gatwai	START	1607017790292
REQUEST		request_0	1607017790292	1607017790397	OK	 
USER	gatwai	END	1607017790397
USER	gatwai	START	1607017790495
REQUEST		request_0	1607017790495	1607017790596	OK	 
USER	gatwai	END	1607017790597
USER	gatwai	START	1607017790698
REQUEST		request_0	1607017790698	1607017790808	OK	 
USER	gatwai	END	1607017790809
USER	gatwai	START	1607017790901
REQUEST		request_0	1607017790901	1607017790995	OK	 
USER	gatwai	END	1607017790995
USER	gatwai	START	1607017791088
REQUEST		request_0	1607017791089	1607017791187	OK	 
USER	gatwai	END	1607017791188
USER	gatwai	START	1607017791292
REQUEST		request_0	1607017791293	1607017791402	OK	 
USER	gatwai	END	1607017791403
USER	gatwai	START	1607017791494
REQUEST		request_0	1607017791494	1607017791603	OK	 
USER	gatwai	END	1607017791604
USER	gatwai	START	1607017791697
REQUEST		request_0	1607017791697	1607017791791	OK	 
USER	gatwai	END	1607017791792
USER	gatwai	START	1607017791898
REQUEST		request_0	1607017791898	1607017792008	OK	 
USER	gatwai	END	1607017792009
USER	gatwai	START	1607017792092
REQUEST		request_0	1607017792093	1607017792179	OK	 
USER	gatwai	END	1607017792180
USER	gatwai	START	1607017792296
REQUEST		request_0	1607017792296	1607017792403	OK	 
USER	gatwai	END	1607017792403
USER	gatwai	START	1607017792499
REQUEST		request_0	1607017792499	1607017792600	OK	 
USER	gatwai	END	1607017792601
USER	gatwai	START	1607017792702
REQUEST		request_0	1607017792702	1607017792809	OK	 
USER	gatwai	END	1607017792810
USER	gatwai	START	1607017792890
REQUEST		request_0	1607017792890	1607017792991	OK	 
USER	gatwai	END	1607017792991
USER	gatwai	START	1607017793093
REQUEST		request_0	1607017793093	1607017793196	OK	 
USER	gatwai	END	1607017793197
USER	gatwai	START	1607017793296
REQUEST		request_0	1607017793296	1607017793390	OK	 
USER	gatwai	END	1607017793391
USER	gatwai	START	1607017793499
REQUEST		request_0	1607017793500	1607017793606	OK	 
USER	gatwai	END	1607017793607
USER	gatwai	START	1607017793702
REQUEST		request_0	1607017793702	1607017793798	OK	 
USER	gatwai	END	1607017793799
USER	gatwai	START	1607017793890
REQUEST		request_0	1607017793890	1607017793993	OK	 
USER	gatwai	END	1607017793994
USER	gatwai	START	1607017794093
REQUEST		request_0	1607017794093	1607017794190	OK	 
USER	gatwai	END	1607017794191
USER	gatwai	START	1607017794296
REQUEST		request_0	1607017794296	1607017794392	OK	 
USER	gatwai	END	1607017794392
USER	gatwai	START	1607017794499
REQUEST		request_0	1607017794499	1607017794602	OK	 
USER	gatwai	END	1607017794603
USER	gatwai	START	1607017794702
REQUEST		request_0	1607017794702	1607017794794	OK	 
USER	gatwai	END	1607017794795
USER	gatwai	START	1607017794889
REQUEST		request_0	1607017794890	1607017794982	OK	 
USER	gatwai	END	1607017794982
USER	gatwai	START	1607017795093
REQUEST		request_0	1607017795093	1607017795192	OK	 
USER	gatwai	END	1607017795193
USER	gatwai	START	1607017795296
REQUEST		request_0	1607017795296	1607017795395	OK	 
USER	gatwai	END	1607017795395
USER	gatwai	START	1607017795515
REQUEST		request_0	1607017795516	1607017795626	OK	 
USER	gatwai	END	1607017795627
USER	gatwai	START	1607017795686
REQUEST		request_0	1607017795687	1607017795775	OK	 
USER	gatwai	END	1607017795775
USER	gatwai	START	1607017795889
REQUEST		request_0	1607017795890	1607017795985	OK	 
USER	gatwai	END	1607017795986
USER	gatwai	START	1607017796093
REQUEST		request_0	1607017796093	1607017796193	OK	 
USER	gatwai	END	1607017796194
USER	gatwai	START	1607017796296
REQUEST		request_0	1607017796296	1607017796387	OK	 
USER	gatwai	END	1607017796387
USER	gatwai	START	1607017796499
REQUEST		request_0	1607017796499	1607017796618	OK	 
USER	gatwai	END	1607017796618
USER	gatwai	START	1607017796691
REQUEST		request_0	1607017796692	1607017796798	OK	 
USER	gatwai	END	1607017796799
USER	gatwai	START	1607017796897
REQUEST		request_0	1607017796897	1607017796991	OK	 
USER	gatwai	END	1607017796992
USER	gatwai	START	1607017797100
REQUEST		request_0	1607017797100	1607017797194	OK	 
USER	gatwai	END	1607017797194
USER	gatwai	START	1607017797288
REQUEST		request_0	1607017797288	1607017797406	OK	 
USER	gatwai	END	1607017797407
USER	gatwai	START	1607017797491
REQUEST		request_0	1607017797491	1607017797583	OK	 
USER	gatwai	END	1607017797584
USER	gatwai	START	1607017797695
REQUEST		request_0	1607017797696	1607017797795	OK	 
USER	gatwai	END	1607017797796
USER	gatwai	START	1607017797898
REQUEST		request_0	1607017797899	1607017797993	OK	 
USER	gatwai	END	1607017797993
USER	gatwai	START	1607017798102
REQUEST		request_0	1607017798102	1607017798201	OK	 
USER	gatwai	END	1607017798202
USER	gatwai	START	1607017798289
REQUEST		request_0	1607017798289	1607017798383	OK	 
USER	gatwai	END	1607017798384
USER	gatwai	START	1607017798492
REQUEST		request_0	1607017798493	1607017798581	OK	 
USER	gatwai	END	1607017798582
USER	gatwai	START	1607017798695
REQUEST		request_0	1607017798696	1607017798807	OK	 
USER	gatwai	END	1607017798807
USER	gatwai	START	1607017798898
REQUEST		request_0	1607017798899	1607017798999	OK	 
USER	gatwai	END	1607017799000
USER	gatwai	START	1607017799102
REQUEST		request_0	1607017799102	1607017799196	OK	 
USER	gatwai	END	1607017799197
USER	gatwai	START	1607017799289
REQUEST		request_0	1607017799289	1607017799389	OK	 
USER	gatwai	END	1607017799390
USER	gatwai	START	1607017799493
REQUEST		request_0	1607017799493	1607017799600	OK	 
USER	gatwai	END	1607017799601
USER	gatwai	START	1607017799695
REQUEST		request_0	1607017799696	1607017799793	OK	 
USER	gatwai	END	1607017799793
USER	gatwai	START	1607017799899
REQUEST		request_0	1607017799899	1607017799998	OK	 
USER	gatwai	END	1607017799999
USER	gatwai	START	1607017800088
REQUEST		request_0	1607017800088	1607017800178	OK	 
USER	gatwai	END	1607017800179
USER	gatwai	START	1607017800291
REQUEST		request_0	1607017800291	1607017800385	OK	 
USER	gatwai	END	1607017800385
USER	gatwai	START	1607017800494
REQUEST		request_0	1607017800494	1607017800597	OK	 
USER	gatwai	END	1607017800598
USER	gatwai	START	1607017800697
REQUEST		request_0	1607017800697	1607017800803	OK	 
USER	gatwai	END	1607017800804
USER	gatwai	START	1607017800888
REQUEST		request_0	1607017800888	1607017800987	OK	 
USER	gatwai	END	1607017800987
USER	gatwai	START	1607017801091
REQUEST		request_0	1607017801092	1607017801190	OK	 
USER	gatwai	END	1607017801191
USER	gatwai	START	1607017801294
REQUEST		request_0	1607017801294	1607017801399	OK	 
USER	gatwai	END	1607017801400
USER	gatwai	START	1607017801498
REQUEST		request_0	1607017801498	1607017801597	OK	 
USER	gatwai	END	1607017801598
USER	gatwai	START	1607017801701
REQUEST		request_0	1607017801701	1607017801794	OK	 
USER	gatwai	END	1607017801795
USER	gatwai	START	1607017801888
REQUEST		request_0	1607017801889	1607017802003	OK	 
USER	gatwai	END	1607017802004
USER	gatwai	START	1607017802091
REQUEST		request_0	1607017802091	1607017802186	OK	 
USER	gatwai	END	1607017802187
USER	gatwai	START	1607017802294
REQUEST		request_0	1607017802294	1607017802397	OK	 
USER	gatwai	END	1607017802398
USER	gatwai	START	1607017802497
REQUEST		request_0	1607017802498	1607017802596	OK	 
USER	gatwai	END	1607017802597
USER	gatwai	START	1607017802701
REQUEST		request_0	1607017802701	1607017802797	OK	 
USER	gatwai	END	1607017802798
USER	gatwai	START	1607017802888
REQUEST		request_0	1607017802888	1607017802987	OK	 
USER	gatwai	END	1607017802988
USER	gatwai	START	1607017803091
REQUEST		request_0	1607017803091	1607017803182	OK	 
USER	gatwai	END	1607017803182
USER	gatwai	START	1607017803294
REQUEST		request_0	1607017803294	1607017803396	OK	 
USER	gatwai	END	1607017803396
USER	gatwai	START	1607017803497
REQUEST		request_0	1607017803498	1607017803597	OK	 
USER	gatwai	END	1607017803597
USER	gatwai	START	1607017803701
REQUEST		request_0	1607017803701	1607017803799	OK	 
USER	gatwai	END	1607017803799
USER	gatwai	START	1607017803888
REQUEST		request_0	1607017803888	1607017803983	OK	 
USER	gatwai	END	1607017803984
USER	gatwai	START	1607017804091
REQUEST		request_0	1607017804091	1607017804190	OK	 
USER	gatwai	END	1607017804191
USER	gatwai	START	1607017804300
REQUEST		request_0	1607017804301	1607017804398	OK	 
USER	gatwai	END	1607017804399
USER	gatwai	START	1607017804488
REQUEST		request_0	1607017804488	1607017804585	OK	 
USER	gatwai	END	1607017804586
USER	gatwai	START	1607017804691
REQUEST		request_0	1607017804691	1607017804792	OK	 
USER	gatwai	END	1607017804792
USER	gatwai	START	1607017804894
REQUEST		request_0	1607017804894	1607017804994	OK	 
USER	gatwai	END	1607017804994
USER	gatwai	START	1607017805097
REQUEST		request_0	1607017805097	1607017805196	OK	 
USER	gatwai	END	1607017805197
USER	gatwai	START	1607017805300
REQUEST		request_0	1607017805300	1607017805398	OK	 
USER	gatwai	END	1607017805398
USER	gatwai	START	1607017805487
REQUEST		request_0	1607017805488	1607017805582	OK	 
USER	gatwai	END	1607017805582
USER	gatwai	START	1607017805695
REQUEST		request_0	1607017805695	1607017805796	OK	 
USER	gatwai	END	1607017805796
USER	gatwai	START	1607017805898
REQUEST		request_0	1607017805898	1607017805992	OK	 
USER	gatwai	END	1607017805992
USER	gatwai	START	1607017806101
REQUEST		request_0	1607017806101	1607017806198	OK	 
USER	gatwai	END	1607017806198
USER	gatwai	START	1607017806288
REQUEST		request_0	1607017806288	1607017806380	OK	 
USER	gatwai	END	1607017806381
USER	gatwai	START	1607017806491
REQUEST		request_0	1607017806492	1607017806594	OK	 
USER	gatwai	END	1607017806595
USER	gatwai	START	1607017806694
REQUEST		request_0	1607017806695	1607017806799	OK	 
USER	gatwai	END	1607017806799
USER	gatwai	START	1607017806901
REQUEST		request_0	1607017806901	1607017806990	OK	 
USER	gatwai	END	1607017806991
USER	gatwai	START	1607017807088
REQUEST		request_0	1607017807088	1607017807190	OK	 
USER	gatwai	END	1607017807191
USER	gatwai	START	1607017807291
REQUEST		request_0	1607017807291	1607017807395	OK	 
USER	gatwai	END	1607017807396
USER	gatwai	START	1607017807494
REQUEST		request_0	1607017807495	1607017807590	OK	 
USER	gatwai	END	1607017807591
USER	gatwai	START	1607017807697
REQUEST		request_0	1607017807698	1607017807806	OK	 
USER	gatwai	END	1607017807806
USER	gatwai	START	1607017807892
REQUEST		request_0	1607017807892	1607017807986	OK	 
USER	gatwai	END	1607017807987
USER	gatwai	START	1607017808095
REQUEST		request_0	1607017808095	1607017808191	OK	 
USER	gatwai	END	1607017808191
USER	gatwai	START	1607017808298
REQUEST		request_0	1607017808298	1607017808401	OK	 
USER	gatwai	END	1607017808402
USER	gatwai	START	1607017808502
REQUEST		request_0	1607017808502	1607017808618	OK	 
USER	gatwai	END	1607017808619
USER	gatwai	START	1607017808689
REQUEST		request_0	1607017808689	1607017808802	OK	 
USER	gatwai	END	1607017808803
USER	gatwai	START	1607017808892
REQUEST		request_0	1607017808892	1607017808985	OK	 
USER	gatwai	END	1607017808986
USER	gatwai	START	1607017809095
REQUEST		request_0	1607017809096	1607017809199	OK	 
USER	gatwai	END	1607017809199
USER	gatwai	START	1607017809298
REQUEST		request_0	1607017809299	1607017809395	OK	 
USER	gatwai	END	1607017809395
USER	gatwai	START	1607017809502
REQUEST		request_0	1607017809502	1607017809594	OK	 
USER	gatwai	END	1607017809595
USER	gatwai	START	1607017809689
REQUEST		request_0	1607017809689	1607017809787	OK	 
USER	gatwai	END	1607017809787
USER	gatwai	START	1607017809892
REQUEST		request_0	1607017809892	1607017809991	OK	 
USER	gatwai	END	1607017809992
USER	gatwai	START	1607017810095
REQUEST		request_0	1607017810096	1607017810195	OK	 
USER	gatwai	END	1607017810195
USER	gatwai	START	1607017810299
REQUEST		request_0	1607017810299	1607017810404	OK	 
USER	gatwai	END	1607017810404
USER	gatwai	START	1607017810502
REQUEST		request_0	1607017810502	1607017810603	OK	 
USER	gatwai	END	1607017810603
USER	gatwai	START	1607017810689
REQUEST		request_0	1607017810689	1607017810783	OK	 
USER	gatwai	END	1607017810784
USER	gatwai	START	1607017810892
REQUEST		request_0	1607017810892	1607017810997	OK	 
USER	gatwai	END	1607017810998
USER	gatwai	START	1607017811098
REQUEST		request_0	1607017811098	1607017811186	OK	 
USER	gatwai	END	1607017811187
USER	gatwai	START	1607017811301
REQUEST		request_0	1607017811301	1607017811398	OK	 
USER	gatwai	END	1607017811398
USER	gatwai	START	1607017811489
REQUEST		request_0	1607017811489	1607017811586	OK	 
USER	gatwai	END	1607017811586
USER	gatwai	START	1607017811692
REQUEST		request_0	1607017811692	1607017811790	OK	 
USER	gatwai	END	1607017811791
USER	gatwai	START	1607017811894
REQUEST		request_0	1607017811895	1607017811982	OK	 
USER	gatwai	END	1607017811982
USER	gatwai	START	1607017812098
REQUEST		request_0	1607017812098	1607017812198	OK	 
USER	gatwai	END	1607017812199
USER	gatwai	START	1607017812301
REQUEST		request_0	1607017812301	1607017812400	OK	 
USER	gatwai	END	1607017812400
USER	gatwai	START	1607017812489
REQUEST		request_0	1607017812489	1607017812582	OK	 
USER	gatwai	END	1607017812582
USER	gatwai	START	1607017812692
REQUEST		request_0	1607017812692	1607017812790	OK	 
USER	gatwai	END	1607017812791
USER	gatwai	START	1607017812895
REQUEST		request_0	1607017812895	1607017812993	OK	 
USER	gatwai	END	1607017812994
USER	gatwai	START	1607017813098
REQUEST		request_0	1607017813098	1607017813203	OK	 
USER	gatwai	END	1607017813203
USER	gatwai	START	1607017813290
REQUEST		request_0	1607017813290	1607017813378	OK	 
USER	gatwai	END	1607017813379
USER	gatwai	START	1607017813494
REQUEST		request_0	1607017813494	1607017813603	OK	 
USER	gatwai	END	1607017813603
USER	gatwai	START	1607017813697
REQUEST		request_0	1607017813697	1607017813786	OK	 
USER	gatwai	END	1607017813786
USER	gatwai	START	1607017813899
REQUEST		request_0	1607017813900	1607017814006	OK	 
USER	gatwai	END	1607017814007
USER	gatwai	START	1607017814087
REQUEST		request_0	1607017814087	1607017814182	OK	 
USER	gatwai	END	1607017814183
USER	gatwai	START	1607017814300
REQUEST		request_0	1607017814301	1607017814389	OK	 
USER	gatwai	END	1607017814390
USER	gatwai	START	1607017814488
REQUEST		request_0	1607017814488	1607017814578	OK	 
USER	gatwai	END	1607017814578
USER	gatwai	START	1607017814691
REQUEST		request_0	1607017814691	1607017814794	OK	 
USER	gatwai	END	1607017814795
USER	gatwai	START	1607017814894
REQUEST		request_0	1607017814895	1607017814995	OK	 
USER	gatwai	END	1607017814995
USER	gatwai	START	1607017815098
REQUEST		request_0	1607017815098	1607017815209	OK	 
USER	gatwai	END	1607017815209
USER	gatwai	START	1607017815300
REQUEST		request_0	1607017815300	1607017815409	OK	 
USER	gatwai	END	1607017815409
USER	gatwai	START	1607017815487
REQUEST		request_0	1607017815487	1607017815582	OK	 
USER	gatwai	END	1607017815582
USER	gatwai	START	1607017815690
REQUEST		request_0	1607017815691	1607017815794	OK	 
USER	gatwai	END	1607017815794
USER	gatwai	START	1607017815893
REQUEST		request_0	1607017815894	1607017815982	OK	 
USER	gatwai	END	1607017815986
USER	gatwai	START	1607017816098
REQUEST		request_0	1607017816098	1607017816196	OK	 
USER	gatwai	END	1607017816197
USER	gatwai	START	1607017816301
REQUEST		request_0	1607017816301	1607017816404	OK	 
USER	gatwai	END	1607017816404
USER	gatwai	START	1607017816493
REQUEST		request_0	1607017816493	1607017816593	OK	 
USER	gatwai	END	1607017816594
USER	gatwai	START	1607017816719
REQUEST		request_0	1607017816719	1607017816809	OK	 
USER	gatwai	END	1607017816809
USER	gatwai	START	1607017816901
REQUEST		request_0	1607017816902	1607017817012	OK	 
USER	gatwai	END	1607017817013
USER	gatwai	START	1607017817087
REQUEST		request_0	1607017817087	1607017817183	OK	 
USER	gatwai	END	1607017817184
USER	gatwai	START	1607017817290
REQUEST		request_0	1607017817290	1607017817394	OK	 
USER	gatwai	END	1607017817394
USER	gatwai	START	1607017817496
REQUEST		request_0	1607017817496	1607017817591	OK	 
USER	gatwai	END	1607017817591
USER	gatwai	START	1607017817699
REQUEST		request_0	1607017817699	1607017817805	OK	 
USER	gatwai	END	1607017817805
USER	gatwai	START	1607017817902
REQUEST		request_0	1607017817902	1607017818014	OK	 
USER	gatwai	END	1607017818014
USER	gatwai	START	1607017818089
REQUEST		request_0	1607017818089	1607017818180	OK	 
USER	gatwai	END	1607017818180
USER	gatwai	START	1607017818292
REQUEST		request_0	1607017818292	1607017818397	OK	 
USER	gatwai	END	1607017818397
USER	gatwai	START	1607017818495
REQUEST		request_0	1607017818495	1607017818594	OK	 
USER	gatwai	END	1607017818594
USER	gatwai	START	1607017818698
REQUEST		request_0	1607017818699	1607017818788	OK	 
USER	gatwai	END	1607017818789
USER	gatwai	START	1607017818902
REQUEST		request_0	1607017818902	1607017819007	OK	 
USER	gatwai	END	1607017819008
USER	gatwai	START	1607017819090
REQUEST		request_0	1607017819090	1607017819184	OK	 
USER	gatwai	END	1607017819184
USER	gatwai	START	1607017819293
REQUEST		request_0	1607017819293	1607017819398	OK	 
USER	gatwai	END	1607017819399
USER	gatwai	START	1607017819496
REQUEST		request_0	1607017819496	1607017819592	OK	 
USER	gatwai	END	1607017819593
USER	gatwai	START	1607017819699
REQUEST		request_0	1607017819699	1607017819800	OK	 
USER	gatwai	END	1607017819801
USER	gatwai	START	1607017819902
REQUEST		request_0	1607017819902	1607017819996	OK	 
USER	gatwai	END	1607017819996
USER	gatwai	START	1607017820089
REQUEST		request_0	1607017820090	1607017820187	OK	 
USER	gatwai	END	1607017820187
USER	gatwai	START	1607017820293
REQUEST		request_0	1607017820293	1607017820402	OK	 
USER	gatwai	END	1607017820403
USER	gatwai	START	1607017820496
REQUEST		request_0	1607017820496	1607017820598	OK	 
USER	gatwai	END	1607017820599
USER	gatwai	START	1607017820699
REQUEST		request_0	1607017820699	1607017820794	OK	 
USER	gatwai	END	1607017820794
USER	gatwai	START	1607017820902
REQUEST		request_0	1607017820903	1607017820998	OK	 
USER	gatwai	END	1607017820999
USER	gatwai	START	1607017821090
REQUEST		request_0	1607017821090	1607017821186	OK	 
USER	gatwai	END	1607017821187
USER	gatwai	START	1607017821293
REQUEST		request_0	1607017821293	1607017821398	OK	 
USER	gatwai	END	1607017821398
USER	gatwai	START	1607017821496
REQUEST		request_0	1607017821496	1607017821588	OK	 
USER	gatwai	END	1607017821588
USER	gatwai	START	1607017821699
REQUEST		request_0	1607017821699	1607017821802	OK	 
USER	gatwai	END	1607017821802
USER	gatwai	START	1607017821902
REQUEST		request_0	1607017821902	1607017821996	OK	 
USER	gatwai	END	1607017821997
USER	gatwai	START	1607017822089
REQUEST		request_0	1607017822090	1607017822183	OK	 
USER	gatwai	END	1607017822184
USER	gatwai	START	1607017822292
REQUEST		request_0	1607017822293	1607017822395	OK	 
USER	gatwai	END	1607017822396
USER	gatwai	START	1607017822496
REQUEST		request_0	1607017822496	1607017822592	OK	 
USER	gatwai	END	1607017822593
USER	gatwai	START	1607017822699
REQUEST		request_0	1607017822699	1607017822787	OK	 
USER	gatwai	END	1607017822788
USER	gatwai	START	1607017822902
REQUEST		request_0	1607017822902	1607017822991	OK	 
USER	gatwai	END	1607017822992
USER	gatwai	START	1607017823089
REQUEST		request_0	1607017823090	1607017823182	OK	 
USER	gatwai	END	1607017823183
USER	gatwai	START	1607017823293
REQUEST		request_0	1607017823293	1607017823387	OK	 
USER	gatwai	END	1607017823387
USER	gatwai	START	1607017823496
REQUEST		request_0	1607017823496	1607017823598	OK	 
USER	gatwai	END	1607017823599
USER	gatwai	START	1607017823699
REQUEST		request_0	1607017823699	1607017823797	OK	 
USER	gatwai	END	1607017823797
USER	gatwai	START	1607017823902
REQUEST		request_0	1607017823902	1607017823998	OK	 
USER	gatwai	END	1607017823998
USER	gatwai	START	1607017824089
REQUEST		request_0	1607017824090	1607017824177	OK	 
USER	gatwai	END	1607017824177
USER	gatwai	START	1607017824293
REQUEST		request_0	1607017824293	1607017824405	OK	 
USER	gatwai	END	1607017824405
USER	gatwai	START	1607017824496
REQUEST		request_0	1607017824496	1607017824590	OK	 
USER	gatwai	END	1607017824591
USER	gatwai	START	1607017824699
REQUEST		request_0	1607017824699	1607017824804	OK	 
USER	gatwai	END	1607017824804
USER	gatwai	START	1607017824902
REQUEST		request_0	1607017824902	1607017824994	OK	 
USER	gatwai	END	1607017824995
USER	gatwai	START	1607017825090
REQUEST		request_0	1607017825090	1607017825200	OK	 
USER	gatwai	END	1607017825201
USER	gatwai	START	1607017825293
REQUEST		request_0	1607017825293	1607017825405	OK	 
USER	gatwai	END	1607017825406
USER	gatwai	START	1607017825496
REQUEST		request_0	1607017825496	1607017825585	OK	 
USER	gatwai	END	1607017825585
USER	gatwai	START	1607017825699
REQUEST		request_0	1607017825699	1607017825811	OK	 
USER	gatwai	END	1607017825811
USER	gatwai	START	1607017825902
REQUEST		request_0	1607017825902	1607017825990	OK	 
USER	gatwai	END	1607017825991
USER	gatwai	START	1607017826089
REQUEST		request_0	1607017826090	1607017826183	OK	 
USER	gatwai	END	1607017826183
USER	gatwai	START	1607017826293
REQUEST		request_0	1607017826293	1607017826395	OK	 
USER	gatwai	END	1607017826395
USER	gatwai	START	1607017826496
REQUEST		request_0	1607017826497	1607017826601	OK	 
USER	gatwai	END	1607017826602
USER	gatwai	START	1607017826699
REQUEST		request_0	1607017826699	1607017826789	OK	 
USER	gatwai	END	1607017826790
USER	gatwai	START	1607017826902
REQUEST		request_0	1607017826903	1607017827013	OK	 
USER	gatwai	END	1607017827014
USER	gatwai	START	1607017827094
REQUEST		request_0	1607017827095	1607017827188	OK	 
USER	gatwai	END	1607017827189
USER	gatwai	START	1607017827293
REQUEST		request_0	1607017827293	1607017827399	OK	 
USER	gatwai	END	1607017827399
USER	gatwai	START	1607017827496
REQUEST		request_0	1607017827496	1607017827584	OK	 
USER	gatwai	END	1607017827584
USER	gatwai	START	1607017827699
REQUEST		request_0	1607017827699	1607017827798	OK	 
USER	gatwai	END	1607017827798
USER	gatwai	START	1607017827902
REQUEST		request_0	1607017827902	1607017827995	OK	 
USER	gatwai	END	1607017827996
USER	gatwai	START	1607017828090
REQUEST		request_0	1607017828090	1607017828190	OK	 
USER	gatwai	END	1607017828191
USER	gatwai	START	1607017828293
REQUEST		request_0	1607017828293	1607017828391	OK	 
USER	gatwai	END	1607017828392
USER	gatwai	START	1607017828496
REQUEST		request_0	1607017828496	1607017828608	OK	 
USER	gatwai	END	1607017828609
USER	gatwai	START	1607017828699
REQUEST		request_0	1607017828699	1607017828790	OK	 
USER	gatwai	END	1607017828790
USER	gatwai	START	1607017828902
REQUEST		request_0	1607017828902	1607017829010	OK	 
USER	gatwai	END	1607017829010
USER	gatwai	START	1607017829089
REQUEST		request_0	1607017829090	1607017829179	OK	 
USER	gatwai	END	1607017829179
USER	gatwai	START	1607017829293
REQUEST		request_0	1607017829293	1607017829398	OK	 
USER	gatwai	END	1607017829399
USER	gatwai	START	1607017829496
REQUEST		request_0	1607017829496	1607017829605	OK	 
USER	gatwai	END	1607017829605
USER	gatwai	START	1607017829699
REQUEST		request_0	1607017829699	1607017829788	OK	 
USER	gatwai	END	1607017829788
USER	gatwai	START	1607017829902
REQUEST		request_0	1607017829903	1607017830007	OK	 
USER	gatwai	END	1607017830008
USER	gatwai	START	1607017830090
REQUEST		request_0	1607017830090	1607017830182	OK	 
USER	gatwai	END	1607017830183
USER	gatwai	START	1607017830294
REQUEST		request_0	1607017830294	1607017830395	OK	 
USER	gatwai	END	1607017830396
USER	gatwai	START	1607017830497
REQUEST		request_0	1607017830497	1607017830593	OK	 
USER	gatwai	END	1607017830594
USER	gatwai	START	1607017830700
REQUEST		request_0	1607017830701	1607017830804	OK	 
USER	gatwai	END	1607017830805
USER	gatwai	START	1607017830888
REQUEST		request_0	1607017830888	1607017830989	OK	 
USER	gatwai	END	1607017830990
USER	gatwai	START	1607017831091
REQUEST		request_0	1607017831091	1607017831191	OK	 
USER	gatwai	END	1607017831191
USER	gatwai	START	1607017831294
REQUEST		request_0	1607017831294	1607017831385	OK	 
USER	gatwai	END	1607017831385
USER	gatwai	START	1607017831497
REQUEST		request_0	1607017831497	1607017831600	OK	 
USER	gatwai	END	1607017831600
USER	gatwai	START	1607017831693
REQUEST		request_0	1607017831693	1607017831781	OK	 
USER	gatwai	END	1607017831781
USER	gatwai	START	1607017831896
REQUEST		request_0	1607017831896	1607017832006	OK	 
USER	gatwai	END	1607017832006
USER	gatwai	START	1607017832099
REQUEST		request_0	1607017832099	1607017832202	OK	 
USER	gatwai	END	1607017832202
USER	gatwai	START	1607017832302
REQUEST		request_0	1607017832302	1607017832390	OK	 
USER	gatwai	END	1607017832391
USER	gatwai	START	1607017832489
REQUEST		request_0	1607017832490	1607017832584	OK	 
USER	gatwai	END	1607017832585
USER	gatwai	START	1607017832693
REQUEST		request_0	1607017832693	1607017832797	OK	 
USER	gatwai	END	1607017832797
USER	gatwai	START	1607017832896
REQUEST		request_0	1607017832896	1607017832998	OK	 
USER	gatwai	END	1607017832999
USER	gatwai	START	1607017833098
REQUEST		request_0	1607017833099	1607017833194	OK	 
USER	gatwai	END	1607017833195
USER	gatwai	START	1607017833288
REQUEST		request_0	1607017833289	1607017833392	OK	 
USER	gatwai	END	1607017833392
USER	gatwai	START	1607017833492
REQUEST		request_0	1607017833492	1607017833594	OK	 
USER	gatwai	END	1607017833595
USER	gatwai	START	1607017833695
REQUEST		request_0	1607017833695	1607017833786	OK	 
USER	gatwai	END	1607017833786
USER	gatwai	START	1607017833898
REQUEST		request_0	1607017833898	1607017833998	OK	 
USER	gatwai	END	1607017833998
USER	gatwai	START	1607017834101
REQUEST		request_0	1607017834101	1607017834200	OK	 
USER	gatwai	END	1607017834201
USER	gatwai	START	1607017834289
REQUEST		request_0	1607017834289	1607017834388	OK	 
USER	gatwai	END	1607017834388
USER	gatwai	START	1607017834492
REQUEST		request_0	1607017834492	1607017834585	OK	 
USER	gatwai	END	1607017834586
USER	gatwai	START	1607017834695
REQUEST		request_0	1607017834695	1607017834795	OK	 
USER	gatwai	END	1607017834795
USER	gatwai	START	1607017834898
REQUEST		request_0	1607017834898	1607017834988	OK	 
USER	gatwai	END	1607017834989
USER	gatwai	START	1607017835101
REQUEST		request_0	1607017835101	1607017835188	OK	 
USER	gatwai	END	1607017835189
USER	gatwai	START	1607017835289
REQUEST		request_0	1607017835289	1607017835399	OK	 
USER	gatwai	END	1607017835399
USER	gatwai	START	1607017835492
REQUEST		request_0	1607017835492	1607017835585	OK	 
USER	gatwai	END	1607017835586
USER	gatwai	START	1607017835695
REQUEST		request_0	1607017835695	1607017835791	OK	 
USER	gatwai	END	1607017835792
USER	gatwai	START	1607017835898
REQUEST		request_0	1607017835898	1607017835991	OK	 
USER	gatwai	END	1607017835992
USER	gatwai	START	1607017836101
REQUEST		request_0	1607017836102	1607017836198	OK	 
USER	gatwai	END	1607017836199
USER	gatwai	START	1607017836289
REQUEST		request_0	1607017836289	1607017836386	OK	 
USER	gatwai	END	1607017836387
USER	gatwai	START	1607017836492
REQUEST		request_0	1607017836492	1607017836597	OK	 
USER	gatwai	END	1607017836598
USER	gatwai	START	1607017836695
REQUEST		request_0	1607017836695	1607017836788	OK	 
USER	gatwai	END	1607017836789
USER	gatwai	START	1607017836898
REQUEST		request_0	1607017836899	1607017836990	OK	 
USER	gatwai	END	1607017836990
USER	gatwai	START	1607017837101
REQUEST		request_0	1607017837102	1607017837206	OK	 
USER	gatwai	END	1607017837207
USER	gatwai	START	1607017837289
REQUEST		request_0	1607017837289	1607017837382	OK	 
USER	gatwai	END	1607017837382
USER	gatwai	START	1607017837492
REQUEST		request_0	1607017837492	1607017837591	OK	 
USER	gatwai	END	1607017837591
USER	gatwai	START	1607017837695
REQUEST		request_0	1607017837695	1607017837787	OK	 
USER	gatwai	END	1607017837787
USER	gatwai	START	1607017837898
REQUEST		request_0	1607017837898	1607017838015	OK	 
USER	gatwai	END	1607017838015
USER	gatwai	START	1607017838101
REQUEST		request_0	1607017838102	1607017838201	OK	 
USER	gatwai	END	1607017838202
USER	gatwai	START	1607017838289
REQUEST		request_0	1607017838289	1607017838393	OK	 
USER	gatwai	END	1607017838394
USER	gatwai	START	1607017838492
REQUEST		request_0	1607017838492	1607017838578	OK	 
USER	gatwai	END	1607017838578
USER	gatwai	START	1607017838695
REQUEST		request_0	1607017838695	1607017838798	OK	 
USER	gatwai	END	1607017838799
USER	gatwai	START	1607017838898
REQUEST		request_0	1607017838898	1607017838997	OK	 
USER	gatwai	END	1607017838998
USER	gatwai	START	1607017839101
REQUEST		request_0	1607017839101	1607017839205	OK	 
USER	gatwai	END	1607017839205
USER	gatwai	START	1607017839288
REQUEST		request_0	1607017839289	1607017839381	OK	 
USER	gatwai	END	1607017839382
USER	gatwai	START	1607017839494
REQUEST		request_0	1607017839494	1607017839599	OK	 
USER	gatwai	END	1607017839599
USER	gatwai	START	1607017839697
REQUEST		request_0	1607017839698	1607017839791	OK	 
USER	gatwai	END	1607017839791
USER	gatwai	START	1607017839900
REQUEST		request_0	1607017839901	1607017840000	OK	 
USER	gatwai	END	1607017840001
USER	gatwai	START	1607017840088
REQUEST		request_0	1607017840088	1607017840185	OK	 
USER	gatwai	END	1607017840185
USER	gatwai	START	1607017840294
REQUEST		request_0	1607017840295	1607017840395	OK	 
USER	gatwai	END	1607017840396
USER	gatwai	START	1607017840494
REQUEST		request_0	1607017840494	1607017840596	OK	 
USER	gatwai	END	1607017840596
USER	gatwai	START	1607017840697
REQUEST		request_0	1607017840697	1607017840798	OK	 
USER	gatwai	END	1607017840799
USER	gatwai	START	1607017840901
REQUEST		request_0	1607017840901	1607017841008	OK	 
USER	gatwai	END	1607017841008
USER	gatwai	START	1607017841088
REQUEST		request_0	1607017841088	1607017841181	OK	 
USER	gatwai	END	1607017841182
USER	gatwai	START	1607017841291
REQUEST		request_0	1607017841291	1607017841394	OK	 
USER	gatwai	END	1607017841395
USER	gatwai	START	1607017841494
REQUEST		request_0	1607017841494	1607017841592	OK	 
USER	gatwai	END	1607017841592
USER	gatwai	START	1607017841697
REQUEST		request_0	1607017841697	1607017841792	OK	 
USER	gatwai	END	1607017841793
USER	gatwai	START	1607017841901
REQUEST		request_0	1607017841901	1607017842020	OK	 
USER	gatwai	END	1607017842021
USER	gatwai	START	1607017842087
REQUEST		request_0	1607017842088	1607017842191	OK	 
USER	gatwai	END	1607017842191
USER	gatwai	START	1607017842291
REQUEST		request_0	1607017842291	1607017842392	OK	 
USER	gatwai	END	1607017842393
USER	gatwai	START	1607017842497
REQUEST		request_0	1607017842498	1607017842612	OK	 
USER	gatwai	END	1607017842613
USER	gatwai	START	1607017842700
REQUEST		request_0	1607017842701	1607017842799	OK	 
USER	gatwai	END	1607017842800
USER	gatwai	START	1607017842887
REQUEST		request_0	1607017842888	1607017842980	OK	 
USER	gatwai	END	1607017842981
USER	gatwai	START	1607017843090
REQUEST		request_0	1607017843091	1607017843189	OK	 
USER	gatwai	END	1607017843190
USER	gatwai	START	1607017843294
REQUEST		request_0	1607017843294	1607017843389	OK	 
USER	gatwai	END	1607017843390
USER	gatwai	START	1607017843497
REQUEST		request_0	1607017843497	1607017843584	OK	 
USER	gatwai	END	1607017843584
USER	gatwai	START	1607017843700
REQUEST		request_0	1607017843701	1607017843804	OK	 
USER	gatwai	END	1607017843804
USER	gatwai	START	1607017843887
REQUEST		request_0	1607017843888	1607017843981	OK	 
USER	gatwai	END	1607017843981
USER	gatwai	START	1607017844090
REQUEST		request_0	1607017844091	1607017844181	OK	 
USER	gatwai	END	1607017844182
USER	gatwai	START	1607017844294
REQUEST		request_0	1607017844294	1607017844404	OK	 
USER	gatwai	END	1607017844405
USER	gatwai	START	1607017844497
REQUEST		request_0	1607017844497	1607017844584	OK	 
USER	gatwai	END	1607017844585
USER	gatwai	START	1607017844700
REQUEST		request_0	1607017844701	1607017844793	OK	 
USER	gatwai	END	1607017844794
USER	gatwai	START	1607017844888
REQUEST		request_0	1607017844888	1607017844981	OK	 
USER	gatwai	END	1607017844982
USER	gatwai	START	1607017845091
REQUEST		request_0	1607017845091	1607017845177	OK	 
USER	gatwai	END	1607017845177
USER	gatwai	START	1607017845294
REQUEST		request_0	1607017845294	1607017845403	OK	 
USER	gatwai	END	1607017845404
USER	gatwai	START	1607017845500
REQUEST		request_0	1607017845500	1607017845588	OK	 
USER	gatwai	END	1607017845589
USER	gatwai	START	1607017845687
REQUEST		request_0	1607017845687	1607017845789	OK	 
USER	gatwai	END	1607017845789
USER	gatwai	START	1607017845891
REQUEST		request_0	1607017845891	1607017845986	OK	 
USER	gatwai	END	1607017845987
USER	gatwai	START	1607017846094
REQUEST		request_0	1607017846094	1607017846193	OK	 
USER	gatwai	END	1607017846193
USER	gatwai	START	1607017846297
REQUEST		request_0	1607017846297	1607017846393	OK	 
USER	gatwai	END	1607017846393
USER	gatwai	START	1607017846500
REQUEST		request_0	1607017846500	1607017846605	OK	 
USER	gatwai	END	1607017846605
USER	gatwai	START	1607017846689
REQUEST		request_0	1607017846690	1607017846783	OK	 
USER	gatwai	END	1607017846784
USER	gatwai	START	1607017846893
REQUEST		request_0	1607017846893	1607017846997	OK	 
USER	gatwai	END	1607017846997
USER	gatwai	START	1607017847095
REQUEST		request_0	1607017847096	1607017847192	OK	 
USER	gatwai	END	1607017847192
USER	gatwai	START	1607017847299
REQUEST		request_0	1607017847299	1607017847398	OK	 
USER	gatwai	END	1607017847399
USER	gatwai	START	1607017847486
REQUEST		request_0	1607017847486	1607017847579	OK	 
USER	gatwai	END	1607017847579
USER	gatwai	START	1607017847689
REQUEST		request_0	1607017847690	1607017847804	OK	 
USER	gatwai	END	1607017847804
USER	gatwai	START	1607017847892
REQUEST		request_0	1607017847893	1607017847989	OK	 
USER	gatwai	END	1607017847989
USER	gatwai	START	1607017848094
REQUEST		request_0	1607017848094	1607017848184	OK	 
USER	gatwai	END	1607017848184
USER	gatwai	START	1607017848298
REQUEST		request_0	1607017848298	1607017848397	OK	 
USER	gatwai	END	1607017848397
USER	gatwai	START	1607017848501
REQUEST		request_0	1607017848501	1607017848593	OK	 
USER	gatwai	END	1607017848594
USER	gatwai	START	1607017848688
REQUEST		request_0	1607017848689	1607017848796	OK	 
USER	gatwai	END	1607017848797
USER	gatwai	START	1607017848892
REQUEST		request_0	1607017848892	1607017848981	OK	 
USER	gatwai	END	1607017848981
USER	gatwai	START	1607017849095
REQUEST		request_0	1607017849095	1607017849197	OK	 
USER	gatwai	END	1607017849198
USER	gatwai	START	1607017849298
REQUEST		request_0	1607017849298	1607017849388	OK	 
USER	gatwai	END	1607017849389
USER	gatwai	START	1607017849501
REQUEST		request_0	1607017849501	1607017849598	OK	 
USER	gatwai	END	1607017849598
USER	gatwai	START	1607017849688
REQUEST		request_0	1607017849689	1607017849784	OK	 
USER	gatwai	END	1607017849784
USER	gatwai	START	1607017849892
REQUEST		request_0	1607017849892	1607017849990	OK	 
USER	gatwai	END	1607017849991
USER	gatwai	START	1607017850095
REQUEST		request_0	1607017850095	1607017850201	OK	 
USER	gatwai	END	1607017850201
USER	gatwai	START	1607017850298
REQUEST		request_0	1607017850298	1607017850389	OK	 
USER	gatwai	END	1607017850389
USER	gatwai	START	1607017850501
REQUEST		request_0	1607017850501	1607017850597	OK	 
USER	gatwai	END	1607017850598
USER	gatwai	START	1607017850688
REQUEST		request_0	1607017850689	1607017850800	OK	 
USER	gatwai	END	1607017850801
USER	gatwai	START	1607017850892
REQUEST		request_0	1607017850892	1607017850990	OK	 
USER	gatwai	END	1607017850990
USER	gatwai	START	1607017851095
REQUEST		request_0	1607017851095	1607017851183	OK	 
USER	gatwai	END	1607017851184
USER	gatwai	START	1607017851298
REQUEST		request_0	1607017851298	1607017851403	OK	 
USER	gatwai	END	1607017851404
USER	gatwai	START	1607017851502
REQUEST		request_0	1607017851502	1607017851591	OK	 
USER	gatwai	END	1607017851592
USER	gatwai	START	1607017851689
REQUEST		request_0	1607017851690	1607017851791	OK	 
USER	gatwai	END	1607017851792
USER	gatwai	START	1607017851892
REQUEST		request_0	1607017851892	1607017851979	OK	 
USER	gatwai	END	1607017851979
USER	gatwai	START	1607017852096
REQUEST		request_0	1607017852096	1607017852198	OK	 
USER	gatwai	END	1607017852198
USER	gatwai	START	1607017852299
REQUEST		request_0	1607017852299	1607017852395	OK	 
USER	gatwai	END	1607017852395
USER	gatwai	START	1607017852502
REQUEST		request_0	1607017852502	1607017852600	OK	 
USER	gatwai	END	1607017852601
USER	gatwai	START	1607017852689
REQUEST		request_0	1607017852690	1607017852792	OK	 
USER	gatwai	END	1607017852793
USER	gatwai	START	1607017852893
REQUEST		request_0	1607017852893	1607017852990	OK	 
USER	gatwai	END	1607017852991
USER	gatwai	START	1607017853095
REQUEST		request_0	1607017853096	1607017853182	OK	 
USER	gatwai	END	1607017853182
USER	gatwai	START	1607017853299
REQUEST		request_0	1607017853299	1607017853412	OK	 
USER	gatwai	END	1607017853413
USER	gatwai	START	1607017853502
REQUEST		request_0	1607017853502	1607017853594	OK	 
USER	gatwai	END	1607017853595
USER	gatwai	START	1607017853689
REQUEST		request_0	1607017853690	1607017853795	OK	 
USER	gatwai	END	1607017853796
USER	gatwai	START	1607017853893
REQUEST		request_0	1607017853893	1607017853989	OK	 
USER	gatwai	END	1607017853989
USER	gatwai	START	1607017854096
REQUEST		request_0	1607017854096	1607017854196	OK	 
USER	gatwai	END	1607017854197
USER	gatwai	START	1607017854299
REQUEST		request_0	1607017854300	1607017854398	OK	 
USER	gatwai	END	1607017854399
USER	gatwai	START	1607017854502
REQUEST		request_0	1607017854503	1607017854590	OK	 
USER	gatwai	END	1607017854591
USER	gatwai	START	1607017854690
REQUEST		request_0	1607017854690	1607017854793	OK	 
USER	gatwai	END	1607017854793
USER	gatwai	START	1607017854893
REQUEST		request_0	1607017854893	1607017854998	OK	 
USER	gatwai	END	1607017854999
USER	gatwai	START	1607017855096
REQUEST		request_0	1607017855096	1607017855190	OK	 
USER	gatwai	END	1607017855190
USER	gatwai	START	1607017855299
REQUEST		request_0	1607017855299	1607017855408	OK	 
USER	gatwai	END	1607017855409
USER	gatwai	START	1607017855502
REQUEST		request_0	1607017855502	1607017855593	OK	 
USER	gatwai	END	1607017855594
USER	gatwai	START	1607017855690
REQUEST		request_0	1607017855690	1607017855778	OK	 
USER	gatwai	END	1607017855778
USER	gatwai	START	1607017855893
REQUEST		request_0	1607017855894	1607017855986	OK	 
USER	gatwai	END	1607017855987
USER	gatwai	START	1607017856096
REQUEST		request_0	1607017856097	1607017856197	OK	 
USER	gatwai	END	1607017856197
USER	gatwai	START	1607017856300
REQUEST		request_0	1607017856300	1607017856399	OK	 
USER	gatwai	END	1607017856400
USER	gatwai	START	1607017856503
REQUEST		request_0	1607017856503	1607017856597	OK	 
USER	gatwai	END	1607017856598
USER	gatwai	START	1607017856690
REQUEST		request_0	1607017856690	1607017856783	OK	 
USER	gatwai	END	1607017856783
USER	gatwai	START	1607017856894
REQUEST		request_0	1607017856894	1607017857000	OK	 
USER	gatwai	END	1607017857001
USER	gatwai	START	1607017857096
REQUEST		request_0	1607017857097	1607017857190	OK	 
USER	gatwai	END	1607017857190
USER	gatwai	START	1607017857300
REQUEST		request_0	1607017857300	1607017857392	OK	 
USER	gatwai	END	1607017857393
USER	gatwai	START	1607017857487
REQUEST		request_0	1607017857487	1607017857595	OK	 
USER	gatwai	END	1607017857596
USER	gatwai	START	1607017857691
REQUEST		request_0	1607017857692	1607017857797	OK	 
USER	gatwai	END	1607017857798
USER	gatwai	START	1607017857894
REQUEST		request_0	1607017857895	1607017857990	OK	 
USER	gatwai	END	1607017857991
USER	gatwai	START	1607017858098
REQUEST		request_0	1607017858098	1607017858194	OK	 
USER	gatwai	END	1607017858194
USER	gatwai	START	1607017858301
REQUEST		request_0	1607017858301	1607017858389	OK	 
USER	gatwai	END	1607017858390
USER	gatwai	START	1607017858488
REQUEST		request_0	1607017858488	1607017858607	OK	 
USER	gatwai	END	1607017858608
USER	gatwai	START	1607017858694
REQUEST		request_0	1607017858694	1607017858784	OK	 
USER	gatwai	END	1607017858784
USER	gatwai	START	1607017858897
REQUEST		request_0	1607017858897	1607017858988	OK	 
USER	gatwai	END	1607017858989
USER	gatwai	START	1607017859100
REQUEST		request_0	1607017859100	1607017859206	OK	 
USER	gatwai	END	1607017859206
USER	gatwai	START	1607017859287
REQUEST		request_0	1607017859287	1607017859376	OK	 
USER	gatwai	END	1607017859377
USER	gatwai	START	1607017859491
REQUEST		request_0	1607017859491	1607017859593	OK	 
USER	gatwai	END	1607017859593
USER	gatwai	START	1607017859693
REQUEST		request_0	1607017859694	1607017859796	OK	 
USER	gatwai	END	1607017859796
USER	gatwai	START	1607017859897
REQUEST		request_0	1607017859897	1607017859990	OK	 
USER	gatwai	END	1607017859991
USER	gatwai	START	1607017860100
REQUEST		request_0	1607017860100	1607017860198	OK	 
USER	gatwai	END	1607017860198
USER	gatwai	START	1607017860303
REQUEST		request_0	1607017860303	1607017860390	OK	 
USER	gatwai	END	1607017860390
