RUN	gatwai	gatwai	1607018052814	5pssecure5	3.4.1
USER	gatwai	START	1607018053555
REQUEST		request_0	1607018053578	1607018053708	OK	 
USER	gatwai	START	1607018053751
USER	gatwai	END	1607018053769
REQUEST		request_0	1607018053752	1607018053861	OK	 
USER	gatwai	END	1607018053862
USER	gatwai	START	1607018053946
REQUEST		request_0	1607018053948	1607018054080	OK	 
USER	gatwai	END	1607018054081
USER	gatwai	START	1607018054148
REQUEST		request_0	1607018054149	1607018054244	OK	 
USER	gatwai	END	1607018054245
USER	gatwai	START	1607018054352
REQUEST		request_0	1607018054352	1607018054462	OK	 
USER	gatwai	END	1607018054463
USER	gatwai	START	1607018054554
REQUEST		request_0	1607018054554	1607018054666	OK	 
USER	gatwai	END	1607018054667
USER	gatwai	START	1607018054760
REQUEST		request_0	1607018054760	1607018054852	OK	 
USER	gatwai	END	1607018054853
USER	gatwai	START	1607018054953
REQUEST		request_0	1607018054953	1607018055068	OK	 
USER	gatwai	END	1607018055069
USER	gatwai	START	1607018055155
REQUEST		request_0	1607018055155	1607018055255	OK	 
USER	gatwai	END	1607018055256
USER	gatwai	START	1607018055358
REQUEST		request_0	1607018055358	1607018055452	OK	 
USER	gatwai	END	1607018055453
USER	gatwai	START	1607018055562
REQUEST		request_0	1607018055562	1607018055663	OK	 
USER	gatwai	END	1607018055664
USER	gatwai	START	1607018055749
REQUEST		request_0	1607018055750	1607018055892	OK	 
USER	gatwai	END	1607018055893
USER	gatwai	START	1607018055945
REQUEST		request_0	1607018055946	1607018056052	OK	 
USER	gatwai	END	1607018056053
USER	gatwai	START	1607018056148
REQUEST		request_0	1607018056149	1607018056254	OK	 
USER	gatwai	END	1607018056255
USER	gatwai	START	1607018056351
REQUEST		request_0	1607018056352	1607018056451	OK	 
USER	gatwai	END	1607018056451
USER	gatwai	START	1607018056554
REQUEST		request_0	1607018056555	1607018056666	OK	 
USER	gatwai	END	1607018056667
USER	gatwai	START	1607018056742
REQUEST		request_0	1607018056742	1607018056837	OK	 
USER	gatwai	END	1607018056838
USER	gatwai	START	1607018056945
REQUEST		request_0	1607018056945	1607018057036	OK	 
USER	gatwai	END	1607018057037
USER	gatwai	START	1607018057148
REQUEST		request_0	1607018057148	1607018057241	OK	 
USER	gatwai	END	1607018057242
USER	gatwai	START	1607018057351
REQUEST		request_0	1607018057351	1607018057447	OK	 
USER	gatwai	END	1607018057448
USER	gatwai	START	1607018057554
REQUEST		request_0	1607018057555	1607018057653	OK	 
USER	gatwai	END	1607018057654
USER	gatwai	START	1607018057742
REQUEST		request_0	1607018057742	1607018057839	OK	 
USER	gatwai	END	1607018057840
USER	gatwai	START	1607018057945
REQUEST		request_0	1607018057945	1607018058042	OK	 
USER	gatwai	END	1607018058043
USER	gatwai	START	1607018058148
REQUEST		request_0	1607018058148	1607018058250	OK	 
USER	gatwai	END	1607018058251
USER	gatwai	START	1607018058351
REQUEST		request_0	1607018058352	1607018058449	OK	 
USER	gatwai	END	1607018058450
USER	gatwai	START	1607018058554
REQUEST		request_0	1607018058554	1607018058654	OK	 
USER	gatwai	END	1607018058655
USER	gatwai	START	1607018058743
REQUEST		request_0	1607018058743	1607018058845	OK	 
USER	gatwai	END	1607018058847
USER	gatwai	START	1607018058949
REQUEST		request_0	1607018058949	1607018059040	OK	 
USER	gatwai	END	1607018059041
USER	gatwai	START	1607018059152
REQUEST		request_0	1607018059152	1607018059242	OK	 
USER	gatwai	END	1607018059243
USER	gatwai	START	1607018059355
REQUEST		request_0	1607018059355	1607018059449	OK	 
USER	gatwai	END	1607018059450
USER	gatwai	START	1607018059544
REQUEST		request_0	1607018059546	1607018059670	OK	 
USER	gatwai	END	1607018059671
USER	gatwai	START	1607018059750
REQUEST		request_0	1607018059751	1607018059875	OK	 
USER	gatwai	END	1607018059876
USER	gatwai	START	1607018059953
REQUEST		request_0	1607018059953	1607018060050	OK	 
USER	gatwai	END	1607018060050
USER	gatwai	START	1607018060141
REQUEST		request_0	1607018060142	1607018060259	OK	 
USER	gatwai	END	1607018060259
USER	gatwai	START	1607018060343
REQUEST		request_0	1607018060344	1607018060446	OK	 
USER	gatwai	END	1607018060447
USER	gatwai	START	1607018060547
REQUEST		request_0	1607018060547	1607018060639	OK	 
USER	gatwai	END	1607018060640
USER	gatwai	START	1607018060750
REQUEST		request_0	1607018060751	1607018060855	OK	 
USER	gatwai	END	1607018060856
USER	gatwai	START	1607018060953
REQUEST		request_0	1607018060954	1607018061057	OK	 
USER	gatwai	END	1607018061057
USER	gatwai	START	1607018061157
REQUEST		request_0	1607018061157	1607018061270	OK	 
USER	gatwai	END	1607018061271
USER	gatwai	START	1607018061344
REQUEST		request_0	1607018061345	1607018061442	OK	 
USER	gatwai	END	1607018061443
USER	gatwai	START	1607018061547
REQUEST		request_0	1607018061547	1607018061641	OK	 
USER	gatwai	END	1607018061642
USER	gatwai	START	1607018061750
REQUEST		request_0	1607018061750	1607018061841	OK	 
USER	gatwai	END	1607018061842
USER	gatwai	START	1607018061953
REQUEST		request_0	1607018061954	1607018062049	OK	 
USER	gatwai	END	1607018062050
USER	gatwai	START	1607018062140
REQUEST		request_0	1607018062141	1607018062228	OK	 
USER	gatwai	END	1607018062229
USER	gatwai	START	1607018062344
REQUEST		request_0	1607018062344	1607018062434	OK	 
USER	gatwai	END	1607018062435
USER	gatwai	START	1607018062547
REQUEST		request_0	1607018062547	1607018062640	OK	 
USER	gatwai	END	1607018062640
USER	gatwai	START	1607018062750
REQUEST		request_0	1607018062751	1607018062845	OK	 
USER	gatwai	END	1607018062846
USER	gatwai	START	1607018062953
REQUEST		request_0	1607018062954	1607018063045	OK	 
USER	gatwai	END	1607018063046
USER	gatwai	START	1607018063140
REQUEST		request_0	1607018063141	1607018063242	OK	 
USER	gatwai	END	1607018063242
USER	gatwai	START	1607018063344
REQUEST		request_0	1607018063344	1607018063448	OK	 
USER	gatwai	END	1607018063449
USER	gatwai	START	1607018063548
REQUEST		request_0	1607018063549	1607018063641	OK	 
USER	gatwai	END	1607018063641
USER	gatwai	START	1607018063751
REQUEST		request_0	1607018063752	1607018063846	OK	 
USER	gatwai	END	1607018063847
USER	gatwai	START	1607018063955
REQUEST		request_0	1607018063955	1607018064058	OK	 
USER	gatwai	END	1607018064060
USER	gatwai	START	1607018064152
REQUEST		request_0	1607018064153	1607018064247	OK	 
USER	gatwai	END	1607018064248
USER	gatwai	START	1607018064341
REQUEST		request_0	1607018064341	1607018064440	OK	 
USER	gatwai	END	1607018064442
USER	gatwai	START	1607018064544
REQUEST		request_0	1607018064545	1607018064644	OK	 
USER	gatwai	END	1607018064644
USER	gatwai	START	1607018064748
REQUEST		request_0	1607018064748	1607018064844	OK	 
USER	gatwai	END	1607018064845
USER	gatwai	START	1607018064950
REQUEST		request_0	1607018064950	1607018065043	OK	 
USER	gatwai	END	1607018065044
USER	gatwai	START	1607018065154
REQUEST		request_0	1607018065154	1607018065250	OK	 
USER	gatwai	END	1607018065251
USER	gatwai	START	1607018065357
REQUEST		request_0	1607018065357	1607018065456	OK	 
USER	gatwai	END	1607018065457
USER	gatwai	START	1607018065544
REQUEST		request_0	1607018065545	1607018065645	OK	 
USER	gatwai	END	1607018065645
USER	gatwai	START	1607018065749
REQUEST		request_0	1607018065749	1607018065856	OK	 
USER	gatwai	END	1607018065857
USER	gatwai	START	1607018065951
REQUEST		request_0	1607018065951	1607018066048	OK	 
USER	gatwai	END	1607018066049
USER	gatwai	START	1607018066154
REQUEST		request_0	1607018066155	1607018066255	OK	 
USER	gatwai	END	1607018066256
USER	gatwai	START	1607018066341
REQUEST		request_0	1607018066341	1607018066433	OK	 
USER	gatwai	END	1607018066434
USER	gatwai	START	1607018066544
REQUEST		request_0	1607018066545	1607018066646	OK	 
USER	gatwai	END	1607018066646
USER	gatwai	START	1607018066748
REQUEST		request_0	1607018066748	1607018066853	OK	 
USER	gatwai	END	1607018066854
USER	gatwai	START	1607018066951
REQUEST		request_0	1607018066951	1607018067047	OK	 
USER	gatwai	END	1607018067047
USER	gatwai	START	1607018067154
REQUEST		request_0	1607018067154	1607018067251	OK	 
USER	gatwai	END	1607018067252
USER	gatwai	START	1607018067341
REQUEST		request_0	1607018067342	1607018067452	OK	 
USER	gatwai	END	1607018067453
USER	gatwai	START	1607018067544
REQUEST		request_0	1607018067544	1607018067639	OK	 
USER	gatwai	END	1607018067640
USER	gatwai	START	1607018067748
REQUEST		request_0	1607018067748	1607018067850	OK	 
USER	gatwai	END	1607018067851
USER	gatwai	START	1607018067950
REQUEST		request_0	1607018067951	1607018068052	OK	 
USER	gatwai	END	1607018068052
USER	gatwai	START	1607018068154
REQUEST		request_0	1607018068154	1607018068246	OK	 
USER	gatwai	END	1607018068247
USER	gatwai	START	1607018068342
REQUEST		request_0	1607018068342	1607018068438	OK	 
USER	gatwai	END	1607018068438
USER	gatwai	START	1607018068544
REQUEST		request_0	1607018068545	1607018068646	OK	 
USER	gatwai	END	1607018068647
USER	gatwai	START	1607018068747
REQUEST		request_0	1607018068748	1607018068837	OK	 
USER	gatwai	END	1607018068838
USER	gatwai	START	1607018068951
REQUEST		request_0	1607018068951	1607018069048	OK	 
USER	gatwai	END	1607018069048
USER	gatwai	START	1607018069154
REQUEST		request_0	1607018069155	1607018069243	OK	 
USER	gatwai	END	1607018069244
USER	gatwai	START	1607018069342
REQUEST		request_0	1607018069342	1607018069440	OK	 
USER	gatwai	END	1607018069440
USER	gatwai	START	1607018069545
REQUEST		request_0	1607018069545	1607018069652	OK	 
USER	gatwai	END	1607018069653
USER	gatwai	START	1607018069748
REQUEST		request_0	1607018069748	1607018069854	OK	 
USER	gatwai	END	1607018069855
USER	gatwai	START	1607018069951
REQUEST		request_0	1607018069951	1607018070045	OK	 
USER	gatwai	END	1607018070046
USER	gatwai	START	1607018070154
REQUEST		request_0	1607018070155	1607018070259	OK	 
USER	gatwai	END	1607018070260
USER	gatwai	START	1607018070342
REQUEST		request_0	1607018070342	1607018070433	OK	 
USER	gatwai	END	1607018070434
USER	gatwai	START	1607018070545
REQUEST		request_0	1607018070546	1607018070657	OK	 
USER	gatwai	END	1607018070658
USER	gatwai	START	1607018070748
REQUEST		request_0	1607018070748	1607018070845	OK	 
USER	gatwai	END	1607018070846
USER	gatwai	START	1607018070951
REQUEST		request_0	1607018070951	1607018071039	OK	 
USER	gatwai	END	1607018071039
USER	gatwai	START	1607018071154
REQUEST		request_0	1607018071155	1607018071263	OK	 
USER	gatwai	END	1607018071263
USER	gatwai	START	1607018071342
REQUEST		request_0	1607018071343	1607018071451	OK	 
USER	gatwai	END	1607018071452
USER	gatwai	START	1607018071545
REQUEST		request_0	1607018071545	1607018071642	OK	 
USER	gatwai	END	1607018071643
USER	gatwai	START	1607018071748
REQUEST		request_0	1607018071748	1607018071859	OK	 
USER	gatwai	END	1607018071860
USER	gatwai	START	1607018071953
REQUEST		request_0	1607018071954	1607018072061	OK	 
USER	gatwai	END	1607018072062
USER	gatwai	START	1607018072140
REQUEST		request_0	1607018072141	1607018072234	OK	 
USER	gatwai	END	1607018072234
USER	gatwai	START	1607018072344
REQUEST		request_0	1607018072345	1607018072456	OK	 
USER	gatwai	END	1607018072456
USER	gatwai	START	1607018072547
REQUEST		request_0	1607018072547	1607018072647	OK	 
USER	gatwai	END	1607018072647
USER	gatwai	START	1607018072750
REQUEST		request_0	1607018072750	1607018072853	OK	 
USER	gatwai	END	1607018072854
USER	gatwai	START	1607018072953
REQUEST		request_0	1607018072954	1607018073050	OK	 
USER	gatwai	END	1607018073051
USER	gatwai	START	1607018073140
REQUEST		request_0	1607018073141	1607018073238	OK	 
USER	gatwai	END	1607018073238
USER	gatwai	START	1607018073344
REQUEST		request_0	1607018073344	1607018073450	OK	 
USER	gatwai	END	1607018073451
USER	gatwai	START	1607018073547
REQUEST		request_0	1607018073547	1607018073645	OK	 
USER	gatwai	END	1607018073646
USER	gatwai	START	1607018073750
REQUEST		request_0	1607018073750	1607018073855	OK	 
USER	gatwai	END	1607018073856
USER	gatwai	START	1607018073954
REQUEST		request_0	1607018073955	1607018074049	OK	 
USER	gatwai	END	1607018074050
USER	gatwai	START	1607018074142
REQUEST		request_0	1607018074142	1607018074240	OK	 
USER	gatwai	END	1607018074241
USER	gatwai	START	1607018074345
REQUEST		request_0	1607018074346	1607018074451	OK	 
USER	gatwai	END	1607018074452
USER	gatwai	START	1607018074548
REQUEST		request_0	1607018074549	1607018074643	OK	 
USER	gatwai	END	1607018074644
USER	gatwai	START	1607018074751
REQUEST		request_0	1607018074752	1607018074861	OK	 
USER	gatwai	END	1607018074862
USER	gatwai	START	1607018074955
REQUEST		request_0	1607018074955	1607018075055	OK	 
USER	gatwai	END	1607018075056
USER	gatwai	START	1607018075142
REQUEST		request_0	1607018075142	1607018075240	OK	 
USER	gatwai	END	1607018075240
USER	gatwai	START	1607018075345
REQUEST		request_0	1607018075345	1607018075447	OK	 
USER	gatwai	END	1607018075447
USER	gatwai	START	1607018075548
REQUEST		request_0	1607018075549	1607018075661	OK	 
USER	gatwai	END	1607018075662
USER	gatwai	START	1607018075751
REQUEST		request_0	1607018075752	1607018075846	OK	 
USER	gatwai	END	1607018075847
USER	gatwai	START	1607018075955
REQUEST		request_0	1607018075955	1607018076063	OK	 
USER	gatwai	END	1607018076064
USER	gatwai	START	1607018076142
REQUEST		request_0	1607018076142	1607018076234	OK	 
USER	gatwai	END	1607018076234
USER	gatwai	START	1607018076345
REQUEST		request_0	1607018076346	1607018076444	OK	 
USER	gatwai	END	1607018076445
USER	gatwai	START	1607018076548
REQUEST		request_0	1607018076549	1607018076647	OK	 
USER	gatwai	END	1607018076648
USER	gatwai	START	1607018076751
REQUEST		request_0	1607018076752	1607018076843	OK	 
USER	gatwai	END	1607018076843
USER	gatwai	START	1607018076956
REQUEST		request_0	1607018076956	1607018077045	OK	 
USER	gatwai	END	1607018077045
USER	gatwai	START	1607018077144
REQUEST		request_0	1607018077145	1607018077246	OK	 
USER	gatwai	END	1607018077247
USER	gatwai	START	1607018077347
REQUEST		request_0	1607018077347	1607018077446	OK	 
USER	gatwai	END	1607018077447
USER	gatwai	START	1607018077550
REQUEST		request_0	1607018077551	1607018077648	OK	 
USER	gatwai	END	1607018077649
USER	gatwai	START	1607018077754
REQUEST		request_0	1607018077754	1607018077862	OK	 
USER	gatwai	END	1607018077863
USER	gatwai	START	1607018077941
REQUEST		request_0	1607018077941	1607018078035	OK	 
USER	gatwai	END	1607018078036
USER	gatwai	START	1607018078144
REQUEST		request_0	1607018078145	1607018078243	OK	 
USER	gatwai	END	1607018078244
USER	gatwai	START	1607018078348
REQUEST		request_0	1607018078348	1607018078450	OK	 
USER	gatwai	END	1607018078451
USER	gatwai	START	1607018078561
REQUEST		request_0	1607018078561	1607018078657	OK	 
USER	gatwai	END	1607018078658
USER	gatwai	START	1607018078754
REQUEST		request_0	1607018078755	1607018078851	OK	 
USER	gatwai	END	1607018078852
USER	gatwai	START	1607018078941
REQUEST		request_0	1607018078942	1607018079038	OK	 
USER	gatwai	END	1607018079039
USER	gatwai	START	1607018079145
REQUEST		request_0	1607018079145	1607018079244	OK	 
USER	gatwai	END	1607018079245
USER	gatwai	START	1607018079348
REQUEST		request_0	1607018079348	1607018079439	OK	 
USER	gatwai	END	1607018079440
USER	gatwai	START	1607018079551
REQUEST		request_0	1607018079551	1607018079653	OK	 
USER	gatwai	END	1607018079653
USER	gatwai	START	1607018079754
REQUEST		request_0	1607018079754	1607018079843	OK	 
USER	gatwai	END	1607018079843
USER	gatwai	START	1607018079942
REQUEST		request_0	1607018079942	1607018080053	OK	 
USER	gatwai	END	1607018080054
USER	gatwai	START	1607018080145
REQUEST		request_0	1607018080146	1607018080241	OK	 
USER	gatwai	END	1607018080242
USER	gatwai	START	1607018080348
REQUEST		request_0	1607018080349	1607018080439	OK	 
USER	gatwai	END	1607018080439
USER	gatwai	START	1607018080551
REQUEST		request_0	1607018080552	1607018080642	OK	 
USER	gatwai	END	1607018080643
USER	gatwai	START	1607018080755
REQUEST		request_0	1607018080755	1607018080856	OK	 
USER	gatwai	END	1607018080857
USER	gatwai	START	1607018080942
REQUEST		request_0	1607018080942	1607018081033	OK	 
USER	gatwai	END	1607018081034
USER	gatwai	START	1607018081146
REQUEST		request_0	1607018081147	1607018081248	OK	 
USER	gatwai	END	1607018081248
USER	gatwai	START	1607018081348
REQUEST		request_0	1607018081349	1607018081440	OK	 
USER	gatwai	END	1607018081441
USER	gatwai	START	1607018081551
REQUEST		request_0	1607018081552	1607018081653	OK	 
USER	gatwai	END	1607018081654
USER	gatwai	START	1607018081755
REQUEST		request_0	1607018081755	1607018081842	OK	 
USER	gatwai	END	1607018081843
USER	gatwai	START	1607018081942
REQUEST		request_0	1607018081942	1607018082038	OK	 
USER	gatwai	END	1607018082039
USER	gatwai	START	1607018082145
REQUEST		request_0	1607018082145	1607018082243	OK	 
USER	gatwai	END	1607018082244
USER	gatwai	START	1607018082349
REQUEST		request_0	1607018082349	1607018082457	OK	 
USER	gatwai	END	1607018082458
USER	gatwai	START	1607018082551
REQUEST		request_0	1607018082552	1607018082650	OK	 
USER	gatwai	END	1607018082651
USER	gatwai	START	1607018082755
REQUEST		request_0	1607018082755	1607018082854	OK	 
USER	gatwai	END	1607018082854
USER	gatwai	START	1607018082942
REQUEST		request_0	1607018082942	1607018083051	OK	 
USER	gatwai	END	1607018083051
USER	gatwai	START	1607018083148
REQUEST		request_0	1607018083148	1607018083247	OK	 
USER	gatwai	END	1607018083248
USER	gatwai	START	1607018083351
REQUEST		request_0	1607018083351	1607018083447	OK	 
USER	gatwai	END	1607018083448
USER	gatwai	START	1607018083554
REQUEST		request_0	1607018083555	1607018083656	OK	 
USER	gatwai	END	1607018083656
USER	gatwai	START	1607018083742
REQUEST		request_0	1607018083742	1607018083844	OK	 
USER	gatwai	END	1607018083844
USER	gatwai	START	1607018083945
REQUEST		request_0	1607018083945	1607018084041	OK	 
USER	gatwai	END	1607018084042
USER	gatwai	START	1607018084148
REQUEST		request_0	1607018084149	1607018084257	OK	 
USER	gatwai	END	1607018084258
USER	gatwai	START	1607018084351
REQUEST		request_0	1607018084352	1607018084450	OK	 
USER	gatwai	END	1607018084450
USER	gatwai	START	1607018084555
REQUEST		request_0	1607018084555	1607018084652	OK	 
USER	gatwai	END	1607018084652
USER	gatwai	START	1607018084742
REQUEST		request_0	1607018084742	1607018084844	OK	 
USER	gatwai	END	1607018084844
USER	gatwai	START	1607018084945
REQUEST		request_0	1607018084946	1607018085058	OK	 
USER	gatwai	END	1607018085059
USER	gatwai	START	1607018085149
REQUEST		request_0	1607018085150	1607018085247	OK	 
USER	gatwai	END	1607018085248
USER	gatwai	START	1607018085354
REQUEST		request_0	1607018085354	1607018085455	OK	 
USER	gatwai	END	1607018085455
USER	gatwai	START	1607018085541
REQUEST		request_0	1607018085541	1607018085641	OK	 
USER	gatwai	END	1607018085642
USER	gatwai	START	1607018085744
REQUEST		request_0	1607018085745	1607018085845	OK	 
USER	gatwai	END	1607018085845
USER	gatwai	START	1607018085948
REQUEST		request_0	1607018085948	1607018086047	OK	 
USER	gatwai	END	1607018086048
USER	gatwai	START	1607018086151
REQUEST		request_0	1607018086151	1607018086245	OK	 
USER	gatwai	END	1607018086246
USER	gatwai	START	1607018086354
REQUEST		request_0	1607018086354	1607018086461	OK	 
USER	gatwai	END	1607018086462
USER	gatwai	START	1607018086541
REQUEST		request_0	1607018086541	1607018086634	OK	 
USER	gatwai	END	1607018086635
USER	gatwai	START	1607018086744
REQUEST		request_0	1607018086745	1607018086847	OK	 
USER	gatwai	END	1607018086848
USER	gatwai	START	1607018086950
REQUEST		request_0	1607018086950	1607018087047	OK	 
USER	gatwai	END	1607018087047
USER	gatwai	START	1607018087153
REQUEST		request_0	1607018087153	1607018087245	OK	 
USER	gatwai	END	1607018087246
USER	gatwai	START	1607018087341
REQUEST		request_0	1607018087341	1607018087456	OK	 
USER	gatwai	END	1607018087457
USER	gatwai	START	1607018087544
REQUEST		request_0	1607018087544	1607018087647	OK	 
USER	gatwai	END	1607018087648
USER	gatwai	START	1607018087746
REQUEST		request_0	1607018087747	1607018087841	OK	 
USER	gatwai	END	1607018087842
USER	gatwai	START	1607018087950
REQUEST		request_0	1607018087950	1607018088037	OK	 
USER	gatwai	END	1607018088038
USER	gatwai	START	1607018088154
REQUEST		request_0	1607018088154	1607018088254	OK	 
USER	gatwai	END	1607018088255
USER	gatwai	START	1607018088342
REQUEST		request_0	1607018088342	1607018088433	OK	 
USER	gatwai	END	1607018088434
USER	gatwai	START	1607018088545
REQUEST		request_0	1607018088545	1607018088647	OK	 
USER	gatwai	END	1607018088647
USER	gatwai	START	1607018088748
REQUEST		request_0	1607018088748	1607018088854	OK	 
USER	gatwai	END	1607018088855
USER	gatwai	START	1607018088951
REQUEST		request_0	1607018088951	1607018089055	OK	 
USER	gatwai	END	1607018089056
USER	gatwai	START	1607018089152
REQUEST		request_0	1607018089153	1607018089253	OK	 
USER	gatwai	END	1607018089254
USER	gatwai	START	1607018089340
REQUEST		request_0	1607018089340	1607018089427	OK	 
USER	gatwai	END	1607018089428
USER	gatwai	START	1607018089543
REQUEST		request_0	1607018089543	1607018089643	OK	 
USER	gatwai	END	1607018089644
USER	gatwai	START	1607018089746
REQUEST		request_0	1607018089747	1607018089846	OK	 
USER	gatwai	END	1607018089847
USER	gatwai	START	1607018089949
REQUEST		request_0	1607018089950	1607018090050	OK	 
USER	gatwai	END	1607018090051
USER	gatwai	START	1607018090169
REQUEST		request_0	1607018090169	1607018090266	OK	 
USER	gatwai	END	1607018090267
USER	gatwai	START	1607018090345
REQUEST		request_0	1607018090345	1607018090440	OK	 
USER	gatwai	END	1607018090440
USER	gatwai	START	1607018090548
REQUEST		request_0	1607018090548	1607018090649	OK	 
USER	gatwai	END	1607018090649
USER	gatwai	START	1607018090751
REQUEST		request_0	1607018090752	1607018090861	OK	 
USER	gatwai	END	1607018090862
USER	gatwai	START	1607018090954
REQUEST		request_0	1607018090955	1607018091042	OK	 
USER	gatwai	END	1607018091043
USER	gatwai	START	1607018091142
REQUEST		request_0	1607018091142	1607018091236	OK	 
USER	gatwai	END	1607018091236
USER	gatwai	START	1607018091345
REQUEST		request_0	1607018091346	1607018091446	OK	 
USER	gatwai	END	1607018091446
USER	gatwai	START	1607018091549
REQUEST		request_0	1607018091549	1607018091640	OK	 
USER	gatwai	END	1607018091641
USER	gatwai	START	1607018091752
REQUEST		request_0	1607018091752	1607018091858	OK	 
USER	gatwai	END	1607018091859
USER	gatwai	START	1607018091955
REQUEST		request_0	1607018091955	1607018092058	OK	 
USER	gatwai	END	1607018092059
USER	gatwai	START	1607018092142
REQUEST		request_0	1607018092143	1607018092239	OK	 
USER	gatwai	END	1607018092240
USER	gatwai	START	1607018092350
REQUEST		request_0	1607018092350	1607018092458	OK	 
USER	gatwai	END	1607018092459
USER	gatwai	START	1607018092553
REQUEST		request_0	1607018092553	1607018092659	OK	 
USER	gatwai	END	1607018092659
USER	gatwai	START	1607018092741
REQUEST		request_0	1607018092741	1607018092832	OK	 
USER	gatwai	END	1607018092833
USER	gatwai	START	1607018092944
REQUEST		request_0	1607018092944	1607018093034	OK	 
USER	gatwai	END	1607018093035
USER	gatwai	START	1607018093147
REQUEST		request_0	1607018093147	1607018093249	OK	 
USER	gatwai	END	1607018093249
USER	gatwai	START	1607018093354
REQUEST		request_0	1607018093355	1607018093455	OK	 
USER	gatwai	END	1607018093455
USER	gatwai	START	1607018093541
REQUEST		request_0	1607018093541	1607018093639	OK	 
USER	gatwai	END	1607018093640
USER	gatwai	START	1607018093744
REQUEST		request_0	1607018093745	1607018093843	OK	 
USER	gatwai	END	1607018093844
USER	gatwai	START	1607018093948
REQUEST		request_0	1607018093948	1607018094047	OK	 
USER	gatwai	END	1607018094047
USER	gatwai	START	1607018094151
REQUEST		request_0	1607018094151	1607018094248	OK	 
USER	gatwai	END	1607018094249
USER	gatwai	START	1607018094343
REQUEST		request_0	1607018094343	1607018094441	OK	 
USER	gatwai	END	1607018094442
USER	gatwai	START	1607018094546
REQUEST		request_0	1607018094546	1607018094651	OK	 
USER	gatwai	END	1607018094652
USER	gatwai	START	1607018094749
REQUEST		request_0	1607018094749	1607018094844	OK	 
USER	gatwai	END	1607018094844
USER	gatwai	START	1607018094952
REQUEST		request_0	1607018094952	1607018095041	OK	 
USER	gatwai	END	1607018095042
USER	gatwai	START	1607018095156
REQUEST		request_0	1607018095156	1607018095245	OK	 
USER	gatwai	END	1607018095245
USER	gatwai	START	1607018095343
REQUEST		request_0	1607018095343	1607018095431	OK	 
USER	gatwai	END	1607018095432
USER	gatwai	START	1607018095546
REQUEST		request_0	1607018095547	1607018095649	OK	 
USER	gatwai	END	1607018095650
USER	gatwai	START	1607018095749
REQUEST		request_0	1607018095749	1607018095847	OK	 
USER	gatwai	END	1607018095848
USER	gatwai	START	1607018095952
REQUEST		request_0	1607018095952	1607018096049	OK	 
USER	gatwai	END	1607018096049
USER	gatwai	START	1607018096156
REQUEST		request_0	1607018096156	1607018096254	OK	 
USER	gatwai	END	1607018096255
USER	gatwai	START	1607018096343
REQUEST		request_0	1607018096343	1607018096442	OK	 
USER	gatwai	END	1607018096443
USER	gatwai	START	1607018096546
REQUEST		request_0	1607018096547	1607018096647	OK	 
USER	gatwai	END	1607018096648
USER	gatwai	START	1607018096749
REQUEST		request_0	1607018096749	1607018096853	OK	 
USER	gatwai	END	1607018096853
USER	gatwai	START	1607018096952
REQUEST		request_0	1607018096953	1607018097052	OK	 
USER	gatwai	END	1607018097053
USER	gatwai	START	1607018097140
REQUEST		request_0	1607018097140	1607018097235	OK	 
USER	gatwai	END	1607018097236
USER	gatwai	START	1607018097343
REQUEST		request_0	1607018097343	1607018097451	OK	 
USER	gatwai	END	1607018097451
USER	gatwai	START	1607018097546
REQUEST		request_0	1607018097547	1607018097642	OK	 
USER	gatwai	END	1607018097643
USER	gatwai	START	1607018097749
REQUEST		request_0	1607018097750	1607018097848	OK	 
USER	gatwai	END	1607018097849
USER	gatwai	START	1607018097952
REQUEST		request_0	1607018097952	1607018098041	OK	 
USER	gatwai	END	1607018098041
USER	gatwai	START	1607018098156
REQUEST		request_0	1607018098156	1607018098262	OK	 
USER	gatwai	END	1607018098263
USER	gatwai	START	1607018098343
REQUEST		request_0	1607018098343	1607018098439	OK	 
USER	gatwai	END	1607018098440
USER	gatwai	START	1607018098546
REQUEST		request_0	1607018098547	1607018098647	OK	 
USER	gatwai	END	1607018098647
USER	gatwai	START	1607018098749
REQUEST		request_0	1607018098749	1607018098845	OK	 
USER	gatwai	END	1607018098846
USER	gatwai	START	1607018098952
REQUEST		request_0	1607018098952	1607018099043	OK	 
USER	gatwai	END	1607018099044
USER	gatwai	START	1607018099153
REQUEST		request_0	1607018099153	1607018099252	OK	 
USER	gatwai	END	1607018099253
USER	gatwai	START	1607018099340
REQUEST		request_0	1607018099341	1607018099438	OK	 
USER	gatwai	END	1607018099438
USER	gatwai	START	1607018099544
REQUEST		request_0	1607018099544	1607018099659	OK	 
USER	gatwai	END	1607018099660
USER	gatwai	START	1607018099747
REQUEST		request_0	1607018099747	1607018099849	OK	 
USER	gatwai	END	1607018099849
USER	gatwai	START	1607018099950
REQUEST		request_0	1607018099950	1607018100044	OK	 
USER	gatwai	END	1607018100044
USER	gatwai	START	1607018100153
REQUEST		request_0	1607018100153	1607018100256	OK	 
USER	gatwai	END	1607018100256
USER	gatwai	START	1607018100341
REQUEST		request_0	1607018100341	1607018100451	OK	 
USER	gatwai	END	1607018100451
USER	gatwai	START	1607018100544
REQUEST		request_0	1607018100544	1607018100632	OK	 
USER	gatwai	END	1607018100633
USER	gatwai	START	1607018100747
REQUEST		request_0	1607018100747	1607018100843	OK	 
USER	gatwai	END	1607018100844
USER	gatwai	START	1607018100950
REQUEST		request_0	1607018100950	1607018101049	OK	 
USER	gatwai	END	1607018101050
USER	gatwai	START	1607018101153
REQUEST		request_0	1607018101153	1607018101254	OK	 
USER	gatwai	END	1607018101254
USER	gatwai	START	1607018101358
REQUEST		request_0	1607018101358	1607018101464	OK	 
USER	gatwai	END	1607018101464
USER	gatwai	START	1607018101544
REQUEST		request_0	1607018101544	1607018101631	OK	 
USER	gatwai	END	1607018101631
USER	gatwai	START	1607018101747
REQUEST		request_0	1607018101747	1607018101851	OK	 
USER	gatwai	END	1607018101851
USER	gatwai	START	1607018101949
REQUEST		request_0	1607018101950	1607018102038	OK	 
USER	gatwai	END	1607018102038
USER	gatwai	START	1607018102153
REQUEST		request_0	1607018102153	1607018102250	OK	 
USER	gatwai	END	1607018102251
USER	gatwai	START	1607018102357
REQUEST		request_0	1607018102358	1607018102464	OK	 
USER	gatwai	END	1607018102465
USER	gatwai	START	1607018102547
REQUEST		request_0	1607018102547	1607018102637	OK	 
USER	gatwai	END	1607018102638
USER	gatwai	START	1607018102750
REQUEST		request_0	1607018102750	1607018102852	OK	 
USER	gatwai	END	1607018102853
USER	gatwai	START	1607018102965
REQUEST		request_0	1607018102966	1607018103064	OK	 
USER	gatwai	END	1607018103065
USER	gatwai	START	1607018103156
REQUEST		request_0	1607018103156	1607018103251	OK	 
USER	gatwai	END	1607018103252
USER	gatwai	START	1607018103343
REQUEST		request_0	1607018103344	1607018103442	OK	 
USER	gatwai	END	1607018103443
USER	gatwai	START	1607018103547
REQUEST		request_0	1607018103548	1607018103649	OK	 
USER	gatwai	END	1607018103649
USER	gatwai	START	1607018103750
REQUEST		request_0	1607018103750	1607018103856	OK	 
USER	gatwai	END	1607018103856
USER	gatwai	START	1607018103953
REQUEST		request_0	1607018103953	1607018104056	OK	 
USER	gatwai	END	1607018104057
USER	gatwai	START	1607018104156
REQUEST		request_0	1607018104156	1607018104252	OK	 
USER	gatwai	END	1607018104253
USER	gatwai	START	1607018104343
REQUEST		request_0	1607018104343	1607018104443	OK	 
USER	gatwai	END	1607018104444
USER	gatwai	START	1607018104551
REQUEST		request_0	1607018104551	1607018104645	OK	 
USER	gatwai	END	1607018104647
USER	gatwai	START	1607018104754
REQUEST		request_0	1607018104754	1607018104860	OK	 
USER	gatwai	END	1607018104861
USER	gatwai	START	1607018104941
REQUEST		request_0	1607018104941	1607018105042	OK	 
USER	gatwai	END	1607018105043
USER	gatwai	START	1607018105144
REQUEST		request_0	1607018105145	1607018105246	OK	 
USER	gatwai	END	1607018105246
USER	gatwai	START	1607018105347
REQUEST		request_0	1607018105348	1607018105448	OK	 
USER	gatwai	END	1607018105449
USER	gatwai	START	1607018105555
REQUEST		request_0	1607018105555	1607018105652	OK	 
USER	gatwai	END	1607018105653
USER	gatwai	START	1607018105742
REQUEST		request_0	1607018105742	1607018105840	OK	 
USER	gatwai	END	1607018105841
USER	gatwai	START	1607018105945
REQUEST		request_0	1607018105946	1607018106044	OK	 
USER	gatwai	END	1607018106045
USER	gatwai	START	1607018106149
REQUEST		request_0	1607018106149	1607018106259	OK	 
USER	gatwai	END	1607018106260
USER	gatwai	START	1607018106351
REQUEST		request_0	1607018106352	1607018106453	OK	 
USER	gatwai	END	1607018106454
USER	gatwai	START	1607018106543
REQUEST		request_0	1607018106544	1607018106644	OK	 
USER	gatwai	END	1607018106645
USER	gatwai	START	1607018106747
REQUEST		request_0	1607018106748	1607018106867	OK	 
USER	gatwai	END	1607018106867
USER	gatwai	START	1607018106950
REQUEST		request_0	1607018106951	1607018107044	OK	 
USER	gatwai	END	1607018107045
USER	gatwai	START	1607018107153
REQUEST		request_0	1607018107153	1607018107245	OK	 
USER	gatwai	END	1607018107246
USER	gatwai	START	1607018107341
REQUEST		request_0	1607018107341	1607018107449	OK	 
USER	gatwai	END	1607018107450
USER	gatwai	START	1607018107548
REQUEST		request_0	1607018107548	1607018107636	OK	 
USER	gatwai	END	1607018107637
USER	gatwai	START	1607018107752
REQUEST		request_0	1607018107752	1607018107862	OK	 
USER	gatwai	END	1607018107862
USER	gatwai	START	1607018107954
REQUEST		request_0	1607018107955	1607018108050	OK	 
USER	gatwai	END	1607018108051
USER	gatwai	START	1607018108142
REQUEST		request_0	1607018108142	1607018108247	OK	 
USER	gatwai	END	1607018108247
USER	gatwai	START	1607018108345
REQUEST		request_0	1607018108345	1607018108433	OK	 
USER	gatwai	END	1607018108434
USER	gatwai	START	1607018108548
REQUEST		request_0	1607018108548	1607018108668	OK	 
USER	gatwai	END	1607018108669
USER	gatwai	START	1607018108751
REQUEST		request_0	1607018108751	1607018108847	OK	 
USER	gatwai	END	1607018108848
USER	gatwai	START	1607018108954
REQUEST		request_0	1607018108955	1607018109053	OK	 
USER	gatwai	END	1607018109054
USER	gatwai	START	1607018109142
REQUEST		request_0	1607018109142	1607018109239	OK	 
USER	gatwai	END	1607018109239
USER	gatwai	START	1607018109353
REQUEST		request_0	1607018109354	1607018109450	OK	 
USER	gatwai	END	1607018109450
USER	gatwai	START	1607018109541
REQUEST		request_0	1607018109542	1607018109654	OK	 
USER	gatwai	END	1607018109655
USER	gatwai	START	1607018109744
REQUEST		request_0	1607018109745	1607018109835	OK	 
USER	gatwai	END	1607018109835
USER	gatwai	START	1607018109948
REQUEST		request_0	1607018109948	1607018110052	OK	 
USER	gatwai	END	1607018110053
USER	gatwai	START	1607018110151
REQUEST		request_0	1607018110151	1607018110245	OK	 
USER	gatwai	END	1607018110246
USER	gatwai	START	1607018110354
REQUEST		request_0	1607018110354	1607018110460	OK	 
USER	gatwai	END	1607018110461
USER	gatwai	START	1607018110541
REQUEST		request_0	1607018110541	1607018110637	OK	 
USER	gatwai	END	1607018110637
USER	gatwai	START	1607018110744
REQUEST		request_0	1607018110745	1607018110841	OK	 
USER	gatwai	END	1607018110841
USER	gatwai	START	1607018110948
REQUEST		request_0	1607018110948	1607018111042	OK	 
USER	gatwai	END	1607018111043
USER	gatwai	START	1607018111151
REQUEST		request_0	1607018111151	1607018111245	OK	 
USER	gatwai	END	1607018111245
USER	gatwai	START	1607018111354
REQUEST		request_0	1607018111354	1607018111444	OK	 
USER	gatwai	END	1607018111444
USER	gatwai	START	1607018111541
REQUEST		request_0	1607018111541	1607018111632	OK	 
USER	gatwai	END	1607018111633
USER	gatwai	START	1607018111744
REQUEST		request_0	1607018111745	1607018111847	OK	 
USER	gatwai	END	1607018111848
USER	gatwai	START	1607018111948
REQUEST		request_0	1607018111948	1607018112042	OK	 
USER	gatwai	END	1607018112042
USER	gatwai	START	1607018112151
REQUEST		request_0	1607018112151	1607018112250	OK	 
USER	gatwai	END	1607018112251
USER	gatwai	START	1607018112354
REQUEST		request_0	1607018112354	1607018112469	OK	 
USER	gatwai	END	1607018112470
USER	gatwai	START	1607018112541
REQUEST		request_0	1607018112541	1607018112636	OK	 
USER	gatwai	END	1607018112636
USER	gatwai	START	1607018112744
REQUEST		request_0	1607018112745	1607018112833	OK	 
USER	gatwai	END	1607018112833
USER	gatwai	START	1607018112947
REQUEST		request_0	1607018112948	1607018113047	OK	 
USER	gatwai	END	1607018113048
USER	gatwai	START	1607018113151
REQUEST		request_0	1607018113151	1607018113244	OK	 
USER	gatwai	END	1607018113245
USER	gatwai	START	1607018113354
REQUEST		request_0	1607018113355	1607018113466	OK	 
USER	gatwai	END	1607018113466
USER	gatwai	START	1607018113558
REQUEST		request_0	1607018113558	1607018113666	OK	 
USER	gatwai	END	1607018113667
USER	gatwai	START	1607018113750
REQUEST		request_0	1607018113750	1607018113848	OK	 
USER	gatwai	END	1607018113849
USER	gatwai	START	1607018113953
REQUEST		request_0	1607018113954	1607018114055	OK	 
USER	gatwai	END	1607018114056
USER	gatwai	START	1607018114140
REQUEST		request_0	1607018114141	1607018114230	OK	 
USER	gatwai	END	1607018114230
USER	gatwai	START	1607018114344
REQUEST		request_0	1607018114344	1607018114449	OK	 
USER	gatwai	END	1607018114450
USER	gatwai	START	1607018114547
REQUEST		request_0	1607018114547	1607018114647	OK	 
USER	gatwai	END	1607018114648
USER	gatwai	START	1607018114750
REQUEST		request_0	1607018114750	1607018114844	OK	 
USER	gatwai	END	1607018114845
USER	gatwai	START	1607018114953
REQUEST		request_0	1607018114953	1607018115049	OK	 
USER	gatwai	END	1607018115049
USER	gatwai	START	1607018115156
REQUEST		request_0	1607018115157	1607018115266	OK	 
USER	gatwai	END	1607018115267
USER	gatwai	START	1607018115344
REQUEST		request_0	1607018115344	1607018115433	OK	 
USER	gatwai	END	1607018115434
USER	gatwai	START	1607018115547
REQUEST		request_0	1607018115547	1607018115642	OK	 
USER	gatwai	END	1607018115643
USER	gatwai	START	1607018115750
REQUEST		request_0	1607018115750	1607018115843	OK	 
USER	gatwai	END	1607018115844
USER	gatwai	START	1607018115953
REQUEST		request_0	1607018115953	1607018116049	OK	 
USER	gatwai	END	1607018116049
USER	gatwai	START	1607018116140
REQUEST		request_0	1607018116141	1607018116236	OK	 
USER	gatwai	END	1607018116237
USER	gatwai	START	1607018116344
REQUEST		request_0	1607018116344	1607018116446	OK	 
USER	gatwai	END	1607018116446
USER	gatwai	START	1607018116547
REQUEST		request_0	1607018116547	1607018116654	OK	 
USER	gatwai	END	1607018116655
USER	gatwai	START	1607018116755
REQUEST		request_0	1607018116755	1607018116847	OK	 
USER	gatwai	END	1607018116848
USER	gatwai	START	1607018116942
REQUEST		request_0	1607018116943	1607018117038	OK	 
USER	gatwai	END	1607018117038
USER	gatwai	START	1607018117146
REQUEST		request_0	1607018117147	1607018117244	OK	 
USER	gatwai	END	1607018117245
USER	gatwai	START	1607018117355
REQUEST		request_0	1607018117355	1607018117464	OK	 
USER	gatwai	END	1607018117464
USER	gatwai	START	1607018117542
REQUEST		request_0	1607018117542	1607018117634	OK	 
USER	gatwai	END	1607018117635
USER	gatwai	START	1607018117752
REQUEST		request_0	1607018117753	1607018117847	OK	 
USER	gatwai	END	1607018117848
USER	gatwai	START	1607018117942
REQUEST		request_0	1607018117942	1607018118050	OK	 
USER	gatwai	END	1607018118051
USER	gatwai	START	1607018118145
REQUEST		request_0	1607018118145	1607018118245	OK	 
USER	gatwai	END	1607018118245
USER	gatwai	START	1607018118348
REQUEST		request_0	1607018118348	1607018118435	OK	 
USER	gatwai	END	1607018118436
USER	gatwai	START	1607018118552
REQUEST		request_0	1607018118552	1607018118658	OK	 
USER	gatwai	END	1607018118658
USER	gatwai	START	1607018118745
REQUEST		request_0	1607018118745	1607018118846	OK	 
USER	gatwai	END	1607018118846
USER	gatwai	START	1607018118948
REQUEST		request_0	1607018118948	1607018119046	OK	 
USER	gatwai	END	1607018119046
USER	gatwai	START	1607018119151
REQUEST		request_0	1607018119151	1607018119251	OK	 
USER	gatwai	END	1607018119252
USER	gatwai	START	1607018119354
REQUEST		request_0	1607018119355	1607018119455	OK	 
USER	gatwai	END	1607018119456
USER	gatwai	START	1607018119541
REQUEST		request_0	1607018119541	1607018119630	OK	 
USER	gatwai	END	1607018119631
USER	gatwai	START	1607018119745
REQUEST		request_0	1607018119745	1607018119844	OK	 
USER	gatwai	END	1607018119844
USER	gatwai	START	1607018119948
REQUEST		request_0	1607018119948	1607018120048	OK	 
USER	gatwai	END	1607018120049
USER	gatwai	START	1607018120151
REQUEST		request_0	1607018120151	1607018120244	OK	 
USER	gatwai	END	1607018120245
USER	gatwai	START	1607018120354
REQUEST		request_0	1607018120355	1607018120454	OK	 
USER	gatwai	END	1607018120454
USER	gatwai	START	1607018120542
REQUEST		request_0	1607018120542	1607018120639	OK	 
USER	gatwai	END	1607018120640
USER	gatwai	START	1607018120745
REQUEST		request_0	1607018120745	1607018120844	OK	 
USER	gatwai	END	1607018120845
USER	gatwai	START	1607018120948
REQUEST		request_0	1607018120948	1607018121050	OK	 
USER	gatwai	END	1607018121050
USER	gatwai	START	1607018121151
REQUEST		request_0	1607018121151	1607018121242	OK	 
USER	gatwai	END	1607018121243
USER	gatwai	START	1607018121354
REQUEST		request_0	1607018121355	1607018121457	OK	 
USER	gatwai	END	1607018121458
USER	gatwai	START	1607018121542
REQUEST		request_0	1607018121542	1607018121633	OK	 
USER	gatwai	END	1607018121634
USER	gatwai	START	1607018121745
REQUEST		request_0	1607018121745	1607018121845	OK	 
USER	gatwai	END	1607018121845
USER	gatwai	START	1607018121948
REQUEST		request_0	1607018121948	1607018122043	OK	 
USER	gatwai	END	1607018122044
USER	gatwai	START	1607018122151
REQUEST		request_0	1607018122151	1607018122261	OK	 
USER	gatwai	END	1607018122262
USER	gatwai	START	1607018122354
REQUEST		request_0	1607018122355	1607018122442	OK	 
USER	gatwai	END	1607018122443
USER	gatwai	START	1607018122542
REQUEST		request_0	1607018122542	1607018122643	OK	 
USER	gatwai	END	1607018122644
USER	gatwai	START	1607018122745
REQUEST		request_0	1607018122746	1607018122846	OK	 
USER	gatwai	END	1607018122847
USER	gatwai	START	1607018122948
REQUEST		request_0	1607018122948	1607018123040	OK	 
USER	gatwai	END	1607018123040
USER	gatwai	START	1607018123151
REQUEST		request_0	1607018123151	1607018123254	OK	 
USER	gatwai	END	1607018123255
USER	gatwai	START	1607018123354
REQUEST		request_0	1607018123355	1607018123461	OK	 
USER	gatwai	END	1607018123462
USER	gatwai	START	1607018123542
REQUEST		request_0	1607018123542	1607018123633	OK	 
USER	gatwai	END	1607018123634
USER	gatwai	START	1607018123744
REQUEST		request_0	1607018123745	1607018123832	OK	 
USER	gatwai	END	1607018123833
USER	gatwai	START	1607018123948
REQUEST		request_0	1607018123948	1607018124060	OK	 
USER	gatwai	END	1607018124061
USER	gatwai	START	1607018124151
REQUEST		request_0	1607018124151	1607018124248	OK	 
USER	gatwai	END	1607018124249
USER	gatwai	START	1607018124354
REQUEST		request_0	1607018124355	1607018124450	OK	 
USER	gatwai	END	1607018124451
USER	gatwai	START	1607018124542
REQUEST		request_0	1607018124542	1607018124631	OK	 
USER	gatwai	END	1607018124632
USER	gatwai	START	1607018124745
REQUEST		request_0	1607018124745	1607018124846	OK	 
USER	gatwai	END	1607018124846
USER	gatwai	START	1607018124952
REQUEST		request_0	1607018124952	1607018125047	OK	 
USER	gatwai	END	1607018125048
USER	gatwai	START	1607018125155
REQUEST		request_0	1607018125156	1607018125264	OK	 
USER	gatwai	END	1607018125265
USER	gatwai	START	1607018125342
REQUEST		request_0	1607018125342	1607018125430	OK	 
USER	gatwai	END	1607018125431
USER	gatwai	START	1607018125545
REQUEST		request_0	1607018125546	1607018125645	OK	 
USER	gatwai	END	1607018125645
USER	gatwai	START	1607018125748
REQUEST		request_0	1607018125749	1607018125842	OK	 
USER	gatwai	END	1607018125843
USER	gatwai	START	1607018125952
REQUEST		request_0	1607018125953	1607018126061	OK	 
USER	gatwai	END	1607018126061
USER	gatwai	START	1607018126140
REQUEST		request_0	1607018126140	1607018126235	OK	 
USER	gatwai	END	1607018126235
USER	gatwai	START	1607018126343
REQUEST		request_0	1607018126343	1607018126442	OK	 
USER	gatwai	END	1607018126443
USER	gatwai	START	1607018126546
REQUEST		request_0	1607018126546	1607018126647	OK	 
USER	gatwai	END	1607018126647
USER	gatwai	START	1607018126749
REQUEST		request_0	1607018126749	1607018126846	OK	 
USER	gatwai	END	1607018126847
USER	gatwai	START	1607018126952
REQUEST		request_0	1607018126952	1607018127045	OK	 
USER	gatwai	END	1607018127046
USER	gatwai	START	1607018127155
REQUEST		request_0	1607018127156	1607018127254	OK	 
USER	gatwai	END	1607018127255
USER	gatwai	START	1607018127343
REQUEST		request_0	1607018127343	1607018127432	OK	 
USER	gatwai	END	1607018127432
USER	gatwai	START	1607018127546
REQUEST		request_0	1607018127546	1607018127644	OK	 
USER	gatwai	END	1607018127645
USER	gatwai	START	1607018127749
REQUEST		request_0	1607018127749	1607018127849	OK	 
USER	gatwai	END	1607018127849
USER	gatwai	START	1607018127952
REQUEST		request_0	1607018127952	1607018128050	OK	 
USER	gatwai	END	1607018128051
USER	gatwai	START	1607018128155
REQUEST		request_0	1607018128156	1607018128245	OK	 
USER	gatwai	END	1607018128246
USER	gatwai	START	1607018128343
REQUEST		request_0	1607018128343	1607018128447	OK	 
USER	gatwai	END	1607018128448
USER	gatwai	START	1607018128546
REQUEST		request_0	1607018128546	1607018128641	OK	 
USER	gatwai	END	1607018128642
USER	gatwai	START	1607018128749
REQUEST		request_0	1607018128749	1607018128839	OK	 
USER	gatwai	END	1607018128840
USER	gatwai	START	1607018128952
REQUEST		request_0	1607018128952	1607018129043	OK	 
USER	gatwai	END	1607018129047
USER	gatwai	START	1607018129140
REQUEST		request_0	1607018129140	1607018129238	OK	 
USER	gatwai	END	1607018129239
USER	gatwai	START	1607018129343
REQUEST		request_0	1607018129343	1607018129442	OK	 
USER	gatwai	END	1607018129443
USER	gatwai	START	1607018129546
REQUEST		request_0	1607018129546	1607018129642	OK	 
USER	gatwai	END	1607018129643
USER	gatwai	START	1607018129749
REQUEST		request_0	1607018129749	1607018129839	OK	 
USER	gatwai	END	1607018129839
USER	gatwai	START	1607018129941
REQUEST		request_0	1607018129941	1607018130042	OK	 
USER	gatwai	END	1607018130043
USER	gatwai	START	1607018130144
REQUEST		request_0	1607018130144	1607018130234	OK	 
USER	gatwai	END	1607018130235
USER	gatwai	START	1607018130347
REQUEST		request_0	1607018130347	1607018130451	OK	 
USER	gatwai	END	1607018130451
USER	gatwai	START	1607018130550
REQUEST		request_0	1607018130550	1607018130643	OK	 
USER	gatwai	END	1607018130643
USER	gatwai	START	1607018130753
REQUEST		request_0	1607018130753	1607018130849	OK	 
USER	gatwai	END	1607018130850
USER	gatwai	START	1607018130940
REQUEST		request_0	1607018130940	1607018131036	OK	 
USER	gatwai	END	1607018131037
USER	gatwai	START	1607018131144
REQUEST		request_0	1607018131144	1607018131246	OK	 
USER	gatwai	END	1607018131247
USER	gatwai	START	1607018131346
REQUEST		request_0	1607018131347	1607018131434	OK	 
USER	gatwai	END	1607018131435
USER	gatwai	START	1607018131550
REQUEST		request_0	1607018131550	1607018131659	OK	 
USER	gatwai	END	1607018131660
USER	gatwai	START	1607018131755
REQUEST		request_0	1607018131755	1607018131848	OK	 
USER	gatwai	END	1607018131848
USER	gatwai	START	1607018131945
REQUEST		request_0	1607018131946	1607018132043	OK	 
USER	gatwai	END	1607018132044
USER	gatwai	START	1607018132148
REQUEST		request_0	1607018132149	1607018132245	OK	 
USER	gatwai	END	1607018132246
USER	gatwai	START	1607018132352
REQUEST		request_0	1607018132352	1607018132441	OK	 
USER	gatwai	END	1607018132441
USER	gatwai	START	1607018132555
REQUEST		request_0	1607018132555	1607018132652	OK	 
USER	gatwai	END	1607018132653
USER	gatwai	START	1607018132742
REQUEST		request_0	1607018132742	1607018132836	OK	 
USER	gatwai	END	1607018132837
USER	gatwai	START	1607018132955
REQUEST		request_0	1607018132955	1607018133057	OK	 
USER	gatwai	END	1607018133058
USER	gatwai	START	1607018133142
REQUEST		request_0	1607018133142	1607018133244	OK	 
USER	gatwai	END	1607018133244
USER	gatwai	START	1607018133345
REQUEST		request_0	1607018133345	1607018133446	OK	 
USER	gatwai	END	1607018133446
USER	gatwai	START	1607018133548
REQUEST		request_0	1607018133549	1607018133652	OK	 
USER	gatwai	END	1607018133652
USER	gatwai	START	1607018133746
REQUEST		request_0	1607018133746	1607018133846	OK	 
USER	gatwai	END	1607018133847
USER	gatwai	START	1607018133949
REQUEST		request_0	1607018133949	1607018134051	OK	 
USER	gatwai	END	1607018134051
USER	gatwai	START	1607018134152
REQUEST		request_0	1607018134153	1607018134257	OK	 
USER	gatwai	END	1607018134258
USER	gatwai	START	1607018134355
REQUEST		request_0	1607018134356	1607018134443	OK	 
USER	gatwai	END	1607018134444
USER	gatwai	START	1607018134543
REQUEST		request_0	1607018134543	1607018134649	OK	 
USER	gatwai	END	1607018134650
USER	gatwai	START	1607018134746
REQUEST		request_0	1607018134746	1607018134839	OK	 
USER	gatwai	END	1607018134839
USER	gatwai	START	1607018134942
REQUEST		request_0	1607018134942	1607018135036	OK	 
USER	gatwai	END	1607018135036
USER	gatwai	START	1607018135144
REQUEST		request_0	1607018135145	1607018135234	OK	 
USER	gatwai	END	1607018135235
USER	gatwai	START	1607018135348
REQUEST		request_0	1607018135348	1607018135452	OK	 
USER	gatwai	END	1607018135453
USER	gatwai	START	1607018135551
REQUEST		request_0	1607018135551	1607018135645	OK	 
USER	gatwai	END	1607018135646
USER	gatwai	START	1607018135755
REQUEST		request_0	1607018135756	1607018135848	OK	 
USER	gatwai	END	1607018135848
USER	gatwai	START	1607018135943
REQUEST		request_0	1607018135944	1607018136053	OK	 
USER	gatwai	END	1607018136053
USER	gatwai	START	1607018136146
REQUEST		request_0	1607018136146	1607018136237	OK	 
USER	gatwai	END	1607018136238
USER	gatwai	START	1607018136349
REQUEST		request_0	1607018136350	1607018136451	OK	 
USER	gatwai	END	1607018136452
USER	gatwai	START	1607018136552
REQUEST		request_0	1607018136553	1607018136641	OK	 
USER	gatwai	END	1607018136642
USER	gatwai	START	1607018136756
REQUEST		request_0	1607018136756	1607018136858	OK	 
USER	gatwai	END	1607018136859
USER	gatwai	START	1607018136945
REQUEST		request_0	1607018136946	1607018137036	OK	 
USER	gatwai	END	1607018137036
USER	gatwai	START	1607018137149
REQUEST		request_0	1607018137149	1607018137254	OK	 
USER	gatwai	END	1607018137254
USER	gatwai	START	1607018137352
REQUEST		request_0	1607018137352	1607018137448	OK	 
USER	gatwai	END	1607018137448
USER	gatwai	START	1607018137555
REQUEST		request_0	1607018137555	1607018137653	OK	 
USER	gatwai	END	1607018137654
USER	gatwai	START	1607018137742
REQUEST		request_0	1607018137743	1607018137833	OK	 
USER	gatwai	END	1607018137834
USER	gatwai	START	1607018137945
REQUEST		request_0	1607018137946	1607018138046	OK	 
USER	gatwai	END	1607018138047
USER	gatwai	START	1607018138149
REQUEST		request_0	1607018138149	1607018138247	OK	 
USER	gatwai	END	1607018138247
USER	gatwai	START	1607018138352
REQUEST		request_0	1607018138352	1607018138453	OK	 
USER	gatwai	END	1607018138453
USER	gatwai	START	1607018138555
REQUEST		request_0	1607018138555	1607018138651	OK	 
USER	gatwai	END	1607018138652
USER	gatwai	START	1607018138742
REQUEST		request_0	1607018138743	1607018138831	OK	 
USER	gatwai	END	1607018138831
USER	gatwai	START	1607018138946
REQUEST		request_0	1607018138947	1607018139050	OK	 
USER	gatwai	END	1607018139050
USER	gatwai	START	1607018139149
REQUEST		request_0	1607018139149	1607018139239	OK	 
USER	gatwai	END	1607018139240
USER	gatwai	START	1607018139352
REQUEST		request_0	1607018139353	1607018139450	OK	 
USER	gatwai	END	1607018139450
USER	gatwai	START	1607018139540
REQUEST		request_0	1607018139540	1607018139646	OK	 
USER	gatwai	END	1607018139646
USER	gatwai	START	1607018139743
REQUEST		request_0	1607018139743	1607018139842	OK	 
USER	gatwai	END	1607018139843
USER	gatwai	START	1607018139946
REQUEST		request_0	1607018139946	1607018140052	OK	 
USER	gatwai	END	1607018140052
USER	gatwai	START	1607018140148
REQUEST		request_0	1607018140149	1607018140235	OK	 
USER	gatwai	END	1607018140235
USER	gatwai	START	1607018140352
REQUEST		request_0	1607018140352	1607018140455	OK	 
USER	gatwai	END	1607018140456
USER	gatwai	START	1607018140540
REQUEST		request_0	1607018140540	1607018140642	OK	 
USER	gatwai	END	1607018140642
USER	gatwai	START	1607018140743
REQUEST		request_0	1607018140743	1607018140843	OK	 
USER	gatwai	END	1607018140844
USER	gatwai	START	1607018140946
REQUEST		request_0	1607018140946	1607018141047	OK	 
USER	gatwai	END	1607018141048
USER	gatwai	START	1607018141149
REQUEST		request_0	1607018141149	1607018141250	OK	 
USER	gatwai	END	1607018141251
USER	gatwai	START	1607018141352
REQUEST		request_0	1607018141352	1607018141449	OK	 
USER	gatwai	END	1607018141450
USER	gatwai	START	1607018141555
REQUEST		request_0	1607018141556	1607018141656	OK	 
USER	gatwai	END	1607018141656
USER	gatwai	START	1607018141743
REQUEST		request_0	1607018141743	1607018141839	OK	 
USER	gatwai	END	1607018141839
USER	gatwai	START	1607018141946
REQUEST		request_0	1607018141946	1607018142039	OK	 
USER	gatwai	END	1607018142040
USER	gatwai	START	1607018142149
REQUEST		request_0	1607018142149	1607018142261	OK	 
USER	gatwai	END	1607018142261
USER	gatwai	START	1607018142352
REQUEST		request_0	1607018142352	1607018142442	OK	 
USER	gatwai	END	1607018142443
USER	gatwai	START	1607018142540
REQUEST		request_0	1607018142540	1607018142638	OK	 
USER	gatwai	END	1607018142638
USER	gatwai	START	1607018142743
REQUEST		request_0	1607018142743	1607018142844	OK	 
USER	gatwai	END	1607018142844
USER	gatwai	START	1607018142946
REQUEST		request_0	1607018142946	1607018143050	OK	 
USER	gatwai	END	1607018143051
USER	gatwai	START	1607018143150
REQUEST		request_0	1607018143150	1607018143246	OK	 
USER	gatwai	END	1607018143247
USER	gatwai	START	1607018143354
REQUEST		request_0	1607018143354	1607018143449	OK	 
USER	gatwai	END	1607018143449
USER	gatwai	START	1607018143541
REQUEST		request_0	1607018143541	1607018143649	OK	 
USER	gatwai	END	1607018143650
USER	gatwai	START	1607018143744
REQUEST		request_0	1607018143744	1607018143843	OK	 
USER	gatwai	END	1607018143844
USER	gatwai	START	1607018143947
REQUEST		request_0	1607018143947	1607018144040	OK	 
USER	gatwai	END	1607018144041
USER	gatwai	START	1607018144151
REQUEST		request_0	1607018144151	1607018144243	OK	 
USER	gatwai	END	1607018144244
USER	gatwai	START	1607018144354
REQUEST		request_0	1607018144355	1607018144454	OK	 
USER	gatwai	END	1607018144454
USER	gatwai	START	1607018144542
REQUEST		request_0	1607018144542	1607018144639	OK	 
USER	gatwai	END	1607018144640
USER	gatwai	START	1607018144745
REQUEST		request_0	1607018144745	1607018144841	OK	 
USER	gatwai	END	1607018144841
USER	gatwai	START	1607018144948
REQUEST		request_0	1607018144948	1607018145046	OK	 
USER	gatwai	END	1607018145047
USER	gatwai	START	1607018145151
REQUEST		request_0	1607018145151	1607018145252	OK	 
USER	gatwai	END	1607018145252
USER	gatwai	START	1607018145354
REQUEST		request_0	1607018145355	1607018145462	OK	 
USER	gatwai	END	1607018145463
USER	gatwai	START	1607018145542
REQUEST		request_0	1607018145542	1607018145635	OK	 
USER	gatwai	END	1607018145636
USER	gatwai	START	1607018145745
REQUEST		request_0	1607018145745	1607018145835	OK	 
USER	gatwai	END	1607018145836
USER	gatwai	START	1607018145948
REQUEST		request_0	1607018145948	1607018146039	OK	 
USER	gatwai	END	1607018146040
USER	gatwai	START	1607018146154
REQUEST		request_0	1607018146155	1607018146247	OK	 
USER	gatwai	END	1607018146247
USER	gatwai	START	1607018146342
REQUEST		request_0	1607018146342	1607018146447	OK	 
USER	gatwai	END	1607018146447
USER	gatwai	START	1607018146545
REQUEST		request_0	1607018146545	1607018146635	OK	 
USER	gatwai	END	1607018146636
USER	gatwai	START	1607018146748
REQUEST		request_0	1607018146748	1607018146838	OK	 
USER	gatwai	END	1607018146839
USER	gatwai	START	1607018146951
REQUEST		request_0	1607018146952	1607018147057	OK	 
USER	gatwai	END	1607018147057
USER	gatwai	START	1607018147148
REQUEST		request_0	1607018147148	1607018147247	OK	 
USER	gatwai	END	1607018147247
USER	gatwai	START	1607018147349
REQUEST		request_0	1607018147349	1607018147448	OK	 
USER	gatwai	END	1607018147448
USER	gatwai	START	1607018147552
REQUEST		request_0	1607018147553	1607018147646	OK	 
USER	gatwai	END	1607018147647
USER	gatwai	START	1607018147740
REQUEST		request_0	1607018147740	1607018147831	OK	 
USER	gatwai	END	1607018147832
USER	gatwai	START	1607018147943
REQUEST		request_0	1607018147943	1607018148048	OK	 
USER	gatwai	END	1607018148048
USER	gatwai	START	1607018148150
REQUEST		request_0	1607018148150	1607018148247	OK	 
USER	gatwai	END	1607018148248
USER	gatwai	START	1607018148341
REQUEST		request_0	1607018148342	1607018148440	OK	 
USER	gatwai	END	1607018148440
USER	gatwai	START	1607018148545
REQUEST		request_0	1607018148545	1607018148660	OK	 
USER	gatwai	END	1607018148660
USER	gatwai	START	1607018148748
REQUEST		request_0	1607018148748	1607018148841	OK	 
USER	gatwai	END	1607018148842
USER	gatwai	START	1607018148951
REQUEST		request_0	1607018148951	1607018149050	OK	 
USER	gatwai	END	1607018149051
USER	gatwai	START	1607018149141
REQUEST		request_0	1607018149141	1607018149240	OK	 
USER	gatwai	END	1607018149241
USER	gatwai	START	1607018149345
REQUEST		request_0	1607018149345	1607018149446	OK	 
USER	gatwai	END	1607018149446
USER	gatwai	START	1607018149548
REQUEST		request_0	1607018149548	1607018149655	OK	 
USER	gatwai	END	1607018149656
USER	gatwai	START	1607018149751
REQUEST		request_0	1607018149751	1607018149845	OK	 
USER	gatwai	END	1607018149845
USER	gatwai	START	1607018149954
REQUEST		request_0	1607018149955	1607018150050	OK	 
USER	gatwai	END	1607018150051
USER	gatwai	START	1607018150142
REQUEST		request_0	1607018150142	1607018150231	OK	 
USER	gatwai	END	1607018150231
USER	gatwai	START	1607018150345
REQUEST		request_0	1607018150345	1607018150435	OK	 
USER	gatwai	END	1607018150435
USER	gatwai	START	1607018150548
REQUEST		request_0	1607018150548	1607018150646	OK	 
USER	gatwai	END	1607018150647
USER	gatwai	START	1607018150751
REQUEST		request_0	1607018150751	1607018150843	OK	 
USER	gatwai	END	1607018150843
USER	gatwai	START	1607018150954
REQUEST		request_0	1607018150954	1607018151054	OK	 
USER	gatwai	END	1607018151055
USER	gatwai	START	1607018151142
REQUEST		request_0	1607018151142	1607018151255	OK	 
USER	gatwai	END	1607018151256
USER	gatwai	START	1607018151345
REQUEST		request_0	1607018151346	1607018151440	OK	 
USER	gatwai	END	1607018151441
USER	gatwai	START	1607018151548
REQUEST		request_0	1607018151549	1607018151640	OK	 
USER	gatwai	END	1607018151640
USER	gatwai	START	1607018151752
REQUEST		request_0	1607018151752	1607018151858	OK	 
USER	gatwai	END	1607018151858
USER	gatwai	START	1607018151955
REQUEST		request_0	1607018151955	1607018152048	OK	 
USER	gatwai	END	1607018152049
USER	gatwai	START	1607018152142
REQUEST		request_0	1607018152143	1607018152230	OK	 
USER	gatwai	END	1607018152231
USER	gatwai	START	1607018152349
REQUEST		request_0	1607018152349	1607018152439	OK	 
USER	gatwai	END	1607018152439
USER	gatwai	START	1607018152552
REQUEST		request_0	1607018152552	1607018152649	OK	 
USER	gatwai	END	1607018152650
USER	gatwai	START	1607018152755
REQUEST		request_0	1607018152756	1607018152865	OK	 
USER	gatwai	END	1607018152865
USER	gatwai	START	1607018152942
REQUEST		request_0	1607018152943	1607018153036	OK	 
USER	gatwai	END	1607018153036
USER	gatwai	START	1607018153146
REQUEST		request_0	1607018153146	1607018153254	OK	 
USER	gatwai	END	1607018153255
USER	gatwai	START	1607018153349
REQUEST		request_0	1607018153349	1607018153445	OK	 
USER	gatwai	END	1607018153446
USER	gatwai	START	1607018153552
REQUEST		request_0	1607018153552	1607018153651	OK	 
USER	gatwai	END	1607018153652
USER	gatwai	START	1607018153755
REQUEST		request_0	1607018153755	1607018153847	OK	 
USER	gatwai	END	1607018153847
USER	gatwai	START	1607018153942
REQUEST		request_0	1607018153942	1607018154033	OK	 
USER	gatwai	END	1607018154034
USER	gatwai	START	1607018154146
REQUEST		request_0	1607018154146	1607018154250	OK	 
USER	gatwai	END	1607018154250
USER	gatwai	START	1607018154349
REQUEST		request_0	1607018154350	1607018154444	OK	 
USER	gatwai	END	1607018154445
USER	gatwai	START	1607018154552
REQUEST		request_0	1607018154553	1607018154650	OK	 
USER	gatwai	END	1607018154651
USER	gatwai	START	1607018154740
REQUEST		request_0	1607018154740	1607018154839	OK	 
USER	gatwai	END	1607018154840
USER	gatwai	START	1607018154943
REQUEST		request_0	1607018154943	1607018155041	OK	 
USER	gatwai	END	1607018155041
USER	gatwai	START	1607018155146
REQUEST		request_0	1607018155146	1607018155248	OK	 
USER	gatwai	END	1607018155249
USER	gatwai	START	1607018155385
REQUEST		request_0	1607018155385	1607018155472	OK	 
USER	gatwai	END	1607018155473
USER	gatwai	START	1607018155555
REQUEST		request_0	1607018155556	1607018155645	OK	 
USER	gatwai	END	1607018155645
USER	gatwai	START	1607018155742
REQUEST		request_0	1607018155743	1607018155838	OK	 
USER	gatwai	END	1607018155839
USER	gatwai	START	1607018155945
REQUEST		request_0	1607018155945	1607018156041	OK	 
USER	gatwai	END	1607018156042
USER	gatwai	START	1607018156148
REQUEST		request_0	1607018156148	1607018156252	OK	 
USER	gatwai	END	1607018156252
USER	gatwai	START	1607018156351
REQUEST		request_0	1607018156351	1607018156452	OK	 
USER	gatwai	END	1607018156452
USER	gatwai	START	1607018156554
REQUEST		request_0	1607018156554	1607018156645	OK	 
USER	gatwai	END	1607018156646
USER	gatwai	START	1607018156742
REQUEST		request_0	1607018156742	1607018156839	OK	 
USER	gatwai	END	1607018156840
USER	gatwai	START	1607018156945
REQUEST		request_0	1607018156945	1607018157043	OK	 
USER	gatwai	END	1607018157044
USER	gatwai	START	1607018157148
REQUEST		request_0	1607018157148	1607018157245	OK	 
USER	gatwai	END	1607018157245
USER	gatwai	START	1607018157351
REQUEST		request_0	1607018157351	1607018157453	OK	 
USER	gatwai	END	1607018157453
USER	gatwai	START	1607018157540
REQUEST		request_0	1607018157540	1607018157633	OK	 
USER	gatwai	END	1607018157634
USER	gatwai	START	1607018157743
REQUEST		request_0	1607018157743	1607018157832	OK	 
USER	gatwai	END	1607018157832
USER	gatwai	START	1607018157946
REQUEST		request_0	1607018157946	1607018158050	OK	 
USER	gatwai	END	1607018158050
USER	gatwai	START	1607018158149
REQUEST		request_0	1607018158149	1607018158253	OK	 
USER	gatwai	END	1607018158253
USER	gatwai	START	1607018158354
REQUEST		request_0	1607018158355	1607018158449	OK	 
USER	gatwai	END	1607018158450
USER	gatwai	START	1607018158542
REQUEST		request_0	1607018158542	1607018158638	OK	 
USER	gatwai	END	1607018158639
USER	gatwai	START	1607018158745
REQUEST		request_0	1607018158745	1607018158835	OK	 
USER	gatwai	END	1607018158835
USER	gatwai	START	1607018158948
REQUEST		request_0	1607018158948	1607018159054	OK	 
USER	gatwai	END	1607018159055
USER	gatwai	START	1607018159148
REQUEST		request_0	1607018159149	1607018159241	OK	 
USER	gatwai	END	1607018159242
USER	gatwai	START	1607018159360
REQUEST		request_0	1607018159361	1607018159462	OK	 
USER	gatwai	END	1607018159463
USER	gatwai	START	1607018159548
REQUEST		request_0	1607018159548	1607018159643	OK	 
USER	gatwai	END	1607018159643
USER	gatwai	START	1607018159751
REQUEST		request_0	1607018159751	1607018159850	OK	 
USER	gatwai	END	1607018159851
USER	gatwai	START	1607018159954
REQUEST		request_0	1607018159954	1607018160048	OK	 
USER	gatwai	END	1607018160048
USER	gatwai	START	1607018160142
REQUEST		request_0	1607018160142	1607018160247	OK	 
USER	gatwai	END	1607018160248
USER	gatwai	START	1607018160350
REQUEST		request_0	1607018160351	1607018160447	OK	 
USER	gatwai	END	1607018160448
USER	gatwai	START	1607018160554
REQUEST		request_0	1607018160554	1607018160643	OK	 
USER	gatwai	END	1607018160644
USER	gatwai	START	1607018160741
REQUEST		request_0	1607018160742	1607018160848	OK	 
USER	gatwai	END	1607018160849
USER	gatwai	START	1607018160945
REQUEST		request_0	1607018160945	1607018161046	OK	 
USER	gatwai	END	1607018161046
USER	gatwai	START	1607018161148
REQUEST		request_0	1607018161148	1607018161244	OK	 
USER	gatwai	END	1607018161245
USER	gatwai	START	1607018161351
REQUEST		request_0	1607018161351	1607018161459	OK	 
USER	gatwai	END	1607018161459
USER	gatwai	START	1607018161555
REQUEST		request_0	1607018161555	1607018161657	OK	 
USER	gatwai	END	1607018161658
USER	gatwai	START	1607018161742
REQUEST		request_0	1607018161743	1607018161847	OK	 
USER	gatwai	END	1607018161848
USER	gatwai	START	1607018161946
REQUEST		request_0	1607018161946	1607018162039	OK	 
USER	gatwai	END	1607018162040
USER	gatwai	START	1607018162149
REQUEST		request_0	1607018162149	1607018162245	OK	 
USER	gatwai	END	1607018162245
USER	gatwai	START	1607018162352
REQUEST		request_0	1607018162352	1607018162452	OK	 
USER	gatwai	END	1607018162452
USER	gatwai	START	1607018162539
REQUEST		request_0	1607018162539	1607018162633	OK	 
USER	gatwai	END	1607018162634
USER	gatwai	START	1607018162743
REQUEST		request_0	1607018162743	1607018162852	OK	 
USER	gatwai	END	1607018162853
USER	gatwai	START	1607018162946
REQUEST		request_0	1607018162946	1607018163044	OK	 
USER	gatwai	END	1607018163045
USER	gatwai	START	1607018163149
REQUEST		request_0	1607018163149	1607018163241	OK	 
USER	gatwai	END	1607018163242
USER	gatwai	START	1607018163352
REQUEST		request_0	1607018163352	1607018163447	OK	 
USER	gatwai	END	1607018163448
USER	gatwai	START	1607018163540
REQUEST		request_0	1607018163540	1607018163640	OK	 
USER	gatwai	END	1607018163641
USER	gatwai	START	1607018163743
REQUEST		request_0	1607018163743	1607018163841	OK	 
USER	gatwai	END	1607018163841
USER	gatwai	START	1607018163946
REQUEST		request_0	1607018163947	1607018164048	OK	 
USER	gatwai	END	1607018164049
USER	gatwai	START	1607018164149
REQUEST		request_0	1607018164149	1607018164237	OK	 
USER	gatwai	END	1607018164238
USER	gatwai	START	1607018164352
REQUEST		request_0	1607018164353	1607018164443	OK	 
USER	gatwai	END	1607018164443
USER	gatwai	START	1607018164543
REQUEST		request_0	1607018164544	1607018164640	OK	 
USER	gatwai	END	1607018164641
USER	gatwai	START	1607018164747
REQUEST		request_0	1607018164747	1607018164854	OK	 
USER	gatwai	END	1607018164854
USER	gatwai	START	1607018164950
REQUEST		request_0	1607018164950	1607018165049	OK	 
USER	gatwai	END	1607018165049
USER	gatwai	START	1607018165153
REQUEST		request_0	1607018165153	1607018165242	OK	 
USER	gatwai	END	1607018165242
USER	gatwai	START	1607018165341
REQUEST		request_0	1607018165341	1607018165447	OK	 
USER	gatwai	END	1607018165448
USER	gatwai	START	1607018165549
REQUEST		request_0	1607018165549	1607018165636	OK	 
USER	gatwai	END	1607018165636
USER	gatwai	START	1607018165753
REQUEST		request_0	1607018165753	1607018165861	OK	 
USER	gatwai	END	1607018165862
USER	gatwai	START	1607018165956
REQUEST		request_0	1607018165956	1607018166052	OK	 
USER	gatwai	END	1607018166053
USER	gatwai	START	1607018166143
REQUEST		request_0	1607018166143	1607018166240	OK	 
USER	gatwai	END	1607018166241
USER	gatwai	START	1607018166346
REQUEST		request_0	1607018166347	1607018166447	OK	 
USER	gatwai	END	1607018166447
USER	gatwai	START	1607018166550
REQUEST		request_0	1607018166550	1607018166639	OK	 
USER	gatwai	END	1607018166640
USER	gatwai	START	1607018166753
REQUEST		request_0	1607018166753	1607018166851	OK	 
USER	gatwai	END	1607018166851
USER	gatwai	START	1607018166940
REQUEST		request_0	1607018166940	1607018167037	OK	 
USER	gatwai	END	1607018167038
USER	gatwai	START	1607018167144
REQUEST		request_0	1607018167144	1607018167232	OK	 
USER	gatwai	END	1607018167233
USER	gatwai	START	1607018167346
REQUEST		request_0	1607018167347	1607018167453	OK	 
USER	gatwai	END	1607018167453
USER	gatwai	START	1607018167550
REQUEST		request_0	1607018167550	1607018167649	OK	 
USER	gatwai	END	1607018167650
USER	gatwai	START	1607018167753
REQUEST		request_0	1607018167753	1607018167851	OK	 
USER	gatwai	END	1607018167852
USER	gatwai	START	1607018167940
REQUEST		request_0	1607018167940	1607018168033	OK	 
USER	gatwai	END	1607018168033
USER	gatwai	START	1607018168143
REQUEST		request_0	1607018168144	1607018168252	OK	 
USER	gatwai	END	1607018168253
USER	gatwai	START	1607018168347
REQUEST		request_0	1607018168347	1607018168436	OK	 
USER	gatwai	END	1607018168436
USER	gatwai	START	1607018168549
REQUEST		request_0	1607018168550	1607018168644	OK	 
USER	gatwai	END	1607018168645
USER	gatwai	START	1607018168753
REQUEST		request_0	1607018168753	1607018168852	OK	 
USER	gatwai	END	1607018168853
USER	gatwai	START	1607018168940
REQUEST		request_0	1607018168941	1607018169041	OK	 
USER	gatwai	END	1607018169042
USER	gatwai	START	1607018169144
REQUEST		request_0	1607018169144	1607018169253	OK	 
USER	gatwai	END	1607018169254
USER	gatwai	START	1607018169346
REQUEST		request_0	1607018169347	1607018169442	OK	 
USER	gatwai	END	1607018169443
USER	gatwai	START	1607018169565
REQUEST		request_0	1607018169565	1607018169664	OK	 
USER	gatwai	END	1607018169664
USER	gatwai	START	1607018169740
REQUEST		request_0	1607018169741	1607018169851	OK	 
USER	gatwai	END	1607018169851
USER	gatwai	START	1607018169943
REQUEST		request_0	1607018169943	1607018170037	OK	 
USER	gatwai	END	1607018170038
USER	gatwai	START	1607018170147
REQUEST		request_0	1607018170147	1607018170255	OK	 
USER	gatwai	END	1607018170256
USER	gatwai	START	1607018170350
REQUEST		request_0	1607018170350	1607018170452	OK	 
USER	gatwai	END	1607018170453
USER	gatwai	START	1607018170553
REQUEST		request_0	1607018170553	1607018170651	OK	 
USER	gatwai	END	1607018170651
USER	gatwai	START	1607018170753
REQUEST		request_0	1607018170754	1607018170864	OK	 
USER	gatwai	END	1607018170864
USER	gatwai	START	1607018170941
REQUEST		request_0	1607018170941	1607018171034	OK	 
USER	gatwai	END	1607018171034
USER	gatwai	START	1607018171144
REQUEST		request_0	1607018171144	1607018171242	OK	 
USER	gatwai	END	1607018171242
USER	gatwai	START	1607018171347
REQUEST		request_0	1607018171347	1607018171442	OK	 
USER	gatwai	END	1607018171443
USER	gatwai	START	1607018171550
REQUEST		request_0	1607018171551	1607018171650	OK	 
USER	gatwai	END	1607018171651
USER	gatwai	START	1607018171753
REQUEST		request_0	1607018171754	1607018171845	OK	 
USER	gatwai	END	1607018171845
USER	gatwai	START	1607018171944
REQUEST		request_0	1607018171944	1607018172040	OK	 
USER	gatwai	END	1607018172040
USER	gatwai	START	1607018172147
REQUEST		request_0	1607018172148	1607018172252	OK	 
USER	gatwai	END	1607018172252
USER	gatwai	START	1607018172351
REQUEST		request_0	1607018172351	1607018172450	OK	 
USER	gatwai	END	1607018172451
USER	gatwai	START	1607018172554
REQUEST		request_0	1607018172554	1607018172654	OK	 
USER	gatwai	END	1607018172655
USER	gatwai	START	1607018172741
REQUEST		request_0	1607018172741	1607018172839	OK	 
USER	gatwai	END	1607018172840
USER	gatwai	START	1607018172944
REQUEST		request_0	1607018172945	1607018173044	OK	 
USER	gatwai	END	1607018173044
USER	gatwai	START	1607018173148
REQUEST		request_0	1607018173148	1607018173243	OK	 
USER	gatwai	END	1607018173244
USER	gatwai	START	1607018173351
REQUEST		request_0	1607018173351	1607018173462	OK	 
USER	gatwai	END	1607018173462
