RUN	gatwai	gatwai	1607017013121	5pssecure	3.4.1
USER	gatwai	START	1607017013890
USER	gatwai	START	1607017014077
REQUEST		request_0	1607017013921	1607017014112	OK	 
USER	gatwai	END	1607017014184
REQUEST		request_0	1607017014078	1607017014264	OK	 
USER	gatwai	END	1607017014265
USER	gatwai	START	1607017014282
REQUEST		request_0	1607017014282	1607017014400	OK	 
USER	gatwai	END	1607017014401
USER	gatwai	START	1607017014486
REQUEST		request_0	1607017014488	1607017014634	OK	 
USER	gatwai	END	1607017014635
USER	gatwai	START	1607017014689
REQUEST		request_0	1607017014689	1607017014834	OK	 
USER	gatwai	END	1607017014835
USER	gatwai	START	1607017014885
REQUEST		request_0	1607017014885	1607017014995	OK	 
USER	gatwai	END	1607017014996
USER	gatwai	START	1607017015079
REQUEST		request_0	1607017015079	1607017015180	OK	 
USER	gatwai	END	1607017015181
USER	gatwai	START	1607017015282
REQUEST		request_0	1607017015282	1607017015387	OK	 
USER	gatwai	END	1607017015388
USER	gatwai	START	1607017015485
REQUEST		request_0	1607017015486	1607017015590	OK	 
USER	gatwai	END	1607017015591
USER	gatwai	START	1607017015689
REQUEST		request_0	1607017015689	1607017015795	OK	 
USER	gatwai	END	1607017015796
USER	gatwai	START	1607017015891
REQUEST		request_0	1607017015892	1607017015994	OK	 
USER	gatwai	END	1607017015995
USER	gatwai	START	1607017016079
REQUEST		request_0	1607017016079	1607017016179	OK	 
USER	gatwai	END	1607017016180
USER	gatwai	START	1607017016273
REQUEST		request_0	1607017016274	1607017016379	OK	 
USER	gatwai	END	1607017016379
USER	gatwai	START	1607017016476
REQUEST		request_0	1607017016476	1607017016584	OK	 
USER	gatwai	END	1607017016585
USER	gatwai	START	1607017016679
REQUEST		request_0	1607017016680	1607017016779	OK	 
USER	gatwai	END	1607017016780
USER	gatwai	START	1607017016882
REQUEST		request_0	1607017016883	1607017016987	OK	 
USER	gatwai	END	1607017016988
USER	gatwai	START	1607017017069
REQUEST		request_0	1607017017070	1607017017173	OK	 
USER	gatwai	END	1607017017174
USER	gatwai	START	1607017017273
REQUEST		request_0	1607017017273	1607017017382	OK	 
USER	gatwai	END	1607017017383
USER	gatwai	START	1607017017476
REQUEST		request_0	1607017017476	1607017017590	OK	 
USER	gatwai	END	1607017017591
USER	gatwai	START	1607017017679
REQUEST		request_0	1607017017680	1607017017780	OK	 
USER	gatwai	END	1607017017781
USER	gatwai	START	1607017017882
REQUEST		request_0	1607017017883	1607017017991	OK	 
USER	gatwai	END	1607017017992
USER	gatwai	START	1607017018070
REQUEST		request_0	1607017018071	1607017018181	OK	 
USER	gatwai	END	1607017018181
USER	gatwai	START	1607017018275
REQUEST		request_0	1607017018275	1607017018384	OK	 
USER	gatwai	END	1607017018385
USER	gatwai	START	1607017018478
REQUEST		request_0	1607017018478	1607017018579	OK	 
USER	gatwai	END	1607017018580
USER	gatwai	START	1607017018681
REQUEST		request_0	1607017018682	1607017018799	OK	 
USER	gatwai	END	1607017018800
USER	gatwai	START	1607017018884
REQUEST		request_0	1607017018884	1607017018984	OK	 
USER	gatwai	END	1607017018985
USER	gatwai	START	1607017019071
REQUEST		request_0	1607017019072	1607017019172	OK	 
USER	gatwai	END	1607017019173
USER	gatwai	START	1607017019275
REQUEST		request_0	1607017019275	1607017019374	OK	 
USER	gatwai	END	1607017019375
USER	gatwai	START	1607017019478
REQUEST		request_0	1607017019478	1607017019584	OK	 
USER	gatwai	END	1607017019585
USER	gatwai	START	1607017019681
REQUEST		request_0	1607017019681	1607017019794	OK	 
USER	gatwai	END	1607017019796
USER	gatwai	START	1607017019884
REQUEST		request_0	1607017019885	1607017020000	OK	 
USER	gatwai	END	1607017020001
USER	gatwai	START	1607017020072
REQUEST		request_0	1607017020073	1607017020168	OK	 
USER	gatwai	END	1607017020169
USER	gatwai	START	1607017020275
REQUEST		request_0	1607017020276	1607017020372	OK	 
USER	gatwai	END	1607017020373
USER	gatwai	START	1607017020479
REQUEST		request_0	1607017020479	1607017020585	OK	 
USER	gatwai	END	1607017020586
USER	gatwai	START	1607017020682
REQUEST		request_0	1607017020682	1607017020782	OK	 
USER	gatwai	END	1607017020783
USER	gatwai	START	1607017020885
REQUEST		request_0	1607017020885	1607017021002	OK	 
USER	gatwai	END	1607017021003
USER	gatwai	START	1607017021072
REQUEST		request_0	1607017021072	1607017021168	OK	 
USER	gatwai	END	1607017021169
USER	gatwai	START	1607017021275
REQUEST		request_0	1607017021276	1607017021385	OK	 
USER	gatwai	END	1607017021386
USER	gatwai	START	1607017021478
REQUEST		request_0	1607017021479	1607017021579	OK	 
USER	gatwai	END	1607017021580
USER	gatwai	START	1607017021681
REQUEST		request_0	1607017021681	1607017021780	OK	 
USER	gatwai	END	1607017021781
USER	gatwai	START	1607017021869
REQUEST		request_0	1607017021869	1607017021969	OK	 
USER	gatwai	END	1607017021970
USER	gatwai	START	1607017022072
REQUEST		request_0	1607017022072	1607017022177	OK	 
USER	gatwai	END	1607017022177
USER	gatwai	START	1607017022275
REQUEST		request_0	1607017022276	1607017022379	OK	 
USER	gatwai	END	1607017022380
USER	gatwai	START	1607017022479
REQUEST		request_0	1607017022479	1607017022580	OK	 
USER	gatwai	END	1607017022581
USER	gatwai	START	1607017022682
REQUEST		request_0	1607017022682	1607017022790	OK	 
USER	gatwai	END	1607017022791
USER	gatwai	START	1607017022869
REQUEST		request_0	1607017022870	1607017022983	OK	 
USER	gatwai	END	1607017022984
USER	gatwai	START	1607017023072
REQUEST		request_0	1607017023073	1607017023173	OK	 
USER	gatwai	END	1607017023174
USER	gatwai	START	1607017023275
REQUEST		request_0	1607017023276	1607017023381	OK	 
USER	gatwai	END	1607017023382
USER	gatwai	START	1607017023479
REQUEST		request_0	1607017023479	1607017023588	OK	 
USER	gatwai	END	1607017023589
USER	gatwai	START	1607017023682
REQUEST		request_0	1607017023682	1607017023783	OK	 
USER	gatwai	END	1607017023785
USER	gatwai	START	1607017023885
REQUEST		request_0	1607017023885	1607017023996	OK	 
USER	gatwai	END	1607017023997
USER	gatwai	START	1607017024076
REQUEST		request_0	1607017024076	1607017024170	OK	 
USER	gatwai	END	1607017024171
USER	gatwai	START	1607017024279
REQUEST		request_0	1607017024279	1607017024381	OK	 
USER	gatwai	END	1607017024382
USER	gatwai	START	1607017024482
REQUEST		request_0	1607017024482	1607017024588	OK	 
USER	gatwai	END	1607017024589
USER	gatwai	START	1607017024670
REQUEST		request_0	1607017024670	1607017024769	OK	 
USER	gatwai	END	1607017024769
USER	gatwai	START	1607017024873
REQUEST		request_0	1607017024873	1607017024990	OK	 
USER	gatwai	END	1607017024991
USER	gatwai	START	1607017025076
REQUEST		request_0	1607017025076	1607017025177	OK	 
USER	gatwai	END	1607017025178
USER	gatwai	START	1607017025279
REQUEST		request_0	1607017025279	1607017025385	OK	 
USER	gatwai	END	1607017025386
USER	gatwai	START	1607017025482
REQUEST		request_0	1607017025483	1607017025617	OK	 
USER	gatwai	END	1607017025617
USER	gatwai	START	1607017025685
REQUEST		request_0	1607017025685	1607017025782	OK	 
USER	gatwai	END	1607017025783
USER	gatwai	START	1607017025873
REQUEST		request_0	1607017025873	1607017025976	OK	 
USER	gatwai	END	1607017025977
USER	gatwai	START	1607017026080
REQUEST		request_0	1607017026081	1607017026182	OK	 
USER	gatwai	END	1607017026183
USER	gatwai	START	1607017026280
REQUEST		request_0	1607017026280	1607017026384	OK	 
USER	gatwai	END	1607017026385
USER	gatwai	START	1607017026482
REQUEST		request_0	1607017026482	1607017026586	OK	 
USER	gatwai	END	1607017026587
USER	gatwai	START	1607017026685
REQUEST		request_0	1607017026686	1607017026805	OK	 
USER	gatwai	END	1607017026806
USER	gatwai	START	1607017026873
REQUEST		request_0	1607017026873	1607017026970	OK	 
USER	gatwai	END	1607017026970
USER	gatwai	START	1607017027080
REQUEST		request_0	1607017027080	1607017027190	OK	 
USER	gatwai	END	1607017027190
USER	gatwai	START	1607017027273
REQUEST		request_0	1607017027273	1607017027378	OK	 
USER	gatwai	END	1607017027379
USER	gatwai	START	1607017027476
REQUEST		request_0	1607017027476	1607017027577	OK	 
USER	gatwai	END	1607017027577
USER	gatwai	START	1607017027679
REQUEST		request_0	1607017027679	1607017027786	OK	 
USER	gatwai	END	1607017027787
USER	gatwai	START	1607017027882
REQUEST		request_0	1607017027882	1607017027986	OK	 
USER	gatwai	END	1607017027987
USER	gatwai	START	1607017028086
REQUEST		request_0	1607017028086	1607017028204	OK	 
USER	gatwai	END	1607017028205
USER	gatwai	START	1607017028273
REQUEST		request_0	1607017028273	1607017028365	OK	 
USER	gatwai	END	1607017028366
USER	gatwai	START	1607017028476
REQUEST		request_0	1607017028477	1607017028582	OK	 
USER	gatwai	END	1607017028583
USER	gatwai	START	1607017028679
REQUEST		request_0	1607017028679	1607017028785	OK	 
USER	gatwai	END	1607017028786
USER	gatwai	START	1607017028882
REQUEST		request_0	1607017028882	1607017028988	OK	 
USER	gatwai	END	1607017028989
USER	gatwai	START	1607017029085
REQUEST		request_0	1607017029085	1607017029188	OK	 
USER	gatwai	END	1607017029189
USER	gatwai	START	1607017029273
REQUEST		request_0	1607017029274	1607017029370	OK	 
USER	gatwai	END	1607017029371
USER	gatwai	START	1607017029476
REQUEST		request_0	1607017029477	1607017029576	OK	 
USER	gatwai	END	1607017029577
USER	gatwai	START	1607017029680
REQUEST		request_0	1607017029680	1607017029785	OK	 
USER	gatwai	END	1607017029786
USER	gatwai	START	1607017029883
REQUEST		request_0	1607017029883	1607017030002	OK	 
USER	gatwai	END	1607017030003
USER	gatwai	START	1607017030070
REQUEST		request_0	1607017030070	1607017030172	OK	 
USER	gatwai	END	1607017030173
USER	gatwai	START	1607017030273
REQUEST		request_0	1607017030274	1607017030394	OK	 
USER	gatwai	END	1607017030395
USER	gatwai	START	1607017030476
REQUEST		request_0	1607017030477	1607017030590	OK	 
USER	gatwai	END	1607017030591
USER	gatwai	START	1607017030679
REQUEST		request_0	1607017030680	1607017030785	OK	 
USER	gatwai	END	1607017030786
USER	gatwai	START	1607017030883
REQUEST		request_0	1607017030883	1607017030986	OK	 
USER	gatwai	END	1607017030987
USER	gatwai	START	1607017031070
REQUEST		request_0	1607017031070	1607017031174	OK	 
USER	gatwai	END	1607017031175
USER	gatwai	START	1607017031273
REQUEST		request_0	1607017031273	1607017031383	OK	 
USER	gatwai	END	1607017031384
USER	gatwai	START	1607017031476
REQUEST		request_0	1607017031477	1607017031580	OK	 
USER	gatwai	END	1607017031581
USER	gatwai	START	1607017031680
REQUEST		request_0	1607017031680	1607017031799	OK	 
USER	gatwai	END	1607017031799
USER	gatwai	START	1607017031879
REQUEST		request_0	1607017031879	1607017031972	OK	 
USER	gatwai	END	1607017031973
USER	gatwai	START	1607017032083
REQUEST		request_0	1607017032083	1607017032207	OK	 
USER	gatwai	END	1607017032208
USER	gatwai	START	1607017032270
REQUEST		request_0	1607017032270	1607017032373	OK	 
USER	gatwai	END	1607017032373
USER	gatwai	START	1607017032473
REQUEST		request_0	1607017032473	1607017032572	OK	 
USER	gatwai	END	1607017032573
USER	gatwai	START	1607017032676
REQUEST		request_0	1607017032677	1607017032780	OK	 
USER	gatwai	END	1607017032781
USER	gatwai	START	1607017032879
REQUEST		request_0	1607017032880	1607017032992	OK	 
USER	gatwai	END	1607017032993
USER	gatwai	START	1607017033082
REQUEST		request_0	1607017033083	1607017033185	OK	 
USER	gatwai	END	1607017033185
USER	gatwai	START	1607017033270
REQUEST		request_0	1607017033270	1607017033371	OK	 
USER	gatwai	END	1607017033372
USER	gatwai	START	1607017033473
REQUEST		request_0	1607017033473	1607017033570	OK	 
USER	gatwai	END	1607017033570
USER	gatwai	START	1607017033676
REQUEST		request_0	1607017033676	1607017033781	OK	 
USER	gatwai	END	1607017033782
USER	gatwai	START	1607017033879
REQUEST		request_0	1607017033880	1607017033988	OK	 
USER	gatwai	END	1607017033989
USER	gatwai	START	1607017034082
REQUEST		request_0	1607017034082	1607017034180	OK	 
USER	gatwai	END	1607017034181
USER	gatwai	START	1607017034270
REQUEST		request_0	1607017034270	1607017034375	OK	 
USER	gatwai	END	1607017034375
USER	gatwai	START	1607017034473
REQUEST		request_0	1607017034473	1607017034575	OK	 
USER	gatwai	END	1607017034576
USER	gatwai	START	1607017034676
REQUEST		request_0	1607017034676	1607017034780	OK	 
USER	gatwai	END	1607017034781
USER	gatwai	START	1607017034880
REQUEST		request_0	1607017034880	1607017034998	OK	 
USER	gatwai	END	1607017034999
USER	gatwai	START	1607017035082
REQUEST		request_0	1607017035083	1607017035183	OK	 
USER	gatwai	END	1607017035184
USER	gatwai	START	1607017035270
REQUEST		request_0	1607017035270	1607017035370	OK	 
USER	gatwai	END	1607017035370
USER	gatwai	START	1607017035473
REQUEST		request_0	1607017035473	1607017035576	OK	 
USER	gatwai	END	1607017035576
USER	gatwai	START	1607017035676
REQUEST		request_0	1607017035676	1607017035769	OK	 
USER	gatwai	END	1607017035770
USER	gatwai	START	1607017035879
REQUEST		request_0	1607017035880	1607017035978	OK	 
USER	gatwai	END	1607017035979
USER	gatwai	START	1607017036082
REQUEST		request_0	1607017036083	1607017036201	OK	 
USER	gatwai	END	1607017036202
USER	gatwai	START	1607017036270
REQUEST		request_0	1607017036270	1607017036363	OK	 
USER	gatwai	END	1607017036364
USER	gatwai	START	1607017036473
REQUEST		request_0	1607017036473	1607017036575	OK	 
USER	gatwai	END	1607017036575
USER	gatwai	START	1607017036676
REQUEST		request_0	1607017036676	1607017036776	OK	 
USER	gatwai	END	1607017036777
USER	gatwai	START	1607017036879
REQUEST		request_0	1607017036879	1607017036979	OK	 
USER	gatwai	END	1607017036980
USER	gatwai	START	1607017037082
REQUEST		request_0	1607017037083	1607017037190	OK	 
USER	gatwai	END	1607017037190
USER	gatwai	START	1607017037270
REQUEST		request_0	1607017037271	1607017037371	OK	 
USER	gatwai	END	1607017037372
USER	gatwai	START	1607017037475
REQUEST		request_0	1607017037475	1607017037575	OK	 
USER	gatwai	END	1607017037576
USER	gatwai	START	1607017037678
REQUEST		request_0	1607017037678	1607017037787	OK	 
USER	gatwai	END	1607017037788
USER	gatwai	START	1607017037881
REQUEST		request_0	1607017037881	1607017037981	OK	 
USER	gatwai	END	1607017037982
USER	gatwai	START	1607017038084
REQUEST		request_0	1607017038084	1607017038189	OK	 
USER	gatwai	END	1607017038189
USER	gatwai	START	1607017038271
REQUEST		request_0	1607017038272	1607017038371	OK	 
USER	gatwai	END	1607017038372
USER	gatwai	START	1607017038475
REQUEST		request_0	1607017038475	1607017038568	OK	 
USER	gatwai	END	1607017038569
USER	gatwai	START	1607017038678
REQUEST		request_0	1607017038678	1607017038782	OK	 
USER	gatwai	END	1607017038783
USER	gatwai	START	1607017038881
REQUEST		request_0	1607017038881	1607017038983	OK	 
USER	gatwai	END	1607017038984
USER	gatwai	START	1607017039081
REQUEST		request_0	1607017039082	1607017039185	OK	 
USER	gatwai	END	1607017039186
USER	gatwai	START	1607017039285
REQUEST		request_0	1607017039286	1607017039391	OK	 
USER	gatwai	END	1607017039392
USER	gatwai	START	1607017039473
REQUEST		request_0	1607017039473	1607017039573	OK	 
USER	gatwai	END	1607017039574
USER	gatwai	START	1607017039677
REQUEST		request_0	1607017039677	1607017039783	OK	 
USER	gatwai	END	1607017039783
USER	gatwai	START	1607017039879
REQUEST		request_0	1607017039880	1607017039996	OK	 
USER	gatwai	END	1607017039997
USER	gatwai	START	1607017040082
REQUEST		request_0	1607017040082	1607017040179	OK	 
USER	gatwai	END	1607017040179
USER	gatwai	START	1607017040281
REQUEST		request_0	1607017040281	1607017040375	OK	 
USER	gatwai	END	1607017040376
USER	gatwai	START	1607017040470
REQUEST		request_0	1607017040470	1607017040565	OK	 
USER	gatwai	END	1607017040565
USER	gatwai	START	1607017040673
REQUEST		request_0	1607017040673	1607017040772	OK	 
USER	gatwai	END	1607017040772
USER	gatwai	START	1607017040876
REQUEST		request_0	1607017040877	1607017040979	OK	 
USER	gatwai	END	1607017040979
USER	gatwai	START	1607017041079
REQUEST		request_0	1607017041079	1607017041175	OK	 
USER	gatwai	END	1607017041175
USER	gatwai	START	1607017041282
REQUEST		request_0	1607017041282	1607017041376	OK	 
USER	gatwai	END	1607017041377
USER	gatwai	START	1607017041471
REQUEST		request_0	1607017041471	1607017041569	OK	 
USER	gatwai	END	1607017041570
USER	gatwai	START	1607017041679
REQUEST		request_0	1607017041680	1607017041781	OK	 
USER	gatwai	END	1607017041782
USER	gatwai	START	1607017041882
REQUEST		request_0	1607017041882	1607017041973	OK	 
USER	gatwai	END	1607017041974
USER	gatwai	START	1607017042070
REQUEST		request_0	1607017042070	1607017042178	OK	 
USER	gatwai	END	1607017042179
USER	gatwai	START	1607017042273
REQUEST		request_0	1607017042273	1607017042379	OK	 
USER	gatwai	END	1607017042379
USER	gatwai	START	1607017042476
REQUEST		request_0	1607017042477	1607017042574	OK	 
USER	gatwai	END	1607017042575
USER	gatwai	START	1607017042679
REQUEST		request_0	1607017042680	1607017042785	OK	 
USER	gatwai	END	1607017042785
USER	gatwai	START	1607017042882
REQUEST		request_0	1607017042882	1607017042989	OK	 
USER	gatwai	END	1607017042990
USER	gatwai	START	1607017043085
REQUEST		request_0	1607017043086	1607017043183	OK	 
USER	gatwai	END	1607017043184
USER	gatwai	START	1607017043277
REQUEST		request_0	1607017043277	1607017043377	OK	 
USER	gatwai	END	1607017043378
USER	gatwai	START	1607017043480
REQUEST		request_0	1607017043481	1607017043590	OK	 
USER	gatwai	END	1607017043590
USER	gatwai	START	1607017043684
REQUEST		request_0	1607017043684	1607017043797	OK	 
USER	gatwai	END	1607017043797
USER	gatwai	START	1607017043871
REQUEST		request_0	1607017043871	1607017043968	OK	 
USER	gatwai	END	1607017043969
USER	gatwai	START	1607017044074
REQUEST		request_0	1607017044074	1607017044181	OK	 
USER	gatwai	END	1607017044181
USER	gatwai	START	1607017044277
REQUEST		request_0	1607017044277	1607017044377	OK	 
USER	gatwai	END	1607017044378
USER	gatwai	START	1607017044480
REQUEST		request_0	1607017044481	1607017044578	OK	 
USER	gatwai	END	1607017044579
USER	gatwai	START	1607017044683
REQUEST		request_0	1607017044684	1607017044789	OK	 
USER	gatwai	END	1607017044789
USER	gatwai	START	1607017044884
REQUEST		request_0	1607017044885	1607017044995	OK	 
USER	gatwai	END	1607017044996
USER	gatwai	START	1607017045071
REQUEST		request_0	1607017045072	1607017045169	OK	 
USER	gatwai	END	1607017045170
USER	gatwai	START	1607017045275
REQUEST		request_0	1607017045275	1607017045381	OK	 
USER	gatwai	END	1607017045382
USER	gatwai	START	1607017045478
REQUEST		request_0	1607017045478	1607017045582	OK	 
USER	gatwai	END	1607017045583
USER	gatwai	START	1607017045681
REQUEST		request_0	1607017045681	1607017045783	OK	 
USER	gatwai	END	1607017045784
USER	gatwai	START	1607017045884
REQUEST		request_0	1607017045884	1607017045978	OK	 
USER	gatwai	END	1607017045979
USER	gatwai	START	1607017046071
REQUEST		request_0	1607017046072	1607017046170	OK	 
USER	gatwai	END	1607017046171
USER	gatwai	START	1607017046275
REQUEST		request_0	1607017046275	1607017046376	OK	 
USER	gatwai	END	1607017046377
USER	gatwai	START	1607017046478
REQUEST		request_0	1607017046478	1607017046578	OK	 
USER	gatwai	END	1607017046579
USER	gatwai	START	1607017046681
REQUEST		request_0	1607017046682	1607017046800	OK	 
USER	gatwai	END	1607017046801
USER	gatwai	START	1607017046884
REQUEST		request_0	1607017046884	1607017046977	OK	 
USER	gatwai	END	1607017046978
USER	gatwai	START	1607017047071
REQUEST		request_0	1607017047072	1607017047171	OK	 
USER	gatwai	END	1607017047172
USER	gatwai	START	1607017047275
REQUEST		request_0	1607017047275	1607017047373	OK	 
USER	gatwai	END	1607017047374
USER	gatwai	START	1607017047478
REQUEST		request_0	1607017047479	1607017047584	OK	 
USER	gatwai	END	1607017047585
USER	gatwai	START	1607017047681
REQUEST		request_0	1607017047681	1607017047780	OK	 
USER	gatwai	END	1607017047781
USER	gatwai	START	1607017047884
REQUEST		request_0	1607017047885	1607017047987	OK	 
USER	gatwai	END	1607017047988
USER	gatwai	START	1607017048072
REQUEST		request_0	1607017048072	1607017048173	OK	 
USER	gatwai	END	1607017048173
USER	gatwai	START	1607017048275
REQUEST		request_0	1607017048275	1607017048382	OK	 
USER	gatwai	END	1607017048383
USER	gatwai	START	1607017048482
REQUEST		request_0	1607017048482	1607017048578	OK	 
USER	gatwai	END	1607017048579
USER	gatwai	START	1607017048670
REQUEST		request_0	1607017048670	1607017048774	OK	 
USER	gatwai	END	1607017048775
USER	gatwai	START	1607017048873
REQUEST		request_0	1607017048873	1607017048963	OK	 
USER	gatwai	END	1607017048964
USER	gatwai	START	1607017049077
REQUEST		request_0	1607017049077	1607017049189	OK	 
USER	gatwai	END	1607017049190
USER	gatwai	START	1607017049279
REQUEST		request_0	1607017049279	1607017049387	OK	 
USER	gatwai	END	1607017049387
USER	gatwai	START	1607017049470
REQUEST		request_0	1607017049470	1607017049566	OK	 
USER	gatwai	END	1607017049567
USER	gatwai	START	1607017049670
REQUEST		request_0	1607017049670	1607017049782	OK	 
USER	gatwai	END	1607017049783
USER	gatwai	START	1607017049873
REQUEST		request_0	1607017049873	1607017049973	OK	 
USER	gatwai	END	1607017049974
USER	gatwai	START	1607017050076
REQUEST		request_0	1607017050076	1607017050166	OK	 
USER	gatwai	END	1607017050167
USER	gatwai	START	1607017050279
REQUEST		request_0	1607017050280	1607017050374	OK	 
USER	gatwai	END	1607017050375
USER	gatwai	START	1607017050482
REQUEST		request_0	1607017050483	1607017050585	OK	 
USER	gatwai	END	1607017050585
USER	gatwai	START	1607017050670
REQUEST		request_0	1607017050670	1607017050765	OK	 
USER	gatwai	END	1607017050765
USER	gatwai	START	1607017050873
REQUEST		request_0	1607017050873	1607017050974	OK	 
USER	gatwai	END	1607017050975
USER	gatwai	START	1607017051076
REQUEST		request_0	1607017051077	1607017051175	OK	 
USER	gatwai	END	1607017051175
USER	gatwai	START	1607017051279
REQUEST		request_0	1607017051279	1607017051371	OK	 
USER	gatwai	END	1607017051372
USER	gatwai	START	1607017051482
REQUEST		request_0	1607017051483	1607017051619	OK	 
USER	gatwai	END	1607017051620
USER	gatwai	START	1607017051679
REQUEST		request_0	1607017051679	1607017051771	OK	 
USER	gatwai	END	1607017051772
USER	gatwai	START	1607017051875
REQUEST		request_0	1607017051876	1607017051972	OK	 
USER	gatwai	END	1607017051973
USER	gatwai	START	1607017052078
REQUEST		request_0	1607017052079	1607017052181	OK	 
USER	gatwai	END	1607017052182
USER	gatwai	START	1607017052281
REQUEST		request_0	1607017052282	1607017052379	OK	 
USER	gatwai	END	1607017052380
USER	gatwai	START	1607017052484
REQUEST		request_0	1607017052485	1607017052597	OK	 
USER	gatwai	END	1607017052598
USER	gatwai	START	1607017052674
REQUEST		request_0	1607017052674	1607017052768	OK	 
USER	gatwai	END	1607017052769
USER	gatwai	START	1607017052877
REQUEST		request_0	1607017052878	1607017052976	OK	 
USER	gatwai	END	1607017052977
USER	gatwai	START	1607017053080
REQUEST		request_0	1607017053080	1607017053180	OK	 
USER	gatwai	END	1607017053181
USER	gatwai	START	1607017053283
REQUEST		request_0	1607017053283	1607017053382	OK	 
USER	gatwai	END	1607017053382
USER	gatwai	START	1607017053470
REQUEST		request_0	1607017053471	1607017053571	OK	 
USER	gatwai	END	1607017053572
USER	gatwai	START	1607017053674
REQUEST		request_0	1607017053674	1607017053779	OK	 
USER	gatwai	END	1607017053780
USER	gatwai	START	1607017053877
REQUEST		request_0	1607017053877	1607017053979	OK	 
USER	gatwai	END	1607017053980
USER	gatwai	START	1607017054073
REQUEST		request_0	1607017054074	1607017054174	OK	 
USER	gatwai	END	1607017054175
USER	gatwai	START	1607017054276
REQUEST		request_0	1607017054277	1607017054368	OK	 
USER	gatwai	END	1607017054369
USER	gatwai	START	1607017054480
REQUEST		request_0	1607017054480	1607017054584	OK	 
USER	gatwai	END	1607017054585
USER	gatwai	START	1607017054683
REQUEST		request_0	1607017054683	1607017054803	OK	 
USER	gatwai	END	1607017054804
USER	gatwai	START	1607017054870
REQUEST		request_0	1607017054870	1607017054963	OK	 
USER	gatwai	END	1607017054964
USER	gatwai	START	1607017055073
REQUEST		request_0	1607017055074	1607017055175	OK	 
USER	gatwai	END	1607017055175
USER	gatwai	START	1607017055276
REQUEST		request_0	1607017055277	1607017055376	OK	 
USER	gatwai	END	1607017055377
USER	gatwai	START	1607017055480
REQUEST		request_0	1607017055480	1607017055588	OK	 
USER	gatwai	END	1607017055588
USER	gatwai	START	1607017055683
REQUEST		request_0	1607017055684	1607017055793	OK	 
USER	gatwai	END	1607017055794
USER	gatwai	START	1607017055870
REQUEST		request_0	1607017055870	1607017055964	OK	 
USER	gatwai	END	1607017055965
USER	gatwai	START	1607017056073
REQUEST		request_0	1607017056074	1607017056180	OK	 
USER	gatwai	END	1607017056181
USER	gatwai	START	1607017056276
REQUEST		request_0	1607017056277	1607017056382	OK	 
USER	gatwai	END	1607017056382
USER	gatwai	START	1607017056480
REQUEST		request_0	1607017056480	1607017056582	OK	 
USER	gatwai	END	1607017056582
USER	gatwai	START	1607017056684
REQUEST		request_0	1607017056684	1607017056781	OK	 
USER	gatwai	END	1607017056781
USER	gatwai	START	1607017056871
REQUEST		request_0	1607017056871	1607017056969	OK	 
USER	gatwai	END	1607017056970
USER	gatwai	START	1607017057074
REQUEST		request_0	1607017057074	1607017057180	OK	 
USER	gatwai	END	1607017057181
USER	gatwai	START	1607017057277
REQUEST		request_0	1607017057278	1607017057375	OK	 
USER	gatwai	END	1607017057376
USER	gatwai	START	1607017057480
REQUEST		request_0	1607017057481	1607017057591	OK	 
USER	gatwai	END	1607017057591
USER	gatwai	START	1607017057669
REQUEST		request_0	1607017057669	1607017057772	OK	 
USER	gatwai	END	1607017057772
USER	gatwai	START	1607017057872
REQUEST		request_0	1607017057872	1607017057966	OK	 
USER	gatwai	END	1607017057966
USER	gatwai	START	1607017058076
REQUEST		request_0	1607017058076	1607017058166	OK	 
USER	gatwai	END	1607017058167
USER	gatwai	START	1607017058279
REQUEST		request_0	1607017058279	1607017058381	OK	 
USER	gatwai	END	1607017058381
USER	gatwai	START	1607017058482
REQUEST		request_0	1607017058482	1607017058588	OK	 
USER	gatwai	END	1607017058589
USER	gatwai	START	1607017058669
REQUEST		request_0	1607017058670	1607017058763	OK	 
USER	gatwai	END	1607017058763
USER	gatwai	START	1607017058873
REQUEST		request_0	1607017058873	1607017058986	OK	 
USER	gatwai	END	1607017058987
USER	gatwai	START	1607017059081
REQUEST		request_0	1607017059081	1607017059193	OK	 
USER	gatwai	END	1607017059193
USER	gatwai	START	1607017059284
REQUEST		request_0	1607017059284	1607017059386	OK	 
USER	gatwai	END	1607017059387
USER	gatwai	START	1607017059480
REQUEST		request_0	1607017059481	1607017059580	OK	 
USER	gatwai	END	1607017059581
USER	gatwai	START	1607017059684
REQUEST		request_0	1607017059684	1607017059782	OK	 
USER	gatwai	END	1607017059783
USER	gatwai	START	1607017059871
REQUEST		request_0	1607017059871	1607017059972	OK	 
USER	gatwai	END	1607017059973
USER	gatwai	START	1607017060074
REQUEST		request_0	1607017060074	1607017060175	OK	 
USER	gatwai	END	1607017060176
USER	gatwai	START	1607017060277
REQUEST		request_0	1607017060278	1607017060388	OK	 
USER	gatwai	END	1607017060389
USER	gatwai	START	1607017060481
REQUEST		request_0	1607017060481	1607017060578	OK	 
USER	gatwai	END	1607017060578
USER	gatwai	START	1607017060684
REQUEST		request_0	1607017060684	1607017060788	OK	 
USER	gatwai	END	1607017060789
USER	gatwai	START	1607017060871
REQUEST		request_0	1607017060871	1607017060969	OK	 
USER	gatwai	END	1607017060970
USER	gatwai	START	1607017061074
REQUEST		request_0	1607017061075	1607017061167	OK	 
USER	gatwai	END	1607017061168
USER	gatwai	START	1607017061278
REQUEST		request_0	1607017061278	1607017061383	OK	 
USER	gatwai	END	1607017061384
USER	gatwai	START	1607017061481
REQUEST		request_0	1607017061481	1607017061581	OK	 
USER	gatwai	END	1607017061582
USER	gatwai	START	1607017061684
REQUEST		request_0	1607017061684	1607017061775	OK	 
USER	gatwai	END	1607017061775
USER	gatwai	START	1607017061869
REQUEST		request_0	1607017061869	1607017061974	OK	 
USER	gatwai	END	1607017061975
USER	gatwai	START	1607017062072
REQUEST		request_0	1607017062072	1607017062175	OK	 
USER	gatwai	END	1607017062176
USER	gatwai	START	1607017062275
REQUEST		request_0	1607017062276	1607017062380	OK	 
USER	gatwai	END	1607017062380
USER	gatwai	START	1607017062479
REQUEST		request_0	1607017062479	1607017062577	OK	 
USER	gatwai	END	1607017062578
USER	gatwai	START	1607017062682
REQUEST		request_0	1607017062682	1607017062777	OK	 
USER	gatwai	END	1607017062778
USER	gatwai	START	1607017062877
REQUEST		request_0	1607017062877	1607017062968	OK	 
USER	gatwai	END	1607017062969
USER	gatwai	START	1607017063080
REQUEST		request_0	1607017063080	1607017063193	OK	 
USER	gatwai	END	1607017063194
USER	gatwai	START	1607017063276
REQUEST		request_0	1607017063276	1607017063371	OK	 
USER	gatwai	END	1607017063372
USER	gatwai	START	1607017063475
REQUEST		request_0	1607017063475	1607017063574	OK	 
USER	gatwai	END	1607017063574
USER	gatwai	START	1607017063679
REQUEST		request_0	1607017063680	1607017063793	OK	 
USER	gatwai	END	1607017063794
USER	gatwai	START	1607017063881
REQUEST		request_0	1607017063882	1607017063977	OK	 
USER	gatwai	END	1607017063978
USER	gatwai	START	1607017064084
REQUEST		request_0	1607017064085	1607017064184	OK	 
USER	gatwai	END	1607017064184
USER	gatwai	START	1607017064272
REQUEST		request_0	1607017064272	1607017064367	OK	 
USER	gatwai	END	1607017064368
USER	gatwai	START	1607017064475
REQUEST		request_0	1607017064476	1607017064579	OK	 
USER	gatwai	END	1607017064580
USER	gatwai	START	1607017064678
REQUEST		request_0	1607017064679	1607017064789	OK	 
USER	gatwai	END	1607017064790
USER	gatwai	START	1607017064882
REQUEST		request_0	1607017064882	1607017064987	OK	 
USER	gatwai	END	1607017064987
USER	gatwai	START	1607017065084
REQUEST		request_0	1607017065085	1607017065183	OK	 
USER	gatwai	END	1607017065184
USER	gatwai	START	1607017065275
REQUEST		request_0	1607017065275	1607017065372	OK	 
USER	gatwai	END	1607017065372
USER	gatwai	START	1607017065478
REQUEST		request_0	1607017065478	1607017065578	OK	 
USER	gatwai	END	1607017065578
USER	gatwai	START	1607017065680
REQUEST		request_0	1607017065681	1607017065786	OK	 
USER	gatwai	END	1607017065786
USER	gatwai	START	1607017065884
REQUEST		request_0	1607017065884	1607017065980	OK	 
USER	gatwai	END	1607017065981
USER	gatwai	START	1607017066071
REQUEST		request_0	1607017066071	1607017066174	OK	 
USER	gatwai	END	1607017066175
USER	gatwai	START	1607017066274
REQUEST		request_0	1607017066274	1607017066367	OK	 
USER	gatwai	END	1607017066367
USER	gatwai	START	1607017066478
REQUEST		request_0	1607017066478	1607017066581	OK	 
USER	gatwai	END	1607017066582
USER	gatwai	START	1607017066680
REQUEST		request_0	1607017066681	1607017066778	OK	 
USER	gatwai	END	1607017066779
USER	gatwai	START	1607017066884
REQUEST		request_0	1607017066884	1607017066985	OK	 
USER	gatwai	END	1607017066986
USER	gatwai	START	1607017067071
REQUEST		request_0	1607017067071	1607017067164	OK	 
USER	gatwai	END	1607017067165
USER	gatwai	START	1607017067274
REQUEST		request_0	1607017067275	1607017067375	OK	 
USER	gatwai	END	1607017067376
USER	gatwai	START	1607017067477
REQUEST		request_0	1607017067478	1607017067575	OK	 
USER	gatwai	END	1607017067575
USER	gatwai	START	1607017067681
REQUEST		request_0	1607017067681	1607017067783	OK	 
USER	gatwai	END	1607017067784
USER	gatwai	START	1607017067884
REQUEST		request_0	1607017067884	1607017067994	OK	 
USER	gatwai	END	1607017067995
USER	gatwai	START	1607017068071
REQUEST		request_0	1607017068071	1607017068170	OK	 
USER	gatwai	END	1607017068170
USER	gatwai	START	1607017068274
REQUEST		request_0	1607017068275	1607017068379	OK	 
USER	gatwai	END	1607017068380
USER	gatwai	START	1607017068477
REQUEST		request_0	1607017068478	1607017068574	OK	 
USER	gatwai	END	1607017068575
USER	gatwai	START	1607017068681
REQUEST		request_0	1607017068681	1607017068782	OK	 
USER	gatwai	END	1607017068782
USER	gatwai	START	1607017068884
REQUEST		request_0	1607017068884	1607017068982	OK	 
USER	gatwai	END	1607017068983
USER	gatwai	START	1607017069071
REQUEST		request_0	1607017069072	1607017069174	OK	 
USER	gatwai	END	1607017069175
USER	gatwai	START	1607017069274
REQUEST		request_0	1607017069275	1607017069374	OK	 
USER	gatwai	END	1607017069374
USER	gatwai	START	1607017069477
REQUEST		request_0	1607017069478	1607017069572	OK	 
USER	gatwai	END	1607017069573
USER	gatwai	START	1607017069681
REQUEST		request_0	1607017069681	1607017069783	OK	 
USER	gatwai	END	1607017069783
USER	gatwai	START	1607017069884
REQUEST		request_0	1607017069884	1607017069991	OK	 
USER	gatwai	END	1607017069991
USER	gatwai	START	1607017070071
REQUEST		request_0	1607017070071	1607017070172	OK	 
USER	gatwai	END	1607017070173
USER	gatwai	START	1607017070274
REQUEST		request_0	1607017070274	1607017070376	OK	 
USER	gatwai	END	1607017070377
USER	gatwai	START	1607017070478
REQUEST		request_0	1607017070478	1607017070578	OK	 
USER	gatwai	END	1607017070579
USER	gatwai	START	1607017070680
REQUEST		request_0	1607017070681	1607017070777	OK	 
USER	gatwai	END	1607017070778
USER	gatwai	START	1607017070873
REQUEST		request_0	1607017070874	1607017070981	OK	 
USER	gatwai	END	1607017070981
USER	gatwai	START	1607017071077
REQUEST		request_0	1607017071077	1607017071176	OK	 
USER	gatwai	END	1607017071176
USER	gatwai	START	1607017071280
REQUEST		request_0	1607017071280	1607017071378	OK	 
USER	gatwai	END	1607017071379
USER	gatwai	START	1607017071483
REQUEST		request_0	1607017071483	1607017071582	OK	 
USER	gatwai	END	1607017071583
USER	gatwai	START	1607017071670
REQUEST		request_0	1607017071671	1607017071773	OK	 
USER	gatwai	END	1607017071774
USER	gatwai	START	1607017071874
REQUEST		request_0	1607017071874	1607017071981	OK	 
USER	gatwai	END	1607017071981
USER	gatwai	START	1607017072077
REQUEST		request_0	1607017072077	1607017072181	OK	 
USER	gatwai	END	1607017072182
USER	gatwai	START	1607017072280
REQUEST		request_0	1607017072280	1607017072383	OK	 
USER	gatwai	END	1607017072384
USER	gatwai	START	1607017072483
REQUEST		request_0	1607017072484	1607017072580	OK	 
USER	gatwai	END	1607017072580
USER	gatwai	START	1607017072671
REQUEST		request_0	1607017072671	1607017072768	OK	 
USER	gatwai	END	1607017072768
USER	gatwai	START	1607017072874
REQUEST		request_0	1607017072874	1607017072980	OK	 
USER	gatwai	END	1607017072980
USER	gatwai	START	1607017073077
REQUEST		request_0	1607017073077	1607017073182	OK	 
USER	gatwai	END	1607017073183
USER	gatwai	START	1607017073280
REQUEST		request_0	1607017073280	1607017073384	OK	 
USER	gatwai	END	1607017073385
USER	gatwai	START	1607017073483
REQUEST		request_0	1607017073484	1607017073584	OK	 
USER	gatwai	END	1607017073585
USER	gatwai	START	1607017073671
REQUEST		request_0	1607017073671	1607017073774	OK	 
USER	gatwai	END	1607017073774
USER	gatwai	START	1607017073875
REQUEST		request_0	1607017073875	1607017073981	OK	 
USER	gatwai	END	1607017073982
USER	gatwai	START	1607017074079
REQUEST		request_0	1607017074079	1607017074175	OK	 
USER	gatwai	END	1607017074176
USER	gatwai	START	1607017074269
REQUEST		request_0	1607017074270	1607017074364	OK	 
USER	gatwai	END	1607017074365
USER	gatwai	START	1607017074472
REQUEST		request_0	1607017074473	1607017074575	OK	 
USER	gatwai	END	1607017074575
USER	gatwai	START	1607017074676
REQUEST		request_0	1607017074676	1607017074767	OK	 
USER	gatwai	END	1607017074768
USER	gatwai	START	1607017074879
REQUEST		request_0	1607017074879	1607017074996	OK	 
USER	gatwai	END	1607017074997
USER	gatwai	START	1607017075082
REQUEST		request_0	1607017075082	1607017075176	OK	 
USER	gatwai	END	1607017075176
USER	gatwai	START	1607017075269
REQUEST		request_0	1607017075270	1607017075370	OK	 
USER	gatwai	END	1607017075370
USER	gatwai	START	1607017075473
REQUEST		request_0	1607017075473	1607017075575	OK	 
USER	gatwai	END	1607017075575
USER	gatwai	START	1607017075676
REQUEST		request_0	1607017075676	1607017075774	OK	 
USER	gatwai	END	1607017075774
USER	gatwai	START	1607017075880
REQUEST		request_0	1607017075880	1607017075975	OK	 
USER	gatwai	END	1607017075975
USER	gatwai	START	1607017076082
REQUEST		request_0	1607017076082	1607017076191	OK	 
USER	gatwai	END	1607017076192
USER	gatwai	START	1607017076269
REQUEST		request_0	1607017076270	1607017076371	OK	 
USER	gatwai	END	1607017076372
USER	gatwai	START	1607017076484
REQUEST		request_0	1607017076484	1607017076584	OK	 
USER	gatwai	END	1607017076585
USER	gatwai	START	1607017076672
REQUEST		request_0	1607017076672	1607017076769	OK	 
USER	gatwai	END	1607017076769
USER	gatwai	START	1607017076875
REQUEST		request_0	1607017076875	1607017076983	OK	 
USER	gatwai	END	1607017076983
USER	gatwai	START	1607017077079
REQUEST		request_0	1607017077079	1607017077181	OK	 
USER	gatwai	END	1607017077182
USER	gatwai	START	1607017077275
REQUEST		request_0	1607017077276	1607017077376	OK	 
USER	gatwai	END	1607017077377
USER	gatwai	START	1607017077478
REQUEST		request_0	1607017077479	1607017077585	OK	 
USER	gatwai	END	1607017077586
USER	gatwai	START	1607017077682
REQUEST		request_0	1607017077682	1607017077781	OK	 
USER	gatwai	END	1607017077782
USER	gatwai	START	1607017077885
REQUEST		request_0	1607017077885	1607017077975	OK	 
USER	gatwai	END	1607017077976
USER	gatwai	START	1607017078072
REQUEST		request_0	1607017078073	1607017078175	OK	 
USER	gatwai	END	1607017078176
USER	gatwai	START	1607017078276
REQUEST		request_0	1607017078276	1607017078375	OK	 
USER	gatwai	END	1607017078376
USER	gatwai	START	1607017078479
REQUEST		request_0	1607017078479	1607017078586	OK	 
USER	gatwai	END	1607017078587
USER	gatwai	START	1607017078683
REQUEST		request_0	1607017078683	1607017078778	OK	 
USER	gatwai	END	1607017078779
USER	gatwai	START	1607017078869
REQUEST		request_0	1607017078870	1607017078965	OK	 
USER	gatwai	END	1607017078965
USER	gatwai	START	1607017079073
REQUEST		request_0	1607017079073	1607017079168	OK	 
USER	gatwai	END	1607017079168
USER	gatwai	START	1607017079276
REQUEST		request_0	1607017079276	1607017079374	OK	 
USER	gatwai	END	1607017079374
USER	gatwai	START	1607017079479
REQUEST		request_0	1607017079479	1607017079579	OK	 
USER	gatwai	END	1607017079580
USER	gatwai	START	1607017079682
REQUEST		request_0	1607017079682	1607017079784	OK	 
USER	gatwai	END	1607017079785
USER	gatwai	START	1607017079885
REQUEST		request_0	1607017079886	1607017079984	OK	 
USER	gatwai	END	1607017079985
USER	gatwai	START	1607017080073
REQUEST		request_0	1607017080073	1607017080165	OK	 
USER	gatwai	END	1607017080166
USER	gatwai	START	1607017080276
REQUEST		request_0	1607017080277	1607017080378	OK	 
USER	gatwai	END	1607017080379
USER	gatwai	START	1607017080479
REQUEST		request_0	1607017080480	1607017080577	OK	 
USER	gatwai	END	1607017080577
USER	gatwai	START	1607017080682
REQUEST		request_0	1607017080683	1607017080793	OK	 
USER	gatwai	END	1607017080794
USER	gatwai	START	1607017080870
REQUEST		request_0	1607017080870	1607017080985	OK	 
USER	gatwai	END	1607017080986
USER	gatwai	START	1607017081073
REQUEST		request_0	1607017081073	1607017081173	OK	 
USER	gatwai	END	1607017081174
USER	gatwai	START	1607017081276
REQUEST		request_0	1607017081276	1607017081370	OK	 
USER	gatwai	END	1607017081371
USER	gatwai	START	1607017081479
REQUEST		request_0	1607017081480	1607017081586	OK	 
USER	gatwai	END	1607017081586
USER	gatwai	START	1607017081682
REQUEST		request_0	1607017081683	1607017081785	OK	 
USER	gatwai	END	1607017081786
USER	gatwai	START	1607017081870
REQUEST		request_0	1607017081870	1607017081969	OK	 
USER	gatwai	END	1607017081970
USER	gatwai	START	1607017082073
REQUEST		request_0	1607017082073	1607017082167	OK	 
USER	gatwai	END	1607017082167
USER	gatwai	START	1607017082276
REQUEST		request_0	1607017082277	1607017082387	OK	 
USER	gatwai	END	1607017082387
USER	gatwai	START	1607017082479
REQUEST		request_0	1607017082480	1607017082582	OK	 
USER	gatwai	END	1607017082583
USER	gatwai	START	1607017082682
REQUEST		request_0	1607017082683	1607017082800	OK	 
USER	gatwai	END	1607017082800
USER	gatwai	START	1607017082878
REQUEST		request_0	1607017082878	1607017082980	OK	 
USER	gatwai	END	1607017082980
USER	gatwai	START	1607017083081
REQUEST		request_0	1607017083082	1607017083175	OK	 
USER	gatwai	END	1607017083176
USER	gatwai	START	1607017083285
REQUEST		request_0	1607017083285	1607017083408	OK	 
USER	gatwai	END	1607017083409
USER	gatwai	START	1607017083472
REQUEST		request_0	1607017083472	1607017083563	OK	 
USER	gatwai	END	1607017083564
USER	gatwai	START	1607017083675
REQUEST		request_0	1607017083676	1607017083781	OK	 
USER	gatwai	END	1607017083782
USER	gatwai	START	1607017083878
REQUEST		request_0	1607017083879	1607017083971	OK	 
USER	gatwai	END	1607017083972
USER	gatwai	START	1607017084081
REQUEST		request_0	1607017084082	1607017084189	OK	 
USER	gatwai	END	1607017084190
USER	gatwai	START	1607017084269
REQUEST		request_0	1607017084269	1607017084368	OK	 
USER	gatwai	END	1607017084369
USER	gatwai	START	1607017084472
REQUEST		request_0	1607017084472	1607017084573	OK	 
USER	gatwai	END	1607017084573
USER	gatwai	START	1607017084675
REQUEST		request_0	1607017084675	1607017084773	OK	 
USER	gatwai	END	1607017084774
USER	gatwai	START	1607017084878
REQUEST		request_0	1607017084879	1607017084979	OK	 
USER	gatwai	END	1607017084980
USER	gatwai	START	1607017085081
REQUEST		request_0	1607017085082	1607017085181	OK	 
USER	gatwai	END	1607017085182
USER	gatwai	START	1607017085269
REQUEST		request_0	1607017085269	1607017085363	OK	 
USER	gatwai	END	1607017085363
USER	gatwai	START	1607017085472
REQUEST		request_0	1607017085472	1607017085575	OK	 
USER	gatwai	END	1607017085575
USER	gatwai	START	1607017085676
REQUEST		request_0	1607017085676	1607017085794	OK	 
USER	gatwai	END	1607017085795
USER	gatwai	START	1607017085879
REQUEST		request_0	1607017085880	1607017085976	OK	 
USER	gatwai	END	1607017085976
USER	gatwai	START	1607017086082
REQUEST		request_0	1607017086082	1607017086185	OK	 
USER	gatwai	END	1607017086186
USER	gatwai	START	1607017086269
REQUEST		request_0	1607017086270	1607017086359	OK	 
USER	gatwai	END	1607017086360
USER	gatwai	START	1607017086473
REQUEST		request_0	1607017086473	1607017086574	OK	 
USER	gatwai	END	1607017086574
USER	gatwai	START	1607017086676
REQUEST		request_0	1607017086676	1607017086774	OK	 
USER	gatwai	END	1607017086774
USER	gatwai	START	1607017086879
REQUEST		request_0	1607017086879	1607017086982	OK	 
USER	gatwai	END	1607017086983
USER	gatwai	START	1607017087082
REQUEST		request_0	1607017087082	1607017087189	OK	 
USER	gatwai	END	1607017087190
USER	gatwai	START	1607017087283
REQUEST		request_0	1607017087284	1607017087375	OK	 
USER	gatwai	END	1607017087376
USER	gatwai	START	1607017087471
REQUEST		request_0	1607017087471	1607017087570	OK	 
USER	gatwai	END	1607017087571
USER	gatwai	START	1607017087674
REQUEST		request_0	1607017087675	1607017087778	OK	 
USER	gatwai	END	1607017087779
USER	gatwai	START	1607017087878
REQUEST		request_0	1607017087878	1607017087987	OK	 
USER	gatwai	END	1607017087987
USER	gatwai	START	1607017088081
REQUEST		request_0	1607017088081	1607017088177	OK	 
USER	gatwai	END	1607017088178
USER	gatwai	START	1607017088284
REQUEST		request_0	1607017088284	1607017088382	OK	 
USER	gatwai	END	1607017088383
USER	gatwai	START	1607017088471
REQUEST		request_0	1607017088471	1607017088561	OK	 
USER	gatwai	END	1607017088562
USER	gatwai	START	1607017088674
REQUEST		request_0	1607017088675	1607017088776	OK	 
USER	gatwai	END	1607017088777
USER	gatwai	START	1607017088877
REQUEST		request_0	1607017088878	1607017088973	OK	 
USER	gatwai	END	1607017088974
USER	gatwai	START	1607017089070
REQUEST		request_0	1607017089071	1607017089177	OK	 
USER	gatwai	END	1607017089178
USER	gatwai	START	1607017089274
REQUEST		request_0	1607017089275	1607017089377	OK	 
USER	gatwai	END	1607017089381
USER	gatwai	START	1607017089478
REQUEST		request_0	1607017089478	1607017089578	OK	 
USER	gatwai	END	1607017089578
USER	gatwai	START	1607017089681
REQUEST		request_0	1607017089681	1607017089786	OK	 
USER	gatwai	END	1607017089787
USER	gatwai	START	1607017089884
REQUEST		request_0	1607017089884	1607017089982	OK	 
USER	gatwai	END	1607017089982
USER	gatwai	START	1607017090071
REQUEST		request_0	1607017090072	1607017090166	OK	 
USER	gatwai	END	1607017090166
USER	gatwai	START	1607017090275
REQUEST		request_0	1607017090275	1607017090378	OK	 
USER	gatwai	END	1607017090379
USER	gatwai	START	1607017090478
REQUEST		request_0	1607017090478	1607017090574	OK	 
USER	gatwai	END	1607017090575
USER	gatwai	START	1607017090681
REQUEST		request_0	1607017090681	1607017090780	OK	 
USER	gatwai	END	1607017090781
USER	gatwai	START	1607017090884
REQUEST		request_0	1607017090884	1607017090976	OK	 
USER	gatwai	END	1607017090977
USER	gatwai	START	1607017091071
REQUEST		request_0	1607017091071	1607017091172	OK	 
USER	gatwai	END	1607017091172
USER	gatwai	START	1607017091275
REQUEST		request_0	1607017091275	1607017091373	OK	 
USER	gatwai	END	1607017091374
USER	gatwai	START	1607017091478
REQUEST		request_0	1607017091478	1607017091586	OK	 
USER	gatwai	END	1607017091587
USER	gatwai	START	1607017091681
REQUEST		request_0	1607017091681	1607017091778	OK	 
USER	gatwai	END	1607017091778
USER	gatwai	START	1607017091884
REQUEST		request_0	1607017091884	1607017091991	OK	 
USER	gatwai	END	1607017091991
USER	gatwai	START	1607017092071
REQUEST		request_0	1607017092071	1607017092161	OK	 
USER	gatwai	END	1607017092162
USER	gatwai	START	1607017092275
REQUEST		request_0	1607017092275	1607017092368	OK	 
USER	gatwai	END	1607017092369
USER	gatwai	START	1607017092478
REQUEST		request_0	1607017092478	1607017092570	OK	 
USER	gatwai	END	1607017092571
USER	gatwai	START	1607017092681
REQUEST		request_0	1607017092681	1607017092770	OK	 
USER	gatwai	END	1607017092771
USER	gatwai	START	1607017092884
REQUEST		request_0	1607017092884	1607017092980	OK	 
USER	gatwai	END	1607017092981
USER	gatwai	START	1607017093071
REQUEST		request_0	1607017093072	1607017093171	OK	 
USER	gatwai	END	1607017093172
USER	gatwai	START	1607017093275
REQUEST		request_0	1607017093276	1607017093378	OK	 
USER	gatwai	END	1607017093379
USER	gatwai	START	1607017093478
REQUEST		request_0	1607017093479	1607017093586	OK	 
USER	gatwai	END	1607017093586
USER	gatwai	START	1607017093681
REQUEST		request_0	1607017093682	1607017093784	OK	 
USER	gatwai	END	1607017093784
USER	gatwai	START	1607017093884
REQUEST		request_0	1607017093885	1607017094000	OK	 
USER	gatwai	END	1607017094000
USER	gatwai	START	1607017094072
REQUEST		request_0	1607017094072	1607017094167	OK	 
USER	gatwai	END	1607017094168
USER	gatwai	START	1607017094275
REQUEST		request_0	1607017094275	1607017094377	OK	 
USER	gatwai	END	1607017094377
USER	gatwai	START	1607017094478
REQUEST		request_0	1607017094479	1607017094579	OK	 
USER	gatwai	END	1607017094580
USER	gatwai	START	1607017094681
REQUEST		request_0	1607017094682	1607017094790	OK	 
USER	gatwai	END	1607017094791
USER	gatwai	START	1607017094885
REQUEST		request_0	1607017094885	1607017094992	OK	 
USER	gatwai	END	1607017094993
USER	gatwai	START	1607017095072
REQUEST		request_0	1607017095072	1607017095174	OK	 
USER	gatwai	END	1607017095175
USER	gatwai	START	1607017095275
REQUEST		request_0	1607017095276	1607017095374	OK	 
USER	gatwai	END	1607017095375
USER	gatwai	START	1607017095478
REQUEST		request_0	1607017095478	1607017095584	OK	 
USER	gatwai	END	1607017095584
USER	gatwai	START	1607017095681
REQUEST		request_0	1607017095681	1607017095771	OK	 
USER	gatwai	END	1607017095771
USER	gatwai	START	1607017095884
REQUEST		request_0	1607017095885	1607017095974	OK	 
USER	gatwai	END	1607017095974
USER	gatwai	START	1607017096072
REQUEST		request_0	1607017096072	1607017096169	OK	 
USER	gatwai	END	1607017096170
USER	gatwai	START	1607017096275
REQUEST		request_0	1607017096275	1607017096380	OK	 
USER	gatwai	END	1607017096381
USER	gatwai	START	1607017096478
REQUEST		request_0	1607017096478	1607017096580	OK	 
USER	gatwai	END	1607017096581
USER	gatwai	START	1607017096681
REQUEST		request_0	1607017096681	1607017096781	OK	 
USER	gatwai	END	1607017096782
USER	gatwai	START	1607017096869
REQUEST		request_0	1607017096869	1607017096973	OK	 
USER	gatwai	END	1607017096974
USER	gatwai	START	1607017097072
REQUEST		request_0	1607017097072	1607017097178	OK	 
USER	gatwai	END	1607017097178
USER	gatwai	START	1607017097275
REQUEST		request_0	1607017097275	1607017097377	OK	 
USER	gatwai	END	1607017097377
USER	gatwai	START	1607017097478
REQUEST		request_0	1607017097478	1607017097586	OK	 
USER	gatwai	END	1607017097586
USER	gatwai	START	1607017097681
REQUEST		request_0	1607017097681	1607017097779	OK	 
USER	gatwai	END	1607017097779
USER	gatwai	START	1607017097884
REQUEST		request_0	1607017097885	1607017097985	OK	 
USER	gatwai	END	1607017097986
USER	gatwai	START	1607017098072
REQUEST		request_0	1607017098072	1607017098162	OK	 
USER	gatwai	END	1607017098163
USER	gatwai	START	1607017098275
REQUEST		request_0	1607017098275	1607017098378	OK	 
USER	gatwai	END	1607017098379
USER	gatwai	START	1607017098478
REQUEST		request_0	1607017098478	1607017098568	OK	 
USER	gatwai	END	1607017098568
USER	gatwai	START	1607017098681
REQUEST		request_0	1607017098681	1607017098784	OK	 
USER	gatwai	END	1607017098784
USER	gatwai	START	1607017098869
REQUEST		request_0	1607017098869	1607017098970	OK	 
USER	gatwai	END	1607017098971
USER	gatwai	START	1607017099072
REQUEST		request_0	1607017099072	1607017099169	OK	 
USER	gatwai	END	1607017099169
USER	gatwai	START	1607017099275
REQUEST		request_0	1607017099275	1607017099365	OK	 
USER	gatwai	END	1607017099365
USER	gatwai	START	1607017099478
REQUEST		request_0	1607017099478	1607017099576	OK	 
USER	gatwai	END	1607017099576
USER	gatwai	START	1607017099681
REQUEST		request_0	1607017099682	1607017099773	OK	 
USER	gatwai	END	1607017099773
USER	gatwai	START	1607017099884
REQUEST		request_0	1607017099885	1607017099985	OK	 
USER	gatwai	END	1607017099985
USER	gatwai	START	1607017100072
REQUEST		request_0	1607017100072	1607017100169	OK	 
USER	gatwai	END	1607017100169
USER	gatwai	START	1607017100279
REQUEST		request_0	1607017100279	1607017100398	OK	 
USER	gatwai	END	1607017100399
USER	gatwai	START	1607017100482
REQUEST		request_0	1607017100482	1607017100583	OK	 
USER	gatwai	END	1607017100584
USER	gatwai	START	1607017100669
REQUEST		request_0	1607017100670	1607017100762	OK	 
USER	gatwai	END	1607017100762
USER	gatwai	START	1607017100872
REQUEST		request_0	1607017100873	1607017100972	OK	 
USER	gatwai	END	1607017100973
USER	gatwai	START	1607017101076
REQUEST		request_0	1607017101076	1607017101178	OK	 
USER	gatwai	END	1607017101178
USER	gatwai	START	1607017101280
REQUEST		request_0	1607017101280	1607017101392	OK	 
USER	gatwai	END	1607017101393
USER	gatwai	START	1607017101482
REQUEST		request_0	1607017101482	1607017101574	OK	 
USER	gatwai	END	1607017101574
USER	gatwai	START	1607017101669
REQUEST		request_0	1607017101670	1607017101766	OK	 
USER	gatwai	END	1607017101766
USER	gatwai	START	1607017101873
REQUEST		request_0	1607017101873	1607017101974	OK	 
USER	gatwai	END	1607017101975
USER	gatwai	START	1607017102076
REQUEST		request_0	1607017102076	1607017102168	OK	 
USER	gatwai	END	1607017102169
USER	gatwai	START	1607017102279
REQUEST		request_0	1607017102279	1607017102379	OK	 
USER	gatwai	END	1607017102379
USER	gatwai	START	1607017102482
REQUEST		request_0	1607017102482	1607017102575	OK	 
USER	gatwai	END	1607017102575
USER	gatwai	START	1607017102669
REQUEST		request_0	1607017102670	1607017102766	OK	 
USER	gatwai	END	1607017102767
USER	gatwai	START	1607017102873
REQUEST		request_0	1607017102873	1607017102981	OK	 
USER	gatwai	END	1607017102981
USER	gatwai	START	1607017103076
REQUEST		request_0	1607017103076	1607017103177	OK	 
USER	gatwai	END	1607017103177
USER	gatwai	START	1607017103279
REQUEST		request_0	1607017103279	1607017103384	OK	 
USER	gatwai	END	1607017103385
USER	gatwai	START	1607017103482
REQUEST		request_0	1607017103482	1607017103577	OK	 
USER	gatwai	END	1607017103578
USER	gatwai	START	1607017103669
REQUEST		request_0	1607017103670	1607017103768	OK	 
USER	gatwai	END	1607017103769
USER	gatwai	START	1607017103873
REQUEST		request_0	1607017103873	1607017103975	OK	 
USER	gatwai	END	1607017103975
USER	gatwai	START	1607017104076
REQUEST		request_0	1607017104076	1607017104179	OK	 
USER	gatwai	END	1607017104179
USER	gatwai	START	1607017104279
REQUEST		request_0	1607017104280	1607017104376	OK	 
USER	gatwai	END	1607017104377
USER	gatwai	START	1607017104482
REQUEST		request_0	1607017104482	1607017104584	OK	 
USER	gatwai	END	1607017104584
USER	gatwai	START	1607017104669
REQUEST		request_0	1607017104670	1607017104765	OK	 
USER	gatwai	END	1607017104766
USER	gatwai	START	1607017104873
REQUEST		request_0	1607017104873	1607017104975	OK	 
USER	gatwai	END	1607017104975
USER	gatwai	START	1607017105076
REQUEST		request_0	1607017105076	1607017105175	OK	 
USER	gatwai	END	1607017105176
USER	gatwai	START	1607017105279
REQUEST		request_0	1607017105279	1607017105381	OK	 
USER	gatwai	END	1607017105381
USER	gatwai	START	1607017105482
REQUEST		request_0	1607017105483	1607017105587	OK	 
USER	gatwai	END	1607017105588
USER	gatwai	START	1607017105670
REQUEST		request_0	1607017105670	1607017105761	OK	 
USER	gatwai	END	1607017105761
USER	gatwai	START	1607017105873
REQUEST		request_0	1607017105873	1607017105965	OK	 
USER	gatwai	END	1607017105965
USER	gatwai	START	1607017106076
REQUEST		request_0	1607017106077	1607017106178	OK	 
USER	gatwai	END	1607017106178
USER	gatwai	START	1607017106279
REQUEST		request_0	1607017106279	1607017106379	OK	 
USER	gatwai	END	1607017106379
USER	gatwai	START	1607017106482
REQUEST		request_0	1607017106483	1607017106572	OK	 
USER	gatwai	END	1607017106572
USER	gatwai	START	1607017106670
REQUEST		request_0	1607017106670	1607017106779	OK	 
USER	gatwai	END	1607017106779
USER	gatwai	START	1607017106873
REQUEST		request_0	1607017106873	1607017106973	OK	 
USER	gatwai	END	1607017106974
USER	gatwai	START	1607017107076
REQUEST		request_0	1607017107076	1607017107183	OK	 
USER	gatwai	END	1607017107184
USER	gatwai	START	1607017107279
REQUEST		request_0	1607017107279	1607017107379	OK	 
USER	gatwai	END	1607017107379
USER	gatwai	START	1607017107482
REQUEST		request_0	1607017107482	1607017107573	OK	 
USER	gatwai	END	1607017107574
USER	gatwai	START	1607017107670
REQUEST		request_0	1607017107670	1607017107765	OK	 
USER	gatwai	END	1607017107766
USER	gatwai	START	1607017107873
REQUEST		request_0	1607017107873	1607017107975	OK	 
USER	gatwai	END	1607017107976
USER	gatwai	START	1607017108076
REQUEST		request_0	1607017108076	1607017108171	OK	 
USER	gatwai	END	1607017108171
USER	gatwai	START	1607017108279
REQUEST		request_0	1607017108279	1607017108375	OK	 
USER	gatwai	END	1607017108375
USER	gatwai	START	1607017108482
REQUEST		request_0	1607017108482	1607017108585	OK	 
USER	gatwai	END	1607017108586
USER	gatwai	START	1607017108670
REQUEST		request_0	1607017108670	1607017108763	OK	 
USER	gatwai	END	1607017108763
USER	gatwai	START	1607017108873
REQUEST		request_0	1607017108873	1607017108962	OK	 
USER	gatwai	END	1607017108962
USER	gatwai	START	1607017109076
REQUEST		request_0	1607017109076	1607017109178	OK	 
USER	gatwai	END	1607017109179
USER	gatwai	START	1607017109272
REQUEST		request_0	1607017109273	1607017109374	OK	 
USER	gatwai	END	1607017109375
USER	gatwai	START	1607017109476
REQUEST		request_0	1607017109476	1607017109581	OK	 
USER	gatwai	END	1607017109582
USER	gatwai	START	1607017109679
REQUEST		request_0	1607017109679	1607017109779	OK	 
USER	gatwai	END	1607017109779
USER	gatwai	START	1607017109882
REQUEST		request_0	1607017109882	1607017109988	OK	 
USER	gatwai	END	1607017109989
USER	gatwai	START	1607017110085
REQUEST		request_0	1607017110085	1607017110180	OK	 
USER	gatwai	END	1607017110181
USER	gatwai	START	1607017110272
REQUEST		request_0	1607017110273	1607017110380	OK	 
USER	gatwai	END	1607017110381
USER	gatwai	START	1607017110476
REQUEST		request_0	1607017110476	1607017110587	OK	 
USER	gatwai	END	1607017110588
USER	gatwai	START	1607017110679
REQUEST		request_0	1607017110679	1607017110784	OK	 
USER	gatwai	END	1607017110785
USER	gatwai	START	1607017110882
REQUEST		request_0	1607017110883	1607017110980	OK	 
USER	gatwai	END	1607017110980
USER	gatwai	START	1607017111085
REQUEST		request_0	1607017111085	1607017111190	OK	 
USER	gatwai	END	1607017111191
USER	gatwai	START	1607017111273
REQUEST		request_0	1607017111274	1607017111370	OK	 
USER	gatwai	END	1607017111370
USER	gatwai	START	1607017111476
REQUEST		request_0	1607017111477	1607017111598	OK	 
USER	gatwai	END	1607017111599
USER	gatwai	START	1607017111674
REQUEST		request_0	1607017111674	1607017111763	OK	 
USER	gatwai	END	1607017111763
USER	gatwai	START	1607017111877
REQUEST		request_0	1607017111878	1607017111994	OK	 
USER	gatwai	END	1607017111994
USER	gatwai	START	1607017112080
REQUEST		request_0	1607017112080	1607017112189	OK	 
USER	gatwai	END	1607017112190
USER	gatwai	START	1607017112283
REQUEST		request_0	1607017112283	1607017112378	OK	 
USER	gatwai	END	1607017112378
USER	gatwai	START	1607017112472
REQUEST		request_0	1607017112472	1607017112565	OK	 
USER	gatwai	END	1607017112566
USER	gatwai	START	1607017112674
REQUEST		request_0	1607017112675	1607017112776	OK	 
USER	gatwai	END	1607017112776
USER	gatwai	START	1607017112877
REQUEST		request_0	1607017112878	1607017112982	OK	 
USER	gatwai	END	1607017112982
USER	gatwai	START	1607017113081
REQUEST		request_0	1607017113081	1607017113195	OK	 
USER	gatwai	END	1607017113196
USER	gatwai	START	1607017113284
REQUEST		request_0	1607017113284	1607017113378	OK	 
USER	gatwai	END	1607017113379
USER	gatwai	START	1607017113471
REQUEST		request_0	1607017113471	1607017113569	OK	 
USER	gatwai	END	1607017113570
USER	gatwai	START	1607017113674
REQUEST		request_0	1607017113674	1607017113770	OK	 
USER	gatwai	END	1607017113770
USER	gatwai	START	1607017113880
REQUEST		request_0	1607017113880	1607017113985	OK	 
USER	gatwai	END	1607017113986
USER	gatwai	START	1607017114083
REQUEST		request_0	1607017114083	1607017114179	OK	 
USER	gatwai	END	1607017114180
USER	gatwai	START	1607017114270
REQUEST		request_0	1607017114270	1607017114369	OK	 
USER	gatwai	END	1607017114370
USER	gatwai	START	1607017114473
REQUEST		request_0	1607017114474	1607017114571	OK	 
USER	gatwai	END	1607017114571
USER	gatwai	START	1607017114676
REQUEST		request_0	1607017114677	1607017114785	OK	 
USER	gatwai	END	1607017114785
USER	gatwai	START	1607017114880
REQUEST		request_0	1607017114880	1607017114979	OK	 
USER	gatwai	END	1607017114979
USER	gatwai	START	1607017115083
REQUEST		request_0	1607017115083	1607017115196	OK	 
USER	gatwai	END	1607017115196
USER	gatwai	START	1607017115270
REQUEST		request_0	1607017115270	1607017115362	OK	 
USER	gatwai	END	1607017115363
USER	gatwai	START	1607017115473
REQUEST		request_0	1607017115474	1607017115578	OK	 
USER	gatwai	END	1607017115578
USER	gatwai	START	1607017115706
REQUEST		request_0	1607017115706	1607017115800	OK	 
USER	gatwai	END	1607017115801
USER	gatwai	START	1607017115880
REQUEST		request_0	1607017115880	1607017115985	OK	 
USER	gatwai	END	1607017115987
USER	gatwai	START	1607017116083
REQUEST		request_0	1607017116084	1607017116179	OK	 
USER	gatwai	END	1607017116180
USER	gatwai	START	1607017116270
REQUEST		request_0	1607017116271	1607017116373	OK	 
USER	gatwai	END	1607017116374
USER	gatwai	START	1607017116473
REQUEST		request_0	1607017116473	1607017116570	OK	 
USER	gatwai	END	1607017116571
USER	gatwai	START	1607017116678
REQUEST		request_0	1607017116678	1607017116785	OK	 
USER	gatwai	END	1607017116786
USER	gatwai	START	1607017116881
REQUEST		request_0	1607017116881	1607017116982	OK	 
USER	gatwai	END	1607017116983
USER	gatwai	START	1607017117084
REQUEST		request_0	1607017117084	1607017117185	OK	 
USER	gatwai	END	1607017117186
USER	gatwai	START	1607017117271
REQUEST		request_0	1607017117271	1607017117369	OK	 
USER	gatwai	END	1607017117369
USER	gatwai	START	1607017117474
REQUEST		request_0	1607017117474	1607017117576	OK	 
USER	gatwai	END	1607017117577
USER	gatwai	START	1607017117680
REQUEST		request_0	1607017117680	1607017117786	OK	 
USER	gatwai	END	1607017117787
USER	gatwai	START	1607017117883
REQUEST		request_0	1607017117883	1607017117992	OK	 
USER	gatwai	END	1607017117992
USER	gatwai	START	1607017118070
REQUEST		request_0	1607017118070	1607017118163	OK	 
USER	gatwai	END	1607017118164
USER	gatwai	START	1607017118273
REQUEST		request_0	1607017118274	1607017118379	OK	 
USER	gatwai	END	1607017118379
USER	gatwai	START	1607017118477
REQUEST		request_0	1607017118477	1607017118574	OK	 
USER	gatwai	END	1607017118575
USER	gatwai	START	1607017118680
REQUEST		request_0	1607017118680	1607017118780	OK	 
USER	gatwai	END	1607017118781
USER	gatwai	START	1607017118883
REQUEST		request_0	1607017118883	1607017118983	OK	 
USER	gatwai	END	1607017118984
USER	gatwai	START	1607017119070
REQUEST		request_0	1607017119070	1607017119163	OK	 
USER	gatwai	END	1607017119164
USER	gatwai	START	1607017119273
REQUEST		request_0	1607017119274	1607017119377	OK	 
USER	gatwai	END	1607017119378
USER	gatwai	START	1607017119477
REQUEST		request_0	1607017119477	1607017119582	OK	 
USER	gatwai	END	1607017119583
USER	gatwai	START	1607017119680
REQUEST		request_0	1607017119680	1607017119780	OK	 
USER	gatwai	END	1607017119780
USER	gatwai	START	1607017119883
REQUEST		request_0	1607017119883	1607017119984	OK	 
USER	gatwai	END	1607017119985
USER	gatwai	START	1607017120078
REQUEST		request_0	1607017120079	1607017120183	OK	 
USER	gatwai	END	1607017120184
USER	gatwai	START	1607017120282
REQUEST		request_0	1607017120282	1607017120382	OK	 
USER	gatwai	END	1607017120382
USER	gatwai	START	1607017120485
REQUEST		request_0	1607017120485	1607017120587	OK	 
USER	gatwai	END	1607017120587
USER	gatwai	START	1607017120672
REQUEST		request_0	1607017120672	1607017120772	OK	 
USER	gatwai	END	1607017120773
USER	gatwai	START	1607017120875
REQUEST		request_0	1607017120876	1607017120981	OK	 
USER	gatwai	END	1607017120982
USER	gatwai	START	1607017121078
REQUEST		request_0	1607017121079	1607017121189	OK	 
USER	gatwai	END	1607017121190
USER	gatwai	START	1607017121282
REQUEST		request_0	1607017121282	1607017121377	OK	 
USER	gatwai	END	1607017121378
USER	gatwai	START	1607017121469
REQUEST		request_0	1607017121469	1607017121569	OK	 
USER	gatwai	END	1607017121569
USER	gatwai	START	1607017121676
REQUEST		request_0	1607017121676	1607017121775	OK	 
USER	gatwai	END	1607017121776
USER	gatwai	START	1607017121879
REQUEST		request_0	1607017121879	1607017121988	OK	 
USER	gatwai	END	1607017121988
USER	gatwai	START	1607017122085
REQUEST		request_0	1607017122085	1607017122188	OK	 
USER	gatwai	END	1607017122189
USER	gatwai	START	1607017122272
REQUEST		request_0	1607017122272	1607017122362	OK	 
USER	gatwai	END	1607017122362
USER	gatwai	START	1607017122475
REQUEST		request_0	1607017122476	1607017122585	OK	 
USER	gatwai	END	1607017122585
USER	gatwai	START	1607017122678
REQUEST		request_0	1607017122678	1607017122773	OK	 
USER	gatwai	END	1607017122773
USER	gatwai	START	1607017122881
REQUEST		request_0	1607017122882	1607017122993	OK	 
USER	gatwai	END	1607017122993
USER	gatwai	START	1607017123069
REQUEST		request_0	1607017123069	1607017123164	OK	 
USER	gatwai	END	1607017123165
USER	gatwai	START	1607017123272
REQUEST		request_0	1607017123273	1607017123391	OK	 
USER	gatwai	END	1607017123392
USER	gatwai	START	1607017123475
REQUEST		request_0	1607017123475	1607017123573	OK	 
USER	gatwai	END	1607017123573
USER	gatwai	START	1607017123679
REQUEST		request_0	1607017123679	1607017123781	OK	 
USER	gatwai	END	1607017123781
USER	gatwai	START	1607017123883
REQUEST		request_0	1607017123883	1607017123983	OK	 
USER	gatwai	END	1607017123983
USER	gatwai	START	1607017124070
REQUEST		request_0	1607017124070	1607017124167	OK	 
USER	gatwai	END	1607017124168
USER	gatwai	START	1607017124273
REQUEST		request_0	1607017124273	1607017124368	OK	 
USER	gatwai	END	1607017124369
USER	gatwai	START	1607017124477
REQUEST		request_0	1607017124477	1607017124577	OK	 
USER	gatwai	END	1607017124578
USER	gatwai	START	1607017124680
REQUEST		request_0	1607017124680	1607017124782	OK	 
USER	gatwai	END	1607017124782
USER	gatwai	START	1607017124883
REQUEST		request_0	1607017124883	1607017124981	OK	 
USER	gatwai	END	1607017124981
USER	gatwai	START	1607017125070
REQUEST		request_0	1607017125071	1607017125183	OK	 
USER	gatwai	END	1607017125184
USER	gatwai	START	1607017125273
REQUEST		request_0	1607017125273	1607017125369	OK	 
USER	gatwai	END	1607017125369
USER	gatwai	START	1607017125478
REQUEST		request_0	1607017125478	1607017125580	OK	 
USER	gatwai	END	1607017125581
USER	gatwai	START	1607017125681
REQUEST		request_0	1607017125681	1607017125786	OK	 
USER	gatwai	END	1607017125787
USER	gatwai	START	1607017125884
REQUEST		request_0	1607017125884	1607017125979	OK	 
USER	gatwai	END	1607017125979
USER	gatwai	START	1607017126072
REQUEST		request_0	1607017126072	1607017126174	OK	 
USER	gatwai	END	1607017126174
USER	gatwai	START	1607017126275
REQUEST		request_0	1607017126275	1607017126373	OK	 
USER	gatwai	END	1607017126373
USER	gatwai	START	1607017126478
REQUEST		request_0	1607017126479	1607017126584	OK	 
USER	gatwai	END	1607017126585
USER	gatwai	START	1607017126681
REQUEST		request_0	1607017126681	1607017126783	OK	 
USER	gatwai	END	1607017126784
USER	gatwai	START	1607017126869
REQUEST		request_0	1607017126869	1607017126971	OK	 
USER	gatwai	END	1607017126972
USER	gatwai	START	1607017127072
REQUEST		request_0	1607017127072	1607017127172	OK	 
USER	gatwai	END	1607017127173
USER	gatwai	START	1607017127275
REQUEST		request_0	1607017127276	1607017127365	OK	 
USER	gatwai	END	1607017127366
USER	gatwai	START	1607017127479
REQUEST		request_0	1607017127479	1607017127580	OK	 
USER	gatwai	END	1607017127581
USER	gatwai	START	1607017127682
REQUEST		request_0	1607017127682	1607017127773	OK	 
USER	gatwai	END	1607017127774
USER	gatwai	START	1607017127869
REQUEST		request_0	1607017127869	1607017127973	OK	 
USER	gatwai	END	1607017127974
USER	gatwai	START	1607017128072
REQUEST		request_0	1607017128073	1607017128176	OK	 
USER	gatwai	END	1607017128177
USER	gatwai	START	1607017128275
REQUEST		request_0	1607017128275	1607017128378	OK	 
USER	gatwai	END	1607017128379
USER	gatwai	START	1607017128479
REQUEST		request_0	1607017128479	1607017128577	OK	 
USER	gatwai	END	1607017128578
USER	gatwai	START	1607017128682
REQUEST		request_0	1607017128682	1607017128789	OK	 
USER	gatwai	END	1607017128789
USER	gatwai	START	1607017128869
REQUEST		request_0	1607017128869	1607017128972	OK	 
USER	gatwai	END	1607017128973
USER	gatwai	START	1607017129072
REQUEST		request_0	1607017129072	1607017129172	OK	 
USER	gatwai	END	1607017129172
USER	gatwai	START	1607017129275
REQUEST		request_0	1607017129275	1607017129369	OK	 
USER	gatwai	END	1607017129369
USER	gatwai	START	1607017129479
REQUEST		request_0	1607017129479	1607017129592	OK	 
USER	gatwai	END	1607017129592
USER	gatwai	START	1607017129682
REQUEST		request_0	1607017129682	1607017129788	OK	 
USER	gatwai	END	1607017129788
USER	gatwai	START	1607017129870
REQUEST		request_0	1607017129870	1607017129961	OK	 
USER	gatwai	END	1607017129961
USER	gatwai	START	1607017130072
REQUEST		request_0	1607017130073	1607017130186	OK	 
USER	gatwai	END	1607017130186
USER	gatwai	START	1607017130275
REQUEST		request_0	1607017130276	1607017130372	OK	 
USER	gatwai	END	1607017130372
USER	gatwai	START	1607017130479
REQUEST		request_0	1607017130479	1607017130576	OK	 
USER	gatwai	END	1607017130576
USER	gatwai	START	1607017130682
REQUEST		request_0	1607017130682	1607017130779	OK	 
USER	gatwai	END	1607017130780
USER	gatwai	START	1607017130869
REQUEST		request_0	1607017130869	1607017130971	OK	 
USER	gatwai	END	1607017130971
USER	gatwai	START	1607017131072
REQUEST		request_0	1607017131072	1607017131171	OK	 
USER	gatwai	END	1607017131172
USER	gatwai	START	1607017131275
REQUEST		request_0	1607017131276	1607017131377	OK	 
USER	gatwai	END	1607017131378
USER	gatwai	START	1607017131479
REQUEST		request_0	1607017131479	1607017131569	OK	 
USER	gatwai	END	1607017131570
USER	gatwai	START	1607017131682
REQUEST		request_0	1607017131682	1607017131776	OK	 
USER	gatwai	END	1607017131777
USER	gatwai	START	1607017131869
REQUEST		request_0	1607017131869	1607017131963	OK	 
USER	gatwai	END	1607017131964
USER	gatwai	START	1607017132072
REQUEST		request_0	1607017132072	1607017132173	OK	 
USER	gatwai	END	1607017132174
USER	gatwai	START	1607017132275
REQUEST		request_0	1607017132276	1607017132378	OK	 
USER	gatwai	END	1607017132379
USER	gatwai	START	1607017132479
REQUEST		request_0	1607017132479	1607017132574	OK	 
USER	gatwai	END	1607017132574
USER	gatwai	START	1607017132682
REQUEST		request_0	1607017132682	1607017132784	OK	 
USER	gatwai	END	1607017132784
USER	gatwai	START	1607017132869
REQUEST		request_0	1607017132869	1607017132964	OK	 
USER	gatwai	END	1607017132965
USER	gatwai	START	1607017133074
REQUEST		request_0	1607017133074	1607017133188	OK	 
USER	gatwai	END	1607017133189
USER	gatwai	START	1607017133277
REQUEST		request_0	1607017133277	1607017133389	OK	 
USER	gatwai	END	1607017133390
USER	gatwai	START	1607017133480
REQUEST		request_0	1607017133480	1607017133578	OK	 
USER	gatwai	END	1607017133579
USER	gatwai	START	1607017133683
REQUEST		request_0	1607017133684	1607017133788	OK	 
USER	gatwai	END	1607017133788
