RUN	gatwai	gatwai	1607016776959	5ps	3.4.1
USER	gatwai	START	1607016777673
REQUEST		request_0	1607016777693	1607016777824	OK	 
USER	gatwai	START	1607016777865
USER	gatwai	END	1607016777880
REQUEST		request_0	1607016777865	1607016777967	OK	 
USER	gatwai	END	1607016777968
USER	gatwai	START	1607016778078
REQUEST		request_0	1607016778079	1607016778200	OK	 
USER	gatwai	END	1607016778201
USER	gatwai	START	1607016778265
REQUEST		request_0	1607016778265	1607016778358	OK	 
USER	gatwai	END	1607016778359
USER	gatwai	START	1607016778468
REQUEST		request_0	1607016778468	1607016778561	OK	 
USER	gatwai	END	1607016778562
USER	gatwai	START	1607016778670
REQUEST		request_0	1607016778671	1607016778776	OK	 
USER	gatwai	END	1607016778777
USER	gatwai	START	1607016778874
REQUEST		request_0	1607016778874	1607016778965	OK	 
USER	gatwai	END	1607016778966
USER	gatwai	START	1607016779077
REQUEST		request_0	1607016779077	1607016779172	OK	 
USER	gatwai	END	1607016779173
USER	gatwai	START	1607016779280
REQUEST		request_0	1607016779280	1607016779368	OK	 
USER	gatwai	END	1607016779369
USER	gatwai	START	1607016779467
REQUEST		request_0	1607016779468	1607016779566	OK	 
USER	gatwai	END	1607016779567
USER	gatwai	START	1607016779671
REQUEST		request_0	1607016779671	1607016779763	OK	 
USER	gatwai	END	1607016779764
USER	gatwai	START	1607016779858
REQUEST		request_0	1607016779859	1607016779961	OK	 
USER	gatwai	END	1607016779962
USER	gatwai	START	1607016780061
REQUEST		request_0	1607016780062	1607016780149	OK	 
USER	gatwai	END	1607016780150
USER	gatwai	START	1607016780264
REQUEST		request_0	1607016780265	1607016780356	OK	 
USER	gatwai	END	1607016780357
USER	gatwai	START	1607016780467
REQUEST		request_0	1607016780468	1607016780572	OK	 
USER	gatwai	END	1607016780573
USER	gatwai	START	1607016780671
REQUEST		request_0	1607016780671	1607016780760	OK	 
USER	gatwai	END	1607016780760
USER	gatwai	START	1607016780858
REQUEST		request_0	1607016780859	1607016780949	OK	 
USER	gatwai	END	1607016780950
USER	gatwai	START	1607016781061
REQUEST		request_0	1607016781062	1607016781156	OK	 
USER	gatwai	END	1607016781157
USER	gatwai	START	1607016781264
REQUEST		request_0	1607016781265	1607016781347	OK	 
USER	gatwai	END	1607016781348
USER	gatwai	START	1607016781467
REQUEST		request_0	1607016781468	1607016781571	OK	 
USER	gatwai	END	1607016781572
USER	gatwai	START	1607016781671
REQUEST		request_0	1607016781671	1607016781759	OK	 
USER	gatwai	END	1607016781760
USER	gatwai	START	1607016781859
REQUEST		request_0	1607016781859	1607016781966	OK	 
USER	gatwai	END	1607016781966
USER	gatwai	START	1607016782061
REQUEST		request_0	1607016782062	1607016782158	OK	 
USER	gatwai	END	1607016782159
USER	gatwai	START	1607016782265
REQUEST		request_0	1607016782265	1607016782362	OK	 
USER	gatwai	END	1607016782363
USER	gatwai	START	1607016782468
REQUEST		request_0	1607016782468	1607016782564	OK	 
USER	gatwai	END	1607016782565
USER	gatwai	START	1607016782671
REQUEST		request_0	1607016782671	1607016782757	OK	 
USER	gatwai	END	1607016782758
USER	gatwai	START	1607016782860
REQUEST		request_0	1607016782860	1607016782945	OK	 
USER	gatwai	END	1607016782946
USER	gatwai	START	1607016783064
REQUEST		request_0	1607016783065	1607016783170	OK	 
USER	gatwai	END	1607016783171
USER	gatwai	START	1607016783266
REQUEST		request_0	1607016783267	1607016783353	OK	 
USER	gatwai	END	1607016783353
USER	gatwai	START	1607016783469
REQUEST		request_0	1607016783470	1607016783563	OK	 
USER	gatwai	END	1607016783564
USER	gatwai	START	1607016783672
REQUEST		request_0	1607016783673	1607016783757	OK	 
USER	gatwai	END	1607016783757
USER	gatwai	START	1607016783860
REQUEST		request_0	1607016783860	1607016783949	OK	 
USER	gatwai	END	1607016783949
USER	gatwai	START	1607016784063
REQUEST		request_0	1607016784063	1607016784156	OK	 
USER	gatwai	END	1607016784157
USER	gatwai	START	1607016784266
REQUEST		request_0	1607016784266	1607016784378	OK	 
USER	gatwai	END	1607016784379
USER	gatwai	START	1607016784469
REQUEST		request_0	1607016784469	1607016784556	OK	 
USER	gatwai	END	1607016784557
USER	gatwai	START	1607016784673
REQUEST		request_0	1607016784674	1607016784778	OK	 
USER	gatwai	END	1607016784778
USER	gatwai	START	1607016784860
REQUEST		request_0	1607016784860	1607016784946	OK	 
USER	gatwai	END	1607016784946
USER	gatwai	START	1607016785063
REQUEST		request_0	1607016785064	1607016785164	OK	 
USER	gatwai	END	1607016785165
USER	gatwai	START	1607016785266
REQUEST		request_0	1607016785266	1607016785356	OK	 
USER	gatwai	END	1607016785357
USER	gatwai	START	1607016785469
REQUEST		request_0	1607016785469	1607016785559	OK	 
USER	gatwai	END	1607016785560
USER	gatwai	START	1607016785672
REQUEST		request_0	1607016785673	1607016785764	OK	 
USER	gatwai	END	1607016785765
USER	gatwai	START	1607016785860
REQUEST		request_0	1607016785860	1607016785946	OK	 
USER	gatwai	END	1607016785947
USER	gatwai	START	1607016786060
REQUEST		request_0	1607016786060	1607016786154	OK	 
USER	gatwai	END	1607016786155
USER	gatwai	START	1607016786264
REQUEST		request_0	1607016786265	1607016786368	OK	 
USER	gatwai	END	1607016786368
USER	gatwai	START	1607016786466
REQUEST		request_0	1607016786466	1607016786551	OK	 
USER	gatwai	END	1607016786552
USER	gatwai	START	1607016786670
REQUEST		request_0	1607016786670	1607016786764	OK	 
USER	gatwai	END	1607016786765
USER	gatwai	START	1607016786872
REQUEST		request_0	1607016786873	1607016786967	OK	 
USER	gatwai	END	1607016786968
USER	gatwai	START	1607016787060
REQUEST		request_0	1607016787060	1607016787147	OK	 
USER	gatwai	END	1607016787148
USER	gatwai	START	1607016787263
REQUEST		request_0	1607016787263	1607016787357	OK	 
USER	gatwai	END	1607016787357
USER	gatwai	START	1607016787466
REQUEST		request_0	1607016787467	1607016787557	OK	 
USER	gatwai	END	1607016787558
USER	gatwai	START	1607016787669
REQUEST		request_0	1607016787670	1607016787762	OK	 
USER	gatwai	END	1607016787763
USER	gatwai	START	1607016787858
REQUEST		request_0	1607016787858	1607016787948	OK	 
USER	gatwai	END	1607016787948
USER	gatwai	START	1607016788060
REQUEST		request_0	1607016788060	1607016788158	OK	 
USER	gatwai	END	1607016788159
USER	gatwai	START	1607016788266
REQUEST		request_0	1607016788266	1607016788353	OK	 
USER	gatwai	END	1607016788354
USER	gatwai	START	1607016788469
REQUEST		request_0	1607016788469	1607016788561	OK	 
USER	gatwai	END	1607016788562
USER	gatwai	START	1607016788672
REQUEST		request_0	1607016788672	1607016788757	OK	 
USER	gatwai	END	1607016788758
USER	gatwai	START	1607016788878
REQUEST		request_0	1607016788878	1607016788971	OK	 
USER	gatwai	END	1607016788972
USER	gatwai	START	1607016789062
REQUEST		request_0	1607016789063	1607016789144	OK	 
USER	gatwai	END	1607016789145
USER	gatwai	START	1607016789265
REQUEST		request_0	1607016789266	1607016789364	OK	 
USER	gatwai	END	1607016789365
USER	gatwai	START	1607016789469
REQUEST		request_0	1607016789469	1607016789578	OK	 
USER	gatwai	END	1607016789579
USER	gatwai	START	1607016789672
REQUEST		request_0	1607016789672	1607016789764	OK	 
USER	gatwai	END	1607016789764
USER	gatwai	START	1607016789859
REQUEST		request_0	1607016789860	1607016789949	OK	 
USER	gatwai	END	1607016789950
USER	gatwai	START	1607016790063
REQUEST		request_0	1607016790064	1607016790158	OK	 
USER	gatwai	END	1607016790159
USER	gatwai	START	1607016790267
REQUEST		request_0	1607016790267	1607016790352	OK	 
USER	gatwai	END	1607016790353
USER	gatwai	START	1607016790470
REQUEST		request_0	1607016790470	1607016790570	OK	 
USER	gatwai	END	1607016790570
USER	gatwai	START	1607016790673
REQUEST		request_0	1607016790673	1607016790766	OK	 
USER	gatwai	END	1607016790767
USER	gatwai	START	1607016790860
REQUEST		request_0	1607016790860	1607016790942	OK	 
USER	gatwai	END	1607016790943
USER	gatwai	START	1607016791064
REQUEST		request_0	1607016791064	1607016791146	OK	 
USER	gatwai	END	1607016791147
USER	gatwai	START	1607016791266
REQUEST		request_0	1607016791267	1607016791367	OK	 
USER	gatwai	END	1607016791368
USER	gatwai	START	1607016791469
REQUEST		request_0	1607016791470	1607016791557	OK	 
USER	gatwai	END	1607016791558
USER	gatwai	START	1607016791673
REQUEST		request_0	1607016791673	1607016791768	OK	 
USER	gatwai	END	1607016791769
USER	gatwai	START	1607016791861
REQUEST		request_0	1607016791861	1607016791960	OK	 
USER	gatwai	END	1607016791961
USER	gatwai	START	1607016792063
REQUEST		request_0	1607016792063	1607016792146	OK	 
USER	gatwai	END	1607016792146
USER	gatwai	START	1607016792267
REQUEST		request_0	1607016792267	1607016792363	OK	 
USER	gatwai	END	1607016792364
USER	gatwai	START	1607016792469
REQUEST		request_0	1607016792470	1607016792555	OK	 
USER	gatwai	END	1607016792556
USER	gatwai	START	1607016792673
REQUEST		request_0	1607016792674	1607016792759	OK	 
USER	gatwai	END	1607016792760
USER	gatwai	START	1607016792860
REQUEST		request_0	1607016792861	1607016792945	OK	 
USER	gatwai	END	1607016792946
USER	gatwai	START	1607016793063
REQUEST		request_0	1607016793064	1607016793150	OK	 
USER	gatwai	END	1607016793151
USER	gatwai	START	1607016793266
REQUEST		request_0	1607016793267	1607016793363	OK	 
USER	gatwai	END	1607016793363
USER	gatwai	START	1607016793470
REQUEST		request_0	1607016793470	1607016793561	OK	 
USER	gatwai	END	1607016793561
USER	gatwai	START	1607016793673
REQUEST		request_0	1607016793674	1607016793760	OK	 
USER	gatwai	END	1607016793761
USER	gatwai	START	1607016793870
REQUEST		request_0	1607016793870	1607016793960	OK	 
USER	gatwai	END	1607016793961
USER	gatwai	START	1607016794058
REQUEST		request_0	1607016794059	1607016794141	OK	 
USER	gatwai	END	1607016794142
USER	gatwai	START	1607016794262
REQUEST		request_0	1607016794262	1607016794361	OK	 
USER	gatwai	END	1607016794362
USER	gatwai	START	1607016794469
REQUEST		request_0	1607016794470	1607016794563	OK	 
USER	gatwai	END	1607016794564
USER	gatwai	START	1607016794673
REQUEST		request_0	1607016794673	1607016794756	OK	 
USER	gatwai	END	1607016794756
USER	gatwai	START	1607016794860
REQUEST		request_0	1607016794860	1607016794948	OK	 
USER	gatwai	END	1607016794948
USER	gatwai	START	1607016795063
REQUEST		request_0	1607016795064	1607016795162	OK	 
USER	gatwai	END	1607016795163
USER	gatwai	START	1607016795266
REQUEST		request_0	1607016795266	1607016795350	OK	 
USER	gatwai	END	1607016795351
USER	gatwai	START	1607016795469
REQUEST		request_0	1607016795469	1607016795553	OK	 
USER	gatwai	END	1607016795554
USER	gatwai	START	1607016795672
REQUEST		request_0	1607016795673	1607016795768	OK	 
USER	gatwai	END	1607016795770
USER	gatwai	START	1607016795860
REQUEST		request_0	1607016795860	1607016795944	OK	 
USER	gatwai	END	1607016795944
USER	gatwai	START	1607016796063
REQUEST		request_0	1607016796063	1607016796158	OK	 
USER	gatwai	END	1607016796158
USER	gatwai	START	1607016796266
REQUEST		request_0	1607016796267	1607016796358	OK	 
USER	gatwai	END	1607016796359
USER	gatwai	START	1607016796469
REQUEST		request_0	1607016796470	1607016796565	OK	 
USER	gatwai	END	1607016796565
USER	gatwai	START	1607016796672
REQUEST		request_0	1607016796673	1607016796764	OK	 
USER	gatwai	END	1607016796764
USER	gatwai	START	1607016796860
REQUEST		request_0	1607016796860	1607016796943	OK	 
USER	gatwai	END	1607016796944
USER	gatwai	START	1607016797063
REQUEST		request_0	1607016797063	1607016797150	OK	 
USER	gatwai	END	1607016797150
USER	gatwai	START	1607016797266
REQUEST		request_0	1607016797267	1607016797368	OK	 
USER	gatwai	END	1607016797369
USER	gatwai	START	1607016797460
REQUEST		request_0	1607016797461	1607016797546	OK	 
USER	gatwai	END	1607016797546
USER	gatwai	START	1607016797664
REQUEST		request_0	1607016797664	1607016797756	OK	 
USER	gatwai	END	1607016797757
USER	gatwai	START	1607016797867
REQUEST		request_0	1607016797867	1607016797954	OK	 
USER	gatwai	END	1607016797955
USER	gatwai	START	1607016798070
REQUEST		request_0	1607016798070	1607016798160	OK	 
USER	gatwai	END	1607016798161
USER	gatwai	START	1607016798273
REQUEST		request_0	1607016798273	1607016798364	OK	 
USER	gatwai	END	1607016798364
USER	gatwai	START	1607016798461
REQUEST		request_0	1607016798461	1607016798543	OK	 
USER	gatwai	END	1607016798544
USER	gatwai	START	1607016798664
REQUEST		request_0	1607016798664	1607016798754	OK	 
USER	gatwai	END	1607016798755
USER	gatwai	START	1607016798867
REQUEST		request_0	1607016798867	1607016798964	OK	 
USER	gatwai	END	1607016798965
USER	gatwai	START	1607016799070
REQUEST		request_0	1607016799070	1607016799175	OK	 
USER	gatwai	END	1607016799176
USER	gatwai	START	1607016799273
REQUEST		request_0	1607016799273	1607016799357	OK	 
USER	gatwai	END	1607016799358
USER	gatwai	START	1607016799461
REQUEST		request_0	1607016799461	1607016799553	OK	 
USER	gatwai	END	1607016799554
USER	gatwai	START	1607016799664
REQUEST		request_0	1607016799664	1607016799757	OK	 
USER	gatwai	END	1607016799758
USER	gatwai	START	1607016799867
REQUEST		request_0	1607016799867	1607016799959	OK	 
USER	gatwai	END	1607016799959
USER	gatwai	START	1607016800070
REQUEST		request_0	1607016800070	1607016800164	OK	 
USER	gatwai	END	1607016800164
USER	gatwai	START	1607016800273
REQUEST		request_0	1607016800274	1607016800365	OK	 
USER	gatwai	END	1607016800366
USER	gatwai	START	1607016800461
REQUEST		request_0	1607016800461	1607016800552	OK	 
USER	gatwai	END	1607016800553
USER	gatwai	START	1607016800664
REQUEST		request_0	1607016800664	1607016800757	OK	 
USER	gatwai	END	1607016800758
USER	gatwai	START	1607016800867
REQUEST		request_0	1607016800867	1607016800962	OK	 
USER	gatwai	END	1607016800963
USER	gatwai	START	1607016801058
REQUEST		request_0	1607016801058	1607016801145	OK	 
USER	gatwai	END	1607016801146
USER	gatwai	START	1607016801261
REQUEST		request_0	1607016801262	1607016801347	OK	 
USER	gatwai	END	1607016801348
USER	gatwai	START	1607016801465
REQUEST		request_0	1607016801465	1607016801557	OK	 
USER	gatwai	END	1607016801558
USER	gatwai	START	1607016801668
REQUEST		request_0	1607016801668	1607016801753	OK	 
USER	gatwai	END	1607016801753
USER	gatwai	START	1607016801871
REQUEST		request_0	1607016801871	1607016801955	OK	 
USER	gatwai	END	1607016801956
USER	gatwai	START	1607016802077
REQUEST		request_0	1607016802078	1607016802172	OK	 
USER	gatwai	END	1607016802173
USER	gatwai	START	1607016802261
REQUEST		request_0	1607016802262	1607016802353	OK	 
USER	gatwai	END	1607016802353
USER	gatwai	START	1607016802465
REQUEST		request_0	1607016802465	1607016802557	OK	 
USER	gatwai	END	1607016802558
USER	gatwai	START	1607016802677
REQUEST		request_0	1607016802678	1607016802762	OK	 
USER	gatwai	END	1607016802763
USER	gatwai	START	1607016802871
REQUEST		request_0	1607016802871	1607016802964	OK	 
USER	gatwai	END	1607016802965
USER	gatwai	START	1607016803074
REQUEST		request_0	1607016803076	1607016803171	OK	 
USER	gatwai	END	1607016803172
USER	gatwai	START	1607016803262
REQUEST		request_0	1607016803262	1607016803345	OK	 
USER	gatwai	END	1607016803345
USER	gatwai	START	1607016803465
REQUEST		request_0	1607016803466	1607016803550	OK	 
USER	gatwai	END	1607016803550
USER	gatwai	START	1607016803668
REQUEST		request_0	1607016803669	1607016803762	OK	 
USER	gatwai	END	1607016803762
USER	gatwai	START	1607016803871
REQUEST		request_0	1607016803872	1607016803962	OK	 
USER	gatwai	END	1607016803963
USER	gatwai	START	1607016804059
REQUEST		request_0	1607016804059	1607016804154	OK	 
USER	gatwai	END	1607016804155
USER	gatwai	START	1607016804262
REQUEST		request_0	1607016804262	1607016804346	OK	 
USER	gatwai	END	1607016804347
USER	gatwai	START	1607016804465
REQUEST		request_0	1607016804466	1607016804571	OK	 
USER	gatwai	END	1607016804571
USER	gatwai	START	1607016804668
REQUEST		request_0	1607016804669	1607016804760	OK	 
USER	gatwai	END	1607016804761
USER	gatwai	START	1607016804872
REQUEST		request_0	1607016804872	1607016804975	OK	 
USER	gatwai	END	1607016804975
USER	gatwai	START	1607016805059
REQUEST		request_0	1607016805059	1607016805143	OK	 
USER	gatwai	END	1607016805144
USER	gatwai	START	1607016805262
REQUEST		request_0	1607016805262	1607016805355	OK	 
USER	gatwai	END	1607016805356
USER	gatwai	START	1607016805465
REQUEST		request_0	1607016805466	1607016805559	OK	 
USER	gatwai	END	1607016805559
USER	gatwai	START	1607016805668
REQUEST		request_0	1607016805669	1607016805761	OK	 
USER	gatwai	END	1607016805762
USER	gatwai	START	1607016805871
REQUEST		request_0	1607016805872	1607016805962	OK	 
USER	gatwai	END	1607016805963
USER	gatwai	START	1607016806059
REQUEST		request_0	1607016806059	1607016806158	OK	 
USER	gatwai	END	1607016806158
USER	gatwai	START	1607016806262
REQUEST		request_0	1607016806263	1607016806352	OK	 
USER	gatwai	END	1607016806352
USER	gatwai	START	1607016806465
REQUEST		request_0	1607016806465	1607016806558	OK	 
USER	gatwai	END	1607016806558
USER	gatwai	START	1607016806668
REQUEST		request_0	1607016806669	1607016806758	OK	 
USER	gatwai	END	1607016806759
USER	gatwai	START	1607016806871
REQUEST		request_0	1607016806872	1607016806976	OK	 
USER	gatwai	END	1607016806976
USER	gatwai	START	1607016807059
REQUEST		request_0	1607016807059	1607016807144	OK	 
USER	gatwai	END	1607016807145
USER	gatwai	START	1607016807262
REQUEST		request_0	1607016807262	1607016807343	OK	 
USER	gatwai	END	1607016807343
USER	gatwai	START	1607016807465
REQUEST		request_0	1607016807466	1607016807568	OK	 
USER	gatwai	END	1607016807568
USER	gatwai	START	1607016807669
REQUEST		request_0	1607016807669	1607016807758	OK	 
USER	gatwai	END	1607016807759
USER	gatwai	START	1607016807871
REQUEST		request_0	1607016807872	1607016807971	OK	 
USER	gatwai	END	1607016807972
USER	gatwai	START	1607016808059
REQUEST		request_0	1607016808059	1607016808142	OK	 
USER	gatwai	END	1607016808143
USER	gatwai	START	1607016808262
REQUEST		request_0	1607016808263	1607016808359	OK	 
USER	gatwai	END	1607016808360
USER	gatwai	START	1607016808465
REQUEST		request_0	1607016808466	1607016808574	OK	 
USER	gatwai	END	1607016808575
USER	gatwai	START	1607016808668
REQUEST		request_0	1607016808669	1607016808760	OK	 
USER	gatwai	END	1607016808761
USER	gatwai	START	1607016808871
REQUEST		request_0	1607016808872	1607016808964	OK	 
USER	gatwai	END	1607016808965
USER	gatwai	START	1607016809059
REQUEST		request_0	1607016809059	1607016809146	OK	 
USER	gatwai	END	1607016809147
USER	gatwai	START	1607016809262
REQUEST		request_0	1607016809262	1607016809350	OK	 
USER	gatwai	END	1607016809351
USER	gatwai	START	1607016809466
REQUEST		request_0	1607016809467	1607016809566	OK	 
USER	gatwai	END	1607016809567
USER	gatwai	START	1607016809668
REQUEST		request_0	1607016809668	1607016809751	OK	 
USER	gatwai	END	1607016809751
USER	gatwai	START	1607016809871
REQUEST		request_0	1607016809872	1607016809982	OK	 
USER	gatwai	END	1607016809983
USER	gatwai	START	1607016810059
REQUEST		request_0	1607016810059	1607016810142	OK	 
USER	gatwai	END	1607016810142
USER	gatwai	START	1607016810264
REQUEST		request_0	1607016810264	1607016810352	OK	 
USER	gatwai	END	1607016810353
USER	gatwai	START	1607016810467
REQUEST		request_0	1607016810467	1607016810561	OK	 
USER	gatwai	END	1607016810561
USER	gatwai	START	1607016810671
REQUEST		request_0	1607016810671	1607016810770	OK	 
USER	gatwai	END	1607016810771
USER	gatwai	START	1607016810873
REQUEST		request_0	1607016810874	1607016810960	OK	 
USER	gatwai	END	1607016810961
USER	gatwai	START	1607016811061
REQUEST		request_0	1607016811061	1607016811153	OK	 
USER	gatwai	END	1607016811153
USER	gatwai	START	1607016811265
REQUEST		request_0	1607016811265	1607016811361	OK	 
USER	gatwai	END	1607016811362
USER	gatwai	START	1607016811467
REQUEST		request_0	1607016811467	1607016811577	OK	 
USER	gatwai	END	1607016811578
USER	gatwai	START	1607016811659
REQUEST		request_0	1607016811659	1607016811744	OK	 
USER	gatwai	END	1607016811745
USER	gatwai	START	1607016811862
REQUEST		request_0	1607016811863	1607016811949	OK	 
USER	gatwai	END	1607016811950
USER	gatwai	START	1607016812065
REQUEST		request_0	1607016812066	1607016812151	OK	 
USER	gatwai	END	1607016812151
USER	gatwai	START	1607016812269
REQUEST		request_0	1607016812269	1607016812357	OK	 
USER	gatwai	END	1607016812358
USER	gatwai	START	1607016812471
REQUEST		request_0	1607016812472	1607016812565	OK	 
USER	gatwai	END	1607016812566
USER	gatwai	START	1607016812659
REQUEST		request_0	1607016812659	1607016812745	OK	 
USER	gatwai	END	1607016812746
USER	gatwai	START	1607016812862
REQUEST		request_0	1607016812863	1607016812963	OK	 
USER	gatwai	END	1607016812963
USER	gatwai	START	1607016813066
REQUEST		request_0	1607016813067	1607016813161	OK	 
USER	gatwai	END	1607016813162
USER	gatwai	START	1607016813257
REQUEST		request_0	1607016813258	1607016813348	OK	 
USER	gatwai	END	1607016813349
USER	gatwai	START	1607016813471
REQUEST		request_0	1607016813472	1607016813565	OK	 
USER	gatwai	END	1607016813566
USER	gatwai	START	1607016813659
REQUEST		request_0	1607016813659	1607016813752	OK	 
USER	gatwai	END	1607016813753
USER	gatwai	START	1607016813862
REQUEST		request_0	1607016813862	1607016813963	OK	 
USER	gatwai	END	1607016813964
USER	gatwai	START	1607016814065
REQUEST		request_0	1607016814065	1607016814148	OK	 
USER	gatwai	END	1607016814148
USER	gatwai	START	1607016814285
REQUEST		request_0	1607016814286	1607016814382	OK	 
USER	gatwai	END	1607016814383
USER	gatwai	START	1607016814471
REQUEST		request_0	1607016814472	1607016814564	OK	 
USER	gatwai	END	1607016814565
USER	gatwai	START	1607016814659
REQUEST		request_0	1607016814659	1607016814746	OK	 
USER	gatwai	END	1607016814746
USER	gatwai	START	1607016814862
REQUEST		request_0	1607016814863	1607016814948	OK	 
USER	gatwai	END	1607016814948
USER	gatwai	START	1607016815065
REQUEST		request_0	1607016815065	1607016815147	OK	 
USER	gatwai	END	1607016815147
USER	gatwai	START	1607016815268
REQUEST		request_0	1607016815269	1607016815364	OK	 
USER	gatwai	END	1607016815365
USER	gatwai	START	1607016815471
REQUEST		request_0	1607016815472	1607016815566	OK	 
USER	gatwai	END	1607016815567
USER	gatwai	START	1607016815659
REQUEST		request_0	1607016815659	1607016815741	OK	 
USER	gatwai	END	1607016815742
USER	gatwai	START	1607016815862
REQUEST		request_0	1607016815862	1607016815949	OK	 
USER	gatwai	END	1607016815949
USER	gatwai	START	1607016816065
REQUEST		request_0	1607016816066	1607016816161	OK	 
USER	gatwai	END	1607016816162
USER	gatwai	START	1607016816268
REQUEST		request_0	1607016816269	1607016816366	OK	 
USER	gatwai	END	1607016816366
USER	gatwai	START	1607016816471
REQUEST		request_0	1607016816472	1607016816575	OK	 
USER	gatwai	END	1607016816576
USER	gatwai	START	1607016816659
REQUEST		request_0	1607016816659	1607016816746	OK	 
USER	gatwai	END	1607016816747
USER	gatwai	START	1607016816862
REQUEST		request_0	1607016816862	1607016816945	OK	 
USER	gatwai	END	1607016816946
USER	gatwai	START	1607016817065
REQUEST		request_0	1607016817066	1607016817164	OK	 
USER	gatwai	END	1607016817164
USER	gatwai	START	1607016817267
REQUEST		request_0	1607016817268	1607016817364	OK	 
USER	gatwai	END	1607016817364
USER	gatwai	START	1607016817471
REQUEST		request_0	1607016817471	1607016817558	OK	 
USER	gatwai	END	1607016817559
USER	gatwai	START	1607016817658
REQUEST		request_0	1607016817658	1607016817750	OK	 
USER	gatwai	END	1607016817751
USER	gatwai	START	1607016817861
REQUEST		request_0	1607016817862	1607016817951	OK	 
USER	gatwai	END	1607016817952
USER	gatwai	START	1607016818064
REQUEST		request_0	1607016818065	1607016818149	OK	 
USER	gatwai	END	1607016818149
USER	gatwai	START	1607016818267
REQUEST		request_0	1607016818268	1607016818365	OK	 
USER	gatwai	END	1607016818365
USER	gatwai	START	1607016818471
REQUEST		request_0	1607016818471	1607016818565	OK	 
USER	gatwai	END	1607016818566
USER	gatwai	START	1607016818659
REQUEST		request_0	1607016818659	1607016818749	OK	 
USER	gatwai	END	1607016818750
USER	gatwai	START	1607016818863
REQUEST		request_0	1607016818864	1607016818946	OK	 
USER	gatwai	END	1607016818947
USER	gatwai	START	1607016819066
REQUEST		request_0	1607016819066	1607016819161	OK	 
USER	gatwai	END	1607016819162
USER	gatwai	START	1607016819269
REQUEST		request_0	1607016819270	1607016819360	OK	 
USER	gatwai	END	1607016819361
USER	gatwai	START	1607016819473
REQUEST		request_0	1607016819473	1607016819561	OK	 
USER	gatwai	END	1607016819562
USER	gatwai	START	1607016819660
REQUEST		request_0	1607016819661	1607016819757	OK	 
USER	gatwai	END	1607016819757
USER	gatwai	START	1607016819863
REQUEST		request_0	1607016819864	1607016819956	OK	 
USER	gatwai	END	1607016819957
USER	gatwai	START	1607016820067
REQUEST		request_0	1607016820067	1607016820151	OK	 
USER	gatwai	END	1607016820152
USER	gatwai	START	1607016820269
REQUEST		request_0	1607016820269	1607016820354	OK	 
USER	gatwai	END	1607016820355
USER	gatwai	START	1607016820473
REQUEST		request_0	1607016820473	1607016820567	OK	 
USER	gatwai	END	1607016820568
USER	gatwai	START	1607016820660
REQUEST		request_0	1607016820661	1607016820745	OK	 
USER	gatwai	END	1607016820746
USER	gatwai	START	1607016820863
REQUEST		request_0	1607016820863	1607016820953	OK	 
USER	gatwai	END	1607016820953
USER	gatwai	START	1607016821067
REQUEST		request_0	1607016821067	1607016821162	OK	 
USER	gatwai	END	1607016821163
USER	gatwai	START	1607016821270
REQUEST		request_0	1607016821270	1607016821371	OK	 
USER	gatwai	END	1607016821372
USER	gatwai	START	1607016821458
REQUEST		request_0	1607016821458	1607016821541	OK	 
USER	gatwai	END	1607016821541
USER	gatwai	START	1607016821661
REQUEST		request_0	1607016821662	1607016821754	OK	 
USER	gatwai	END	1607016821755
USER	gatwai	START	1607016821865
REQUEST		request_0	1607016821865	1607016821946	OK	 
USER	gatwai	END	1607016821946
USER	gatwai	START	1607016822068
REQUEST		request_0	1607016822068	1607016822159	OK	 
USER	gatwai	END	1607016822159
USER	gatwai	START	1607016822271
REQUEST		request_0	1607016822271	1607016822363	OK	 
USER	gatwai	END	1607016822364
USER	gatwai	START	1607016822458
REQUEST		request_0	1607016822458	1607016822543	OK	 
USER	gatwai	END	1607016822544
USER	gatwai	START	1607016822661
REQUEST		request_0	1607016822662	1607016822748	OK	 
USER	gatwai	END	1607016822749
USER	gatwai	START	1607016822865
REQUEST		request_0	1607016822865	1607016822962	OK	 
USER	gatwai	END	1607016822963
USER	gatwai	START	1607016823068
REQUEST		request_0	1607016823068	1607016823150	OK	 
USER	gatwai	END	1607016823150
USER	gatwai	START	1607016823271
REQUEST		request_0	1607016823271	1607016823365	OK	 
USER	gatwai	END	1607016823366
USER	gatwai	START	1607016823458
REQUEST		request_0	1607016823458	1607016823549	OK	 
USER	gatwai	END	1607016823549
USER	gatwai	START	1607016823661
REQUEST		request_0	1607016823661	1607016823744	OK	 
USER	gatwai	END	1607016823745
USER	gatwai	START	1607016823865
REQUEST		request_0	1607016823865	1607016823966	OK	 
USER	gatwai	END	1607016823967
USER	gatwai	START	1607016824068
REQUEST		request_0	1607016824068	1607016824161	OK	 
USER	gatwai	END	1607016824161
USER	gatwai	START	1607016824271
REQUEST		request_0	1607016824271	1607016824363	OK	 
USER	gatwai	END	1607016824364
USER	gatwai	START	1607016824458
REQUEST		request_0	1607016824459	1607016824557	OK	 
USER	gatwai	END	1607016824558
USER	gatwai	START	1607016824661
REQUEST		request_0	1607016824662	1607016824755	OK	 
USER	gatwai	END	1607016824755
USER	gatwai	START	1607016824867
REQUEST		request_0	1607016824867	1607016824955	OK	 
USER	gatwai	END	1607016824955
USER	gatwai	START	1607016825070
REQUEST		request_0	1607016825070	1607016825154	OK	 
USER	gatwai	END	1607016825155
USER	gatwai	START	1607016825273
REQUEST		request_0	1607016825273	1607016825367	OK	 
USER	gatwai	END	1607016825368
USER	gatwai	START	1607016825477
REQUEST		request_0	1607016825477	1607016825572	OK	 
USER	gatwai	END	1607016825573
USER	gatwai	START	1607016825663
REQUEST		request_0	1607016825664	1607016825752	OK	 
USER	gatwai	END	1607016825752
USER	gatwai	START	1607016825866
REQUEST		request_0	1607016825866	1607016825950	OK	 
USER	gatwai	END	1607016825951
USER	gatwai	START	1607016826070
REQUEST		request_0	1607016826070	1607016826175	OK	 
USER	gatwai	END	1607016826176
USER	gatwai	START	1607016826273
REQUEST		request_0	1607016826273	1607016826355	OK	 
USER	gatwai	END	1607016826356
USER	gatwai	START	1607016826460
REQUEST		request_0	1607016826461	1607016826545	OK	 
USER	gatwai	END	1607016826546
USER	gatwai	START	1607016826663
REQUEST		request_0	1607016826664	1607016826756	OK	 
USER	gatwai	END	1607016826756
USER	gatwai	START	1607016826867
REQUEST		request_0	1607016826867	1607016826961	OK	 
USER	gatwai	END	1607016826962
USER	gatwai	START	1607016827081
REQUEST		request_0	1607016827081	1607016827175	OK	 
USER	gatwai	END	1607016827176
USER	gatwai	START	1607016827273
REQUEST		request_0	1607016827273	1607016827363	OK	 
USER	gatwai	END	1607016827364
USER	gatwai	START	1607016827460
REQUEST		request_0	1607016827460	1607016827548	OK	 
USER	gatwai	END	1607016827552
USER	gatwai	START	1607016827664
REQUEST		request_0	1607016827664	1607016827746	OK	 
USER	gatwai	END	1607016827747
USER	gatwai	START	1607016827867
REQUEST		request_0	1607016827867	1607016827968	OK	 
USER	gatwai	END	1607016827969
USER	gatwai	START	1607016828070
REQUEST		request_0	1607016828070	1607016828158	OK	 
USER	gatwai	END	1607016828158
USER	gatwai	START	1607016828273
REQUEST		request_0	1607016828274	1607016828365	OK	 
USER	gatwai	END	1607016828365
USER	gatwai	START	1607016828460
REQUEST		request_0	1607016828461	1607016828544	OK	 
USER	gatwai	END	1607016828545
USER	gatwai	START	1607016828669
REQUEST		request_0	1607016828670	1607016828770	OK	 
USER	gatwai	END	1607016828771
USER	gatwai	START	1607016828872
REQUEST		request_0	1607016828872	1607016828955	OK	 
USER	gatwai	END	1607016828955
USER	gatwai	START	1607016829059
REQUEST		request_0	1607016829059	1607016829148	OK	 
USER	gatwai	END	1607016829149
USER	gatwai	START	1607016829262
REQUEST		request_0	1607016829262	1607016829356	OK	 
USER	gatwai	END	1607016829356
USER	gatwai	START	1607016829465
REQUEST		request_0	1607016829465	1607016829557	OK	 
USER	gatwai	END	1607016829558
USER	gatwai	START	1607016829669
REQUEST		request_0	1607016829669	1607016829763	OK	 
USER	gatwai	END	1607016829763
USER	gatwai	START	1607016829872
REQUEST		request_0	1607016829872	1607016829969	OK	 
USER	gatwai	END	1607016829970
USER	gatwai	START	1607016830059
REQUEST		request_0	1607016830059	1607016830149	OK	 
USER	gatwai	END	1607016830149
USER	gatwai	START	1607016830263
REQUEST		request_0	1607016830263	1607016830360	OK	 
USER	gatwai	END	1607016830361
USER	gatwai	START	1607016830465
REQUEST		request_0	1607016830465	1607016830550	OK	 
USER	gatwai	END	1607016830551
USER	gatwai	START	1607016830669
REQUEST		request_0	1607016830669	1607016830777	OK	 
USER	gatwai	END	1607016830778
USER	gatwai	START	1607016830872
REQUEST		request_0	1607016830872	1607016830963	OK	 
USER	gatwai	END	1607016830964
USER	gatwai	START	1607016831059
REQUEST		request_0	1607016831059	1607016831140	OK	 
USER	gatwai	END	1607016831141
USER	gatwai	START	1607016831262
REQUEST		request_0	1607016831263	1607016831346	OK	 
USER	gatwai	END	1607016831347
USER	gatwai	START	1607016831466
REQUEST		request_0	1607016831466	1607016831547	OK	 
USER	gatwai	END	1607016831548
USER	gatwai	START	1607016831669
REQUEST		request_0	1607016831669	1607016831763	OK	 
USER	gatwai	END	1607016831763
USER	gatwai	START	1607016831872
REQUEST		request_0	1607016831872	1607016831974	OK	 
USER	gatwai	END	1607016831975
USER	gatwai	START	1607016832059
REQUEST		request_0	1607016832059	1607016832142	OK	 
USER	gatwai	END	1607016832143
USER	gatwai	START	1607016832263
REQUEST		request_0	1607016832263	1607016832347	OK	 
USER	gatwai	END	1607016832348
USER	gatwai	START	1607016832465
REQUEST		request_0	1607016832466	1607016832562	OK	 
USER	gatwai	END	1607016832563
USER	gatwai	START	1607016832668
REQUEST		request_0	1607016832669	1607016832753	OK	 
USER	gatwai	END	1607016832753
USER	gatwai	START	1607016832872
REQUEST		request_0	1607016832872	1607016832968	OK	 
USER	gatwai	END	1607016832969
USER	gatwai	START	1607016833059
REQUEST		request_0	1607016833059	1607016833148	OK	 
USER	gatwai	END	1607016833148
USER	gatwai	START	1607016833262
REQUEST		request_0	1607016833263	1607016833358	OK	 
USER	gatwai	END	1607016833358
USER	gatwai	START	1607016833465
REQUEST		request_0	1607016833466	1607016833546	OK	 
USER	gatwai	END	1607016833547
USER	gatwai	START	1607016833668
REQUEST		request_0	1607016833669	1607016833759	OK	 
USER	gatwai	END	1607016833760
USER	gatwai	START	1607016833872
REQUEST		request_0	1607016833872	1607016833961	OK	 
USER	gatwai	END	1607016833962
USER	gatwai	START	1607016834059
REQUEST		request_0	1607016834060	1607016834164	OK	 
USER	gatwai	END	1607016834164
USER	gatwai	START	1607016834262
REQUEST		request_0	1607016834263	1607016834356	OK	 
USER	gatwai	END	1607016834357
USER	gatwai	START	1607016834466
REQUEST		request_0	1607016834466	1607016834571	OK	 
USER	gatwai	END	1607016834571
USER	gatwai	START	1607016834668
REQUEST		request_0	1607016834669	1607016834759	OK	 
USER	gatwai	END	1607016834760
USER	gatwai	START	1607016834872
REQUEST		request_0	1607016834872	1607016834969	OK	 
USER	gatwai	END	1607016834969
USER	gatwai	START	1607016835059
REQUEST		request_0	1607016835059	1607016835149	OK	 
USER	gatwai	END	1607016835150
USER	gatwai	START	1607016835262
REQUEST		request_0	1607016835262	1607016835346	OK	 
USER	gatwai	END	1607016835346
USER	gatwai	START	1607016835465
REQUEST		request_0	1607016835465	1607016835562	OK	 
USER	gatwai	END	1607016835563
USER	gatwai	START	1607016835657
REQUEST		request_0	1607016835658	1607016835743	OK	 
USER	gatwai	END	1607016835744
USER	gatwai	START	1607016835872
REQUEST		request_0	1607016835872	1607016835960	OK	 
USER	gatwai	END	1607016835960
USER	gatwai	START	1607016836059
REQUEST		request_0	1607016836060	1607016836151	OK	 
USER	gatwai	END	1607016836152
USER	gatwai	START	1607016836262
REQUEST		request_0	1607016836262	1607016836347	OK	 
USER	gatwai	END	1607016836348
USER	gatwai	START	1607016836465
REQUEST		request_0	1607016836466	1607016836558	OK	 
USER	gatwai	END	1607016836559
USER	gatwai	START	1607016836685
REQUEST		request_0	1607016836685	1607016836774	OK	 
USER	gatwai	END	1607016836775
USER	gatwai	START	1607016836872
REQUEST		request_0	1607016836872	1607016836957	OK	 
USER	gatwai	END	1607016836958
USER	gatwai	START	1607016837059
REQUEST		request_0	1607016837060	1607016837141	OK	 
USER	gatwai	END	1607016837142
USER	gatwai	START	1607016837262
REQUEST		request_0	1607016837262	1607016837347	OK	 
USER	gatwai	END	1607016837347
USER	gatwai	START	1607016837466
REQUEST		request_0	1607016837466	1607016837569	OK	 
USER	gatwai	END	1607016837570
USER	gatwai	START	1607016837668
REQUEST		request_0	1607016837669	1607016837769	OK	 
USER	gatwai	END	1607016837770
USER	gatwai	START	1607016837859
REQUEST		request_0	1607016837859	1607016837950	OK	 
USER	gatwai	END	1607016837951
USER	gatwai	START	1607016838062
REQUEST		request_0	1607016838063	1607016838144	OK	 
USER	gatwai	END	1607016838145
USER	gatwai	START	1607016838265
REQUEST		request_0	1607016838265	1607016838367	OK	 
USER	gatwai	END	1607016838367
USER	gatwai	START	1607016838468
REQUEST		request_0	1607016838468	1607016838552	OK	 
USER	gatwai	END	1607016838552
USER	gatwai	START	1607016838672
REQUEST		request_0	1607016838672	1607016838768	OK	 
USER	gatwai	END	1607016838768
USER	gatwai	START	1607016838860
REQUEST		request_0	1607016838860	1607016838943	OK	 
USER	gatwai	END	1607016838943
USER	gatwai	START	1607016839063
REQUEST		request_0	1607016839064	1607016839147	OK	 
USER	gatwai	END	1607016839148
USER	gatwai	START	1607016839266
REQUEST		request_0	1607016839267	1607016839354	OK	 
USER	gatwai	END	1607016839354
USER	gatwai	START	1607016839470
REQUEST		request_0	1607016839470	1607016839568	OK	 
USER	gatwai	END	1607016839569
USER	gatwai	START	1607016839673
REQUEST		request_0	1607016839673	1607016839764	OK	 
USER	gatwai	END	1607016839765
USER	gatwai	START	1607016839860
REQUEST		request_0	1607016839861	1607016839956	OK	 
USER	gatwai	END	1607016839956
USER	gatwai	START	1607016840064
REQUEST		request_0	1607016840064	1607016840149	OK	 
USER	gatwai	END	1607016840149
USER	gatwai	START	1607016840267
REQUEST		request_0	1607016840267	1607016840352	OK	 
USER	gatwai	END	1607016840352
USER	gatwai	START	1607016840470
REQUEST		request_0	1607016840470	1607016840566	OK	 
USER	gatwai	END	1607016840567
USER	gatwai	START	1607016840657
REQUEST		request_0	1607016840658	1607016840754	OK	 
USER	gatwai	END	1607016840754
USER	gatwai	START	1607016840860
REQUEST		request_0	1607016840861	1607016840966	OK	 
USER	gatwai	END	1607016840966
USER	gatwai	START	1607016841064
REQUEST		request_0	1607016841064	1607016841152	OK	 
USER	gatwai	END	1607016841153
USER	gatwai	START	1607016841267
REQUEST		request_0	1607016841267	1607016841356	OK	 
USER	gatwai	END	1607016841356
USER	gatwai	START	1607016841467
REQUEST		request_0	1607016841467	1607016841562	OK	 
USER	gatwai	END	1607016841563
USER	gatwai	START	1607016841670
REQUEST		request_0	1607016841670	1607016841753	OK	 
USER	gatwai	END	1607016841754
USER	gatwai	START	1607016841859
REQUEST		request_0	1607016841859	1607016841948	OK	 
USER	gatwai	END	1607016841949
USER	gatwai	START	1607016842062
REQUEST		request_0	1607016842062	1607016842157	OK	 
USER	gatwai	END	1607016842158
USER	gatwai	START	1607016842265
REQUEST		request_0	1607016842265	1607016842358	OK	 
USER	gatwai	END	1607016842358
USER	gatwai	START	1607016842468
REQUEST		request_0	1607016842468	1607016842561	OK	 
USER	gatwai	END	1607016842561
USER	gatwai	START	1607016842671
REQUEST		request_0	1607016842671	1607016842753	OK	 
USER	gatwai	END	1607016842753
USER	gatwai	START	1607016842859
REQUEST		request_0	1607016842859	1607016842960	OK	 
USER	gatwai	END	1607016842960
USER	gatwai	START	1607016843062
REQUEST		request_0	1607016843062	1607016843146	OK	 
USER	gatwai	END	1607016843146
USER	gatwai	START	1607016843265
REQUEST		request_0	1607016843265	1607016843364	OK	 
USER	gatwai	END	1607016843365
USER	gatwai	START	1607016843468
REQUEST		request_0	1607016843468	1607016843566	OK	 
USER	gatwai	END	1607016843566
USER	gatwai	START	1607016843671
REQUEST		request_0	1607016843671	1607016843757	OK	 
USER	gatwai	END	1607016843758
USER	gatwai	START	1607016843859
REQUEST		request_0	1607016843859	1607016843949	OK	 
USER	gatwai	END	1607016843950
USER	gatwai	START	1607016844062
REQUEST		request_0	1607016844062	1607016844147	OK	 
USER	gatwai	END	1607016844148
USER	gatwai	START	1607016844265
REQUEST		request_0	1607016844265	1607016844359	OK	 
USER	gatwai	END	1607016844359
USER	gatwai	START	1607016844468
REQUEST		request_0	1607016844469	1607016844582	OK	 
USER	gatwai	END	1607016844582
USER	gatwai	START	1607016844671
REQUEST		request_0	1607016844671	1607016844762	OK	 
USER	gatwai	END	1607016844763
USER	gatwai	START	1607016844859
REQUEST		request_0	1607016844859	1607016844965	OK	 
USER	gatwai	END	1607016844965
USER	gatwai	START	1607016845062
REQUEST		request_0	1607016845062	1607016845158	OK	 
USER	gatwai	END	1607016845159
USER	gatwai	START	1607016845265
REQUEST		request_0	1607016845265	1607016845346	OK	 
USER	gatwai	END	1607016845347
USER	gatwai	START	1607016845468
REQUEST		request_0	1607016845468	1607016845564	OK	 
USER	gatwai	END	1607016845565
USER	gatwai	START	1607016845671
REQUEST		request_0	1607016845671	1607016845764	OK	 
USER	gatwai	END	1607016845764
USER	gatwai	START	1607016845859
REQUEST		request_0	1607016845859	1607016845942	OK	 
USER	gatwai	END	1607016845942
USER	gatwai	START	1607016846062
REQUEST		request_0	1607016846062	1607016846162	OK	 
USER	gatwai	END	1607016846163
USER	gatwai	START	1607016846265
REQUEST		request_0	1607016846265	1607016846350	OK	 
USER	gatwai	END	1607016846351
USER	gatwai	START	1607016846468
REQUEST		request_0	1607016846468	1607016846561	OK	 
USER	gatwai	END	1607016846561
USER	gatwai	START	1607016846671
REQUEST		request_0	1607016846671	1607016846770	OK	 
USER	gatwai	END	1607016846771
USER	gatwai	START	1607016846865
REQUEST		request_0	1607016846865	1607016846954	OK	 
USER	gatwai	END	1607016846955
USER	gatwai	START	1607016847068
REQUEST		request_0	1607016847068	1607016847160	OK	 
USER	gatwai	END	1607016847160
USER	gatwai	START	1607016847271
REQUEST		request_0	1607016847271	1607016847354	OK	 
USER	gatwai	END	1607016847355
USER	gatwai	START	1607016847458
REQUEST		request_0	1607016847459	1607016847554	OK	 
USER	gatwai	END	1607016847555
USER	gatwai	START	1607016847661
REQUEST		request_0	1607016847662	1607016847752	OK	 
USER	gatwai	END	1607016847753
USER	gatwai	START	1607016847865
REQUEST		request_0	1607016847865	1607016847963	OK	 
USER	gatwai	END	1607016847964
USER	gatwai	START	1607016848068
REQUEST		request_0	1607016848068	1607016848165	OK	 
USER	gatwai	END	1607016848166
USER	gatwai	START	1607016848271
REQUEST		request_0	1607016848271	1607016848362	OK	 
USER	gatwai	END	1607016848363
USER	gatwai	START	1607016848458
REQUEST		request_0	1607016848459	1607016848549	OK	 
USER	gatwai	END	1607016848549
USER	gatwai	START	1607016848661
REQUEST		request_0	1607016848662	1607016848752	OK	 
USER	gatwai	END	1607016848753
USER	gatwai	START	1607016848865
REQUEST		request_0	1607016848865	1607016848953	OK	 
USER	gatwai	END	1607016848953
USER	gatwai	START	1607016849068
REQUEST		request_0	1607016849068	1607016849157	OK	 
USER	gatwai	END	1607016849158
USER	gatwai	START	1607016849271
REQUEST		request_0	1607016849271	1607016849361	OK	 
USER	gatwai	END	1607016849362
USER	gatwai	START	1607016849458
REQUEST		request_0	1607016849459	1607016849558	OK	 
USER	gatwai	END	1607016849559
USER	gatwai	START	1607016849661
REQUEST		request_0	1607016849662	1607016849747	OK	 
USER	gatwai	END	1607016849748
USER	gatwai	START	1607016849865
REQUEST		request_0	1607016849865	1607016849961	OK	 
USER	gatwai	END	1607016849962
USER	gatwai	START	1607016850068
REQUEST		request_0	1607016850068	1607016850167	OK	 
USER	gatwai	END	1607016850167
USER	gatwai	START	1607016850259
REQUEST		request_0	1607016850259	1607016850349	OK	 
USER	gatwai	END	1607016850350
USER	gatwai	START	1607016850461
REQUEST		request_0	1607016850462	1607016850546	OK	 
USER	gatwai	END	1607016850546
USER	gatwai	START	1607016850664
REQUEST		request_0	1607016850665	1607016850751	OK	 
USER	gatwai	END	1607016850751
USER	gatwai	START	1607016850868
REQUEST		request_0	1607016850869	1607016850966	OK	 
USER	gatwai	END	1607016850967
USER	gatwai	START	1607016851071
REQUEST		request_0	1607016851071	1607016851155	OK	 
USER	gatwai	END	1607016851156
USER	gatwai	START	1607016851258
REQUEST		request_0	1607016851259	1607016851352	OK	 
USER	gatwai	END	1607016851353
USER	gatwai	START	1607016851461
REQUEST		request_0	1607016851462	1607016851554	OK	 
USER	gatwai	END	1607016851555
USER	gatwai	START	1607016851665
REQUEST		request_0	1607016851665	1607016851771	OK	 
USER	gatwai	END	1607016851771
USER	gatwai	START	1607016851868
REQUEST		request_0	1607016851868	1607016851951	OK	 
USER	gatwai	END	1607016851952
USER	gatwai	START	1607016852071
REQUEST		request_0	1607016852071	1607016852167	OK	 
USER	gatwai	END	1607016852167
USER	gatwai	START	1607016852258
REQUEST		request_0	1607016852258	1607016852349	OK	 
USER	gatwai	END	1607016852349
USER	gatwai	START	1607016852461
REQUEST		request_0	1607016852462	1607016852553	OK	 
USER	gatwai	END	1607016852553
USER	gatwai	START	1607016852664
REQUEST		request_0	1607016852665	1607016852762	OK	 
USER	gatwai	END	1607016852763
USER	gatwai	START	1607016852868
REQUEST		request_0	1607016852868	1607016852961	OK	 
USER	gatwai	END	1607016852961
USER	gatwai	START	1607016853058
REQUEST		request_0	1607016853059	1607016853149	OK	 
USER	gatwai	END	1607016853150
USER	gatwai	START	1607016853261
REQUEST		request_0	1607016853262	1607016853355	OK	 
USER	gatwai	END	1607016853355
USER	gatwai	START	1607016853465
REQUEST		request_0	1607016853465	1607016853555	OK	 
USER	gatwai	END	1607016853556
USER	gatwai	START	1607016853668
REQUEST		request_0	1607016853668	1607016853758	OK	 
USER	gatwai	END	1607016853759
USER	gatwai	START	1607016853871
REQUEST		request_0	1607016853871	1607016853967	OK	 
USER	gatwai	END	1607016853968
USER	gatwai	START	1607016854060
REQUEST		request_0	1607016854060	1607016854143	OK	 
USER	gatwai	END	1607016854144
USER	gatwai	START	1607016854263
REQUEST		request_0	1607016854263	1607016854358	OK	 
USER	gatwai	END	1607016854358
USER	gatwai	START	1607016854466
REQUEST		request_0	1607016854466	1607016854572	OK	 
USER	gatwai	END	1607016854573
USER	gatwai	START	1607016854669
REQUEST		request_0	1607016854669	1607016854754	OK	 
USER	gatwai	END	1607016854754
USER	gatwai	START	1607016854872
REQUEST		request_0	1607016854872	1607016854966	OK	 
USER	gatwai	END	1607016854966
USER	gatwai	START	1607016855059
REQUEST		request_0	1607016855059	1607016855142	OK	 
USER	gatwai	END	1607016855142
USER	gatwai	START	1607016855262
REQUEST		request_0	1607016855263	1607016855359	OK	 
USER	gatwai	END	1607016855360
USER	gatwai	START	1607016855465
REQUEST		request_0	1607016855466	1607016855564	OK	 
USER	gatwai	END	1607016855565
USER	gatwai	START	1607016855669
REQUEST		request_0	1607016855669	1607016855753	OK	 
USER	gatwai	END	1607016855754
USER	gatwai	START	1607016855872
REQUEST		request_0	1607016855872	1607016855952	OK	 
USER	gatwai	END	1607016855953
USER	gatwai	START	1607016856059
REQUEST		request_0	1607016856060	1607016856159	OK	 
USER	gatwai	END	1607016856159
USER	gatwai	START	1607016856263
REQUEST		request_0	1607016856263	1607016856368	OK	 
USER	gatwai	END	1607016856368
USER	gatwai	START	1607016856465
REQUEST		request_0	1607016856466	1607016856559	OK	 
USER	gatwai	END	1607016856559
USER	gatwai	START	1607016856669
REQUEST		request_0	1607016856669	1607016856754	OK	 
USER	gatwai	END	1607016856754
USER	gatwai	START	1607016856872
REQUEST		request_0	1607016856872	1607016856964	OK	 
USER	gatwai	END	1607016856965
USER	gatwai	START	1607016857059
REQUEST		request_0	1607016857060	1607016857146	OK	 
USER	gatwai	END	1607016857147
USER	gatwai	START	1607016857262
REQUEST		request_0	1607016857263	1607016857368	OK	 
USER	gatwai	END	1607016857368
USER	gatwai	START	1607016857465
REQUEST		request_0	1607016857466	1607016857551	OK	 
USER	gatwai	END	1607016857552
USER	gatwai	START	1607016857669
REQUEST		request_0	1607016857669	1607016857760	OK	 
USER	gatwai	END	1607016857760
USER	gatwai	START	1607016857872
REQUEST		request_0	1607016857872	1607016857957	OK	 
USER	gatwai	END	1607016857958
USER	gatwai	START	1607016858059
REQUEST		request_0	1607016858059	1607016858144	OK	 
USER	gatwai	END	1607016858145
USER	gatwai	START	1607016858262
REQUEST		request_0	1607016858263	1607016858347	OK	 
USER	gatwai	END	1607016858347
USER	gatwai	START	1607016858466
REQUEST		request_0	1607016858466	1607016858559	OK	 
USER	gatwai	END	1607016858559
USER	gatwai	START	1607016858669
REQUEST		request_0	1607016858669	1607016858759	OK	 
USER	gatwai	END	1607016858760
USER	gatwai	START	1607016858872
REQUEST		request_0	1607016858872	1607016858976	OK	 
USER	gatwai	END	1607016858977
USER	gatwai	START	1607016859059
REQUEST		request_0	1607016859059	1607016859142	OK	 
USER	gatwai	END	1607016859142
USER	gatwai	START	1607016859262
REQUEST		request_0	1607016859263	1607016859361	OK	 
USER	gatwai	END	1607016859362
USER	gatwai	START	1607016859466
REQUEST		request_0	1607016859466	1607016859568	OK	 
USER	gatwai	END	1607016859568
USER	gatwai	START	1607016859669
REQUEST		request_0	1607016859669	1607016859749	OK	 
USER	gatwai	END	1607016859750
USER	gatwai	START	1607016859872
REQUEST		request_0	1607016859872	1607016859956	OK	 
USER	gatwai	END	1607016859957
USER	gatwai	START	1607016860059
REQUEST		request_0	1607016860059	1607016860141	OK	 
USER	gatwai	END	1607016860141
USER	gatwai	START	1607016860262
REQUEST		request_0	1607016860263	1607016860350	OK	 
USER	gatwai	END	1607016860350
USER	gatwai	START	1607016860465
REQUEST		request_0	1607016860466	1607016860557	OK	 
USER	gatwai	END	1607016860558
USER	gatwai	START	1607016860669
REQUEST		request_0	1607016860669	1607016860760	OK	 
USER	gatwai	END	1607016860761
USER	gatwai	START	1607016860872
REQUEST		request_0	1607016860872	1607016860966	OK	 
USER	gatwai	END	1607016860966
USER	gatwai	START	1607016861059
REQUEST		request_0	1607016861060	1607016861143	OK	 
USER	gatwai	END	1607016861143
USER	gatwai	START	1607016861262
REQUEST		request_0	1607016861263	1607016861362	OK	 
USER	gatwai	END	1607016861363
USER	gatwai	START	1607016861466
REQUEST		request_0	1607016861466	1607016861549	OK	 
USER	gatwai	END	1607016861549
USER	gatwai	START	1607016861669
REQUEST		request_0	1607016861669	1607016861758	OK	 
USER	gatwai	END	1607016861759
USER	gatwai	START	1607016861872
REQUEST		request_0	1607016861872	1607016861963	OK	 
USER	gatwai	END	1607016861964
USER	gatwai	START	1607016862075
REQUEST		request_0	1607016862076	1607016862169	OK	 
USER	gatwai	END	1607016862170
USER	gatwai	START	1607016862262
REQUEST		request_0	1607016862263	1607016862344	OK	 
USER	gatwai	END	1607016862344
USER	gatwai	START	1607016862465
REQUEST		request_0	1607016862466	1607016862547	OK	 
USER	gatwai	END	1607016862548
USER	gatwai	START	1607016862669
REQUEST		request_0	1607016862669	1607016862775	OK	 
USER	gatwai	END	1607016862775
USER	gatwai	START	1607016862872
REQUEST		request_0	1607016862872	1607016862965	OK	 
USER	gatwai	END	1607016862966
USER	gatwai	START	1607016863059
REQUEST		request_0	1607016863059	1607016863146	OK	 
USER	gatwai	END	1607016863147
USER	gatwai	START	1607016863262
REQUEST		request_0	1607016863263	1607016863353	OK	 
USER	gatwai	END	1607016863354
USER	gatwai	START	1607016863466
REQUEST		request_0	1607016863466	1607016863551	OK	 
USER	gatwai	END	1607016863552
USER	gatwai	START	1607016863669
REQUEST		request_0	1607016863670	1607016863782	OK	 
USER	gatwai	END	1607016863783
USER	gatwai	START	1607016863872
REQUEST		request_0	1607016863872	1607016863954	OK	 
USER	gatwai	END	1607016863954
USER	gatwai	START	1607016864059
REQUEST		request_0	1607016864060	1607016864155	OK	 
USER	gatwai	END	1607016864156
USER	gatwai	START	1607016864263
REQUEST		request_0	1607016864263	1607016864347	OK	 
USER	gatwai	END	1607016864347
USER	gatwai	START	1607016864466
REQUEST		request_0	1607016864466	1607016864548	OK	 
USER	gatwai	END	1607016864548
USER	gatwai	START	1607016864669
REQUEST		request_0	1607016864669	1607016864769	OK	 
USER	gatwai	END	1607016864769
USER	gatwai	START	1607016864872
REQUEST		request_0	1607016864872	1607016864954	OK	 
USER	gatwai	END	1607016864954
USER	gatwai	START	1607016865060
REQUEST		request_0	1607016865060	1607016865144	OK	 
USER	gatwai	END	1607016865144
USER	gatwai	START	1607016865263
REQUEST		request_0	1607016865263	1607016865367	OK	 
USER	gatwai	END	1607016865367
USER	gatwai	START	1607016865466
REQUEST		request_0	1607016865466	1607016865557	OK	 
USER	gatwai	END	1607016865558
USER	gatwai	START	1607016865669
REQUEST		request_0	1607016865669	1607016865771	OK	 
USER	gatwai	END	1607016865772
USER	gatwai	START	1607016865872
REQUEST		request_0	1607016865873	1607016865959	OK	 
USER	gatwai	END	1607016865959
USER	gatwai	START	1607016866060
REQUEST		request_0	1607016866060	1607016866154	OK	 
USER	gatwai	END	1607016866154
USER	gatwai	START	1607016866268
REQUEST		request_0	1607016866268	1607016866359	OK	 
USER	gatwai	END	1607016866359
USER	gatwai	START	1607016866471
REQUEST		request_0	1607016866472	1607016866571	OK	 
USER	gatwai	END	1607016866571
USER	gatwai	START	1607016866659
REQUEST		request_0	1607016866659	1607016866745	OK	 
USER	gatwai	END	1607016866746
USER	gatwai	START	1607016866862
REQUEST		request_0	1607016866863	1607016866965	OK	 
USER	gatwai	END	1607016866966
USER	gatwai	START	1607016867065
REQUEST		request_0	1607016867066	1607016867151	OK	 
USER	gatwai	END	1607016867151
USER	gatwai	START	1607016867273
REQUEST		request_0	1607016867273	1607016867372	OK	 
USER	gatwai	END	1607016867372
USER	gatwai	START	1607016867460
REQUEST		request_0	1607016867460	1607016867545	OK	 
USER	gatwai	END	1607016867546
USER	gatwai	START	1607016867663
REQUEST		request_0	1607016867664	1607016867746	OK	 
USER	gatwai	END	1607016867746
USER	gatwai	START	1607016867866
REQUEST		request_0	1607016867867	1607016867958	OK	 
USER	gatwai	END	1607016867959
USER	gatwai	START	1607016868070
REQUEST		request_0	1607016868070	1607016868165	OK	 
USER	gatwai	END	1607016868166
USER	gatwai	START	1607016868273
REQUEST		request_0	1607016868273	1607016868376	OK	 
USER	gatwai	END	1607016868377
USER	gatwai	START	1607016868471
REQUEST		request_0	1607016868472	1607016868561	OK	 
USER	gatwai	END	1607016868561
USER	gatwai	START	1607016868659
REQUEST		request_0	1607016868659	1607016868747	OK	 
USER	gatwai	END	1607016868747
USER	gatwai	START	1607016868862
REQUEST		request_0	1607016868862	1607016868946	OK	 
USER	gatwai	END	1607016868946
USER	gatwai	START	1607016869065
REQUEST		request_0	1607016869066	1607016869162	OK	 
USER	gatwai	END	1607016869162
USER	gatwai	START	1607016869268
REQUEST		request_0	1607016869268	1607016869355	OK	 
USER	gatwai	END	1607016869356
USER	gatwai	START	1607016869471
REQUEST		request_0	1607016869472	1607016869569	OK	 
USER	gatwai	END	1607016869569
USER	gatwai	START	1607016869659
REQUEST		request_0	1607016869659	1607016869746	OK	 
USER	gatwai	END	1607016869747
USER	gatwai	START	1607016869862
REQUEST		request_0	1607016869862	1607016869947	OK	 
USER	gatwai	END	1607016869947
USER	gatwai	START	1607016870065
REQUEST		request_0	1607016870066	1607016870149	OK	 
USER	gatwai	END	1607016870150
USER	gatwai	START	1607016870268
REQUEST		request_0	1607016870269	1607016870352	OK	 
USER	gatwai	END	1607016870352
USER	gatwai	START	1607016870471
REQUEST		request_0	1607016870472	1607016870557	OK	 
USER	gatwai	END	1607016870557
USER	gatwai	START	1607016870659
REQUEST		request_0	1607016870659	1607016870749	OK	 
USER	gatwai	END	1607016870749
USER	gatwai	START	1607016870862
REQUEST		request_0	1607016870862	1607016870956	OK	 
USER	gatwai	END	1607016870957
USER	gatwai	START	1607016871065
REQUEST		request_0	1607016871066	1607016871153	OK	 
USER	gatwai	END	1607016871153
USER	gatwai	START	1607016871268
REQUEST		request_0	1607016871269	1607016871365	OK	 
USER	gatwai	END	1607016871366
USER	gatwai	START	1607016871471
REQUEST		request_0	1607016871472	1607016871581	OK	 
USER	gatwai	END	1607016871581
USER	gatwai	START	1607016871669
REQUEST		request_0	1607016871669	1607016871759	OK	 
USER	gatwai	END	1607016871759
USER	gatwai	START	1607016871872
REQUEST		request_0	1607016871872	1607016871971	OK	 
USER	gatwai	END	1607016871972
USER	gatwai	START	1607016872059
REQUEST		request_0	1607016872059	1607016872147	OK	 
USER	gatwai	END	1607016872148
USER	gatwai	START	1607016872263
REQUEST		request_0	1607016872263	1607016872359	OK	 
USER	gatwai	END	1607016872359
USER	gatwai	START	1607016872467
REQUEST		request_0	1607016872467	1607016872552	OK	 
USER	gatwai	END	1607016872553
USER	gatwai	START	1607016872670
REQUEST		request_0	1607016872671	1607016872771	OK	 
USER	gatwai	END	1607016872772
USER	gatwai	START	1607016872873
REQUEST		request_0	1607016872873	1607016872964	OK	 
USER	gatwai	END	1607016872965
USER	gatwai	START	1607016873061
REQUEST		request_0	1607016873061	1607016873155	OK	 
USER	gatwai	END	1607016873155
USER	gatwai	START	1607016873264
REQUEST		request_0	1607016873264	1607016873354	OK	 
USER	gatwai	END	1607016873354
USER	gatwai	START	1607016873467
REQUEST		request_0	1607016873467	1607016873555	OK	 
USER	gatwai	END	1607016873555
USER	gatwai	START	1607016873670
REQUEST		request_0	1607016873671	1607016873766	OK	 
USER	gatwai	END	1607016873767
USER	gatwai	START	1607016873858
REQUEST		request_0	1607016873858	1607016873938	OK	 
USER	gatwai	END	1607016873939
USER	gatwai	START	1607016874061
REQUEST		request_0	1607016874061	1607016874155	OK	 
USER	gatwai	END	1607016874156
USER	gatwai	START	1607016874264
REQUEST		request_0	1607016874265	1607016874360	OK	 
USER	gatwai	END	1607016874361
USER	gatwai	START	1607016874467
REQUEST		request_0	1607016874467	1607016874554	OK	 
USER	gatwai	END	1607016874554
USER	gatwai	START	1607016874670
REQUEST		request_0	1607016874670	1607016874760	OK	 
USER	gatwai	END	1607016874760
USER	gatwai	START	1607016874858
REQUEST		request_0	1607016874858	1607016874945	OK	 
USER	gatwai	END	1607016874946
USER	gatwai	START	1607016875061
REQUEST		request_0	1607016875061	1607016875157	OK	 
USER	gatwai	END	1607016875158
USER	gatwai	START	1607016875264
REQUEST		request_0	1607016875264	1607016875365	OK	 
USER	gatwai	END	1607016875366
USER	gatwai	START	1607016875470
REQUEST		request_0	1607016875470	1607016875553	OK	 
USER	gatwai	END	1607016875554
USER	gatwai	START	1607016875674
REQUEST		request_0	1607016875674	1607016875777	OK	 
USER	gatwai	END	1607016875777
USER	gatwai	START	1607016875862
REQUEST		request_0	1607016875862	1607016875954	OK	 
USER	gatwai	END	1607016875955
USER	gatwai	START	1607016876064
REQUEST		request_0	1607016876064	1607016876156	OK	 
USER	gatwai	END	1607016876157
USER	gatwai	START	1607016876267
REQUEST		request_0	1607016876267	1607016876361	OK	 
USER	gatwai	END	1607016876362
USER	gatwai	START	1607016876470
REQUEST		request_0	1607016876470	1607016876562	OK	 
USER	gatwai	END	1607016876563
USER	gatwai	START	1607016876658
REQUEST		request_0	1607016876658	1607016876748	OK	 
USER	gatwai	END	1607016876748
USER	gatwai	START	1607016876861
REQUEST		request_0	1607016876861	1607016876955	OK	 
USER	gatwai	END	1607016876956
USER	gatwai	START	1607016877064
REQUEST		request_0	1607016877064	1607016877144	OK	 
USER	gatwai	END	1607016877145
USER	gatwai	START	1607016877267
REQUEST		request_0	1607016877267	1607016877352	OK	 
USER	gatwai	END	1607016877352
USER	gatwai	START	1607016877470
REQUEST		request_0	1607016877471	1607016877557	OK	 
USER	gatwai	END	1607016877558
USER	gatwai	START	1607016877658
REQUEST		request_0	1607016877658	1607016877748	OK	 
USER	gatwai	END	1607016877748
USER	gatwai	START	1607016877861
REQUEST		request_0	1607016877861	1607016877954	OK	 
USER	gatwai	END	1607016877954
USER	gatwai	START	1607016878064
REQUEST		request_0	1607016878064	1607016878155	OK	 
USER	gatwai	END	1607016878156
USER	gatwai	START	1607016878267
REQUEST		request_0	1607016878267	1607016878352	OK	 
USER	gatwai	END	1607016878353
USER	gatwai	START	1607016878470
REQUEST		request_0	1607016878470	1607016878569	OK	 
USER	gatwai	END	1607016878570
USER	gatwai	START	1607016878658
REQUEST		request_0	1607016878658	1607016878750	OK	 
USER	gatwai	END	1607016878751
USER	gatwai	START	1607016878861
REQUEST		request_0	1607016878861	1607016878952	OK	 
USER	gatwai	END	1607016878952
USER	gatwai	START	1607016879064
REQUEST		request_0	1607016879065	1607016879166	OK	 
USER	gatwai	END	1607016879167
USER	gatwai	START	1607016879267
REQUEST		request_0	1607016879267	1607016879361	OK	 
USER	gatwai	END	1607016879362
USER	gatwai	START	1607016879495
REQUEST		request_0	1607016879495	1607016879577	OK	 
USER	gatwai	END	1607016879577
USER	gatwai	START	1607016879674
REQUEST		request_0	1607016879674	1607016879765	OK	 
USER	gatwai	END	1607016879765
USER	gatwai	START	1607016879859
REQUEST		request_0	1607016879860	1607016879941	OK	 
USER	gatwai	END	1607016879942
USER	gatwai	START	1607016880062
REQUEST		request_0	1607016880063	1607016880160	OK	 
USER	gatwai	END	1607016880161
USER	gatwai	START	1607016880265
REQUEST		request_0	1607016880266	1607016880358	OK	 
USER	gatwai	END	1607016880359
USER	gatwai	START	1607016880468
REQUEST		request_0	1607016880469	1607016880555	OK	 
USER	gatwai	END	1607016880555
USER	gatwai	START	1607016880672
REQUEST		request_0	1607016880672	1607016880772	OK	 
USER	gatwai	END	1607016880772
USER	gatwai	START	1607016880859
REQUEST		request_0	1607016880859	1607016880946	OK	 
USER	gatwai	END	1607016880947
USER	gatwai	START	1607016881062
REQUEST		request_0	1607016881063	1607016881159	OK	 
USER	gatwai	END	1607016881160
USER	gatwai	START	1607016881265
REQUEST		request_0	1607016881265	1607016881360	OK	 
USER	gatwai	END	1607016881361
USER	gatwai	START	1607016881468
REQUEST		request_0	1607016881469	1607016881559	OK	 
USER	gatwai	END	1607016881560
USER	gatwai	START	1607016881672
REQUEST		request_0	1607016881672	1607016881774	OK	 
USER	gatwai	END	1607016881775
USER	gatwai	START	1607016881859
REQUEST		request_0	1607016881859	1607016881948	OK	 
USER	gatwai	END	1607016881948
USER	gatwai	START	1607016882062
REQUEST		request_0	1607016882063	1607016882167	OK	 
USER	gatwai	END	1607016882167
USER	gatwai	START	1607016882266
REQUEST		request_0	1607016882266	1607016882367	OK	 
USER	gatwai	END	1607016882367
USER	gatwai	START	1607016882468
REQUEST		request_0	1607016882469	1607016882561	OK	 
USER	gatwai	END	1607016882561
USER	gatwai	START	1607016882672
REQUEST		request_0	1607016882672	1607016882764	OK	 
USER	gatwai	END	1607016882764
USER	gatwai	START	1607016882859
REQUEST		request_0	1607016882859	1607016882946	OK	 
USER	gatwai	END	1607016882947
USER	gatwai	START	1607016883062
REQUEST		request_0	1607016883063	1607016883166	OK	 
USER	gatwai	END	1607016883167
USER	gatwai	START	1607016883265
REQUEST		request_0	1607016883266	1607016883357	OK	 
USER	gatwai	END	1607016883358
USER	gatwai	START	1607016883468
REQUEST		request_0	1607016883469	1607016883552	OK	 
USER	gatwai	END	1607016883553
USER	gatwai	START	1607016883672
REQUEST		request_0	1607016883672	1607016883766	OK	 
USER	gatwai	END	1607016883766
USER	gatwai	START	1607016883859
REQUEST		request_0	1607016883859	1607016883943	OK	 
USER	gatwai	END	1607016883943
USER	gatwai	START	1607016884062
REQUEST		request_0	1607016884062	1607016884143	OK	 
USER	gatwai	END	1607016884144
USER	gatwai	START	1607016884265
REQUEST		request_0	1607016884266	1607016884366	OK	 
USER	gatwai	END	1607016884367
USER	gatwai	START	1607016884457
REQUEST		request_0	1607016884457	1607016884543	OK	 
USER	gatwai	END	1607016884544
USER	gatwai	START	1607016884672
REQUEST		request_0	1607016884672	1607016884776	OK	 
USER	gatwai	END	1607016884777
USER	gatwai	START	1607016884859
REQUEST		request_0	1607016884859	1607016884949	OK	 
USER	gatwai	END	1607016884950
USER	gatwai	START	1607016885064
REQUEST		request_0	1607016885065	1607016885164	OK	 
USER	gatwai	END	1607016885165
USER	gatwai	START	1607016885267
REQUEST		request_0	1607016885267	1607016885363	OK	 
USER	gatwai	END	1607016885364
USER	gatwai	START	1607016885486
REQUEST		request_0	1607016885487	1607016885576	OK	 
USER	gatwai	END	1607016885577
USER	gatwai	START	1607016885658
REQUEST		request_0	1607016885658	1607016885748	OK	 
USER	gatwai	END	1607016885748
USER	gatwai	START	1607016885861
REQUEST		request_0	1607016885861	1607016885951	OK	 
USER	gatwai	END	1607016885951
USER	gatwai	START	1607016886064
REQUEST		request_0	1607016886064	1607016886157	OK	 
USER	gatwai	END	1607016886157
USER	gatwai	START	1607016886267
REQUEST		request_0	1607016886267	1607016886369	OK	 
USER	gatwai	END	1607016886370
USER	gatwai	START	1607016886465
REQUEST		request_0	1607016886465	1607016886558	OK	 
USER	gatwai	END	1607016886559
USER	gatwai	START	1607016886669
REQUEST		request_0	1607016886669	1607016886761	OK	 
USER	gatwai	END	1607016886762
USER	gatwai	START	1607016886872
REQUEST		request_0	1607016886872	1607016886964	OK	 
USER	gatwai	END	1607016886964
USER	gatwai	START	1607016887059
REQUEST		request_0	1607016887059	1607016887142	OK	 
USER	gatwai	END	1607016887143
USER	gatwai	START	1607016887262
REQUEST		request_0	1607016887263	1607016887359	OK	 
USER	gatwai	END	1607016887360
USER	gatwai	START	1607016887465
REQUEST		request_0	1607016887466	1607016887549	OK	 
USER	gatwai	END	1607016887550
USER	gatwai	START	1607016887669
REQUEST		request_0	1607016887669	1607016887750	OK	 
USER	gatwai	END	1607016887750
USER	gatwai	START	1607016887872
REQUEST		request_0	1607016887872	1607016887971	OK	 
USER	gatwai	END	1607016887971
USER	gatwai	START	1607016888059
REQUEST		request_0	1607016888059	1607016888142	OK	 
USER	gatwai	END	1607016888142
USER	gatwai	START	1607016888262
REQUEST		request_0	1607016888263	1607016888358	OK	 
USER	gatwai	END	1607016888358
USER	gatwai	START	1607016888465
REQUEST		request_0	1607016888466	1607016888577	OK	 
USER	gatwai	END	1607016888578
USER	gatwai	START	1607016888668
REQUEST		request_0	1607016888669	1607016888757	OK	 
USER	gatwai	END	1607016888757
USER	gatwai	START	1607016888872
REQUEST		request_0	1607016888872	1607016888968	OK	 
USER	gatwai	END	1607016888969
USER	gatwai	START	1607016889059
REQUEST		request_0	1607016889059	1607016889143	OK	 
USER	gatwai	END	1607016889143
USER	gatwai	START	1607016889262
REQUEST		request_0	1607016889263	1607016889358	OK	 
USER	gatwai	END	1607016889359
USER	gatwai	START	1607016889465
REQUEST		request_0	1607016889465	1607016889562	OK	 
USER	gatwai	END	1607016889562
USER	gatwai	START	1607016889669
REQUEST		request_0	1607016889669	1607016889764	OK	 
USER	gatwai	END	1607016889765
USER	gatwai	START	1607016889872
REQUEST		request_0	1607016889873	1607016889957	OK	 
USER	gatwai	END	1607016889957
USER	gatwai	START	1607016890060
REQUEST		request_0	1607016890060	1607016890148	OK	 
USER	gatwai	END	1607016890149
USER	gatwai	START	1607016890263
REQUEST		request_0	1607016890264	1607016890357	OK	 
USER	gatwai	END	1607016890357
USER	gatwai	START	1607016890466
REQUEST		request_0	1607016890467	1607016890551	OK	 
USER	gatwai	END	1607016890551
USER	gatwai	START	1607016890670
REQUEST		request_0	1607016890670	1607016890770	OK	 
USER	gatwai	END	1607016890770
USER	gatwai	START	1607016890873
REQUEST		request_0	1607016890873	1607016890965	OK	 
USER	gatwai	END	1607016890965
USER	gatwai	START	1607016891060
REQUEST		request_0	1607016891060	1607016891147	OK	 
USER	gatwai	END	1607016891147
USER	gatwai	START	1607016891264
REQUEST		request_0	1607016891264	1607016891369	OK	 
USER	gatwai	END	1607016891369
USER	gatwai	START	1607016891467
REQUEST		request_0	1607016891467	1607016891559	OK	 
USER	gatwai	END	1607016891560
USER	gatwai	START	1607016891670
REQUEST		request_0	1607016891670	1607016891765	OK	 
USER	gatwai	END	1607016891766
USER	gatwai	START	1607016891873
REQUEST		request_0	1607016891873	1607016891972	OK	 
USER	gatwai	END	1607016891972
USER	gatwai	START	1607016892060
REQUEST		request_0	1607016892061	1607016892163	OK	 
USER	gatwai	END	1607016892164
USER	gatwai	START	1607016892264
REQUEST		request_0	1607016892264	1607016892355	OK	 
USER	gatwai	END	1607016892356
USER	gatwai	START	1607016892467
REQUEST		request_0	1607016892467	1607016892558	OK	 
USER	gatwai	END	1607016892558
USER	gatwai	START	1607016892670
REQUEST		request_0	1607016892670	1607016892753	OK	 
USER	gatwai	END	1607016892754
USER	gatwai	START	1607016892873
REQUEST		request_0	1607016892873	1607016892970	OK	 
USER	gatwai	END	1607016892970
USER	gatwai	START	1607016893060
REQUEST		request_0	1607016893060	1607016893146	OK	 
USER	gatwai	END	1607016893146
USER	gatwai	START	1607016893263
REQUEST		request_0	1607016893263	1607016893349	OK	 
USER	gatwai	END	1607016893349
USER	gatwai	START	1607016893466
REQUEST		request_0	1607016893467	1607016893555	OK	 
USER	gatwai	END	1607016893555
USER	gatwai	START	1607016893670
REQUEST		request_0	1607016893670	1607016893760	OK	 
USER	gatwai	END	1607016893760
USER	gatwai	START	1607016893873
REQUEST		request_0	1607016893874	1607016893975	OK	 
USER	gatwai	END	1607016893976
USER	gatwai	START	1607016894060
REQUEST		request_0	1607016894060	1607016894143	OK	 
USER	gatwai	END	1607016894144
USER	gatwai	START	1607016894263
REQUEST		request_0	1607016894264	1607016894348	OK	 
USER	gatwai	END	1607016894349
USER	gatwai	START	1607016894467
REQUEST		request_0	1607016894467	1607016894569	OK	 
USER	gatwai	END	1607016894570
USER	gatwai	START	1607016894670
REQUEST		request_0	1607016894670	1607016894763	OK	 
USER	gatwai	END	1607016894763
USER	gatwai	START	1607016894873
REQUEST		request_0	1607016894873	1607016894961	OK	 
USER	gatwai	END	1607016894962
USER	gatwai	START	1607016895060
REQUEST		request_0	1607016895061	1607016895143	OK	 
USER	gatwai	END	1607016895143
USER	gatwai	START	1607016895263
REQUEST		request_0	1607016895264	1607016895347	OK	 
USER	gatwai	END	1607016895348
USER	gatwai	START	1607016895467
REQUEST		request_0	1607016895467	1607016895572	OK	 
USER	gatwai	END	1607016895573
USER	gatwai	START	1607016895670
REQUEST		request_0	1607016895670	1607016895757	OK	 
USER	gatwai	END	1607016895757
USER	gatwai	START	1607016895873
REQUEST		request_0	1607016895873	1607016895966	OK	 
USER	gatwai	END	1607016895967
USER	gatwai	START	1607016896063
REQUEST		request_0	1607016896064	1607016896168	OK	 
USER	gatwai	END	1607016896168
USER	gatwai	START	1607016896267
REQUEST		request_0	1607016896267	1607016896359	OK	 
USER	gatwai	END	1607016896359
USER	gatwai	START	1607016896470
REQUEST		request_0	1607016896470	1607016896564	OK	 
USER	gatwai	END	1607016896564
USER	gatwai	START	1607016896658
REQUEST		request_0	1607016896658	1607016896746	OK	 
USER	gatwai	END	1607016896747
USER	gatwai	START	1607016896860
REQUEST		request_0	1607016896860	1607016896958	OK	 
USER	gatwai	END	1607016896958
USER	gatwai	START	1607016897063
REQUEST		request_0	1607016897064	1607016897160	OK	 
USER	gatwai	END	1607016897161
USER	gatwai	START	1607016897267
REQUEST		request_0	1607016897267	1607016897364	OK	 
USER	gatwai	END	1607016897364
USER	gatwai	START	1607016897470
REQUEST		request_0	1607016897470	1607016897570	OK	 
USER	gatwai	END	1607016897570
